#
# There is insufficient memory for the Java Runtime Environment to continue.
# Native memory allocation (malloc) failed to allocate 1700336 bytes for Chunk::new
# Possible reasons:
#   The system is out of physical RAM or swap space
#   The process is running with CompressedOops enabled, and the Java Heap may be blocking the growth of the native heap
# Possible solutions:
#   Reduce memory load on the system
#   Increase physical memory or swap space
#   Check if swap backing store is full
#   Decrease Java heap size (-Xmx/-Xms)
#   Decrease number of Java threads
#   Decrease Java thread stack sizes (-Xss)
#   Set larger code cache with -XX:ReservedCodeCacheSize=
#   JVM is running with Unscaled Compressed Oops mode in which the Java heap is
#     placed in the first 4GB address space. The Java Heap base address is the
#     maximum limit for the native heap growth. Please use -XX:HeapBaseMinAddress
#     to set the Java Heap base and to place the Java Heap above 4GB virtual address.
# This output file may be truncated or incomplete.
#
#  Out of Memory Error (allocation.cpp:389), pid=23420, tid=0x000000000000583c
#
# JRE version: OpenJDK Runtime Environment (8.0_212-b04) (build 1.8.0_212-release-1586-b04)
# Java VM: OpenJDK 64-Bit Server VM (25.212-b04 mixed mode windows-amd64 compressed oops)
# Failed to write core dump. Minidumps are not enabled by default on client versions of Windows
#

---------------  T H R E A D  ---------------

Current thread (0x0000000018752000):  JavaThread "C2 CompilerThread1" daemon [_thread_in_native, id=22588, stack(0x00000000190a0000,0x00000000191a0000)]

Stack: [0x00000000190a0000,0x00000000191a0000]
[error occurred during error reporting (printing stack bounds), id 0xc0000005]

Native frames: (J=compiled Java code, j=interpreted, Vv=VM code, C=native code)


Current CompileTask:
C2:12290236 38988 % !   4       com.android.tools.r8.dex.m::b @ 460 (2743 bytes)


---------------  P R O C E S S  ---------------

Java Threads: ( => current thread )
  0x000000001dead800 JavaThread "WorkerExecutor Queue Thread 8" [_thread_blocked, id=51584, stack(0x0000000036ce0000,0x0000000036de0000)]
  0x000000001deb0000 JavaThread "WorkerExecutor Queue Thread 7" [_thread_blocked, id=50676, stack(0x0000000036be0000,0x0000000036ce0000)]
  0x000000001dea8800 JavaThread "WorkerExecutor Queue Thread 6" [_thread_blocked, id=51552, stack(0x0000000036ae0000,0x0000000036be0000)]
  0x0000000021442000 JavaThread "WorkerExecutor Queue Thread 5" [_thread_blocked, id=51556, stack(0x00000000369e0000,0x0000000036ae0000)]
  0x0000000021443800 JavaThread "WorkerExecutor Queue Thread 4" [_thread_blocked, id=51728, stack(0x00000000368e0000,0x00000000369e0000)]
  0x0000000021443000 JavaThread "ForkJoinPool.commonPool-worker-1" daemon [_thread_blocked, id=49192, stack(0x0000000035fc0000,0x00000000360c0000)]
  0x000000002143b800 JavaThread "ForkJoinPool.commonPool-worker-0" daemon [_thread_blocked, id=47960, stack(0x0000000035ec0000,0x0000000035fc0000)]
  0x000000002143f000 JavaThread "ForkJoinPool.commonPool-worker-7" daemon [_thread_blocked, id=47936, stack(0x0000000035dc0000,0x0000000035ec0000)]
  0x000000002143e800 JavaThread "ForkJoinPool.commonPool-worker-6" daemon [_thread_blocked, id=50392, stack(0x0000000035cc0000,0x0000000035dc0000)]
  0x000000002143c000 JavaThread "ForkJoinPool.commonPool-worker-4" daemon [_thread_in_native, id=48904, stack(0x0000000035ac0000,0x0000000035bc0000)]
  0x0000000021441800 JavaThread "ForkJoinPool.commonPool-worker-3" daemon [_thread_blocked, id=51708, stack(0x00000000359c0000,0x0000000035ac0000)]
  0x0000000021440800 JavaThread "Cache worker for Java compile cache (C:\Users\kmydt\source\ARNavigation_Deepect\ARNavigation\.gradle\5.6.4\javaCompile)" [_thread_blocked, id=48836, stack(0x00000000358c0000,0x00000000359c0000)]
  0x000000002143d800 JavaThread "WorkerExecutor Queue Thread 3" [_thread_blocked, id=51608, stack(0x00000000357c0000,0x00000000358c0000)]
  0x0000000021440000 JavaThread "RMI TCP Connection(93)-127.0.0.1" daemon [_thread_in_native, id=51228, stack(0x00000000356c0000,0x00000000357c0000)]
  0x0000000021437800 JavaThread "RMI Reaper" [_thread_blocked, id=51416, stack(0x00000000355c0000,0x00000000356c0000)]
  0x000000001a615000 JavaThread "RMI TCP Accept-0" daemon [_thread_in_native, id=49228, stack(0x00000000354c0000,0x00000000355c0000)]
  0x000000001a614800 JavaThread "GC Daemon" daemon [_thread_blocked, id=51776, stack(0x00000000353c0000,0x00000000354c0000)]
  0x000000001a613800 JavaThread "RMI RenewClean-[127.0.0.1:17655,org.jetbrains.kotlin.daemon.common.LoopbackNetworkInterface$ClientLoopbackSocketFactory@5cd91c99]" daemon [_thread_blocked, id=47256, stack(0x00000000352c0000,0x00000000353c0000)]
  0x000000001a611800 JavaThread "WorkerExecutor Queue Thread 2" [_thread_blocked, id=51740, stack(0x0000000034fc0000,0x00000000350c0000)]
  0x000000001a60a000 JavaThread "stdout" [_thread_in_native, id=52172, stack(0x0000000034ec0000,0x0000000034fc0000)]
  0x000000001a60e800 JavaThread "stderr" [_thread_in_native, id=50580, stack(0x0000000034dc0000,0x0000000034ec0000)]
  0x000000001a610000 JavaThread "pool-43-thread-1" [_thread_blocked, id=49276, stack(0x0000000034cc0000,0x0000000034dc0000)]
  0x000000001a60f000 JavaThread "WorkerExecutor Queue" [_thread_blocked, id=51616, stack(0x0000000034bc0000,0x0000000034cc0000)]
  0x000000001a60b800 JavaThread "Cache worker for execution history cache (C:\Users\kmydt\source\ARNavigation_Deepect\ARNavigation\.gradle\5.6.4\executionHistory)" [_thread_blocked, id=51764, stack(0x000000002dbe0000,0x000000002dce0000)]
  0x000000001a606000 JavaThread "Execution worker for ':' Thread 7" [_thread_blocked, id=44632, stack(0x000000002c100000,0x000000002c200000)]
  0x000000001a607000 JavaThread "Execution worker for ':' Thread 6" [_thread_blocked, id=51348, stack(0x000000002ad40000,0x000000002ae40000)]
  0x000000001a608800 JavaThread "Execution worker for ':' Thread 5" [_thread_blocked, id=52064, stack(0x000000002aa40000,0x000000002ab40000)]
  0x000000003229d800 JavaThread "Execution worker for ':' Thread 4" [_thread_blocked, id=52072, stack(0x000000002a340000,0x000000002a440000)]
  0x000000003229c800 JavaThread "Execution worker for ':' Thread 3" [_thread_blocked, id=51952, stack(0x000000002a030000,0x000000002a130000)]
  0x000000003229c000 JavaThread "Execution worker for ':' Thread 2" [_thread_blocked, id=51784, stack(0x0000000028c20000,0x0000000028d20000)]
  0x000000003229b000 JavaThread "Execution worker for ':'" [_thread_blocked, id=52016, stack(0x0000000027300000,0x0000000027400000)]
  0x000000003229a800 JavaThread "Cache worker for file content cache (C:\Users\kmydt\source\ARNavigation_Deepect\ARNavigation\.gradle\5.6.4\fileContent)" [_thread_blocked, id=20332, stack(0x0000000025ed0000,0x0000000025fd0000)]
  0x0000000032293000 JavaThread "Cache worker for Build Output Cleanup Cache (C:\Users\kmydt\source\ARNavigation_Deepect\ARNavigation\.gradle\buildOutputCleanup)" [_thread_blocked, id=48160, stack(0x0000000025bb0000,0x0000000025cb0000)]
  0x0000000032299000 JavaThread "Build operations Thread 8" [_thread_blocked, id=51676, stack(0x00000000244e0000,0x00000000245e0000)]
  0x0000000032297800 JavaThread "Build operations Thread 7" [_thread_blocked, id=51656, stack(0x00000000235d0000,0x00000000236d0000)]
  0x0000000032298000 JavaThread "Build operations Thread 6" [_thread_blocked, id=39420, stack(0x0000000022ed0000,0x0000000022fd0000)]
  0x0000000032296800 JavaThread "Build operations Thread 5" [_thread_blocked, id=41828, stack(0x0000000022dd0000,0x0000000022ed0000)]
  0x0000000032296000 JavaThread "Build operations Thread 4" [_thread_blocked, id=51832, stack(0x0000000022cd0000,0x0000000022dd0000)]
  0x0000000032299800 JavaThread "Build operations Thread 3" [_thread_blocked, id=46448, stack(0x0000000022bd0000,0x0000000022cd0000)]
  0x0000000032290800 JavaThread "Build operations Thread 2" [_thread_blocked, id=50880, stack(0x000000001f8c0000,0x000000001f9c0000)]
  0x0000000032290000 JavaThread "Build operations" [_thread_blocked, id=51736, stack(0x000000001f7c0000,0x000000001f8c0000)]
  0x0000000032295000 JavaThread "Cache worker for cache directory md-rule (C:\Users\kmydt\.gradle\caches\5.6.4\md-rule)" [_thread_blocked, id=27232, stack(0x000000001f6c0000,0x000000001f7c0000)]
  0x000000003228e800 JavaThread "Cache worker for cache directory md-supplier (C:\Users\kmydt\.gradle\caches\5.6.4\md-supplier)" [_thread_blocked, id=51300, stack(0x000000001f5c0000,0x000000001f6c0000)]
  0x00000000209a5000 JavaThread "Cache worker for file hash cache (C:\Users\kmydt\source\ARNavigation_Deepect\ARNavigation\.gradle\5.6.4\fileHashes)" [_thread_blocked, id=46628, stack(0x000000001cc20000,0x000000001cd20000)]
  0x00000000209a3800 JavaThread "Thread-811" [_thread_blocked, id=50528, stack(0x000000001cb20000,0x000000001cc20000)]
  0x00000000209a4800 JavaThread "Stdin handler" [_thread_blocked, id=49144, stack(0x000000001c720000,0x000000001c820000)]
  0x00000000209a1800 JavaThread "Asynchronous log dispatcher for DefaultDaemonConnection: socket connection from /127.0.0.1:50184 to /127.0.0.1:55649" [_thread_blocked, id=51712, stack(0x000000001c420000,0x000000001c520000)]
  0x000000002099f000 JavaThread "Daemon worker Thread 21" [_thread_blocked, id=50232, stack(0x000000001c320000,0x000000001c420000)]
  0x0000000020997800 JavaThread "Cancel handler" [_thread_blocked, id=51592, stack(0x0000000000c50000,0x0000000000d50000)]
  0x000000002099d800 JavaThread "Handler for socket connection from /127.0.0.1:50184 to /127.0.0.1:55649" [_thread_in_native, id=49404, stack(0x0000000000b50000,0x0000000000c50000)]
  0x000000002099b800 JavaThread "Daemon Thread 21" [_thread_blocked, id=50568, stack(0x0000000000a50000,0x0000000000b50000)]
  0x000000001dcc4000 JavaThread "MarlinRenderer Disposer" daemon [_thread_blocked, id=24964, stack(0x000000002b9e0000,0x000000002bae0000)]
  0x000000001dcc2800 JavaThread "Java2D Disposer" daemon [_thread_blocked, id=24428, stack(0x000000002b8a0000,0x000000002b9a0000)]
  0x000000001a609000 JavaThread "Cache worker for Java compile cache (C:\Users\kmydt\.gradle\caches\5.6.4\javaCompile)" [_thread_blocked, id=23604, stack(0x0000000029520000,0x0000000029620000)]
  0x000000001dcc5800 JavaThread "RMI TCP Accept-0" daemon [_thread_in_native, id=21960, stack(0x0000000029220000,0x0000000029320000)]
  0x000000001dcc7800 JavaThread "RMI Scheduler(0)" daemon [_thread_blocked, id=24524, stack(0x0000000028f20000,0x0000000029020000)]
  0x000000001dcc6000 JavaThread "Cache worker for file content cache (C:\Users\kmydt\.gradle\caches\5.6.4\fileContent)" [_thread_blocked, id=15824, stack(0x00000000243e0000,0x00000000244e0000)]
  0x000000001dcc3000 JavaThread "Memory manager" [_thread_blocked, id=21596, stack(0x00000000238d0000,0x00000000239d0000)]
  0x000000001dcbb800 JavaThread "Cache worker for execution history cache (C:\Users\kmydt\.gradle\caches\5.6.4\executionHistory)" [_thread_blocked, id=22820, stack(0x00000000224d0000,0x00000000225d0000)]
  0x0000000019b53000 JavaThread "Cache worker for journal cache (C:\Users\kmydt\.gradle\caches\journal-1)" [_thread_blocked, id=23280, stack(0x000000001d120000,0x000000001d220000)]
  0x0000000019b51800 JavaThread "File lock request listener" [_thread_in_native, id=23276, stack(0x000000001d020000,0x000000001d120000)]
  0x0000000019b4d000 JavaThread "Cache worker for file hash cache (C:\Users\kmydt\.gradle\caches\5.6.4\fileHashes)" [_thread_blocked, id=23308, stack(0x000000001cf20000,0x000000001d020000)]
  0x0000000019b70800 JavaThread "Daemon periodic checks" [_thread_blocked, id=23208, stack(0x000000001c220000,0x000000001c320000)]
  0x0000000019b6d800 JavaThread "Incoming local TCP Connector on port 50184" [_thread_in_native, id=23108, stack(0x000000001c040000,0x000000001c140000)]
  0x000000001af2a800 JavaThread "Daemon health stats" [_thread_blocked, id=22804, stack(0x000000001bd40000,0x000000001be40000)]
  0x000000001880b000 JavaThread "Service Thread" daemon [_thread_blocked, id=22592, stack(0x00000000193a0000,0x00000000194a0000)]
  0x00000000187b1000 JavaThread "C1 CompilerThread3" daemon [_thread_blocked, id=22564, stack(0x00000000192a0000,0x00000000193a0000)]
  0x00000000187aa000 JavaThread "C2 CompilerThread2" daemon [_thread_blocked, id=22568, stack(0x00000000191a0000,0x00000000192a0000)]
=>0x0000000018752000 JavaThread "C2 CompilerThread1" daemon [_thread_in_native, id=22588, stack(0x00000000190a0000,0x00000000191a0000)]
  0x000000001874f800 JavaThread "C2 CompilerThread0" daemon [_thread_blocked, id=20004, stack(0x0000000018fa0000,0x00000000190a0000)]
  0x000000001874d000 JavaThread "Attach Listener" daemon [_thread_blocked, id=23512, stack(0x0000000018ea0000,0x0000000018fa0000)]
  0x00000000187a8000 JavaThread "Signal Dispatcher" daemon [_thread_blocked, id=22612, stack(0x0000000018da0000,0x0000000018ea0000)]
  0x0000000002b7e000 JavaThread "Finalizer" daemon [_thread_blocked, id=22604, stack(0x0000000018c10000,0x0000000018d10000)]
  0x0000000002b75000 JavaThread "Reference Handler" daemon [_thread_blocked, id=22600, stack(0x0000000018b10000,0x0000000018c10000)]
  0x0000000002a82800 JavaThread "main" [_thread_blocked, id=23516, stack(0x0000000002940000,0x0000000002a40000)]

Other Threads:
  0x0000000016938000 VMThread [stack: 0x0000000018610000,0x0000000018710000] [id=22632]
  0x000000001883b800 WatcherThread [stack: 0x00000000194a0000,0x00000000195a0000] [id=22552]

VM state:not at safepoint (normal execution)

VM Mutex/Monitor currently owned by a thread: None

heap address: 0x00000000a0000000, size: 1536 MB, Compressed Oops mode: 32-bit
Narrow klass base: 0x0000000000000000, Narrow klass shift: 3
Compressed class space size: 1073741824 Address: 0x0000000100000000

Heap:
 PSYoungGen      total 370176K, used 315469K [0x00000000e0000000, 0x00000000fe880000, 0x0000000100000000)
  eden space 268288K, 87% used [0x00000000e0000000,0x00000000ee5d6c48,0x00000000f0600000)
  from space 101888K, 78% used [0x00000000f7180000,0x00000000fbfbc870,0x00000000fd500000)
  to   space 110080K, 0% used [0x00000000f0600000,0x00000000f0600000,0x00000000f7180000)
 ParOldGen       total 492032K, used 102256K [0x00000000a0000000, 0x00000000be080000, 0x00000000e0000000)
  object space 492032K, 20% used [0x00000000a0000000,0x00000000a63dc298,0x00000000be080000)
 Metaspace       used 165093K, capacity 175118K, committed 176000K, reserved 1202176K
  class space    used 21353K, capacity 23371K, committed 23424K, reserved 1048576K

Card table byte_map: [0x0000000011f40000,0x0000000012250000] byte_map_base: 0x0000000011a40000

Marking Bits: (ParMarkBitMap*) 0x0000000072779f30
 Begin Bits: [0x0000000012c50000, 0x0000000014450000)
 End Bits:   [0x0000000014450000, 0x0000000015c50000)

Polling page: 0x0000000000930000

CodeCache: size=245760Kb used=106631Kb max_used=106642Kb free=139128Kb
 bounds [0x0000000002b80000, 0x0000000009450000, 0x0000000011b80000]
 total_blobs=30760 nmethods=29684 adapters=986
 compilation: enabled

Compilation events (10 events):
Event: 12290.181 Thread 0x00000000187b1000 39314       3       com.android.zipflinger.Entry::isDirectory (27 bytes)
Event: 12290.182 Thread 0x00000000187b1000 nmethod 39314 0x0000000009446690 code [0x0000000009446820, 0x0000000009446ce8]
Event: 12290.182 Thread 0x00000000187b1000 39315       3       com.android.builder.internal.packaging.IncrementalPackager$$Lambda$2777/442453742::apply (12 bytes)
Event: 12290.183 Thread 0x00000000187b1000 nmethod 39315 0x000000000941e690 code [0x000000000941e800, 0x000000000941ebc8]
Event: 12290.183 Thread 0x00000000187b1000 39316       3       com.android.builder.internal.packaging.IncrementalPackager::lambda$addFiles$9 (16 bytes)
Event: 12290.183 Thread 0x00000000187b1000 nmethod 39316 0x0000000009446210 code [0x0000000009446380, 0x00000000094465c8]
Event: 12290.184 Thread 0x00000000187b1000 39317       1       com.android.zipflinger.Source::getCompressedSize (5 bytes)
Event: 12290.185 Thread 0x00000000187b1000 nmethod 39317 0x0000000009445f50 code [0x00000000094460a0, 0x00000000094461b0]
Event: 12290.185 Thread 0x00000000187aa000 39318       4       com.android.zipflinger.Location::<init> (19 bytes)
Event: 12290.186 Thread 0x00000000187aa000 nmethod 39318 0x00000000085d2c10 code [0x00000000085d2d40, 0x00000000085d2db8]

GC Heap History (10 events):
Event: 12277.232 GC heap before
{Heap before GC invocations=98 (full 7):
 PSYoungGen      total 367104K, used 133000K [0x00000000e0000000, 0x00000000fe280000, 0x0000000100000000)
  eden space 257536K, 35% used [0x00000000e0000000,0x00000000e58f0a28,0x00000000efb80000)
  from space 109568K, 38% used [0x00000000f7780000,0x00000000fa071930,0x00000000fe280000)
  to   space 118272K, 0% used [0x00000000efb80000,0x00000000efb80000,0x00000000f6f00000)
 ParOldGen       total 492032K, used 70950K [0x00000000a0000000, 0x00000000be080000, 0x00000000e0000000)
  object space 492032K, 14% used [0x00000000a0000000,0x00000000a4549820,0x00000000be080000)
 Metaspace       used 154125K, capacity 164186K, committed 164224K, reserved 1191936K
  class space    used 19791K, capacity 21607K, committed 21632K, reserved 1048576K
Event: 12277.256 GC heap after
Heap after GC invocations=98 (full 7):
 PSYoungGen      total 305152K, used 47231K [0x00000000e0000000, 0x00000000fd580000, 0x0000000100000000)
  eden space 257536K, 0% used [0x00000000e0000000,0x00000000e0000000,0x00000000efb80000)
  from space 47616K, 99% used [0x00000000efb80000,0x00000000f299fd48,0x00000000f2a00000)
  to   space 111616K, 0% used [0x00000000f6880000,0x00000000f6880000,0x00000000fd580000)
 ParOldGen       total 492032K, used 70958K [0x00000000a0000000, 0x00000000be080000, 0x00000000e0000000)
  object space 492032K, 14% used [0x00000000a0000000,0x00000000a454b820,0x00000000be080000)
 Metaspace       used 154125K, capacity 164186K, committed 164224K, reserved 1191936K
  class space    used 19791K, capacity 21607K, committed 21632K, reserved 1048576K
}
Event: 12277.257 GC heap before
{Heap before GC invocations=99 (full 8):
 PSYoungGen      total 305152K, used 47231K [0x00000000e0000000, 0x00000000fd580000, 0x0000000100000000)
  eden space 257536K, 0% used [0x00000000e0000000,0x00000000e0000000,0x00000000efb80000)
  from space 47616K, 99% used [0x00000000efb80000,0x00000000f299fd48,0x00000000f2a00000)
  to   space 111616K, 0% used [0x00000000f6880000,0x00000000f6880000,0x00000000fd580000)
 ParOldGen       total 492032K, used 70958K [0x00000000a0000000, 0x00000000be080000, 0x00000000e0000000)
  object space 492032K, 14% used [0x00000000a0000000,0x00000000a454b820,0x00000000be080000)
 Metaspace       used 154125K, capacity 164186K, committed 164224K, reserved 1191936K
  class space    used 19791K, capacity 21607K, committed 21632K, reserved 1048576K
Event: 12277.850 GC heap after
Heap after GC invocations=99 (full 8):
 PSYoungGen      total 305152K, used 0K [0x00000000e0000000, 0x00000000fd580000, 0x0000000100000000)
  eden space 257536K, 0% used [0x00000000e0000000,0x00000000e0000000,0x00000000efb80000)
  from space 47616K, 0% used [0x00000000efb80000,0x00000000efb80000,0x00000000f2a00000)
  to   space 111616K, 0% used [0x00000000f6880000,0x00000000f6880000,0x00000000fd580000)
 ParOldGen       total 492032K, used 102180K [0x00000000a0000000, 0x00000000be080000, 0x00000000e0000000)
  object space 492032K, 20% used [0x00000000a0000000,0x00000000a63c93f0,0x00000000be080000)
 Metaspace       used 152483K, capacity 160360K, committed 164224K, reserved 1191936K
  class space    used 19439K, capacity 20948K, committed 21632K, reserved 1048576K
}
Event: 12285.590 GC heap before
{Heap before GC invocations=100 (full 8):
 PSYoungGen      total 305152K, used 257536K [0x00000000e0000000, 0x00000000fd580000, 0x0000000100000000)
  eden space 257536K, 100% used [0x00000000e0000000,0x00000000efb80000,0x00000000efb80000)
  from space 47616K, 0% used [0x00000000efb80000,0x00000000efb80000,0x00000000f2a00000)
  to   space 111616K, 0% used [0x00000000f6880000,0x00000000f6880000,0x00000000fd580000)
 ParOldGen       total 492032K, used 102229K [0x00000000a0000000, 0x00000000be080000, 0x00000000e0000000)
  object space 492032K, 20% used [0x00000000a0000000,0x00000000a63d5470,0x00000000be080000)
 Metaspace       used 153745K, capacity 161728K, committed 165376K, reserved 1193984K
  class space    used 19585K, capacity 21114K, committed 21760K, reserved 1048576K
Event: 12285.618 GC heap after
Heap after GC invocations=100 (full 8):
 PSYoungGen      total 372736K, used 26708K [0x00000000e0000000, 0x00000000fda80000, 0x0000000100000000)
  eden space 261120K, 0% used [0x00000000e0000000,0x00000000e0000000,0x00000000eff00000)
  from space 111616K, 23% used [0x00000000f6880000,0x00000000f8295128,0x00000000fd580000)
  to   space 108032K, 0% used [0x00000000eff00000,0x00000000eff00000,0x00000000f6880000)
 ParOldGen       total 492032K, used 102237K [0x00000000a0000000, 0x00000000be080000, 0x00000000e0000000)
  object space 492032K, 20% used [0x00000000a0000000,0x00000000a63d7470,0x00000000be080000)
 Metaspace       used 153745K, capacity 161728K, committed 165376K, reserved 1193984K
  class space    used 19585K, capacity 21114K, committed 21760K, reserved 1048576K
}
Event: 12286.886 GC heap before
{Heap before GC invocations=101 (full 8):
 PSYoungGen      total 372736K, used 287828K [0x00000000e0000000, 0x00000000fda80000, 0x0000000100000000)
  eden space 261120K, 100% used [0x00000000e0000000,0x00000000eff00000,0x00000000eff00000)
  from space 111616K, 23% used [0x00000000f6880000,0x00000000f8295128,0x00000000fd580000)
  to   space 108032K, 0% used [0x00000000eff00000,0x00000000eff00000,0x00000000f6880000)
 ParOldGen       total 492032K, used 102239K [0x00000000a0000000, 0x00000000be080000, 0x00000000e0000000)
  object space 492032K, 20% used [0x00000000a0000000,0x00000000a63d7c68,0x00000000be080000)
 Metaspace       used 162539K, capacity 172220K, committed 173440K, reserved 1200128K
  class space    used 21150K, capacity 23122K, committed 23168K, reserved 1048576K
Event: 12286.913 GC heap after
Heap after GC invocations=101 (full 8):
 PSYoungGen      total 369152K, used 40711K [0x00000000e0000000, 0x00000000fd500000, 0x0000000100000000)
  eden space 261120K, 0% used [0x00000000e0000000,0x00000000e0000000,0x00000000eff00000)
  from space 108032K, 37% used [0x00000000eff00000,0x00000000f26c1e40,0x00000000f6880000)
  to   space 101888K, 0% used [0x00000000f7180000,0x00000000f7180000,0x00000000fd500000)
 ParOldGen       total 492032K, used 102247K [0x00000000a0000000, 0x00000000be080000, 0x00000000e0000000)
  object space 492032K, 20% used [0x00000000a0000000,0x00000000a63d9c68,0x00000000be080000)
 Metaspace       used 162539K, capacity 172220K, committed 173440K, reserved 1200128K
  class space    used 21150K, capacity 23122K, committed 23168K, reserved 1048576K
}
Event: 12288.520 GC heap before
{Heap before GC invocations=102 (full 8):
 PSYoungGen      total 369152K, used 301831K [0x00000000e0000000, 0x00000000fd500000, 0x0000000100000000)
  eden space 261120K, 100% used [0x00000000e0000000,0x00000000eff00000,0x00000000eff00000)
  from space 108032K, 37% used [0x00000000eff00000,0x00000000f26c1e40,0x00000000f6880000)
  to   space 101888K, 0% used [0x00000000f7180000,0x00000000f7180000,0x00000000fd500000)
 ParOldGen       total 492032K, used 102248K [0x00000000a0000000, 0x00000000be080000, 0x00000000e0000000)
  object space 492032K, 20% used [0x00000000a0000000,0x00000000a63da298,0x00000000be080000)
 Metaspace       used 164321K, capacity 174228K, committed 175360K, reserved 1202176K
  class space    used 21260K, capacity 23262K, committed 23296K, reserved 1048576K
Event: 12288.566 GC heap after
Heap after GC invocations=102 (full 8):
 PSYoungGen      total 370176K, used 80114K [0x00000000e0000000, 0x00000000fe880000, 0x0000000100000000)
  eden space 268288K, 0% used [0x00000000e0000000,0x00000000e0000000,0x00000000f0600000)
  from space 101888K, 78% used [0x00000000f7180000,0x00000000fbfbc870,0x00000000fd500000)
  to   space 110080K, 0% used [0x00000000f0600000,0x00000000f0600000,0x00000000f7180000)
 ParOldGen       total 492032K, used 102256K [0x00000000a0000000, 0x00000000be080000, 0x00000000e0000000)
  object space 492032K, 20% used [0x00000000a0000000,0x00000000a63dc298,0x00000000be080000)
 Metaspace       used 164321K, capacity 174228K, committed 175360K, reserved 1202176K
  class space    used 21260K, capacity 23262K, committed 23296K, reserved 1048576K
}

Deoptimization events (10 events):
Event: 12290.127 Thread 0x000000001deb0000 Uncommon trap: reason=class_check action=maybe_recompile pc=0x00000000087a23a8 method=com.google.common.collect.ImmutableMap.copyOf(Ljava/util/Map;)Lcom/google/common/collect/ImmutableMap; @ 49
Event: 12290.127 Thread 0x000000001deb0000 Uncommon trap: reason=class_check action=maybe_recompile pc=0x000000000879932c method=com.google.common.collect.Iterables.castOrCopyToCollection(Ljava/lang/Iterable;)Ljava/util/Collection; @ 1
Event: 12290.127 Thread 0x000000001deb0000 Uncommon trap: reason=class_check action=maybe_recompile pc=0x00000000087a23a8 method=com.google.common.collect.ImmutableMap.copyOf(Ljava/util/Map;)Lcom/google/common/collect/ImmutableMap; @ 49
Event: 12290.127 Thread 0x000000001deb0000 Uncommon trap: reason=class_check action=maybe_recompile pc=0x000000000879932c method=com.google.common.collect.Iterables.castOrCopyToCollection(Ljava/lang/Iterable;)Ljava/util/Collection; @ 1
Event: 12290.127 Thread 0x000000001deb0000 Uncommon trap: reason=class_check action=maybe_recompile pc=0x00000000087a23a8 method=com.google.common.collect.ImmutableMap.copyOf(Ljava/util/Map;)Lcom/google/common/collect/ImmutableMap; @ 49
Event: 12290.127 Thread 0x000000001deb0000 Uncommon trap: reason=class_check action=maybe_recompile pc=0x000000000879932c method=com.google.common.collect.Iterables.castOrCopyToCollection(Ljava/lang/Iterable;)Ljava/util/Collection; @ 1
Event: 12290.127 Thread 0x000000001deb0000 Uncommon trap: reason=class_check action=maybe_recompile pc=0x00000000087a23a8 method=com.google.common.collect.ImmutableMap.copyOf(Ljava/util/Map;)Lcom/google/common/collect/ImmutableMap; @ 49
Event: 12290.127 Thread 0x000000001deb0000 Uncommon trap: reason=class_check action=maybe_recompile pc=0x000000000879932c method=com.google.common.collect.Iterables.castOrCopyToCollection(Ljava/lang/Iterable;)Ljava/util/Collection; @ 1
Event: 12290.183 Thread 0x000000001deb0000 Uncommon trap: reason=speculate_class_check action=maybe_recompile pc=0x000000000884dcd4 method=sun.nio.ch.IOUtil.writeFromNativeBuffer(Ljava/io/FileDescriptor;Ljava/nio/ByteBuffer;JLsun/nio/ch/NativeDispatcher;)I @ 100
Event: 12290.183 Thread 0x000000001deb0000 Uncommon trap: reason=speculate_class_check action=maybe_recompile pc=0x000000000884dcd4 method=sun.nio.ch.IOUtil.writeFromNativeBuffer(Ljava/io/FileDescriptor;Ljava/nio/ByteBuffer;JLsun/nio/ch/NativeDispatcher;)I @ 100

Classes redefined (0 events):
No events

Internal exceptions (10 events):
Event: 12289.358 Thread 0x000000001deb3000 Implicit null exception at 0x0000000008ba890f to 0x0000000008ba8a7d
Event: 12289.405 Thread 0x000000001deb3000 Implicit null exception at 0x000000000928ed25 to 0x000000000928ef4e
Event: 12290.010 Thread 0x000000001deb3000 Exception <a 'sun/nio/fs/WindowsException'> (0x00000000eca966b0) thrown at [D:\src\AOSP-openjdk-cygwin\jdk8u\hotspot\src\share\vm\prims\jni.cpp, line 710]
Event: 12290.093 Thread 0x000000001a607000 Exception <a 'java/lang/NoSuchMethodError': <clinit>> (0x00000000ecca8d78) thrown at [D:\src\AOSP-openjdk-cygwin\jdk8u\hotspot\src\share\vm\prims\jni.cpp, line 1614]
Event: 12290.093 Thread 0x000000001a607000 Exception <a 'java/lang/NoSuchMethodError': <clinit>> (0x00000000eccad5d8) thrown at [D:\src\AOSP-openjdk-cygwin\jdk8u\hotspot\src\share\vm\prims\jni.cpp, line 1614]
Event: 12290.094 Thread 0x000000001a607000 Exception <a 'java/lang/NoSuchMethodError': <clinit>> (0x00000000eccbc080) thrown at [D:\src\AOSP-openjdk-cygwin\jdk8u\hotspot\src\share\vm\prims\jni.cpp, line 1614]
Event: 12290.096 Thread 0x000000001a607000 Exception <a 'java/lang/NoSuchMethodError': <clinit>> (0x00000000ecce2c60) thrown at [D:\src\AOSP-openjdk-cygwin\jdk8u\hotspot\src\share\vm\prims\jni.cpp, line 1614]
Event: 12290.112 Thread 0x000000001deb0000 Exception <a 'java/lang/NoSuchMethodError': java.lang.Object.lambda$asRunnable$0(Lcom/android/tools/build/apkzlib/utils/IOExceptionRunnable;)V> (0x00000000ed0657e8) thrown at [D:\src\AOSP-openjdk-cygwin\jdk8u\hotspot\src\share\vm\interpreter\linkResolver.
Event: 12290.131 Thread 0x000000001deb0000 Exception <a 'java/lang/NoSuchMethodError': java.lang.Object.newSystemTemporaryDirectory()Lcom/android/tools/build/apkzlib/bytestorage/TemporaryDirectory;> (0x00000000ed1a30e8) thrown at [D:\src\AOSP-openjdk-cygwin\jdk8u\hotspot\src\share\vm\interpreter\l
Event: 12290.173 Thread 0x000000001deb0000 Exception <a 'java/lang/NoSuchMethodError': java.lang.Object.lambda$static$0(Lcom/android/apksig/util/RunnablesProvider;)V> (0x00000000ed44c500) thrown at [D:\src\AOSP-openjdk-cygwin\jdk8u\hotspot\src\share\vm\interpreter\linkResolver.cpp, line 620]

Events (10 events):
Event: 12290.183 Thread 0x000000001deb0000 DEOPT PACKING pc=0x000000000884dcd4 sp=0x0000000036cddd10
Event: 12290.183 Thread 0x000000001deb0000 DEOPT UNPACKING pc=0x0000000002bc557b sp=0x0000000036cddc20 mode 2
Event: 12290.187 loading class com/google/common/collect/Maps$IteratorBasedAbstractMap$1
Event: 12290.187 loading class com/google/common/collect/Maps$IteratorBasedAbstractMap$1 done
Event: 12290.187 loading class com/google/common/collect/HashBiMap$1
Event: 12290.187 loading class com/google/common/collect/HashBiMap$1 done
Event: 12290.188 loading class com/google/common/collect/HashBiMap$Itr
Event: 12290.188 loading class com/google/common/collect/HashBiMap$Itr done
Event: 12290.188 loading class com/google/common/collect/HashBiMap$1$MapEntry
Event: 12290.188 loading class com/google/common/collect/HashBiMap$1$MapEntry done


Dynamic libraries:
0x00007ff704b10000 - 0x00007ff704b41000 	C:\Program Files\Android\Android Studio\jre\bin\java.exe
0x00007ff9f25a0000 - 0x00007ff9f2790000 	C:\WINDOWS\SYSTEM32\ntdll.dll
0x00007ff9f1440000 - 0x00007ff9f14f2000 	C:\WINDOWS\System32\KERNEL32.DLL
0x00007ff9ef700000 - 0x00007ff9ef9a4000 	C:\WINDOWS\System32\KERNELBASE.dll
0x00007ff9f1550000 - 0x00007ff9f15f3000 	C:\WINDOWS\System32\ADVAPI32.dll
0x00007ff9f11b0000 - 0x00007ff9f124e000 	C:\WINDOWS\System32\msvcrt.dll
0x00007ff9f1c10000 - 0x00007ff9f1ca7000 	C:\WINDOWS\System32\sechost.dll
0x00007ff9f0ed0000 - 0x00007ff9f0ff0000 	C:\WINDOWS\System32\RPCRT4.dll
0x00007ff9f1cb0000 - 0x00007ff9f1e44000 	C:\WINDOWS\System32\USER32.dll
0x00007ff9ef6d0000 - 0x00007ff9ef6f1000 	C:\WINDOWS\System32\win32u.dll
0x00007ff9f1790000 - 0x00007ff9f17b6000 	C:\WINDOWS\System32\GDI32.dll
0x00007ff9f04b0000 - 0x00007ff9f0644000 	C:\WINDOWS\System32\gdi32full.dll
0x00007ff9ef5b0000 - 0x00007ff9ef64e000 	C:\WINDOWS\System32\msvcp_win.dll
0x00007ff9f03b0000 - 0x00007ff9f04aa000 	C:\WINDOWS\System32\ucrtbase.dll
0x00007ff9d6b60000 - 0x00007ff9d6de4000 	C:\WINDOWS\WinSxS\amd64_microsoft.windows.common-controls_6595b64144ccf1df_6.0.18362.836_none_e6c4b943130f18ed\COMCTL32.dll
0x00007ff9f17c0000 - 0x00007ff9f1af6000 	C:\WINDOWS\System32\combase.dll
0x00007ff9ef530000 - 0x00007ff9ef5b0000 	C:\WINDOWS\System32\bcryptPrimitives.dll
0x00007ff9f1500000 - 0x00007ff9f152e000 	C:\WINDOWS\System32\IMM32.DLL
0x0000000071dd0000 - 0x0000000071ea2000 	C:\Program Files\Android\Android Studio\jre\jre\bin\msvcr100.dll
0x0000000071fb0000 - 0x00000000727f6000 	C:\Program Files\Android\Android Studio\jre\jre\bin\server\jvm.dll
0x00007ff9f0650000 - 0x00007ff9f0658000 	C:\WINDOWS\System32\PSAPI.DLL
0x00007ff9de150000 - 0x00007ff9de159000 	C:\WINDOWS\SYSTEM32\WSOCK32.dll
0x00007ff9e8b00000 - 0x00007ff9e8b24000 	C:\WINDOWS\SYSTEM32\WINMM.dll
0x00007ff9ed3a0000 - 0x00007ff9ed3aa000 	C:\WINDOWS\SYSTEM32\VERSION.dll
0x00007ff9f13d0000 - 0x00007ff9f143f000 	C:\WINDOWS\System32\WS2_32.dll
0x00007ff9e8a40000 - 0x00007ff9e8a6d000 	C:\WINDOWS\SYSTEM32\WINMMBASE.dll
0x00007ff9ef680000 - 0x00007ff9ef6ca000 	C:\WINDOWS\System32\cfgmgr32.dll
0x00007ff9dc5d0000 - 0x00007ff9dc5df000 	C:\Program Files\Android\Android Studio\jre\jre\bin\verify.dll
0x00007ff9bddd0000 - 0x00007ff9bddf9000 	C:\Program Files\Android\Android Studio\jre\jre\bin\java.dll
0x00007ff9bdd20000 - 0x00007ff9bdd36000 	C:\Program Files\Android\Android Studio\jre\jre\bin\zip.dll
0x00007ff9f07e0000 - 0x00007ff9f0ec4000 	C:\WINDOWS\System32\SHELL32.dll
0x00007ff9f1320000 - 0x00007ff9f13c9000 	C:\WINDOWS\System32\shcore.dll
0x00007ff9efc30000 - 0x00007ff9f03ae000 	C:\WINDOWS\System32\windows.storage.dll
0x00007ff9ef4b0000 - 0x00007ff9ef4d3000 	C:\WINDOWS\System32\profapi.dll
0x00007ff9ef4e0000 - 0x00007ff9ef52a000 	C:\WINDOWS\System32\powrprof.dll
0x00007ff9ef460000 - 0x00007ff9ef470000 	C:\WINDOWS\System32\UMPDC.dll
0x00007ff9f1730000 - 0x00007ff9f1782000 	C:\WINDOWS\System32\shlwapi.dll
0x00007ff9ef470000 - 0x00007ff9ef481000 	C:\WINDOWS\System32\kernel.appcore.dll
0x00007ff9efb00000 - 0x00007ff9efb17000 	C:\WINDOWS\System32\cryptsp.dll
0x00007ff9bd340000 - 0x00007ff9bd35a000 	C:\Program Files\Android\Android Studio\jre\jre\bin\net.dll
0x00007ff9de3c0000 - 0x00007ff9de596000 	C:\WINDOWS\SYSTEM32\urlmon.dll
0x00007ff9d8040000 - 0x00007ff9d82e6000 	C:\WINDOWS\SYSTEM32\iertutil.dll
0x00007ff9eeea0000 - 0x00007ff9eeeac000 	C:\WINDOWS\SYSTEM32\CRYPTBASE.DLL
0x00007ff9eecd0000 - 0x00007ff9eed37000 	C:\WINDOWS\system32\mswsock.dll
0x00007ff9ebec0000 - 0x00007ff9ebed3000 	C:\Program Files\Android\Android Studio\jre\jre\bin\nio.dll
0x00007ff9bc5f0000 - 0x00007ff9bc616000 	C:\Users\kmydt\.gradle\native\30\windows-amd64\native-platform.dll
0x00007ff9ebeb0000 - 0x00007ff9ebebd000 	C:\Program Files\Android\Android Studio\jre\jre\bin\management.dll
0x00007ff9ee840000 - 0x00007ff9ee873000 	C:\WINDOWS\system32\rsaenh.dll
0x00007ff9ef650000 - 0x00007ff9ef676000 	C:\WINDOWS\System32\bcrypt.dll
0x00007ff9ef380000 - 0x00007ff9ef3a5000 	C:\WINDOWS\SYSTEM32\USERENV.dll
0x00007ff9ee9e0000 - 0x00007ff9eea1a000 	C:\WINDOWS\SYSTEM32\IPHLPAPI.DLL
0x00007ff9f07c0000 - 0x00007ff9f07c8000 	C:\WINDOWS\System32\NSI.dll
0x00007ff9e8390000 - 0x00007ff9e83a6000 	C:\WINDOWS\SYSTEM32\dhcpcsvc6.DLL
0x00007ff9e8370000 - 0x00007ff9e838c000 	C:\WINDOWS\SYSTEM32\dhcpcsvc.DLL
0x00007ff9eea20000 - 0x00007ff9eeaeb000 	C:\WINDOWS\SYSTEM32\DNSAPI.dll
0x00007ff9eb640000 - 0x00007ff9eb65e000 	C:\Users\kmydt\AppData\Local\Temp\native-platform7451023041174681902dir\native-platform.dll
0x00007ff9ba8f0000 - 0x00007ff9ba914000 	C:\Program Files\Android\Android Studio\jre\jre\bin\sunec.dll
0x00007ff9e7180000 - 0x00007ff9e718a000 	C:\Windows\System32\rasadhlp.dll
0x00007ff9e7b90000 - 0x00007ff9e7c07000 	C:\WINDOWS\System32\fwpuclnt.dll
0x00007ff9bc5e0000 - 0x00007ff9bc5eb000 	C:\Program Files\Android\Android Studio\jre\jre\bin\sunmscapi.dll
0x00007ff9ef9b0000 - 0x00007ff9efaf9000 	C:\WINDOWS\System32\CRYPT32.dll
0x00007ff9ef490000 - 0x00007ff9ef4a2000 	C:\WINDOWS\System32\MSASN1.dll
0x00007ff9b09e0000 - 0x00007ff9b0b7c000 	C:\Program Files\Android\Android Studio\jre\jre\bin\awt.dll
0x00007ff9f1250000 - 0x00007ff9f1314000 	C:\WINDOWS\System32\OLEAUT32.dll
0x00007ff9ed960000 - 0x00007ff9ed98d000 	C:\WINDOWS\SYSTEM32\dwmapi.dll
0x00007ff9ea9f0000 - 0x00007ff9eafb0000 	C:\WINDOWS\SYSTEM32\d2d1.dll
0x00007ff9ec460000 - 0x00007ff9ec4ef000 	C:\WINDOWS\SYSTEM32\apphelp.dll
0x00007ff9ec540000 - 0x00007ff9ec5d9000 	C:\WINDOWS\system32\uxtheme.dll

VM Arguments:
jvm_args: -Xmx1536m -Dfile.encoding=x-windows-949 -Duser.country=KR -Duser.language=ko -Duser.variant 
java_command: org.gradle.launcher.daemon.bootstrap.GradleDaemon 5.6.4
java_class_path (initial): C:\Users\kmydt\.gradle\wrapper\dists\gradle-5.6.4-all\ankdp27end7byghfw1q2sw75f\gradle-5.6.4\lib\gradle-launcher-5.6.4.jar
Launcher Type: SUN_STANDARD

Environment Variables:
JAVA_HOME=C:\Program Files\Java\jdk-13.0.2
PATH=C:\Program_Oracle\product\11.2.0\dbhome_1\bin;C:\Program Files\Java\jdk-13.0.2\bin;C:\Program Files (x86)\Common Files\Oracle\Java\javapath;C:\Program Files (x86)\Intel\iCLS Client\;C:\Program Files\Intel\iCLS Client\;C:\WINDOWS\system32;C:\WINDOWS;C:\WINDOWS\System32\Wbem;C:\WINDOWS\System32\WindowsPowerShell\v1.0\;C:\Program Files (x86)\Intel\Intel(R) Management Engine Components\DAL;C:\Program Files\Intel\Intel(R) Management Engine Components\DAL;C:\Program Files (x86)\Intel\Intel(R) Management Engine Components\IPT;C:\Program Files\Intel\Intel(R) Management Engine Components\IPT;C:\Program Files\Intel\WiFi\bin\;C:\Program Files\Common Files\Intel\WirelessCommon\;C:\WINDOWS\System32\OpenSSH\;C:\Program Files\Java\jdk-11.0.2\bin;C:\Program Files\PuTTY\;C:\Program Files\Git\cmd;C:\Users\kmydt\AppData\Local\Programs\Python\Python37-32\Scripts\;C:\Users\kmydt\AppData\Local\Programs\Python\Python37-32\;C:\Users\kmydt\AppData\Local\Microsoft\WindowsApps;;C:\Program Files\Microsoft VS Code\bin;C:\Program Files\JetBrains\PyCharm Community Edition 2019.1.2\bin;
USERNAME=kmydt
OS=Windows_NT
PROCESSOR_IDENTIFIER=Intel64 Family 6 Model 142 Stepping 10, GenuineIntel



---------------  S Y S T E M  ---------------

OS: Windows 10.0 , 64 bit Build 18362 (10.0.18362.778)

CPU:total 8 (initial active 8) (4 cores per cpu, 2 threads per core) family 6 model 142 stepping 10, cmov, cx8, fxsr, mmx, sse, sse2, sse3, ssse3, sse4.1, sse4.2, popcnt, avx, avx2, aes, clmul, erms, 3dnowpref, lzcnt, ht, tsc, tscinvbit, bmi1, bmi2, adx

Memory: 4k page, physical 16606548k(4394480k free), swap 16606548k(6696k free)

vm_info: OpenJDK 64-Bit Server VM (25.212-b04) for windows-amd64 JRE (1.8.0_212-release-1586-b04), built by "builder" with MS VC++ 10.0 (VS2010)

time: Sat May 16 21:21:44 2020
timezone: 대한민국 표준시
elapsed time: 12290 seconds (0d 3h 24m 50s)

