#
# There is insufficient memory for the Java Runtime Environment to continue.
# Native memory allocation (malloc) failed to allocate 65552 bytes for Chunk::new
# Possible reasons:
#   The system is out of physical RAM or swap space
#   The process is running with CompressedOops enabled, and the Java Heap may be blocking the growth of the native heap
# Possible solutions:
#   Reduce memory load on the system
#   Increase physical memory or swap space
#   Check if swap backing store is full
#   Decrease Java heap size (-Xmx/-Xms)
#   Decrease number of Java threads
#   Decrease Java thread stack sizes (-Xss)
#   Set larger code cache with -XX:ReservedCodeCacheSize=
#   JVM is running with Unscaled Compressed Oops mode in which the Java heap is
#     placed in the first 4GB address space. The Java Heap base address is the
#     maximum limit for the native heap growth. Please use -XX:HeapBaseMinAddress
#     to set the Java Heap base and to place the Java Heap above 4GB virtual address.
# This output file may be truncated or incomplete.
#
#  Out of Memory Error (allocation.cpp:389), pid=23212, tid=0x000000000000b1dc
#
# JRE version: OpenJDK Runtime Environment (8.0_212-b04) (build 1.8.0_212-release-1586-b04)
# Java VM: OpenJDK 64-Bit Server VM (25.212-b04 mixed mode windows-amd64 compressed oops)
# Failed to write core dump. Minidumps are not enabled by default on client versions of Windows
#

---------------  T H R E A D  ---------------

Current thread (0x0000000018514800):  JavaThread "C2 CompilerThread2" daemon [_thread_in_native, id=45532, stack(0x0000000018f10000,0x0000000019010000)]

Stack: [0x0000000018f10000,0x0000000019010000]
[error occurred during error reporting (printing stack bounds), id 0xc0000005]

Native frames: (J=compiled Java code, j=interpreted, Vv=VM code, C=native code)


Current CompileTask:
C2:  13585 8579       4       org.gradle.internal.component.model.ComponentAttributeMatcher::match (318 bytes)


---------------  P R O C E S S  ---------------

Java Threads: ( => current thread )
  0x0000000019f03800 JavaThread "Cache worker for execution history cache (C:\Users\kmydt\source\ARNavigation_Deepect\ARNavigation\.gradle\5.6.4\executionHistory)" [_thread_blocked, id=46660, stack(0x00000000261b0000,0x00000000262b0000)]
  0x0000000019efc800 JavaThread "Execution worker for ':' Thread 7" [_thread_blocked, id=46648, stack(0x0000000025eb0000,0x0000000025fb0000)]
  0x0000000019efd800 JavaThread "Execution worker for ':' Thread 6" [_thread_blocked, id=46644, stack(0x0000000025db0000,0x0000000025eb0000)]
  0x0000000019f02800 JavaThread "Execution worker for ':' Thread 5" [_thread_blocked, id=46640, stack(0x0000000025cb0000,0x0000000025db0000)]
  0x0000000019f02000 JavaThread "Execution worker for ':' Thread 4" [_thread_blocked, id=46636, stack(0x0000000025bb0000,0x0000000025cb0000)]
  0x000000001d7cb000 JavaThread "Execution worker for ':' Thread 3" [_thread_in_native, id=46632, stack(0x0000000025ab0000,0x0000000025bb0000)]
  0x000000001d7ca000 JavaThread "Execution worker for ':' Thread 2" [_thread_blocked, id=46628, stack(0x00000000259b0000,0x0000000025ab0000)]
  0x000000001d7c9800 JavaThread "Execution worker for ':'" [_thread_blocked, id=46624, stack(0x00000000258b0000,0x00000000259b0000)]
  0x000000001d7ce800 JavaThread "Cache worker for file content cache (C:\Users\kmydt\source\ARNavigation_Deepect\ARNavigation\.gradle\5.6.4\fileContent)" [_thread_blocked, id=46572, stack(0x0000000024ef0000,0x0000000024ff0000)]
  0x000000001d7cd000 JavaThread "Cache worker for file content cache (C:\Users\kmydt\.gradle\caches\5.6.4\fileContent)" [_thread_blocked, id=46568, stack(0x0000000024df0000,0x0000000024ef0000)]
  0x000000001d7cc800 JavaThread "Memory manager" [_thread_blocked, id=46564, stack(0x00000000250d0000,0x00000000251d0000)]
  0x000000001d7c2000 JavaThread "Cache worker for Build Output Cleanup Cache (C:\Users\kmydt\source\ARNavigation_Deepect\ARNavigation\.gradle\buildOutputCleanup)" [_thread_blocked, id=46556, stack(0x00000000230f0000,0x00000000231f0000)]
  0x000000001d7c7000 JavaThread "Build operations Thread 8" [_thread_blocked, id=46520, stack(0x0000000022b40000,0x0000000022c40000)]
  0x000000001d7c3800 JavaThread "Build operations Thread 7" [_thread_blocked, id=46516, stack(0x0000000022a40000,0x0000000022b40000)]
  0x000000001d7bf800 JavaThread "Build operations Thread 6" [_thread_blocked, id=46512, stack(0x0000000022940000,0x0000000022a40000)]
  0x000000001d7c2800 JavaThread "Build operations Thread 5" [_thread_blocked, id=46508, stack(0x0000000022840000,0x0000000022940000)]
  0x000000001d7c5800 JavaThread "Build operations Thread 4" [_thread_blocked, id=46504, stack(0x0000000022740000,0x0000000022840000)]
  0x000000001d7c5000 JavaThread "Build operations Thread 3" [_thread_blocked, id=46500, stack(0x0000000022640000,0x0000000022740000)]
  0x000000001d7c6800 JavaThread "Build operations Thread 2" [_thread_blocked, id=46496, stack(0x0000000022540000,0x0000000022640000)]
  0x000000001d7c4000 JavaThread "Build operations" [_thread_blocked, id=46492, stack(0x0000000021ff0000,0x00000000220f0000)]
  0x000000001d7c0800 JavaThread "Cache worker for execution history cache (C:\Users\kmydt\.gradle\caches\5.6.4\executionHistory)" [_thread_blocked, id=46480, stack(0x0000000021ef0000,0x0000000021ff0000)]
  0x000000001ae97000 JavaThread "Cache worker for cache directory md-rule (C:\Users\kmydt\.gradle\caches\5.6.4\md-rule)" [_thread_blocked, id=46476, stack(0x0000000021df0000,0x0000000021ef0000)]
  0x000000001ae96000 JavaThread "Cache worker for cache directory md-supplier (C:\Users\kmydt\.gradle\caches\5.6.4\md-supplier)" [_thread_blocked, id=46468, stack(0x0000000020aa0000,0x0000000020ba0000)]
  0x000000001ae95800 JavaThread "Cache worker for file hash cache (C:\Users\kmydt\source\ARNavigation_Deepect\ARNavigation\.gradle\5.6.4\fileHashes)" [_thread_blocked, id=46452, stack(0x000000001df60000,0x000000001e060000)]
  0x000000001ae94800 JavaThread "Cache worker for journal cache (C:\Users\kmydt\.gradle\caches\journal-1)" [_thread_blocked, id=46440, stack(0x000000001ce90000,0x000000001cf90000)]
  0x000000001ae93000 JavaThread "File lock request listener" [_thread_in_native, id=46436, stack(0x000000001cd90000,0x000000001ce90000)]
  0x000000001ae11800 JavaThread "Cache worker for file hash cache (C:\Users\kmydt\.gradle\caches\5.6.4\fileHashes)" [_thread_blocked, id=46432, stack(0x000000001cc90000,0x000000001cd90000)]
  0x000000001adc2000 JavaThread "Thread-9" [_thread_blocked, id=46428, stack(0x000000001c990000,0x000000001ca90000)]
  0x000000001adc1000 JavaThread "Stdin handler" [_thread_blocked, id=46424, stack(0x000000001c890000,0x000000001c990000)]
  0x000000001ad4e800 JavaThread "Asynchronous log dispatcher for DefaultDaemonConnection: socket connection from /127.0.0.1:58238 to /127.0.0.1:58239" [_thread_blocked, id=46420, stack(0x000000001c690000,0x000000001c790000)]
  0x000000001ad49800 JavaThread "Daemon worker" [_thread_blocked, id=46408, stack(0x000000001c590000,0x000000001c690000)]
  0x000000001ad8b000 JavaThread "Cancel handler" [_thread_blocked, id=46404, stack(0x000000001c490000,0x000000001c590000)]
  0x000000001ad23800 JavaThread "Handler for socket connection from /127.0.0.1:58238 to /127.0.0.1:58239" [_thread_in_native, id=46400, stack(0x000000001c190000,0x000000001c290000)]
  0x000000001ad23000 JavaThread "Daemon" [_thread_blocked, id=46396, stack(0x000000001c090000,0x000000001c190000)]
  0x000000001acc4800 JavaThread "Daemon periodic checks" [_thread_blocked, id=46392, stack(0x000000001bf90000,0x000000001c090000)]
  0x000000001acc3000 JavaThread "Incoming local TCP Connector on port 58238" [_thread_in_native, id=46388, stack(0x000000001bdb0000,0x000000001beb0000)]
  0x000000001abb8800 JavaThread "Daemon health stats" [_thread_blocked, id=46288, stack(0x000000001bab0000,0x000000001bbb0000)]
  0x00000000185a6000 JavaThread "Service Thread" daemon [_thread_blocked, id=25876, stack(0x0000000019110000,0x0000000019210000)]
  0x0000000018523000 JavaThread "C1 CompilerThread3" daemon [_thread_blocked, id=45568, stack(0x0000000019010000,0x0000000019110000)]
=>0x0000000018514800 JavaThread "C2 CompilerThread2" daemon [_thread_in_native, id=45532, stack(0x0000000018f10000,0x0000000019010000)]
  0x0000000018513000 JavaThread "C2 CompilerThread1" daemon [_thread_blocked, id=45292, stack(0x0000000018e10000,0x0000000018f10000)]
  0x00000000184bc000 JavaThread "C2 CompilerThread0" daemon [_thread_in_native, id=46072, stack(0x0000000018d10000,0x0000000018e10000)]
  0x00000000184b9000 JavaThread "Attach Listener" daemon [_thread_blocked, id=43436, stack(0x0000000018c10000,0x0000000018d10000)]
  0x0000000018510000 JavaThread "Signal Dispatcher" daemon [_thread_blocked, id=36992, stack(0x0000000018b10000,0x0000000018c10000)]
  0x00000000184a1800 JavaThread "Finalizer" daemon [_thread_blocked, id=45216, stack(0x0000000018980000,0x0000000018a80000)]
  0x00000000028e7000 JavaThread "Reference Handler" daemon [_thread_blocked, id=45836, stack(0x0000000018880000,0x0000000018980000)]
  0x00000000027f2800 JavaThread "main" [_thread_blocked, id=40356, stack(0x00000000026f0000,0x00000000027f0000)]

Other Threads:
  0x00000000166a8800 VMThread [stack: 0x0000000018380000,0x0000000018480000] [id=4088]
  0x00000000185a7000 WatcherThread [stack: 0x0000000019210000,0x0000000019310000] [id=46084]

VM state:not at safepoint (normal execution)

VM Mutex/Monitor currently owned by a thread: None

heap address: 0x00000000a0000000, size: 1536 MB, Compressed Oops mode: 32-bit
Narrow klass base: 0x0000000000000000, Narrow klass shift: 3
Compressed class space size: 1073741824 Address: 0x0000000100000000

Heap:
 PSYoungGen      total 250880K, used 117650K [0x00000000e0000000, 0x00000000f1680000, 0x0000000100000000)
  eden space 230912K, 42% used [0x00000000e0000000,0x00000000e60af630,0x00000000ee180000)
  from space 19968K, 93% used [0x00000000ef700000,0x00000000f0935408,0x00000000f0a80000)
  to   space 22016K, 0% used [0x00000000ee180000,0x00000000ee180000,0x00000000ef700000)
 ParOldGen       total 199168K, used 38626K [0x00000000a0000000, 0x00000000ac280000, 0x00000000e0000000)
  object space 199168K, 19% used [0x00000000a0000000,0x00000000a25b8b80,0x00000000ac280000)
 Metaspace       used 65825K, capacity 68522K, committed 68736K, reserved 1107968K
  class space    used 8996K, capacity 9575K, committed 9600K, reserved 1048576K

Card table byte_map: [0x0000000011cb0000,0x0000000011fc0000] byte_map_base: 0x00000000117b0000

Marking Bits: (ParMarkBitMap*) 0x000000006b4d9f30
 Begin Bits: [0x00000000129c0000, 0x00000000141c0000)
 End Bits:   [0x00000000141c0000, 0x00000000159c0000)

Polling page: 0x0000000000ac0000

CodeCache: size=245760Kb used=24198Kb max_used=24222Kb free=221561Kb
 bounds [0x00000000028f0000, 0x00000000040c0000, 0x00000000118f0000]
 total_blobs=8481 nmethods=7678 adapters=715
 compilation: enabled

Compilation events (10 events):
Event: 13.540 Thread 0x0000000018523000 8578       1       org.gradle.internal.component.local.model.ComponentFileArtifactIdentifier::getComponentIdentifier (5 bytes)
Event: 13.540 Thread 0x0000000018523000 nmethod 8578 0x0000000004055d10 code [0x0000000004055e60, 0x0000000004055f70]
Event: 13.547 Thread 0x0000000018523000 8580   !   3       kotlin.SynchronizedLazyImpl::getValue (101 bytes)
Event: 13.548 Thread 0x0000000018523000 nmethod 8580 0x000000000409b810 code [0x000000000409ba00, 0x000000000409c358]
Event: 13.548 Thread 0x0000000018523000 8581       3       java.util.AbstractCollection::containsAll (38 bytes)
Event: 13.548 Thread 0x0000000018523000 nmethod 8581 0x0000000004099090 code [0x0000000004099240, 0x0000000004099798]
Event: 13.548 Thread 0x0000000018523000 8582       3       com.google.common.collect.AbstractMapBasedMultimap$WrappedCollection::refreshIfEmpty (78 bytes)
Event: 13.549 Thread 0x0000000018523000 nmethod 8582 0x000000000409a750 code [0x000000000409a900, 0x000000000409b038]
Event: 13.549 Thread 0x0000000018514800 nmethod 8573 0x00000000040a5d10 code [0x00000000040a5e80, 0x00000000040a6478]
Event: 13.550 Thread 0x0000000018514800 8579       4       org.gradle.internal.component.model.ComponentAttributeMatcher::match (318 bytes)

GC Heap History (10 events):
Event: 7.312 GC heap before
{Heap before GC invocations=9 (full 2):
 PSYoungGen      total 130560K, used 10668K [0x00000000e0000000, 0x00000000ee900000, 0x0000000100000000)
  eden space 118272K, 0% used [0x00000000e0000000,0x00000000e0000000,0x00000000e7380000)
  from space 12288K, 86% used [0x00000000e7380000,0x00000000e7deb190,0x00000000e7f80000)
  to   space 12800K, 0% used [0x00000000edc80000,0x00000000edc80000,0x00000000ee900000)
 ParOldGen       total 84480K, used 7809K [0x00000000a0000000, 0x00000000a5280000, 0x00000000e0000000)
  object space 84480K, 9% used [0x00000000a0000000,0x00000000a07a07e0,0x00000000a5280000)
 Metaspace       used 34561K, capacity 35360K, committed 35456K, reserved 1079296K
  class space    used 4728K, capacity 4933K, committed 4992K, reserved 1048576K
Event: 7.366 GC heap after
Heap after GC invocations=9 (full 2):
 PSYoungGen      total 130560K, used 0K [0x00000000e0000000, 0x00000000ee900000, 0x0000000100000000)
  eden space 118272K, 0% used [0x00000000e0000000,0x00000000e0000000,0x00000000e7380000)
  from space 12288K, 0% used [0x00000000e7380000,0x00000000e7380000,0x00000000e7f80000)
  to   space 12800K, 0% used [0x00000000edc80000,0x00000000edc80000,0x00000000ee900000)
 ParOldGen       total 128000K, used 17726K [0x00000000a0000000, 0x00000000a7d00000, 0x00000000e0000000)
  object space 128000K, 13% used [0x00000000a0000000,0x00000000a114f9f0,0x00000000a7d00000)
 Metaspace       used 34547K, capacity 35312K, committed 35456K, reserved 1079296K
  class space    used 4724K, capacity 4925K, committed 4992K, reserved 1048576K
}
Event: 8.543 GC heap before
{Heap before GC invocations=10 (full 2):
 PSYoungGen      total 130560K, used 118272K [0x00000000e0000000, 0x00000000ee900000, 0x0000000100000000)
  eden space 118272K, 100% used [0x00000000e0000000,0x00000000e7380000,0x00000000e7380000)
  from space 12288K, 0% used [0x00000000e7380000,0x00000000e7380000,0x00000000e7f80000)
  to   space 12800K, 0% used [0x00000000edc80000,0x00000000edc80000,0x00000000ee900000)
 ParOldGen       total 128000K, used 17726K [0x00000000a0000000, 0x00000000a7d00000, 0x00000000e0000000)
  object space 128000K, 13% used [0x00000000a0000000,0x00000000a114f9f0,0x00000000a7d00000)
 Metaspace       used 45537K, capacity 46718K, committed 46848K, reserved 1089536K
  class space    used 6090K, capacity 6387K, committed 6400K, reserved 1048576K
Event: 8.553 GC heap after
Heap after GC invocations=10 (full 2):
 PSYoungGen      total 192000K, used 12795K [0x00000000e0000000, 0x00000000ee900000, 0x0000000100000000)
  eden space 179200K, 0% used [0x00000000e0000000,0x00000000e0000000,0x00000000eaf00000)
  from space 12800K, 99% used [0x00000000edc80000,0x00000000ee8fec40,0x00000000ee900000)
  to   space 14848K, 0% used [0x00000000ecc00000,0x00000000ecc00000,0x00000000eda80000)
 ParOldGen       total 128000K, used 19663K [0x00000000a0000000, 0x00000000a7d00000, 0x00000000e0000000)
  object space 128000K, 15% used [0x00000000a0000000,0x00000000a1333e18,0x00000000a7d00000)
 Metaspace       used 45537K, capacity 46718K, committed 46848K, reserved 1089536K
  class space    used 6090K, capacity 6387K, committed 6400K, reserved 1048576K
}
Event: 10.187 GC heap before
{Heap before GC invocations=11 (full 2):
 PSYoungGen      total 192000K, used 177926K [0x00000000e0000000, 0x00000000ee900000, 0x0000000100000000)
  eden space 179200K, 92% used [0x00000000e0000000,0x00000000ea142de0,0x00000000eaf00000)
  from space 12800K, 99% used [0x00000000edc80000,0x00000000ee8fec40,0x00000000ee900000)
  to   space 14848K, 0% used [0x00000000ecc00000,0x00000000ecc00000,0x00000000eda80000)
 ParOldGen       total 128000K, used 19663K [0x00000000a0000000, 0x00000000a7d00000, 0x00000000e0000000)
  object space 128000K, 15% used [0x00000000a0000000,0x00000000a1333e18,0x00000000a7d00000)
 Metaspace       used 57274K, capacity 59028K, committed 59096K, reserved 1099776K
  class space    used 7843K, capacity 8264K, committed 8320K, reserved 1048576K
Event: 10.209 GC heap after
Heap after GC invocations=11 (full 2):
 PSYoungGen      total 223744K, used 14845K [0x00000000e0000000, 0x00000000f0a80000, 0x0000000100000000)
  eden space 208896K, 0% used [0x00000000e0000000,0x00000000e0000000,0x00000000ecc00000)
  from space 14848K, 99% used [0x00000000ecc00000,0x00000000eda7f7b0,0x00000000eda80000)
  to   space 19968K, 0% used [0x00000000ef700000,0x00000000ef700000,0x00000000f0a80000)
 ParOldGen       total 128000K, used 28702K [0x00000000a0000000, 0x00000000a7d00000, 0x00000000e0000000)
  object space 128000K, 22% used [0x00000000a0000000,0x00000000a1c07978,0x00000000a7d00000)
 Metaspace       used 57274K, capacity 59028K, committed 59096K, reserved 1099776K
  class space    used 7843K, capacity 8264K, committed 8320K, reserved 1048576K
}
Event: 10.209 GC heap before
{Heap before GC invocations=12 (full 3):
 PSYoungGen      total 223744K, used 14845K [0x00000000e0000000, 0x00000000f0a80000, 0x0000000100000000)
  eden space 208896K, 0% used [0x00000000e0000000,0x00000000e0000000,0x00000000ecc00000)
  from space 14848K, 99% used [0x00000000ecc00000,0x00000000eda7f7b0,0x00000000eda80000)
  to   space 19968K, 0% used [0x00000000ef700000,0x00000000ef700000,0x00000000f0a80000)
 ParOldGen       total 128000K, used 28702K [0x00000000a0000000, 0x00000000a7d00000, 0x00000000e0000000)
  object space 128000K, 22% used [0x00000000a0000000,0x00000000a1c07978,0x00000000a7d00000)
 Metaspace       used 57274K, capacity 59028K, committed 59096K, reserved 1099776K
  class space    used 7843K, capacity 8264K, committed 8320K, reserved 1048576K
Event: 10.483 GC heap after
Heap after GC invocations=12 (full 3):
 PSYoungGen      total 223744K, used 0K [0x00000000e0000000, 0x00000000f0a80000, 0x0000000100000000)
  eden space 208896K, 0% used [0x00000000e0000000,0x00000000e0000000,0x00000000ecc00000)
  from space 14848K, 0% used [0x00000000ecc00000,0x00000000ecc00000,0x00000000eda80000)
  to   space 19968K, 0% used [0x00000000ef700000,0x00000000ef700000,0x00000000f0a80000)
 ParOldGen       total 199168K, used 38618K [0x00000000a0000000, 0x00000000ac280000, 0x00000000e0000000)
  object space 199168K, 19% used [0x00000000a0000000,0x00000000a25b6b80,0x00000000ac280000)
 Metaspace       used 57274K, capacity 59028K, committed 59096K, reserved 1099776K
  class space    used 7843K, capacity 8264K, committed 8320K, reserved 1048576K
}
Event: 12.771 GC heap before
{Heap before GC invocations=13 (full 3):
 PSYoungGen      total 223744K, used 208896K [0x00000000e0000000, 0x00000000f0a80000, 0x0000000100000000)
  eden space 208896K, 100% used [0x00000000e0000000,0x00000000ecc00000,0x00000000ecc00000)
  from space 14848K, 0% used [0x00000000ecc00000,0x00000000ecc00000,0x00000000eda80000)
  to   space 19968K, 0% used [0x00000000ef700000,0x00000000ef700000,0x00000000f0a80000)
 ParOldGen       total 199168K, used 38618K [0x00000000a0000000, 0x00000000ac280000, 0x00000000e0000000)
  object space 199168K, 19% used [0x00000000a0000000,0x00000000a25b6b80,0x00000000ac280000)
 Metaspace       used 62071K, capacity 64712K, committed 64896K, reserved 1105920K
  class space    used 8546K, capacity 9076K, committed 9088K, reserved 1048576K
Event: 12.785 GC heap after
Heap after GC invocations=13 (full 3):
 PSYoungGen      total 250880K, used 18645K [0x00000000e0000000, 0x00000000f1680000, 0x0000000100000000)
  eden space 230912K, 0% used [0x00000000e0000000,0x00000000e0000000,0x00000000ee180000)
  from space 19968K, 93% used [0x00000000ef700000,0x00000000f0935408,0x00000000f0a80000)
  to   space 22016K, 0% used [0x00000000ee180000,0x00000000ee180000,0x00000000ef700000)
 ParOldGen       total 199168K, used 38626K [0x00000000a0000000, 0x00000000ac280000, 0x00000000e0000000)
  object space 199168K, 19% used [0x00000000a0000000,0x00000000a25b8b80,0x00000000ac280000)
 Metaspace       used 62071K, capacity 64712K, committed 64896K, reserved 1105920K
  class space    used 8546K, capacity 9076K, committed 9088K, reserved 1048576K
}

Deoptimization events (10 events):
Event: 11.902 Thread 0x000000001d7c9800 Uncommon trap: reason=class_check action=maybe_recompile pc=0x00000000039e5fcc method=java.util.regex.Pattern$BmpCharProperty.match(Ljava/util/regex/Matcher;ILjava/lang/CharSequence;)Z @ 11
Event: 11.902 Thread 0x000000001d7c9800 Uncommon trap: reason=class_check action=maybe_recompile pc=0x00000000039e5fcc method=java.util.regex.Pattern$BmpCharProperty.match(Ljava/util/regex/Matcher;ILjava/lang/CharSequence;)Z @ 11
Event: 12.309 Thread 0x000000001d7c9800 Uncommon trap: reason=predicate action=maybe_recompile pc=0x0000000002e47c88 method=com.google.common.base.CharMatcher.indexIn(Ljava/lang/CharSequence;I)I @ 22
Event: 12.446 Thread 0x000000001d7cb000 Uncommon trap: reason=unstable_if action=reinterpret pc=0x00000000036bab78 method=java.util.concurrent.locks.ReentrantLock$Sync.nonfairTryAcquire(I)Z @ 19
Event: 12.672 Thread 0x000000001d7ca000 Uncommon trap: reason=unstable_if action=reinterpret pc=0x0000000003e421a8 method=org.gradle.internal.hash.HashCode.equals(Ljava/lang/Object;)Z @ 2
Event: 12.673 Thread 0x000000001d7c3800 Uncommon trap: reason=bimorphic action=maybe_recompile pc=0x0000000003207af4 method=com.google.common.cache.LocalCache$Segment.getLiveValue(Lcom/google/common/cache/ReferenceEntry;J)Ljava/lang/Object; @ 21
Event: 12.676 Thread 0x000000001d7c3800 Uncommon trap: reason=bimorphic action=maybe_recompile pc=0x0000000003207af4 method=com.google.common.cache.LocalCache$Segment.getLiveValue(Lcom/google/common/cache/ReferenceEntry;J)Ljava/lang/Object; @ 21
Event: 12.974 Thread 0x000000001d7ca000 Uncommon trap: reason=unstable_if action=reinterpret pc=0x00000000038c1d68 method=kotlin.reflect.jvm.internal.impl.protobuf.CodedInputStream.readRawVarint32()I @ 10
Event: 13.246 Thread 0x000000001d7ca000 Uncommon trap: reason=null_assert action=make_not_entrant pc=0x0000000002c85818 method=org.gradle.internal.snapshot.impl.DirectorySnapshotter$PathVisitor.shouldVisit(Ljava/nio/file/Path;Ljava/lang/String;ZLjava/nio/file/attribute/BasicFileAttributes;Ljava
Event: 13.452 Thread 0x0000000019f02800 Uncommon trap: reason=unstable_if action=reinterpret pc=0x0000000004054548 method=com.google.common.cache.LocalCache$Segment.evictEntries(Lcom/google/common/cache/ReferenceEntry;)V @ 69

Classes redefined (0 events):
No events

Internal exceptions (10 events):
Event: 11.821 Thread 0x0000000019f02000 Implicit null exception at 0x0000000003dc1e84 to 0x0000000003dc2415
Event: 12.552 Thread 0x000000001d7ca000 Exception <a 'java/lang/NoSuchMethodError': <clinit>> (0x00000000eb9d0388) thrown at [D:\src\AOSP-openjdk-cygwin\jdk8u\hotspot\src\share\vm\prims\jni.cpp, line 1614]
Event: 12.553 Thread 0x000000001d7ca000 Exception <a 'java/lang/NoSuchMethodError': <clinit>> (0x00000000eb9d16a8) thrown at [D:\src\AOSP-openjdk-cygwin\jdk8u\hotspot\src\share\vm\prims\jni.cpp, line 1614]
Event: 12.671 Thread 0x000000001d7ca000 Exception <a 'java/lang/NoSuchMethodError': java.lang.Object.lambda$flatMap$1(Ljava/util/function/Function;Lorg/gradle/internal/Try;)Lorg/gradle/api/internal/artifacts/transform/CacheableInvocation;> (0x00000000ebec0038) thrown at [D:\src\AOSP-openjdk-cyg
Event: 12.671 Thread 0x000000001d7ca000 Exception <a 'java/lang/NoSuchMethodError': java.lang.Object.lambda$flatMap$4(Ljava/util/function/Function;)Lorg/gradle/api/internal/artifacts/transform/CacheableInvocation;> (0x00000000ebec4838) thrown at [D:\src\AOSP-openjdk-cygwin\jdk8u\hotspot\src\sha
Event: 12.671 Thread 0x000000001d7ca000 Exception <a 'java/lang/NoSuchMethodError': java.lang.Object.lambda$flatMap$3(Ljava/util/function/Function;)Lorg/gradle/internal/Try;> (0x00000000ebec9ac8) thrown at [D:\src\AOSP-openjdk-cygwin\jdk8u\hotspot\src\share\vm\interpreter\linkResolver.cpp, line
Event: 12.676 Thread 0x000000001d7c6800 Exception <a 'java/lang/NoSuchMethodError': java.lang.Object.lambda$flatMap$2(Ljava/util/function/Function;Ljava/lang/Object;)Lorg/gradle/internal/Try;> (0x00000000ea910020) thrown at [D:\src\AOSP-openjdk-cygwin\jdk8u\hotspot\src\share\vm\interpreter\link
Event: 12.676 Thread 0x000000001d7c3800 Exception <a 'java/lang/NoSuchMethodError': java.lang.Object.lambda$flatMap$2(Ljava/util/function/Function;Ljava/lang/Object;)Lorg/gradle/internal/Try;> (0x00000000ea74abc8) thrown at [D:\src\AOSP-openjdk-cygwin\jdk8u\hotspot\src\share\vm\interpreter\link
Event: 12.685 Thread 0x000000001d7ca000 Exception <a 'java/lang/NoSuchMethodError': java.lang.Object.lambda$identity$2(Ljava/lang/Object;)Ljava/lang/Object;> (0x00000000ebfcb078) thrown at [D:\src\AOSP-openjdk-cygwin\jdk8u\hotspot\src\share\vm\interpreter\linkResolver.cpp, line 620]
Event: 12.685 Thread 0x000000001d7ca000 Exception <a 'java/lang/NoSuchMethodError': java.lang.Object.lambda$flatMap$0(Ljava/lang/Throwable;)Lorg/gradle/api/internal/artifacts/transform/CacheableInvocation;> (0x00000000ebfcd6b8) thrown at [D:\src\AOSP-openjdk-cygwin\jdk8u\hotspot\src\share\vm\in

Events (10 events):
Event: 13.570 loading class org/apache/commons/io/FileUtils
Event: 13.570 loading class org/apache/commons/io/FileUtils done
Event: 13.572 loading class org/apache/commons/io/filefilter/IOFileFilter
Event: 13.572 loading class org/apache/commons/io/filefilter/IOFileFilter done
Event: 13.573 loading class org/apache/commons/io/FileExistsException
Event: 13.573 loading class org/apache/commons/io/FileExistsException done
Event: 13.574 loading class java/util/zip/CheckedInputStream
Event: 13.574 loading class java/util/zip/CheckedInputStream done
Event: 13.574 loading class org/apache/commons/io/output/NullOutputStream
Event: 13.574 loading class org/apache/commons/io/output/NullOutputStream done


Dynamic libraries:
0x00007ff668d70000 - 0x00007ff668da1000 	C:\Program Files\Android\Android Studio\jre\bin\java.exe
0x00007ffc86040000 - 0x00007ffc86230000 	C:\WINDOWS\SYSTEM32\ntdll.dll
0x00007ffc853c0000 - 0x00007ffc85472000 	C:\WINDOWS\System32\KERNEL32.DLL
0x00007ffc82fd0000 - 0x00007ffc83274000 	C:\WINDOWS\System32\KERNELBASE.dll
0x00007ffc84420000 - 0x00007ffc844c3000 	C:\WINDOWS\System32\ADVAPI32.dll
0x00007ffc841f0000 - 0x00007ffc8428e000 	C:\WINDOWS\System32\msvcrt.dll
0x00007ffc84e50000 - 0x00007ffc84ee7000 	C:\WINDOWS\System32\sechost.dll
0x00007ffc84290000 - 0x00007ffc843b0000 	C:\WINDOWS\System32\RPCRT4.dll
0x00007ffc85630000 - 0x00007ffc857c4000 	C:\WINDOWS\System32\USER32.dll
0x00007ffc83320000 - 0x00007ffc83341000 	C:\WINDOWS\System32\win32u.dll
0x00007ffc84bd0000 - 0x00007ffc84bf6000 	C:\WINDOWS\System32\GDI32.dll
0x00007ffc83b30000 - 0x00007ffc83cc4000 	C:\WINDOWS\System32\gdi32full.dll
0x00007ffc83280000 - 0x00007ffc8331e000 	C:\WINDOWS\System32\msvcp_win.dll
0x00007ffc83f50000 - 0x00007ffc8404a000 	C:\WINDOWS\System32\ucrtbase.dll
0x00007ffc6b470000 - 0x00007ffc6b6f4000 	C:\WINDOWS\WinSxS\amd64_microsoft.windows.common-controls_6595b64144ccf1df_6.0.18362.836_none_e6c4b943130f18ed\COMCTL32.dll
0x00007ffc85080000 - 0x00007ffc853b6000 	C:\WINDOWS\System32\combase.dll
0x00007ffc83cd0000 - 0x00007ffc83d50000 	C:\WINDOWS\System32\bcryptPrimitives.dll
0x00007ffc84e20000 - 0x00007ffc84e4e000 	C:\WINDOWS\System32\IMM32.DLL
0x000000006ab10000 - 0x000000006abe2000 	C:\Program Files\Android\Android Studio\jre\jre\bin\msvcr100.dll
0x000000006ad10000 - 0x000000006b556000 	C:\Program Files\Android\Android Studio\jre\jre\bin\server\jvm.dll
0x00007ffc84bc0000 - 0x00007ffc84bc8000 	C:\WINDOWS\System32\PSAPI.DLL
0x00007ffc7ce30000 - 0x00007ffc7ce54000 	C:\WINDOWS\SYSTEM32\WINMM.dll
0x00007ffc76830000 - 0x00007ffc7683a000 	C:\WINDOWS\SYSTEM32\VERSION.dll
0x00007ffc723e0000 - 0x00007ffc723e9000 	C:\WINDOWS\SYSTEM32\WSOCK32.dll
0x00007ffc843b0000 - 0x00007ffc8441f000 	C:\WINDOWS\System32\WS2_32.dll
0x00007ffc7cb30000 - 0x00007ffc7cb5d000 	C:\WINDOWS\SYSTEM32\WINMMBASE.dll
0x00007ffc84080000 - 0x00007ffc840ca000 	C:\WINDOWS\System32\cfgmgr32.dll
0x00007ffc7d840000 - 0x00007ffc7d84f000 	C:\Program Files\Android\Android Studio\jre\jre\bin\verify.dll
0x00007ffc6bbc0000 - 0x00007ffc6bbe9000 	C:\Program Files\Android\Android Studio\jre\jre\bin\java.dll
0x00007ffc68c70000 - 0x00007ffc68c86000 	C:\Program Files\Android\Android Studio\jre\jre\bin\zip.dll
0x00007ffc844d0000 - 0x00007ffc84bb4000 	C:\WINDOWS\System32\SHELL32.dll
0x00007ffc84f00000 - 0x00007ffc84fa9000 	C:\WINDOWS\System32\shcore.dll
0x00007ffc83350000 - 0x00007ffc83ace000 	C:\WINDOWS\System32\windows.storage.dll
0x00007ffc82f30000 - 0x00007ffc82f53000 	C:\WINDOWS\System32\profapi.dll
0x00007ffc82f80000 - 0x00007ffc82fca000 	C:\WINDOWS\System32\powrprof.dll
0x00007ffc82f00000 - 0x00007ffc82f10000 	C:\WINDOWS\System32\UMPDC.dll
0x00007ffc84d50000 - 0x00007ffc84da2000 	C:\WINDOWS\System32\shlwapi.dll
0x00007ffc82f10000 - 0x00007ffc82f21000 	C:\WINDOWS\System32\kernel.appcore.dll
0x00007ffc840d0000 - 0x00007ffc840e7000 	C:\WINDOWS\System32\cryptsp.dll
0x00007ffc68c50000 - 0x00007ffc68c6a000 	C:\Program Files\Android\Android Studio\jre\jre\bin\net.dll
0x00007ffc6e990000 - 0x00007ffc6eb66000 	C:\WINDOWS\SYSTEM32\urlmon.dll
0x00007ffc6e190000 - 0x00007ffc6e436000 	C:\WINDOWS\SYSTEM32\iertutil.dll
0x00007ffc82940000 - 0x00007ffc8294c000 	C:\WINDOWS\SYSTEM32\CRYPTBASE.DLL
0x00007ffc82770000 - 0x00007ffc827d7000 	C:\WINDOWS\system32\mswsock.dll
0x00007ffc68c30000 - 0x00007ffc68c43000 	C:\Program Files\Android\Android Studio\jre\jre\bin\nio.dll
0x00007ffc59060000 - 0x00007ffc59086000 	C:\Users\kmydt\.gradle\native\30\windows-amd64\native-platform.dll
0x00007ffc7d500000 - 0x00007ffc7d50d000 	C:\Program Files\Android\Android Studio\jre\jre\bin\management.dll
0x00007ffc822e0000 - 0x00007ffc82313000 	C:\WINDOWS\system32\rsaenh.dll
0x00007ffc84050000 - 0x00007ffc84076000 	C:\WINDOWS\System32\bcrypt.dll
0x00007ffc82e20000 - 0x00007ffc82e45000 	C:\WINDOWS\SYSTEM32\USERENV.dll
0x00007ffc82480000 - 0x00007ffc824ba000 	C:\WINDOWS\SYSTEM32\IPHLPAPI.DLL
0x00007ffc84ef0000 - 0x00007ffc84ef8000 	C:\WINDOWS\System32\NSI.dll
0x00007ffc7c320000 - 0x00007ffc7c336000 	C:\WINDOWS\SYSTEM32\dhcpcsvc6.DLL
0x00007ffc7c2f0000 - 0x00007ffc7c30c000 	C:\WINDOWS\SYSTEM32\dhcpcsvc.DLL
0x00007ffc824c0000 - 0x00007ffc8258b000 	C:\WINDOWS\SYSTEM32\DNSAPI.dll

VM Arguments:
jvm_args: -Xmx1536m -Dfile.encoding=x-windows-949 -Duser.country=KR -Duser.language=ko -Duser.variant 
java_command: org.gradle.launcher.daemon.bootstrap.GradleDaemon 5.6.4
java_class_path (initial): C:\Users\kmydt\.gradle\wrapper\dists\gradle-5.6.4-all\ankdp27end7byghfw1q2sw75f\gradle-5.6.4\lib\gradle-launcher-5.6.4.jar
Launcher Type: SUN_STANDARD

Environment Variables:
JAVA_HOME=C:\Program Files\Java\jdk-13.0.2
PATH=C:\Program_Oracle\product\11.2.0\dbhome_1\bin;C:\Program Files\Java\jdk-13.0.2\bin;C:\Program Files (x86)\Common Files\Oracle\Java\javapath;C:\Program Files (x86)\Intel\iCLS Client\;C:\Program Files\Intel\iCLS Client\;C:\WINDOWS\system32;C:\WINDOWS;C:\WINDOWS\System32\Wbem;C:\WINDOWS\System32\WindowsPowerShell\v1.0\;C:\Program Files (x86)\Intel\Intel(R) Management Engine Components\DAL;C:\Program Files\Intel\Intel(R) Management Engine Components\DAL;C:\Program Files (x86)\Intel\Intel(R) Management Engine Components\IPT;C:\Program Files\Intel\Intel(R) Management Engine Components\IPT;C:\Program Files\Intel\WiFi\bin\;C:\Program Files\Common Files\Intel\WirelessCommon\;C:\WINDOWS\System32\OpenSSH\;C:\Program Files\Java\jdk-11.0.2\bin;C:\Program Files\PuTTY\;C:\Program Files\Git\cmd;C:\Users\kmydt\AppData\Local\Programs\Python\Python37-32\Scripts\;C:\Users\kmydt\AppData\Local\Programs\Python\Python37-32\;C:\Users\kmydt\AppData\Local\Microsoft\WindowsApps;;C:\Program Files\Microsoft VS Code\bin;C:\Program Files\JetBrains\PyCharm Community Edition 2019.1.2\bin;
USERNAME=kmydt
OS=Windows_NT
PROCESSOR_IDENTIFIER=Intel64 Family 6 Model 142 Stepping 10, GenuineIntel



---------------  S Y S T E M  ---------------

OS: Windows 10.0 , 64 bit Build 18362 (10.0.18362.778)

CPU:total 8 (initial active 8) (4 cores per cpu, 2 threads per core) family 6 model 142 stepping 10, cmov, cx8, fxsr, mmx, sse, sse2, sse3, ssse3, sse4.1, sse4.2, popcnt, avx, avx2, aes, clmul, erms, 3dnowpref, lzcnt, ht, tsc, tscinvbit, bmi1, bmi2, adx

Memory: 4k page, physical 16606548k(5701792k free), swap 16606548k(4148k free)

vm_info: OpenJDK 64-Bit Server VM (25.212-b04) for windows-amd64 JRE (1.8.0_212-release-1586-b04), built by "builder" with MS VC++ 10.0 (VS2010)

time: Fri May 22 15:51:47 2020
timezone: 대한민국 표준시
elapsed time: 13 seconds (0d 0h 0m 13s)

