#
# There is insufficient memory for the Java Runtime Environment to continue.
# Native memory allocation (malloc) failed to allocate 747296 bytes for Chunk::new
# Possible reasons:
#   The system is out of physical RAM or swap space
#   The process is running with CompressedOops enabled, and the Java Heap may be blocking the growth of the native heap
# Possible solutions:
#   Reduce memory load on the system
#   Increase physical memory or swap space
#   Check if swap backing store is full
#   Decrease Java heap size (-Xmx/-Xms)
#   Decrease number of Java threads
#   Decrease Java thread stack sizes (-Xss)
#   Set larger code cache with -XX:ReservedCodeCacheSize=
#   JVM is running with Zero Based Compressed Oops mode in which the Java heap is
#     placed in the first 32GB address space. The Java Heap base address is the
#     maximum limit for the native heap growth. Please use -XX:HeapBaseMinAddress
#     to set the Java Heap base and to place the Java Heap above 32GB virtual address.
# This output file may be truncated or incomplete.
#
#  Out of Memory Error (allocation.cpp:389), pid=22096, tid=0x00000000000064ac
#
# JRE version: OpenJDK Runtime Environment (8.0_212-b04) (build 1.8.0_212-release-1586-b04)
# Java VM: OpenJDK 64-Bit Server VM (25.212-b04 mixed mode windows-amd64 compressed oops)
# Failed to write core dump. Minidumps are not enabled by default on client versions of Windows
#

---------------  T H R E A D  ---------------

Current thread (0x000000001e226800):  JavaThread "C2 CompilerThread0" daemon [_thread_in_native, id=25772, stack(0x000000001e990000,0x000000001ea90000)]

Stack: [0x000000001e990000,0x000000001ea90000]
[error occurred during error reporting (printing stack bounds), id 0xc0000005]

Native frames: (J=compiled Java code, j=interpreted, Vv=VM code, C=native code)


Current CompileTask:
C2:   7011 4984       4       org.jetbrains.kotlin.load.java.structure.impl.classFiles.BinaryJavaMethodBase$Companion::create (492 bytes)


---------------  P R O C E S S  ---------------

Java Threads: ( => current thread )
  0x000000001e2c5000 JavaThread "Service Thread" daemon [_thread_blocked, id=14044, stack(0x000000001ed90000,0x000000001ee90000)]
  0x000000001e23f800 JavaThread "C1 CompilerThread3" daemon [_thread_blocked, id=20232, stack(0x000000001ec90000,0x000000001ed90000)]
  0x000000001e22c000 JavaThread "C2 CompilerThread2" daemon [_thread_in_native, id=9368, stack(0x000000001eb90000,0x000000001ec90000)]
  0x000000001e228800 JavaThread "C2 CompilerThread1" daemon [_thread_in_vm, id=26464, stack(0x000000001ea90000,0x000000001eb90000)]
=>0x000000001e226800 JavaThread "C2 CompilerThread0" daemon [_thread_in_native, id=25772, stack(0x000000001e990000,0x000000001ea90000)]
  0x000000001e224800 JavaThread "Attach Listener" daemon [_thread_blocked, id=15632, stack(0x000000001e890000,0x000000001e990000)]
  0x000000001e1d1800 JavaThread "Signal Dispatcher" daemon [_thread_blocked, id=15992, stack(0x000000001e790000,0x000000001e890000)]
  0x000000001e1b0800 JavaThread "Finalizer" daemon [_thread_blocked, id=26748, stack(0x000000001e690000,0x000000001e790000)]
  0x000000001c34c800 JavaThread "Reference Handler" daemon [_thread_blocked, id=24568, stack(0x000000001e590000,0x000000001e690000)]
  0x00000000028ba000 JavaThread "main" [_thread_in_native, id=25796, stack(0x00000000027b0000,0x00000000028b0000)]

Other Threads:
  0x000000001c346000 VMThread [stack: 0x000000001e090000,0x000000001e190000] [id=27440]
  0x000000001e2cd800 WatcherThread [stack: 0x000000001ee90000,0x000000001ef90000] [id=22960]

VM state:not at safepoint (normal execution)

VM Mutex/Monitor currently owned by a thread: None

heap address: 0x00000006c2800000, size: 4056 MB, Compressed Oops mode: Zero based, Oop shift amount: 3
Narrow klass base: 0x0000000000000000, Narrow klass shift: 3
Compressed class space size: 1073741824 Address: 0x00000007c0000000

Heap:
 PSYoungGen      total 102400K, used 34821K [0x000000076b800000, 0x0000000775c00000, 0x00000007c0000000)
  eden space 91648K, 26% used [0x000000076b800000,0x000000076cf83200,0x0000000771180000)
  from space 10752K, 99% used [0x0000000771180000,0x0000000771bfe2c8,0x0000000771c00000)
  to   space 21504K, 0% used [0x0000000774700000,0x0000000774700000,0x0000000775c00000)
 ParOldGen       total 193024K, used 29111K [0x00000006c2800000, 0x00000006ce480000, 0x000000076b800000)
  object space 193024K, 15% used [0x00000006c2800000,0x00000006c446dd28,0x00000006ce480000)
 Metaspace       used 45114K, capacity 45829K, committed 46336K, reserved 1089536K
  class space    used 5610K, capacity 5804K, committed 5888K, reserved 1048576K

Card table byte_map: [0x0000000011d70000,0x0000000012560000] byte_map_base: 0x000000000e75c000

Marking Bits: (ParMarkBitMap*) 0x0000000059b19f30
 Begin Bits: [0x00000000132b0000, 0x0000000017210000)
 End Bits:   [0x0000000017210000, 0x000000001b170000)

Polling page: 0x0000000000510000

CodeCache: size=245760Kb used=15916Kb max_used=15919Kb free=229843Kb
 bounds [0x00000000029b0000, 0x0000000003950000, 0x00000000119b0000]
 total_blobs=5526 nmethods=5066 adapters=373
 compilation: enabled

Compilation events (10 events):
Event: 6.993 Thread 0x000000001e23f800 5088       3       sun.nio.fs.WindowsPath::getParent (74 bytes)
Event: 6.994 Thread 0x000000001e23f800 nmethod 5088 0x0000000003945c50 code [0x0000000003945e20, 0x0000000003946808]
Event: 6.994 Thread 0x000000001e23f800 5089       3       org.jetbrains.kotlin.com.intellij.openapi.util.io.FileAttributes::type (32 bytes)
Event: 6.994 Thread 0x000000001e228800 5091       4       org.jetbrains.kotlin.types.TypeProjectionImpl::getType (13 bytes)
Event: 6.994 Thread 0x000000001e23f800 nmethod 5089 0x0000000003946bd0 code [0x0000000003946d40, 0x0000000003946fa8]
Event: 6.995 Thread 0x000000001e228800 nmethod 5091 0x000000000391c010 code [0x000000000391c140, 0x000000000391c1b8]
Event: 6.995 Thread 0x000000001e228800 5092       4       org.jetbrains.kotlin.types.checker.SimpleClassicTypeSystemContext::asSimpleType (12 bytes)
Event: 6.998 Thread 0x000000001e228800 nmethod 5092 0x0000000003948410 code [0x0000000003948560, 0x0000000003948658]
Event: 7.003 Thread 0x000000001e228800 5093       4       org.jetbrains.kotlin.cli.jvm.index.JvmDependenciesIndexImpl::travelPath (165 bytes)
Event: 7.005 Thread 0x000000001e23f800 5094       3       org.jetbrains.kotlin.load.java.descriptors.UtilKt::getParameterNameAnnotation (108 bytes)

GC Heap History (10 events):
Event: 1.741 GC heap before
{Heap before GC invocations=3 (full 1):
 PSYoungGen      total 75776K, used 9660K [0x000000076b800000, 0x0000000774c00000, 0x00000007c0000000)
  eden space 65024K, 0% used [0x000000076b800000,0x000000076b800000,0x000000076f780000)
  from space 10752K, 89% used [0x0000000770200000,0x0000000770b6f0e8,0x0000000770c80000)
  to   space 10752K, 0% used [0x000000076f780000,0x000000076f780000,0x0000000770200000)
 ParOldGen       total 173568K, used 5013K [0x00000006c2800000, 0x00000006cd180000, 0x000000076b800000)
  object space 173568K, 2% used [0x00000006c2800000,0x00000006c2ce5718,0x00000006cd180000)
 Metaspace       used 20727K, capacity 21130K, committed 21296K, reserved 1069056K
  class space    used 2459K, capacity 2621K, committed 2688K, reserved 1048576K
Event: 1.778 GC heap after
Heap after GC invocations=3 (full 1):
 PSYoungGen      total 75776K, used 0K [0x000000076b800000, 0x0000000774c00000, 0x00000007c0000000)
  eden space 65024K, 0% used [0x000000076b800000,0x000000076b800000,0x000000076f780000)
  from space 10752K, 0% used [0x0000000770200000,0x0000000770200000,0x0000000770c80000)
  to   space 10752K, 0% used [0x000000076f780000,0x000000076f780000,0x0000000770200000)
 ParOldGen       total 117760K, used 9355K [0x00000006c2800000, 0x00000006c9b00000, 0x000000076b800000)
  object space 117760K, 7% used [0x00000006c2800000,0x00000006c3122c50,0x00000006c9b00000)
 Metaspace       used 20727K, capacity 21130K, committed 21296K, reserved 1069056K
  class space    used 2459K, capacity 2621K, committed 2688K, reserved 1048576K
}
Event: 2.873 GC heap before
{Heap before GC invocations=4 (full 1):
 PSYoungGen      total 75776K, used 65024K [0x000000076b800000, 0x0000000774c00000, 0x00000007c0000000)
  eden space 65024K, 100% used [0x000000076b800000,0x000000076f780000,0x000000076f780000)
  from space 10752K, 0% used [0x0000000770200000,0x0000000770200000,0x0000000770c80000)
  to   space 10752K, 0% used [0x000000076f780000,0x000000076f780000,0x0000000770200000)
 ParOldGen       total 117760K, used 9355K [0x00000006c2800000, 0x00000006c9b00000, 0x000000076b800000)
  object space 117760K, 7% used [0x00000006c2800000,0x00000006c3122c50,0x00000006c9b00000)
 Metaspace       used 29306K, capacity 29876K, committed 30208K, reserved 1075200K
  class space    used 3564K, capacity 3732K, committed 3840K, reserved 1048576K
Event: 2.885 GC heap after
Heap after GC invocations=4 (full 1):
 PSYoungGen      total 75776K, used 10737K [0x000000076b800000, 0x0000000772680000, 0x00000007c0000000)
  eden space 65024K, 0% used [0x000000076b800000,0x000000076b800000,0x000000076f780000)
  from space 10752K, 99% used [0x000000076f780000,0x00000007701fc470,0x0000000770200000)
  to   space 10752K, 0% used [0x0000000771c00000,0x0000000771c00000,0x0000000772680000)
 ParOldGen       total 117760K, used 14860K [0x00000006c2800000, 0x00000006c9b00000, 0x000000076b800000)
  object space 117760K, 12% used [0x00000006c2800000,0x00000006c36830a0,0x00000006c9b00000)
 Metaspace       used 29306K, capacity 29876K, committed 30208K, reserved 1075200K
  class space    used 3564K, capacity 3732K, committed 3840K, reserved 1048576K
}
Event: 3.614 GC heap before
{Heap before GC invocations=5 (full 1):
 PSYoungGen      total 75776K, used 39842K [0x000000076b800000, 0x0000000772680000, 0x00000007c0000000)
  eden space 65024K, 44% used [0x000000076b800000,0x000000076d46c550,0x000000076f780000)
  from space 10752K, 99% used [0x000000076f780000,0x00000007701fc470,0x0000000770200000)
  to   space 10752K, 0% used [0x0000000771c00000,0x0000000771c00000,0x0000000772680000)
 ParOldGen       total 117760K, used 14860K [0x00000006c2800000, 0x00000006c9b00000, 0x000000076b800000)
  object space 117760K, 12% used [0x00000006c2800000,0x00000006c36830a0,0x00000006c9b00000)
 Metaspace       used 34726K, capacity 35263K, committed 35496K, reserved 1081344K
  class space    used 4412K, capacity 4549K, committed 4608K, reserved 1048576K
Event: 3.626 GC heap after
Heap after GC invocations=5 (full 1):
 PSYoungGen      total 102400K, used 10740K [0x000000076b800000, 0x0000000772700000, 0x00000007c0000000)
  eden space 91648K, 0% used [0x000000076b800000,0x000000076b800000,0x0000000771180000)
  from space 10752K, 99% used [0x0000000771c00000,0x000000077267d3b0,0x0000000772680000)
  to   space 10752K, 0% used [0x0000000771180000,0x0000000771180000,0x0000000771c00000)
 ParOldGen       total 117760K, used 18464K [0x00000006c2800000, 0x00000006c9b00000, 0x000000076b800000)
  object space 117760K, 15% used [0x00000006c2800000,0x00000006c3a08198,0x00000006c9b00000)
 Metaspace       used 34726K, capacity 35263K, committed 35496K, reserved 1081344K
  class space    used 4412K, capacity 4549K, committed 4608K, reserved 1048576K
}
Event: 3.626 GC heap before
{Heap before GC invocations=6 (full 2):
 PSYoungGen      total 102400K, used 10740K [0x000000076b800000, 0x0000000772700000, 0x00000007c0000000)
  eden space 91648K, 0% used [0x000000076b800000,0x000000076b800000,0x0000000771180000)
  from space 10752K, 99% used [0x0000000771c00000,0x000000077267d3b0,0x0000000772680000)
  to   space 10752K, 0% used [0x0000000771180000,0x0000000771180000,0x0000000771c00000)
 ParOldGen       total 117760K, used 18464K [0x00000006c2800000, 0x00000006c9b00000, 0x000000076b800000)
  object space 117760K, 15% used [0x00000006c2800000,0x00000006c3a08198,0x00000006c9b00000)
 Metaspace       used 34726K, capacity 35263K, committed 35496K, reserved 1081344K
  class space    used 4412K, capacity 4549K, committed 4608K, reserved 1048576K
Event: 3.683 GC heap after
Heap after GC invocations=6 (full 2):
 PSYoungGen      total 102400K, used 0K [0x000000076b800000, 0x0000000772700000, 0x00000007c0000000)
  eden space 91648K, 0% used [0x000000076b800000,0x000000076b800000,0x0000000771180000)
  from space 10752K, 0% used [0x0000000771c00000,0x0000000771c00000,0x0000000772680000)
  to   space 10752K, 0% used [0x0000000771180000,0x0000000771180000,0x0000000771c00000)
 ParOldGen       total 193024K, used 20059K [0x00000006c2800000, 0x00000006ce480000, 0x000000076b800000)
  object space 193024K, 10% used [0x00000006c2800000,0x00000006c3b96d10,0x00000006ce480000)
 Metaspace       used 34726K, capacity 35263K, committed 35496K, reserved 1081344K
  class space    used 4412K, capacity 4549K, committed 4608K, reserved 1048576K
}
Event: 6.028 GC heap before
{Heap before GC invocations=7 (full 2):
 PSYoungGen      total 102400K, used 91648K [0x000000076b800000, 0x0000000772700000, 0x00000007c0000000)
  eden space 91648K, 100% used [0x000000076b800000,0x0000000771180000,0x0000000771180000)
  from space 10752K, 0% used [0x0000000771c00000,0x0000000771c00000,0x0000000772680000)
  to   space 10752K, 0% used [0x0000000771180000,0x0000000771180000,0x0000000771c00000)
 ParOldGen       total 193024K, used 20059K [0x00000006c2800000, 0x00000006ce480000, 0x000000076b800000)
  object space 193024K, 10% used [0x00000006c2800000,0x00000006c3b96d10,0x00000006ce480000)
 Metaspace       used 44390K, capacity 45065K, committed 45568K, reserved 1089536K
  class space    used 5587K, capacity 5764K, committed 5888K, reserved 1048576K
Event: 6.058 GC heap after
Heap after GC invocations=7 (full 2):
 PSYoungGen      total 102400K, used 10744K [0x000000076b800000, 0x0000000775c00000, 0x00000007c0000000)
  eden space 91648K, 0% used [0x000000076b800000,0x000000076b800000,0x0000000771180000)
  from space 10752K, 99% used [0x0000000771180000,0x0000000771bfe2c8,0x0000000771c00000)
  to   space 21504K, 0% used [0x0000000774700000,0x0000000774700000,0x0000000775c00000)
 ParOldGen       total 193024K, used 29111K [0x00000006c2800000, 0x00000006ce480000, 0x000000076b800000)
  object space 193024K, 15% used [0x00000006c2800000,0x00000006c446dd28,0x00000006ce480000)
 Metaspace       used 44390K, capacity 45065K, committed 45568K, reserved 1089536K
  class space    used 5587K, capacity 5764K, committed 5888K, reserved 1048576K
}

Deoptimization events (10 events):
Event: 5.598 Thread 0x00000000028ba000 Uncommon trap: reason=class_check action=maybe_recompile pc=0x00000000034256f4 method=org.jetbrains.kotlin.com.intellij.openapi.vfs.VirtualFile.getExtension()Ljava/lang/String; @ 1
Event: 5.598 Thread 0x00000000028ba000 Uncommon trap: reason=unstable_if action=reinterpret pc=0x00000000033a2da0 method=org.jetbrains.kotlin.com.intellij.util.keyFMap.ArrayBackedFMap.indexOf(I)I @ 8
Event: 5.605 Thread 0x00000000028ba000 Uncommon trap: reason=class_check action=maybe_recompile pc=0x000000000356eea4 method=org.jetbrains.kotlin.com.intellij.psi.impl.source.tree.CompositeElement.getPsi()Lorg/jetbrains/kotlin/com/intellij/psi/PsiElement; @ 15
Event: 5.648 Thread 0x00000000028ba000 Uncommon trap: reason=null_check action=make_not_entrant pc=0x00000000035da82c method=org.jetbrains.kotlin.storage.LockBasedStorageManager$LockBasedLazyValue.invoke()Ljava/lang/Object; @ 6
Event: 5.648 Thread 0x00000000028ba000 Uncommon trap: reason=null_check action=make_not_entrant pc=0x0000000003539438 method=org.jetbrains.kotlin.utils.WrappedValues.unescapeThrowable(Ljava/lang/Object;)Ljava/lang/Object; @ 1
Event: 5.650 Thread 0x00000000028ba000 Uncommon trap: reason=unstable_if action=reinterpret pc=0x00000000035883f4 method=org.jetbrains.kotlin.load.java.structure.impl.classFiles.BinaryJavaClass.visitMethod(ILjava/lang/String;Ljava/lang/String;Ljava/lang/String;[Ljava/lang/String;)Lorg/jetbrain
Event: 6.216 Thread 0x00000000028ba000 Uncommon trap: reason=unstable_if action=reinterpret pc=0x0000000003654ddc method=org.jetbrains.org.objectweb.asm.Type.getDescriptor()Ljava/lang/String; @ 35
Event: 6.225 Thread 0x00000000028ba000 Uncommon trap: reason=unstable_if action=reinterpret pc=0x00000000037a2d40 method=org.jetbrains.org.objectweb.asm.ClassReader.<init>([BIZ)V @ 23
Event: 6.725 Thread 0x00000000028ba000 Uncommon trap: reason=class_check action=maybe_recompile pc=0x000000000313dea4 method=java.lang.Character.codePointAt(Ljava/lang/CharSequence;I)I @ 2
Event: 6.725 Thread 0x00000000028ba000 Uncommon trap: reason=class_check action=maybe_recompile pc=0x000000000313dea4 method=java.lang.Character.codePointAt(Ljava/lang/CharSequence;I)I @ 2

Classes redefined (0 events):
No events

Internal exceptions (10 events):
Event: 3.411 Thread 0x00000000028ba000 Exception <a 'java/lang/NoSuchMethodError': java.lang.Object.lambda$static$0(I)[Lorg/jetbrains/kotlin/psi/KtExpression;> (0x000000076cef0180) thrown at [D:\src\AOSP-openjdk-cygwin\jdk8u\hotspot\src\share\vm\interpreter\linkResolver.cpp, line 620]
Event: 3.444 Thread 0x00000000028ba000 Implicit null exception at 0x00000000030dcb01 to 0x00000000030dcc45
Event: 3.695 Thread 0x00000000028ba000 Exception <a 'java/lang/NoSuchMethodError': java.lang.Object.lambda$static$0(I)[Lorg/jetbrains/kotlin/psi/KtDeclaration;> (0x000000076b884250) thrown at [D:\src\AOSP-openjdk-cygwin\jdk8u\hotspot\src\share\vm\interpreter\linkResolver.cpp, line 620]
Event: 3.722 Thread 0x00000000028ba000 Exception <a 'java/lang/NoSuchMethodError': java.lang.Object.lambda$static$0(I)[Lorg/jetbrains/kotlin/psi/KtTypeElement;> (0x000000076ba60a60) thrown at [D:\src\AOSP-openjdk-cygwin\jdk8u\hotspot\src\share\vm\interpreter\linkResolver.cpp, line 620]
Event: 4.391 Thread 0x00000000028ba000 Exception <a 'java/lang/NoSuchMethodError': java.lang.Object.lambda$static$0(I)[Lorg/jetbrains/kotlin/com/intellij/psi/PsiClass;> (0x000000076e45e7c0) thrown at [D:\src\AOSP-openjdk-cygwin\jdk8u\hotspot\src\share\vm\interpreter\linkResolver.cpp, line 620]
Event: 5.547 Thread 0x00000000028ba000 Exception <a 'java/lang/NoSuchMethodError': java.lang.Object.lambda$static$0(I)[Lorg/jetbrains/kotlin/com/intellij/psi/PsiReference;> (0x00000007708c67e8) thrown at [D:\src\AOSP-openjdk-cygwin\jdk8u\hotspot\src\share\vm\interpreter\linkResolver.cpp, line 
Event: 5.556 Thread 0x00000000028ba000 Exception <a 'java/lang/NoSuchMethodError': java.lang.Object.lambda$static$0(I)[Lorg/jetbrains/kotlin/com/intellij/psi/PsiTypeElement;> (0x0000000770909bd8) thrown at [D:\src\AOSP-openjdk-cygwin\jdk8u\hotspot\src\share\vm\interpreter\linkResolver.cpp, lin
Event: 5.587 Thread 0x00000000028ba000 Exception <a 'java/lang/NoSuchMethodError': java.lang.Object.lambda$static$0(I)[Lorg/jetbrains/kotlin/com/intellij/psi/PsiTypeParameter;> (0x00000007709e0108) thrown at [D:\src\AOSP-openjdk-cygwin\jdk8u\hotspot\src\share\vm\interpreter\linkResolver.cpp, l
Event: 5.648 Thread 0x00000000028ba000 Implicit null exception at 0x00000000035da4d4 to 0x00000000035da81d
Event: 5.648 Thread 0x00000000028ba000 Implicit null exception at 0x00000000035393ef to 0x000000000353942d

Events (10 events):
Event: 6.739 loading class org/jetbrains/kotlin/types/StarProjectionImplKt
Event: 6.739 loading class org/jetbrains/kotlin/types/StarProjectionImplKt done
Event: 6.740 loading class org/jetbrains/kotlin/types/StarProjectionImplKt$starProjectionType$1
Event: 6.740 loading class org/jetbrains/kotlin/types/StarProjectionImplKt$starProjectionType$1 done
Event: 6.769 Thread 0x00000000028ba000 DEOPT PACKING pc=0x0000000002acd111 sp=0x00000000028ab3d0
Event: 6.769 Thread 0x00000000028ba000 DEOPT UNPACKING pc=0x00000000029f75d0 sp=0x00000000028ab0e8 mode 0
Event: 6.874 loading class java/util/AbstractList$1
Event: 6.874 loading class java/util/AbstractList$1 done
Event: 6.911 Executing VM operation: ForceSafepoint
Event: 6.911 Executing VM operation: ForceSafepoint done


Dynamic libraries:
0x00007ff630b80000 - 0x00007ff630bb1000 	C:\Program Files\Android\Android Studio\jre\jre\bin\java.exe
0x00007ffef8120000 - 0x00007ffef8310000 	C:\WINDOWS\SYSTEM32\ntdll.dll
0x00007ffef7a90000 - 0x00007ffef7b42000 	C:\WINDOWS\System32\KERNEL32.DLL
0x00007ffef52c0000 - 0x00007ffef5564000 	C:\WINDOWS\System32\KERNELBASE.dll
0x00007ffef7f10000 - 0x00007ffef7fb3000 	C:\WINDOWS\System32\ADVAPI32.dll
0x00007ffef7c70000 - 0x00007ffef7d0e000 	C:\WINDOWS\System32\msvcrt.dll
0x00007ffef6380000 - 0x00007ffef6417000 	C:\WINDOWS\System32\sechost.dll
0x00007ffef7fc0000 - 0x00007ffef80e0000 	C:\WINDOWS\System32\RPCRT4.dll
0x00007ffef7d70000 - 0x00007ffef7f04000 	C:\WINDOWS\System32\USER32.dll
0x00007ffef6100000 - 0x00007ffef6121000 	C:\WINDOWS\System32\win32u.dll
0x00007ffef6330000 - 0x00007ffef6356000 	C:\WINDOWS\System32\GDI32.dll
0x00007ffef5570000 - 0x00007ffef5704000 	C:\WINDOWS\System32\gdi32full.dll
0x00007ffef5740000 - 0x00007ffef57de000 	C:\WINDOWS\System32\msvcp_win.dll
0x00007ffef5110000 - 0x00007ffef520a000 	C:\WINDOWS\System32\ucrtbase.dll
0x00007ffede0f0000 - 0x00007ffede374000 	C:\WINDOWS\WinSxS\amd64_microsoft.windows.common-controls_6595b64144ccf1df_6.0.18362.836_none_e6c4b943130f18ed\COMCTL32.dll
0x00007ffef6610000 - 0x00007ffef6946000 	C:\WINDOWS\System32\combase.dll
0x00007ffef6150000 - 0x00007ffef61d0000 	C:\WINDOWS\System32\bcryptPrimitives.dll
0x00007ffef7c20000 - 0x00007ffef7c4e000 	C:\WINDOWS\System32\IMM32.DLL
0x0000000059190000 - 0x0000000059262000 	C:\Program Files\Android\Android Studio\jre\jre\bin\msvcr100.dll
0x0000000059350000 - 0x0000000059b96000 	C:\Program Files\Android\Android Studio\jre\jre\bin\server\jvm.dll
0x00007ffef6360000 - 0x00007ffef6368000 	C:\WINDOWS\System32\PSAPI.DLL
0x00007ffee5600000 - 0x00007ffee5609000 	C:\WINDOWS\SYSTEM32\WSOCK32.dll
0x00007ffef00a0000 - 0x00007ffef00c4000 	C:\WINDOWS\SYSTEM32\WINMM.dll
0x00007ffeeb320000 - 0x00007ffeeb32a000 	C:\WINDOWS\SYSTEM32\VERSION.dll
0x00007ffef76d0000 - 0x00007ffef773f000 	C:\WINDOWS\System32\WS2_32.dll
0x00007ffef0020000 - 0x00007ffef004d000 	C:\WINDOWS\SYSTEM32\WINMMBASE.dll
0x00007ffef57e0000 - 0x00007ffef582a000 	C:\WINDOWS\System32\cfgmgr32.dll
0x00007ffed5b00000 - 0x00007ffed5b0f000 	C:\Program Files\Android\Android Studio\jre\jre\bin\verify.dll
0x00007ffeccab0000 - 0x00007ffeccad9000 	C:\Program Files\Android\Android Studio\jre\jre\bin\java.dll
0x00007ffecccc0000 - 0x00007ffecccd6000 	C:\Program Files\Android\Android Studio\jre\jre\bin\zip.dll
0x00007ffef6fe0000 - 0x00007ffef76c4000 	C:\WINDOWS\System32\SHELL32.dll
0x00007ffef61d0000 - 0x00007ffef6279000 	C:\WINDOWS\System32\shcore.dll
0x00007ffef5980000 - 0x00007ffef60fe000 	C:\WINDOWS\System32\windows.storage.dll
0x00007ffef5060000 - 0x00007ffef5083000 	C:\WINDOWS\System32\profapi.dll
0x00007ffef5010000 - 0x00007ffef505a000 	C:\WINDOWS\System32\powrprof.dll
0x00007ffef4fe0000 - 0x00007ffef4ff0000 	C:\WINDOWS\System32\UMPDC.dll
0x00007ffef7880000 - 0x00007ffef78d2000 	C:\WINDOWS\System32\shlwapi.dll
0x00007ffef5090000 - 0x00007ffef50a1000 	C:\WINDOWS\System32\kernel.appcore.dll
0x00007ffef6130000 - 0x00007ffef6147000 	C:\WINDOWS\System32\cryptsp.dll
0x00007ffecb6a0000 - 0x00007ffecb6ba000 	C:\Program Files\Android\Android Studio\jre\jre\bin\net.dll
0x00007ffee1960000 - 0x00007ffee1b36000 	C:\WINDOWS\SYSTEM32\urlmon.dll
0x00007ffee1060000 - 0x00007ffee1306000 	C:\WINDOWS\SYSTEM32\iertutil.dll
0x00007ffef4a20000 - 0x00007ffef4a2c000 	C:\WINDOWS\SYSTEM32\CRYPTBASE.DLL
0x00007ffef4850000 - 0x00007ffef48b7000 	C:\WINDOWS\system32\mswsock.dll
0x00007ffeee510000 - 0x00007ffeee523000 	C:\Program Files\Android\Android Studio\jre\jre\bin\nio.dll

VM Arguments:
java_command: org.jetbrains.kotlin.cli.jvm.K2JVMCompiler -Xallow-no-source-files -classpath C:\Users\kmydt\source\ARNavigation_Deepect\ARNavigation\app\build\intermediates\compile_and_runtime_not_namespaced_r_class_jar\debug\R.jar;C:\Users\kmydt\.gradle\caches\transforms-2\files-2.1\0d8778d998beba7c8d76d1f8fe2d60ee\jetified-com.skt.Tmap_1.63.jar;C:\Users\kmydt\.gradle\caches\transforms-2\files-2.1\063a3f7ae5b4d9ac6ff38e8cd82bc713\jetified-kotlin-android-extensions-runtime-1.3.61.jar;C:\Users\kmydt\.gradle\caches\transforms-2\files-2.1\4f8bee01bff55ae5e7ba2f7934faede7\jetified-kotlin-stdlib-jdk7-1.3.61.jar;C:\Users\kmydt\.gradle\caches\transforms-2\files-2.1\c8cfb57023914d7451582ced0c25954d\navigation-fragment-ktx-2.2.1-api.jar;C:\Users\kmydt\.gradle\caches\transforms-2\files-2.1\d5a83aa96448c6687ebe3f65c3c6b1c3\jetified-fragment-ktx-1.2.0-api.jar;C:\Users\kmydt\.gradle\caches\transforms-2\files-2.1\a9e7309cdb63e5363b0eed88370fb720\navigation-ui-ktx-2.2.1-api.jar;C:\Users\kmydt\.gradle\caches\transforms-2\files-2.1\f53729559c8f41fac55e3ab94cf203be\navigation-runtime-ktx-2.2.1-api.jar;C:\Users\kmydt\.gradle\caches\transforms-2\files-2.1\a4ef19857d74c768d700375db81f194a\jetified-activity-ktx-1.1.0-api.jar;C:\Users\kmydt\.gradle\caches\transforms-2\files-2.1\89ad725231b7f74588f55d3302aa0fc8\jetified-core-ktx-1.2.0-api.jar;C:\Users\kmydt\.gradle\caches\transforms-2\files-2.1\94878dc5778ec7874e8872c1fcb3c339\jetified-lifecycle-viewmodel-ktx-2.2.0-api.jar;C:\Users\kmydt\.gradle\caches\transforms-2\files-2.1\386602edf1368b4e2de74661d1a43202\navigation-common-ktx-2.2.1-api.jar;C:\Users\kmydt\.gradle\caches\transforms-2\files-2.1\978a35ba848ee80f629d4361da6ac9f0\jetified-collection-ktx-1.1.0.jar;C:\Users\kmydt\.gradle\caches\transforms-2\files-2.1\900539bf5e4f41c5e4778bc72a750804\jetified-lifecycle-livedata-core-ktx-2.2.0-api.jar;C:\Users\kmydt\.gradle\caches\transforms-2\files-2.1\491a0e64df80128af590223c4eefec46\jetified-lifecycle-runtime-ktx-2.2.0-api.jar;C:\Users\kmydt\
java_class_path (initial): C:\Users\kmydt\.gradle\caches\modules-2\files-2.1\org.jetbrains.kotlin\kotlin-compiler-embeddable\1.3.61\c35c0833d5a1e3d229359758482c480306724618\kotlin-compiler-embeddable-1.3.61.jar;C:\Users\kmydt\.gradle\caches\modules-2\files-2.1\org.jetbrains.kotlin\kotlin-reflect\1.3.61\2e07c9a84c9e118efb70eede7e579fd663932122\kotlin-reflect-1.3.61.jar;C:\Users\kmydt\.gradle\caches\modules-2\files-2.1\org.jetbrains.kotlin\kotlin-stdlib\1.3.61\4702105e97f7396ae41b113fdbdc180ec1eb1e36\kotlin-stdlib-1.3.61.jar;C:\Users\kmydt\.gradle\caches\modules-2\files-2.1\org.jetbrains.kotlin\kotlin-script-runtime\1.3.61\e5feb39c8de63dcbdc1154b34ca4413874231605\kotlin-script-runtime-1.3.61.jar;C:\Users\kmydt\.gradle\caches\modules-2\files-2.1\org.jetbrains.kotlin\kotlin-daemon-embeddable\1.3.61\4de83e41a92c8395d89ab2e81d26b788ba163824\kotlin-daemon-embeddable-1.3.61.jar;C:\Users\kmydt\.gradle\caches\modules-2\files-2.1\org.jetbrains.intellij.deps\trove4j\1.0.20181211\216c2e14b070f334479d800987affe4054cd563f\trove4j-1.0.20181211.jar;C:\Users\kmydt\.gradle\caches\modules-2\files-2.1\org.jetbrains.kotlin\kotlin-stdlib-common\1.3.61\65abb71d5afb850b68be03987b08e2c864ca3110\kotlin-stdlib-common-1.3.61.jar;C:\Users\kmydt\.gradle\caches\modules-2\files-2.1\org.jetbrains\annotations\13.0\919f0dfe192fb4e063e7dacadee7f8bb9a2672a9\annotations-13.0.jar;C:\Program Files\Android\Android Studio\jre\lib\tools.jar
Launcher Type: SUN_STANDARD

Environment Variables:
JAVA_HOME=C:\Program Files\Java\jdk-13.0.2
PATH=C:\Program_Oracle\product\11.2.0\dbhome_1\bin;C:\Program Files\Java\jdk-13.0.2\bin;C:\Program Files (x86)\Common Files\Oracle\Java\javapath;C:\Program Files (x86)\Intel\iCLS Client\;C:\Program Files\Intel\iCLS Client\;C:\WINDOWS\system32;C:\WINDOWS;C:\WINDOWS\System32\Wbem;C:\WINDOWS\System32\WindowsPowerShell\v1.0\;C:\Program Files (x86)\Intel\Intel(R) Management Engine Components\DAL;C:\Program Files\Intel\Intel(R) Management Engine Components\DAL;C:\Program Files (x86)\Intel\Intel(R) Management Engine Components\IPT;C:\Program Files\Intel\Intel(R) Management Engine Components\IPT;C:\Program Files\Intel\WiFi\bin\;C:\Program Files\Common Files\Intel\WirelessCommon\;C:\WINDOWS\System32\OpenSSH\;C:\Program Files\Java\jdk-11.0.2\bin;C:\Program Files\PuTTY\;C:\Program Files\Git\cmd;C:\Users\kmydt\AppData\Local\Programs\Python\Python37-32\Scripts\;C:\Users\kmydt\AppData\Local\Programs\Python\Python37-32\;C:\Users\kmydt\AppData\Local\Microsoft\WindowsApps;;C:\Program Files\Microsoft VS Code\bin;C:\Program Files\JetBrains\PyCharm Community Edition 2019.1.2\bin;
USERNAME=kmydt
OS=Windows_NT
PROCESSOR_IDENTIFIER=Intel64 Family 6 Model 142 Stepping 10, GenuineIntel



---------------  S Y S T E M  ---------------

OS: Windows 10.0 , 64 bit Build 18362 (10.0.18362.778)

CPU:total 8 (initial active 8) (4 cores per cpu, 2 threads per core) family 6 model 142 stepping 10, cmov, cx8, fxsr, mmx, sse, sse2, sse3, ssse3, sse4.1, sse4.2, popcnt, avx, avx2, aes, clmul, erms, 3dnowpref, lzcnt, ht, tsc, tscinvbit, bmi1, bmi2, adx

Memory: 4k page, physical 16606548k(4732872k free), swap 16606548k(10508k free)

vm_info: OpenJDK 64-Bit Server VM (25.212-b04) for windows-amd64 JRE (1.8.0_212-release-1586-b04), built by "builder" with MS VC++ 10.0 (VS2010)

time: Sun Jun 07 14:19:55 2020
timezone: 대한민국 표준시
elapsed time: 7 seconds (0d 0h 0m 7s)

