#
# There is insufficient memory for the Java Runtime Environment to continue.
# Native memory allocation (malloc) failed to allocate 94576 bytes for Chunk::new
# Possible reasons:
#   The system is out of physical RAM or swap space
#   The process is running with CompressedOops enabled, and the Java Heap may be blocking the growth of the native heap
# Possible solutions:
#   Reduce memory load on the system
#   Increase physical memory or swap space
#   Check if swap backing store is full
#   Decrease Java heap size (-Xmx/-Xms)
#   Decrease number of Java threads
#   Decrease Java thread stack sizes (-Xss)
#   Set larger code cache with -XX:ReservedCodeCacheSize=
#   JVM is running with Unscaled Compressed Oops mode in which the Java heap is
#     placed in the first 4GB address space. The Java Heap base address is the
#     maximum limit for the native heap growth. Please use -XX:HeapBaseMinAddress
#     to set the Java Heap base and to place the Java Heap above 4GB virtual address.
# This output file may be truncated or incomplete.
#
#  Out of Memory Error (allocation.cpp:389), pid=35052, tid=0x0000000000005794
#
# JRE version: OpenJDK Runtime Environment (8.0_212-b04) (build 1.8.0_212-release-1586-b04)
# Java VM: OpenJDK 64-Bit Server VM (25.212-b04 mixed mode windows-amd64 compressed oops)
# Failed to write core dump. Minidumps are not enabled by default on client versions of Windows
#

---------------  T H R E A D  ---------------

Current thread (0x0000000018d41000):  JavaThread "C2 CompilerThread2" daemon [_thread_in_native, id=22420, stack(0x00000000196a0000,0x00000000197a0000)]

Stack: [0x00000000196a0000,0x00000000197a0000]
[error occurred during error reporting (printing stack bounds), id 0xc0000005]

Native frames: (J=compiled Java code, j=interpreted, Vv=VM code, C=native code)


Current CompileTask:
C2: 154049 29594       4       com.android.tools.r8.ir.optimize.c::b (181 bytes)


---------------  P R O C E S S  ---------------

Java Threads: ( => current thread )
  0x0000000020ba8800 JavaThread "WorkerExecutor Queue Thread 9" [_thread_blocked, id=35772, stack(0x0000000031a40000,0x0000000031b40000)]
  0x0000000020ba5000 JavaThread "WorkerExecutor Queue Thread 8" [_thread_blocked, id=35424, stack(0x0000000031940000,0x0000000031a40000)]
  0x000000002c046800 JavaThread "WorkerExecutor Queue Thread 6" [_thread_blocked, id=34848, stack(0x0000000031740000,0x0000000031840000)]
  0x000000002c045800 JavaThread "WorkerExecutor Queue Thread 5" [_thread_blocked, id=37008, stack(0x0000000031640000,0x0000000031740000)]
  0x000000002c044000 JavaThread "WorkerExecutor Queue Thread 4" [_thread_blocked, id=37000, stack(0x0000000031540000,0x0000000031640000)]
  0x000000002c045000 JavaThread "WorkerExecutor Queue Thread 3" [_thread_in_native, id=23188, stack(0x0000000031440000,0x0000000031540000)]
  0x000000002c043800 JavaThread "WorkerExecutor Queue Thread 2" [_thread_blocked, id=35216, stack(0x0000000031340000,0x0000000031440000)]
  0x000000002c042800 JavaThread "WorkerExecutor Queue" [_thread_blocked, id=33028, stack(0x0000000031240000,0x0000000031340000)]
  0x000000001a775000 JavaThread "Cache worker for execution history cache (C:\Users\kmydt\source\ARNavigation_Deepect\ARNavigation\.gradle\5.6.4\executionHistory)" [_thread_blocked, id=30948, stack(0x00000000262e0000,0x00000000263e0000)]
  0x000000001a774800 JavaThread "Execution worker for ':' Thread 7" [_thread_blocked, id=33448, stack(0x0000000025f30000,0x0000000026030000)]
  0x000000001a769800 JavaThread "Execution worker for ':' Thread 6" [_thread_in_Java, id=37152, stack(0x0000000025e30000,0x0000000025f30000)]
  0x000000001a770800 JavaThread "Execution worker for ':' Thread 5" [_thread_in_Java, id=36460, stack(0x0000000025d30000,0x0000000025e30000)]
  0x000000001a769000 JavaThread "Execution worker for ':' Thread 4" [_thread_blocked, id=36040, stack(0x0000000025830000,0x0000000025930000)]
  0x000000001a76f800 JavaThread "Execution worker for ':' Thread 3" [_thread_blocked, id=36144, stack(0x0000000025530000,0x0000000025630000)]
  0x000000001a768000 JavaThread "Execution worker for ':' Thread 2" [_thread_blocked, id=36272, stack(0x0000000025430000,0x0000000025530000)]
  0x000000001a76b000 JavaThread "Execution worker for ':'" [_thread_blocked, id=36452, stack(0x0000000025330000,0x0000000025430000)]
  0x000000001a76f000 JavaThread "Cache worker for file content cache (C:\Users\kmydt\source\ARNavigation_Deepect\ARNavigation\.gradle\5.6.4\fileContent)" [_thread_blocked, id=37264, stack(0x0000000023a60000,0x0000000023b60000)]
  0x000000001a76e000 JavaThread "Cache worker for Build Output Cleanup Cache (C:\Users\kmydt\source\ARNavigation_Deepect\ARNavigation\.gradle\buildOutputCleanup)" [_thread_blocked, id=33160, stack(0x0000000022660000,0x0000000022760000)]
  0x000000001a76c800 JavaThread "Build operations Thread 8" [_thread_blocked, id=8544, stack(0x0000000022560000,0x0000000022660000)]
  0x000000001bf05000 JavaThread "Build operations Thread 7" [_thread_blocked, id=36904, stack(0x0000000022460000,0x0000000022560000)]
  0x000000001bf04000 JavaThread "Build operations Thread 6" [_thread_blocked, id=36352, stack(0x0000000022360000,0x0000000022460000)]
  0x000000001bf03800 JavaThread "Build operations Thread 5" [_thread_blocked, id=23308, stack(0x0000000022060000,0x0000000022160000)]
  0x000000001bf02800 JavaThread "Build operations Thread 4" [_thread_blocked, id=36348, stack(0x0000000021f60000,0x0000000022060000)]
  0x000000001bf02000 JavaThread "Build operations Thread 3" [_thread_blocked, id=35920, stack(0x0000000021e60000,0x0000000021f60000)]
  0x000000001bf01000 JavaThread "Build operations Thread 2" [_thread_blocked, id=32444, stack(0x0000000021d60000,0x0000000021e60000)]
  0x000000001bf00000 JavaThread "Build operations" [_thread_blocked, id=36712, stack(0x0000000021c60000,0x0000000021d60000)]
  0x000000001bef8800 JavaThread "Cache worker for cache directory md-rule (C:\Users\kmydt\.gradle\caches\5.6.4\md-rule)" [_thread_blocked, id=36280, stack(0x000000001fdc0000,0x000000001fec0000)]
  0x000000001beff800 JavaThread "Cache worker for cache directory md-supplier (C:\Users\kmydt\.gradle\caches\5.6.4\md-supplier)" [_thread_blocked, id=37064, stack(0x000000001fcc0000,0x000000001fdc0000)]
  0x000000001bef8000 JavaThread "Cache worker for file hash cache (C:\Users\kmydt\source\ARNavigation_Deepect\ARNavigation\.gradle\5.6.4\fileHashes)" [_thread_blocked, id=34548, stack(0x000000001fbc0000,0x000000001fcc0000)]
  0x000000001befe800 JavaThread "Thread-49" [_thread_blocked, id=37072, stack(0x000000001fac0000,0x000000001fbc0000)]
  0x000000001bef7000 JavaThread "Stdin handler" [_thread_blocked, id=35964, stack(0x000000001ce20000,0x000000001cf20000)]
  0x000000001befe000 JavaThread "Asynchronous log dispatcher for DefaultDaemonConnection: socket connection from /127.0.0.1:64194 to /127.0.0.1:62732" [_thread_blocked, id=36660, stack(0x000000001cd20000,0x000000001ce20000)]
  0x000000001befa000 JavaThread "Daemon worker Thread 2" [_thread_in_Java, id=37076, stack(0x000000001c820000,0x000000001c920000)]
  0x000000001bef6800 JavaThread "Cancel handler" [_thread_blocked, id=36052, stack(0x0000000001110000,0x0000000001210000)]
  0x000000001bef5800 JavaThread "Handler for socket connection from /127.0.0.1:64194 to /127.0.0.1:62732" [_thread_in_native, id=34860, stack(0x0000000001010000,0x0000000001110000)]
  0x000000001bef9800 JavaThread "Daemon Thread 2" [_thread_blocked, id=17404, stack(0x0000000000f10000,0x0000000001010000)]
  0x000000001a772000 JavaThread "Cache worker for file content cache (C:\Users\kmydt\.gradle\caches\5.6.4\fileContent)" [_thread_blocked, id=34784, stack(0x0000000023960000,0x0000000023a60000)]
  0x000000001a776000 JavaThread "Memory manager" [_thread_blocked, id=34976, stack(0x00000000235c0000,0x00000000236c0000)]
  0x000000001a76d800 JavaThread "Cache worker for execution history cache (C:\Users\kmydt\.gradle\caches\5.6.4\executionHistory)" [_thread_blocked, id=18804, stack(0x00000000212f0000,0x00000000213f0000)]
  0x000000001a8c0000 JavaThread "Cache worker for journal cache (C:\Users\kmydt\.gradle\caches\journal-1)" [_thread_blocked, id=18596, stack(0x000000001d620000,0x000000001d720000)]
  0x000000001a8c5800 JavaThread "File lock request listener" [_thread_in_native, id=24544, stack(0x000000001d520000,0x000000001d620000)]
  0x000000001b7dc000 JavaThread "Cache worker for file hash cache (C:\Users\kmydt\.gradle\caches\5.6.4\fileHashes)" [_thread_blocked, id=19532, stack(0x000000001d420000,0x000000001d520000)]
  0x000000001b6ad800 JavaThread "Daemon periodic checks" [_thread_blocked, id=32720, stack(0x000000001c720000,0x000000001c820000)]
  0x000000001b69a800 JavaThread "Incoming local TCP Connector on port 64194" [_thread_in_native, id=26084, stack(0x000000001c540000,0x000000001c640000)]
  0x000000001b5cf800 JavaThread "Daemon health stats" [_thread_blocked, id=20920, stack(0x000000001c240000,0x000000001c340000)]
  0x0000000018dd2000 JavaThread "Service Thread" daemon [_thread_blocked, id=34992, stack(0x00000000198a0000,0x00000000199a0000)]
  0x0000000018d5d000 JavaThread "C1 CompilerThread3" daemon [_thread_blocked, id=33380, stack(0x00000000197a0000,0x00000000198a0000)]
=>0x0000000018d41000 JavaThread "C2 CompilerThread2" daemon [_thread_in_native, id=22420, stack(0x00000000196a0000,0x00000000197a0000)]
  0x0000000018d33000 JavaThread "C2 CompilerThread1" daemon [_thread_in_native, id=35144, stack(0x00000000195a0000,0x00000000196a0000)]
  0x0000000018d2e000 JavaThread "C2 CompilerThread0" daemon [_thread_in_native, id=35796, stack(0x00000000194a0000,0x00000000195a0000)]
  0x0000000018d2b800 JavaThread "Attach Listener" daemon [_thread_blocked, id=34576, stack(0x00000000193a0000,0x00000000194a0000)]
  0x0000000018cd8000 JavaThread "Signal Dispatcher" daemon [_thread_blocked, id=20996, stack(0x00000000192a0000,0x00000000193a0000)]
  0x000000000311e000 JavaThread "Finalizer" daemon [_thread_blocked, id=34624, stack(0x00000000191a0000,0x00000000192a0000)]
  0x0000000003115000 JavaThread "Reference Handler" daemon [_thread_blocked, id=35164, stack(0x00000000190a0000,0x00000000191a0000)]
  0x0000000003022800 JavaThread "main" [_thread_blocked, id=23352, stack(0x0000000002e70000,0x0000000002f70000)]

Other Threads:
  0x0000000016ed8000 VMThread [stack: 0x0000000018ba0000,0x0000000018ca0000] [id=35156]
  0x0000000018d9d000 WatcherThread [stack: 0x00000000199a0000,0x0000000019aa0000] [id=34936]

VM state:not at safepoint (normal execution)

VM Mutex/Monitor currently owned by a thread: None

OutOfMemory and StackOverflow Exception counts:
OutOfMemoryError java_heap_errors=1

heap address: 0x00000000a0000000, size: 1536 MB, Compressed Oops mode: 32-bit
Narrow klass base: 0x0000000000000000, Narrow klass shift: 3
Compressed class space size: 1073741824 Address: 0x0000000100000000

Heap:
 PSYoungGen      total 467456K, used 350950K [0x00000000e0000000, 0x0000000100000000, 0x0000000100000000)
  eden space 412672K, 82% used [0x00000000e0000000,0x00000000f4d89f10,0x00000000f9300000)
  from space 54784K, 17% used [0x00000000fc780000,0x00000000fd0af9d8,0x00000000ffd00000)
  to   space 53760K, 0% used [0x00000000f9300000,0x00000000f9300000,0x00000000fc780000)
 ParOldGen       total 467968K, used 205055K [0x00000000a0000000, 0x00000000bc900000, 0x00000000e0000000)
  object space 467968K, 43% used [0x00000000a0000000,0x00000000ac83fca0,0x00000000bc900000)
 Metaspace       used 152223K, capacity 158071K, committed 160256K, reserved 1187840K
  class space    used 19169K, capacity 20306K, committed 20992K, reserved 1048576K

Card table byte_map: [0x00000000124e0000,0x00000000127f0000] byte_map_base: 0x0000000011fe0000

Marking Bits: (ParMarkBitMap*) 0x0000000059949f30
 Begin Bits: [0x00000000131f0000, 0x00000000149f0000)
 End Bits:   [0x00000000149f0000, 0x00000000161f0000)

Polling page: 0x0000000001290000

CodeCache: size=245760Kb used=85570Kb max_used=85570Kb free=160189Kb
 bounds [0x0000000003120000, 0x0000000008520000, 0x0000000012120000]
 total_blobs=25375 nmethods=24384 adapters=900
 compilation: enabled

Compilation events (10 events):
Event: 154.025 Thread 0x0000000018d5d000 nmethod 29790 0x000000000850ef10 code [0x000000000850f080, 0x000000000850f228]
Event: 154.027 Thread 0x0000000018d5d000 29791       2       com.android.tools.r8.code.r::a (17 bytes)
Event: 154.027 Thread 0x0000000018d5d000 nmethod 29791 0x000000000850f2d0 code [0x000000000850f440, 0x000000000850f5e8]
Event: 154.030 Thread 0x0000000018d5d000 29792       2       sun.nio.cs.US_ASCII$Decoder::decode (62 bytes)
Event: 154.031 Thread 0x0000000018d5d000 nmethod 29792 0x000000000850f690 code [0x000000000850f800, 0x000000000850fa50]
Event: 154.037 Thread 0x0000000018d5d000 29793       1       com.android.tools.r8.code.A1::j (3 bytes)
Event: 154.037 Thread 0x0000000018d5d000 nmethod 29793 0x00000000084fc990 code [0x00000000084fcae0, 0x00000000084fcbf0]
Event: 154.046 Thread 0x0000000018d5d000 29794       2       sun.nio.cs.US_ASCII$Encoder::isLegalReplacement (26 bytes)
Event: 154.046 Thread 0x0000000018d5d000 nmethod 29794 0x000000000850fc10 code [0x000000000850fd80, 0x000000000850ff48]
Event: 154.046 Thread 0x0000000018d5d000 29795       2       sun.nio.cs.US_ASCII$Encoder::implReplaceWith (8 bytes)

GC Heap History (10 events):
Event: 150.680 GC heap before
{Heap before GC invocations=35 (full 5):
 PSYoungGen      total 466432K, used 12486K [0x00000000e0000000, 0x00000000fff00000, 0x0000000100000000)
  eden space 409088K, 0% used [0x00000000e0000000,0x00000000e0000000,0x00000000f8f80000)
  from space 57344K, 21% used [0x00000000fc700000,0x00000000fd3318b0,0x00000000fff00000)
  to   space 56832K, 0% used [0x00000000f8f80000,0x00000000f8f80000,0x00000000fc700000)
 ParOldGen       total 329728K, used 301935K [0x00000000a0000000, 0x00000000b4200000, 0x00000000e0000000)
  object space 329728K, 91% used [0x00000000a0000000,0x00000000b26dbf70,0x00000000b4200000)
 Metaspace       used 152766K, capacity 159513K, committed 159744K, reserved 1187840K
  class space    used 19500K, capacity 20945K, committed 20992K, reserved 1048576K
Event: 151.104 GC heap after
Heap after GC invocations=35 (full 5):
 PSYoungGen      total 466432K, used 0K [0x00000000e0000000, 0x00000000fff00000, 0x0000000100000000)
  eden space 409088K, 0% used [0x00000000e0000000,0x00000000e0000000,0x00000000f8f80000)
  from space 57344K, 0% used [0x00000000fc700000,0x00000000fc700000,0x00000000fff00000)
  to   space 56832K, 0% used [0x00000000f8f80000,0x00000000f8f80000,0x00000000fc700000)
 ParOldGen       total 467968K, used 180907K [0x00000000a0000000, 0x00000000bc900000, 0x00000000e0000000)
  object space 467968K, 38% used [0x00000000a0000000,0x00000000ab0aad70,0x00000000bc900000)
 Metaspace       used 151733K, capacity 157455K, committed 159744K, reserved 1187840K
  class space    used 19113K, capacity 20244K, committed 20992K, reserved 1048576K
}
Event: 151.658 GC heap before
{Heap before GC invocations=36 (full 5):
 PSYoungGen      total 466432K, used 409088K [0x00000000e0000000, 0x00000000fff00000, 0x0000000100000000)
  eden space 409088K, 100% used [0x00000000e0000000,0x00000000f8f80000,0x00000000f8f80000)
  from space 57344K, 0% used [0x00000000fc700000,0x00000000fc700000,0x00000000fff00000)
  to   space 56832K, 0% used [0x00000000f8f80000,0x00000000f8f80000,0x00000000fc700000)
 ParOldGen       total 467968K, used 180907K [0x00000000a0000000, 0x00000000bc900000, 0x00000000e0000000)
  object space 467968K, 38% used [0x00000000a0000000,0x00000000ab0aad70,0x00000000bc900000)
 Metaspace       used 151740K, capacity 157457K, committed 159744K, reserved 1187840K
  class space    used 19115K, capacity 20245K, committed 20992K, reserved 1048576K
Event: 151.679 GC heap after
Heap after GC invocations=36 (full 5):
 PSYoungGen      total 465920K, used 9448K [0x00000000e0000000, 0x00000000fff80000, 0x0000000100000000)
  eden space 409088K, 0% used [0x00000000e0000000,0x00000000e0000000,0x00000000f8f80000)
  from space 56832K, 16% used [0x00000000f8f80000,0x00000000f98ba230,0x00000000fc700000)
  to   space 56832K, 0% used [0x00000000fc800000,0x00000000fc800000,0x00000000fff80000)
 ParOldGen       total 467968K, used 180907K [0x00000000a0000000, 0x00000000bc900000, 0x00000000e0000000)
  object space 467968K, 38% used [0x00000000a0000000,0x00000000ab0aad70,0x00000000bc900000)
 Metaspace       used 151740K, capacity 157457K, committed 159744K, reserved 1187840K
  class space    used 19115K, capacity 20245K, committed 20992K, reserved 1048576K
}
Event: 152.319 GC heap before
{Heap before GC invocations=37 (full 5):
 PSYoungGen      total 465920K, used 418536K [0x00000000e0000000, 0x00000000fff80000, 0x0000000100000000)
  eden space 409088K, 100% used [0x00000000e0000000,0x00000000f8f80000,0x00000000f8f80000)
  from space 56832K, 16% used [0x00000000f8f80000,0x00000000f98ba230,0x00000000fc700000)
  to   space 56832K, 0% used [0x00000000fc800000,0x00000000fc800000,0x00000000fff80000)
 ParOldGen       total 467968K, used 180907K [0x00000000a0000000, 0x00000000bc900000, 0x00000000e0000000)
  object space 467968K, 38% used [0x00000000a0000000,0x00000000ab0aad70,0x00000000bc900000)
 Metaspace       used 151742K, capacity 157459K, committed 159744K, reserved 1187840K
  class space    used 19116K, capacity 20246K, committed 20992K, reserved 1048576K
Event: 152.335 GC heap after
Heap after GC invocations=37 (full 5):
 PSYoungGen      total 466944K, used 7750K [0x00000000e0000000, 0x00000000fff00000, 0x0000000100000000)
  eden space 410624K, 0% used [0x00000000e0000000,0x00000000e0000000,0x00000000f9100000)
  from space 56320K, 13% used [0x00000000fc800000,0x00000000fcf91ad0,0x00000000fff00000)
  to   space 56320K, 0% used [0x00000000f9100000,0x00000000f9100000,0x00000000fc800000)
 ParOldGen       total 467968K, used 189555K [0x00000000a0000000, 0x00000000bc900000, 0x00000000e0000000)
  object space 467968K, 40% used [0x00000000a0000000,0x00000000ab91cd78,0x00000000bc900000)
 Metaspace       used 151742K, capacity 157459K, committed 159744K, reserved 1187840K
  class space    used 19116K, capacity 20246K, committed 20992K, reserved 1048576K
}
Event: 152.843 GC heap before
{Heap before GC invocations=38 (full 5):
 PSYoungGen      total 466944K, used 418374K [0x00000000e0000000, 0x00000000fff00000, 0x0000000100000000)
  eden space 410624K, 100% used [0x00000000e0000000,0x00000000f9100000,0x00000000f9100000)
  from space 56320K, 13% used [0x00000000fc800000,0x00000000fcf91ad0,0x00000000fff00000)
  to   space 56320K, 0% used [0x00000000f9100000,0x00000000f9100000,0x00000000fc800000)
 ParOldGen       total 467968K, used 189555K [0x00000000a0000000, 0x00000000bc900000, 0x00000000e0000000)
  object space 467968K, 40% used [0x00000000a0000000,0x00000000ab91cd78,0x00000000bc900000)
 Metaspace       used 151768K, capacity 157461K, committed 159744K, reserved 1187840K
  class space    used 19118K, capacity 20247K, committed 20992K, reserved 1048576K
Event: 152.864 GC heap after
Heap after GC invocations=38 (full 5):
 PSYoungGen      total 424448K, used 13749K [0x00000000e0000000, 0x00000000ffd00000, 0x0000000100000000)
  eden space 410624K, 0% used [0x00000000e0000000,0x00000000e0000000,0x00000000f9100000)
  from space 13824K, 99% used [0x00000000f9100000,0x00000000f9e6d540,0x00000000f9e80000)
  to   space 54784K, 0% used [0x00000000fc780000,0x00000000fc780000,0x00000000ffd00000)
 ParOldGen       total 467968K, used 196316K [0x00000000a0000000, 0x00000000bc900000, 0x00000000e0000000)
  object space 467968K, 41% used [0x00000000a0000000,0x00000000abfb7008,0x00000000bc900000)
 Metaspace       used 151768K, capacity 157461K, committed 159744K, reserved 1187840K
  class space    used 19118K, capacity 20247K, committed 20992K, reserved 1048576K
}
Event: 153.531 GC heap before
{Heap before GC invocations=39 (full 5):
 PSYoungGen      total 424448K, used 424373K [0x00000000e0000000, 0x00000000ffd00000, 0x0000000100000000)
  eden space 410624K, 100% used [0x00000000e0000000,0x00000000f9100000,0x00000000f9100000)
  from space 13824K, 99% used [0x00000000f9100000,0x00000000f9e6d540,0x00000000f9e80000)
  to   space 54784K, 0% used [0x00000000fc780000,0x00000000fc780000,0x00000000ffd00000)
 ParOldGen       total 467968K, used 196316K [0x00000000a0000000, 0x00000000bc900000, 0x00000000e0000000)
  object space 467968K, 41% used [0x00000000a0000000,0x00000000abfb7008,0x00000000bc900000)
 Metaspace       used 152026K, capacity 157827K, committed 160000K, reserved 1187840K
  class space    used 19154K, capacity 20296K, committed 20992K, reserved 1048576K
Event: 153.550 GC heap after
Heap after GC invocations=39 (full 5):
 PSYoungGen      total 467456K, used 9406K [0x00000000e0000000, 0x0000000100000000, 0x0000000100000000)
  eden space 412672K, 0% used [0x00000000e0000000,0x00000000e0000000,0x00000000f9300000)
  from space 54784K, 17% used [0x00000000fc780000,0x00000000fd0af9d8,0x00000000ffd00000)
  to   space 53760K, 0% used [0x00000000f9300000,0x00000000f9300000,0x00000000fc780000)
 ParOldGen       total 467968K, used 205055K [0x00000000a0000000, 0x00000000bc900000, 0x00000000e0000000)
  object space 467968K, 43% used [0x00000000a0000000,0x00000000ac83fca0,0x00000000bc900000)
 Metaspace       used 152026K, capacity 157827K, committed 160000K, reserved 1187840K
  class space    used 19154K, capacity 20296K, committed 20992K, reserved 1048576K
}

Deoptimization events (10 events):
Event: 153.950 Thread 0x000000002c045000 Uncommon trap: reason=bimorphic action=maybe_recompile pc=0x000000000618ad7c method=java.lang.StringCoding.decode(Ljava/nio/charset/Charset;[BII)[C @ 1
Event: 153.950 Thread 0x000000002c045000 Uncommon trap: reason=bimorphic action=maybe_recompile pc=0x00000000034c1448 method=java.nio.charset.CharsetDecoder.reset()Ljava/nio/charset/CharsetDecoder; @ 1
Event: 153.955 Thread 0x000000002c045000 Uncommon trap: reason=bimorphic action=maybe_recompile pc=0x0000000005184394 method=java.security.MessageDigest$Delegate.clone()Ljava/lang/Object; @ 14
Event: 153.955 Thread 0x000000002c045000 Uncommon trap: reason=bimorphic action=maybe_recompile pc=0x000000000618ad7c method=java.lang.StringCoding.decode(Ljava/nio/charset/Charset;[BII)[C @ 1
Event: 153.955 Thread 0x000000002c045000 Uncommon trap: reason=bimorphic action=maybe_recompile pc=0x00000000034c1448 method=java.nio.charset.CharsetDecoder.reset()Ljava/nio/charset/CharsetDecoder; @ 1
Event: 153.958 Thread 0x000000002c045000 Uncommon trap: reason=bimorphic action=maybe_recompile pc=0x0000000005184394 method=java.security.MessageDigest$Delegate.clone()Ljava/lang/Object; @ 14
Event: 153.958 Thread 0x000000002c045000 Uncommon trap: reason=bimorphic action=maybe_recompile pc=0x000000000618ad7c method=java.lang.StringCoding.decode(Ljava/nio/charset/Charset;[BII)[C @ 1
Event: 153.958 Thread 0x000000002c045000 Uncommon trap: reason=bimorphic action=maybe_recompile pc=0x00000000034c1448 method=java.nio.charset.CharsetDecoder.reset()Ljava/nio/charset/CharsetDecoder; @ 1
Event: 153.961 Thread 0x000000002c045000 Uncommon trap: reason=bimorphic action=maybe_recompile pc=0x000000000618ad7c method=java.lang.StringCoding.decode(Ljava/nio/charset/Charset;[BII)[C @ 1
Event: 153.961 Thread 0x000000002c045000 Uncommon trap: reason=bimorphic action=maybe_recompile pc=0x00000000034c1448 method=java.nio.charset.CharsetDecoder.reset()Ljava/nio/charset/CharsetDecoder; @ 1

Classes redefined (0 events):
No events

Internal exceptions (10 events):
Event: 149.768 Thread 0x000000001a769800 Exception <a 'sun/nio/fs/WindowsException'> (0x00000000eb979c98) thrown at [D:\src\AOSP-openjdk-cygwin\jdk8u\hotspot\src\share\vm\prims\jni.cpp, line 710]
Event: 149.769 Thread 0x000000001a76b000 Exception <a 'java/lang/NoSuchMethodError': <clinit>> (0x00000000ebba1f70) thrown at [D:\src\AOSP-openjdk-cygwin\jdk8u\hotspot\src\share\vm\prims\jni.cpp, line 1614]
Event: 149.928 Thread 0x000000001a774800 Exception <a 'sun/nio/fs/WindowsException'> (0x00000000f205e250) thrown at [D:\src\AOSP-openjdk-cygwin\jdk8u\hotspot\src\share\vm\prims\jni.cpp, line 710]
Event: 150.080 Thread 0x000000001a769800 Exception <a 'java/lang/NoSuchMethodError': <clinit>> (0x00000000e00117a0) thrown at [D:\src\AOSP-openjdk-cygwin\jdk8u\hotspot\src\share\vm\prims\jni.cpp, line 1614]
Event: 150.083 Thread 0x000000001a769800 Exception <a 'java/lang/NoSuchMethodError': <clinit>> (0x00000000e00371e0) thrown at [D:\src\AOSP-openjdk-cygwin\jdk8u\hotspot\src\share\vm\prims\jni.cpp, line 1614]
Event: 150.107 Thread 0x000000002c046800 Exception <a 'sun/nio/fs/WindowsException'> (0x00000000e1719928) thrown at [D:\src\AOSP-openjdk-cygwin\jdk8u\hotspot\src\share\vm\prims\jni.cpp, line 710]
Event: 152.695 Thread 0x000000001a768000 Exception <a 'sun/nio/fs/WindowsException'> (0x00000000f03ec190) thrown at [D:\src\AOSP-openjdk-cygwin\jdk8u\hotspot\src\share\vm\prims\jni.cpp, line 710]
Event: 153.290 Thread 0x000000001a76f800 Exception <a 'sun/nio/fs/WindowsException'> (0x00000000f1594b88) thrown at [D:\src\AOSP-openjdk-cygwin\jdk8u\hotspot\src\share\vm\prims\jni.cpp, line 710]
Event: 153.309 Thread 0x000000001a76b000 Implicit null exception at 0x0000000005112b6f to 0x00000000051133a1
Event: 153.309 Thread 0x000000001a76b000 Implicit null exception at 0x0000000005338e2e to 0x0000000005339005

Events (10 events):
Event: 153.961 Thread 0x000000002c045000 DEOPT UNPACKING pc=0x000000000316557b sp=0x000000003153dc80 mode 2
Event: 153.961 Thread 0x000000002c045000 Uncommon trap: trap_request=0xffffffc6 fr.pc=0x00000000034c1448
Event: 153.961 Thread 0x000000002c045000 DEOPT PACKING pc=0x00000000034c1448 sp=0x000000003153dc70
Event: 153.961 Thread 0x000000002c045000 DEOPT UNPACKING pc=0x000000000316557b sp=0x000000003153dc18 mode 2
Event: 153.962 Thread 0x000000001befa000 DEOPT PACKING pc=0x0000000007c35d9e sp=0x000000001c917cb0
Event: 153.962 Thread 0x000000001befa000 DEOPT UNPACKING pc=0x00000000031675d0 sp=0x000000001c917ab0 mode 0
Event: 153.971 Thread 0x000000001befa000 DEOPT PACKING pc=0x000000000755581b sp=0x000000001c917ab0
Event: 153.971 Thread 0x000000001befa000 DEOPT UNPACKING pc=0x00000000031675d0 sp=0x000000001c917bc8 mode 0
Event: 154.013 Thread 0x000000001a770800 DEOPT PACKING pc=0x0000000004ee7f06 sp=0x0000000025e2abf0
Event: 154.013 Thread 0x000000001a770800 DEOPT UNPACKING pc=0x00000000031675d0 sp=0x0000000025e2a968 mode 0


Dynamic libraries:
0x00007ff7615d0000 - 0x00007ff761601000 	C:\Program Files\Android\Android Studio\jre\bin\java.exe
0x00007ff8b3a00000 - 0x00007ff8b3bf0000 	C:\WINDOWS\SYSTEM32\ntdll.dll
0x00007ff8b1ca0000 - 0x00007ff8b1d52000 	C:\WINDOWS\System32\KERNEL32.DLL
0x00007ff8b1220000 - 0x00007ff8b14c4000 	C:\WINDOWS\System32\KERNELBASE.dll
0x00007ff8b31e0000 - 0x00007ff8b3283000 	C:\WINDOWS\System32\ADVAPI32.dll
0x00007ff8b1ac0000 - 0x00007ff8b1b5e000 	C:\WINDOWS\System32\msvcrt.dll
0x00007ff8b3700000 - 0x00007ff8b3797000 	C:\WINDOWS\System32\sechost.dll
0x00007ff8b33a0000 - 0x00007ff8b34c0000 	C:\WINDOWS\System32\RPCRT4.dll
0x00007ff8b2e30000 - 0x00007ff8b2fc4000 	C:\WINDOWS\System32\USER32.dll
0x00007ff8b14d0000 - 0x00007ff8b14f1000 	C:\WINDOWS\System32\win32u.dll
0x00007ff8b3290000 - 0x00007ff8b32b6000 	C:\WINDOWS\System32\GDI32.dll
0x00007ff8b16f0000 - 0x00007ff8b1884000 	C:\WINDOWS\System32\gdi32full.dll
0x00007ff8b1650000 - 0x00007ff8b16ee000 	C:\WINDOWS\System32\msvcp_win.dll
0x00007ff8b1890000 - 0x00007ff8b198a000 	C:\WINDOWS\System32\ucrtbase.dll
0x00007ff89b760000 - 0x00007ff89b9e4000 	C:\WINDOWS\WinSxS\amd64_microsoft.windows.common-controls_6595b64144ccf1df_6.0.18362.836_none_e6c4b943130f18ed\COMCTL32.dll
0x00007ff8b2af0000 - 0x00007ff8b2e26000 	C:\WINDOWS\System32\combase.dll
0x00007ff8b09c0000 - 0x00007ff8b0a40000 	C:\WINDOWS\System32\bcryptPrimitives.dll
0x00007ff8b3990000 - 0x00007ff8b39be000 	C:\WINDOWS\System32\IMM32.DLL
0x0000000058fc0000 - 0x0000000059092000 	C:\Program Files\Android\Android Studio\jre\jre\bin\msvcr100.dll
0x0000000059180000 - 0x00000000599c6000 	C:\Program Files\Android\Android Studio\jre\jre\bin\server\jvm.dll
0x00007ff8b3980000 - 0x00007ff8b3988000 	C:\WINDOWS\System32\PSAPI.DLL
0x00007ff8a4780000 - 0x00007ff8a4789000 	C:\WINDOWS\SYSTEM32\WSOCK32.dll
0x00007ff8a7340000 - 0x00007ff8a734a000 	C:\WINDOWS\SYSTEM32\VERSION.dll
0x00007ff8ab390000 - 0x00007ff8ab3b4000 	C:\WINDOWS\SYSTEM32\WINMM.dll
0x00007ff8b35c0000 - 0x00007ff8b362f000 	C:\WINDOWS\System32\WS2_32.dll
0x00007ff8ab2e0000 - 0x00007ff8ab30d000 	C:\WINDOWS\SYSTEM32\winmmbase.dll
0x00007ff8b1990000 - 0x00007ff8b19da000 	C:\WINDOWS\System32\cfgmgr32.dll
0x00007ff8a9780000 - 0x00007ff8a978f000 	C:\Program Files\Android\Android Studio\jre\jre\bin\verify.dll
0x00007ff886410000 - 0x00007ff886439000 	C:\Program Files\Android\Android Studio\jre\jre\bin\java.dll
0x00007ff886850000 - 0x00007ff886866000 	C:\Program Files\Android\Android Studio\jre\jre\bin\zip.dll
0x00007ff8b2400000 - 0x00007ff8b2ae4000 	C:\WINDOWS\System32\SHELL32.dll
0x00007ff8b38d0000 - 0x00007ff8b3979000 	C:\WINDOWS\System32\shcore.dll
0x00007ff8b0a40000 - 0x00007ff8b11be000 	C:\WINDOWS\System32\windows.storage.dll
0x00007ff8b0940000 - 0x00007ff8b0963000 	C:\WINDOWS\System32\profapi.dll
0x00007ff8b08d0000 - 0x00007ff8b091a000 	C:\WINDOWS\System32\powrprof.dll
0x00007ff8b08c0000 - 0x00007ff8b08d0000 	C:\WINDOWS\System32\UMPDC.dll
0x00007ff8b36a0000 - 0x00007ff8b36f2000 	C:\WINDOWS\System32\shlwapi.dll
0x00007ff8b0970000 - 0x00007ff8b0981000 	C:\WINDOWS\System32\kernel.appcore.dll
0x00007ff8b19e0000 - 0x00007ff8b19f7000 	C:\WINDOWS\System32\cryptsp.dll
0x00007ff8863f0000 - 0x00007ff88640a000 	C:\Program Files\Android\Android Studio\jre\jre\bin\net.dll
0x00007ff89d2d0000 - 0x00007ff89d4a6000 	C:\WINDOWS\SYSTEM32\urlmon.dll
0x00007ff89cad0000 - 0x00007ff89cd76000 	C:\WINDOWS\SYSTEM32\iertutil.dll
0x00007ff8b0300000 - 0x00007ff8b030c000 	C:\WINDOWS\SYSTEM32\CRYPTBASE.DLL
0x00007ff8b0130000 - 0x00007ff8b0197000 	C:\WINDOWS\system32\mswsock.dll
0x00007ff881f10000 - 0x00007ff881f23000 	C:\Program Files\Android\Android Studio\jre\jre\bin\nio.dll
0x00007ff880eb0000 - 0x00007ff880ed6000 	C:\Users\kmydt\.gradle\native\30\windows-amd64\native-platform.dll
0x00007ff8a9610000 - 0x00007ff8a961d000 	C:\Program Files\Android\Android Studio\jre\jre\bin\management.dll
0x00007ff8afca0000 - 0x00007ff8afcd3000 	C:\WINDOWS\system32\rsaenh.dll
0x00007ff8b0990000 - 0x00007ff8b09b6000 	C:\WINDOWS\System32\bcrypt.dll
0x00007ff8b07e0000 - 0x00007ff8b0805000 	C:\WINDOWS\SYSTEM32\USERENV.dll
0x00007ff8afe40000 - 0x00007ff8afe7a000 	C:\WINDOWS\SYSTEM32\IPHLPAPI.DLL
0x00007ff8b35b0000 - 0x00007ff8b35b8000 	C:\WINDOWS\System32\NSI.dll
0x00007ff8ab0f0000 - 0x00007ff8ab106000 	C:\WINDOWS\SYSTEM32\dhcpcsvc6.DLL
0x00007ff8ab0d0000 - 0x00007ff8ab0ec000 	C:\WINDOWS\SYSTEM32\dhcpcsvc.DLL
0x00007ff8afe80000 - 0x00007ff8aff4b000 	C:\WINDOWS\SYSTEM32\DNSAPI.dll
0x00007ff871860000 - 0x00007ff871884000 	C:\Program Files\Android\Android Studio\jre\jre\bin\sunec.dll
0x00007ff87f370000 - 0x00007ff87f37b000 	C:\Program Files\Android\Android Studio\jre\jre\bin\sunmscapi.dll
0x00007ff8b1500000 - 0x00007ff8b1649000 	C:\WINDOWS\System32\CRYPT32.dll
0x00007ff8b0920000 - 0x00007ff8b0932000 	C:\WINDOWS\System32\MSASN1.dll
0x00007ff8aad00000 - 0x00007ff8aad0a000 	C:\Windows\System32\rasadhlp.dll
0x00007ff8aa9d0000 - 0x00007ff8aaa47000 	C:\WINDOWS\System32\fwpuclnt.dll

VM Arguments:
jvm_args: -Xmx1536m -Dfile.encoding=x-windows-949 -Duser.country=KR -Duser.language=ko -Duser.variant 
java_command: org.gradle.launcher.daemon.bootstrap.GradleDaemon 5.6.4
java_class_path (initial): C:\Users\kmydt\.gradle\wrapper\dists\gradle-5.6.4-all\ankdp27end7byghfw1q2sw75f\gradle-5.6.4\lib\gradle-launcher-5.6.4.jar
Launcher Type: SUN_STANDARD

Environment Variables:
JAVA_HOME=C:\Program Files\Java\jdk-13.0.2
PATH=C:\Program_Oracle\product\11.2.0\dbhome_1\bin;C:\Program Files\Java\jdk-13.0.2\bin;C:\Program Files (x86)\Common Files\Oracle\Java\javapath;C:\Program Files (x86)\Intel\iCLS Client\;C:\Program Files\Intel\iCLS Client\;C:\WINDOWS\system32;C:\WINDOWS;C:\WINDOWS\System32\Wbem;C:\WINDOWS\System32\WindowsPowerShell\v1.0\;C:\Program Files (x86)\Intel\Intel(R) Management Engine Components\DAL;C:\Program Files\Intel\Intel(R) Management Engine Components\DAL;C:\Program Files (x86)\Intel\Intel(R) Management Engine Components\IPT;C:\Program Files\Intel\Intel(R) Management Engine Components\IPT;C:\Program Files\Intel\WiFi\bin\;C:\Program Files\Common Files\Intel\WirelessCommon\;C:\WINDOWS\System32\OpenSSH\;C:\Program Files\Java\jdk-11.0.2\bin;C:\Program Files\PuTTY\;C:\Program Files\Git\cmd;C:\Users\kmydt\AppData\Local\Programs\Python\Python37-32\Scripts\;C:\Users\kmydt\AppData\Local\Programs\Python\Python37-32\;C:\Users\kmydt\AppData\Local\Microsoft\WindowsApps;;C:\Program Files\Microsoft VS Code\bin;C:\Program Files\JetBrains\PyCharm Community Edition 2019.1.2\bin;
USERNAME=kmydt
OS=Windows_NT
PROCESSOR_IDENTIFIER=Intel64 Family 6 Model 142 Stepping 10, GenuineIntel



---------------  S Y S T E M  ---------------

OS: Windows 10.0 , 64 bit Build 18362 (10.0.18362.778)

CPU:total 8 (initial active 8) (4 cores per cpu, 2 threads per core) family 6 model 142 stepping 10, cmov, cx8, fxsr, mmx, sse, sse2, sse3, ssse3, sse4.1, sse4.2, popcnt, avx, avx2, aes, clmul, erms, 3dnowpref, lzcnt, ht, tsc, tscinvbit, bmi1, bmi2, adx

Memory: 4k page, physical 16606548k(4836652k free), swap 16606548k(5148k free)

vm_info: OpenJDK 64-Bit Server VM (25.212-b04) for windows-amd64 JRE (1.8.0_212-release-1586-b04), built by "builder" with MS VC++ 10.0 (VS2010)

time: Mon Jun 08 15:12:49 2020
timezone: 대한민국 표준시
elapsed time: 154 seconds (0d 0h 2m 34s)

