#
# There is insufficient memory for the Java Runtime Environment to continue.
# Native memory allocation (malloc) failed to allocate 1310864 bytes for Chunk::new
# Possible reasons:
#   The system is out of physical RAM or swap space
#   The process is running with CompressedOops enabled, and the Java Heap may be blocking the growth of the native heap
# Possible solutions:
#   Reduce memory load on the system
#   Increase physical memory or swap space
#   Check if swap backing store is full
#   Decrease Java heap size (-Xmx/-Xms)
#   Decrease number of Java threads
#   Decrease Java thread stack sizes (-Xss)
#   Set larger code cache with -XX:ReservedCodeCacheSize=
#   JVM is running with Unscaled Compressed Oops mode in which the Java heap is
#     placed in the first 4GB address space. The Java Heap base address is the
#     maximum limit for the native heap growth. Please use -XX:HeapBaseMinAddress
#     to set the Java Heap base and to place the Java Heap above 4GB virtual address.
# This output file may be truncated or incomplete.
#
#  Out of Memory Error (allocation.cpp:389), pid=45744, tid=0x000000000000b39c
#
# JRE version: OpenJDK Runtime Environment (8.0_212-b04) (build 1.8.0_212-release-1586-b04)
# Java VM: OpenJDK 64-Bit Server VM (25.212-b04 mixed mode windows-amd64 compressed oops)
# Failed to write core dump. Minidumps are not enabled by default on client versions of Windows
#

---------------  T H R E A D  ---------------

Current thread (0x0000000018991800):  JavaThread "C2 CompilerThread2" daemon [_thread_in_native, id=45980, stack(0x0000000019380000,0x0000000019480000)]

Stack: [0x0000000019380000,0x0000000019480000]
[error occurred during error reporting (printing stack bounds), id 0xc0000005]

Native frames: (J=compiled Java code, j=interpreted, Vv=VM code, C=native code)


Current CompileTask:
C2:  18032 11083 %     4       com.android.tools.r8.B.a.a.f::a @ 66 (6094 bytes)


---------------  P R O C E S S  ---------------

Java Threads: ( => current thread )
  0x000000001a2cc800 JavaThread "WorkerExecutor Queue Thread 9" [_thread_blocked, id=34620, stack(0x0000000028140000,0x0000000028240000)]
  0x000000001a2cc000 JavaThread "WorkerExecutor Queue Thread 8" [_thread_in_vm, id=43644, stack(0x0000000028040000,0x0000000028140000)]
  0x000000001a2cb000 JavaThread "WorkerExecutor Queue Thread 7" [_thread_blocked, id=43628, stack(0x0000000027f40000,0x0000000028040000)]
  0x000000001a2ca800 JavaThread "WorkerExecutor Queue Thread 6" [_thread_in_native, id=44368, stack(0x0000000027e40000,0x0000000027f40000)]
  0x000000001a2c7800 JavaThread "WorkerExecutor Queue Thread 5" [_thread_in_Java, id=15656, stack(0x0000000027d40000,0x0000000027e40000)]
  0x000000001a2c9000 JavaThread "WorkerExecutor Queue Thread 4" [_thread_in_vm, id=45460, stack(0x0000000027c40000,0x0000000027d40000)]
  0x000000001a2c9800 JavaThread "WorkerExecutor Queue Thread 3" [_thread_in_Java, id=45984, stack(0x0000000027b40000,0x0000000027c40000)]
  0x000000001a2c1800 JavaThread "WorkerExecutor Queue Thread 2" [_thread_in_Java, id=45032, stack(0x0000000027a40000,0x0000000027b40000)]
  0x000000001a2c8000 JavaThread "WorkerExecutor Queue" [_thread_in_Java, id=45764, stack(0x0000000027940000,0x0000000027a40000)]
  0x000000001a2c0000 JavaThread "ForkJoinPool.commonPool-worker-7" daemon [_thread_blocked, id=45768, stack(0x0000000027640000,0x0000000027740000)]
  0x000000001a2c6000 JavaThread "ForkJoinPool.commonPool-worker-6" daemon [_thread_blocked, id=45772, stack(0x0000000027540000,0x0000000027640000)]
  0x000000001a2c6800 JavaThread "ForkJoinPool.commonPool-worker-5" daemon [_thread_blocked, id=45752, stack(0x0000000027440000,0x0000000027540000)]
  0x000000001a2c5000 JavaThread "ForkJoinPool.commonPool-worker-4" daemon [_thread_blocked, id=38524, stack(0x0000000027340000,0x0000000027440000)]
  0x000000001a2bd800 JavaThread "ForkJoinPool.commonPool-worker-3" daemon [_thread_blocked, id=38616, stack(0x0000000027240000,0x0000000027340000)]
  0x000000001a2c4800 JavaThread "ForkJoinPool.commonPool-worker-2" daemon [_thread_blocked, id=44924, stack(0x0000000027140000,0x0000000027240000)]
  0x000000001a2c3800 JavaThread "ForkJoinPool.commonPool-worker-1" daemon [_thread_blocked, id=23064, stack(0x0000000027040000,0x0000000027140000)]
  0x000000001a2c0800 JavaThread "Cache worker for Java compile cache (C:\Users\kmydt\source\ARNavigation_Deepect\ARNavigation\.gradle\5.6.4\javaCompile)" [_thread_blocked, id=20100, stack(0x0000000026940000,0x0000000026a40000)]
  0x000000001a2c2000 JavaThread "Cache worker for Java compile cache (C:\Users\kmydt\.gradle\caches\5.6.4\javaCompile)" [_thread_blocked, id=44944, stack(0x0000000026840000,0x0000000026940000)]
  0x0000000019b1c000 JavaThread "Cache worker for execution history cache (C:\Users\kmydt\source\ARNavigation_Deepect\ARNavigation\.gradle\5.6.4\executionHistory)" [_thread_blocked, id=38212, stack(0x0000000026340000,0x0000000026440000)]
  0x0000000019b1b000 JavaThread "Execution worker for ':' Thread 7" [_thread_blocked, id=39748, stack(0x0000000026040000,0x0000000026140000)]
  0x0000000019b19000 JavaThread "Execution worker for ':' Thread 6" [_thread_blocked, id=28688, stack(0x0000000025f40000,0x0000000026040000)]
  0x0000000019b19800 JavaThread "Execution worker for ':' Thread 5" [_thread_blocked, id=45680, stack(0x0000000025e40000,0x0000000025f40000)]
  0x0000000019b20000 JavaThread "Execution worker for ':' Thread 4" [_thread_blocked, id=27428, stack(0x0000000025d40000,0x0000000025e40000)]
  0x000000001d6bb800 JavaThread "Execution worker for ':' Thread 3" [_thread_blocked, id=45272, stack(0x0000000025c40000,0x0000000025d40000)]
  0x000000001d6ba800 JavaThread "Execution worker for ':' Thread 2" [_thread_blocked, id=36004, stack(0x0000000025b40000,0x0000000025c40000)]
  0x000000001d6b9000 JavaThread "Execution worker for ':'" [_thread_blocked, id=33320, stack(0x0000000025a40000,0x0000000025b40000)]
  0x000000001d6bf000 JavaThread "Cache worker for file content cache (C:\Users\kmydt\source\ARNavigation_Deepect\ARNavigation\.gradle\5.6.4\fileContent)" [_thread_blocked, id=41540, stack(0x0000000025300000,0x0000000025400000)]
  0x000000001d6c0000 JavaThread "Cache worker for file content cache (C:\Users\kmydt\.gradle\caches\5.6.4\fileContent)" [_thread_blocked, id=44552, stack(0x0000000025200000,0x0000000025300000)]
  0x000000001d6bd000 JavaThread "Memory manager" [_thread_blocked, id=40516, stack(0x0000000023920000,0x0000000023a20000)]
  0x000000001d6be800 JavaThread "Cache worker for Build Output Cleanup Cache (C:\Users\kmydt\source\ARNavigation_Deepect\ARNavigation\.gradle\buildOutputCleanup)" [_thread_blocked, id=45708, stack(0x0000000023620000,0x0000000023720000)]
  0x000000001d6bc000 JavaThread "Build operations Thread 8" [_thread_blocked, id=23148, stack(0x0000000022f20000,0x0000000023020000)]
  0x000000001d6bd800 JavaThread "Build operations Thread 7" [_thread_blocked, id=45896, stack(0x0000000022e20000,0x0000000022f20000)]
  0x000000001d6b7800 JavaThread "Build operations Thread 6" [_thread_blocked, id=45920, stack(0x0000000022d20000,0x0000000022e20000)]
  0x000000001d6b1800 JavaThread "Build operations Thread 5" [_thread_blocked, id=17680, stack(0x0000000022c20000,0x0000000022d20000)]
  0x000000001d6b7000 JavaThread "Build operations Thread 4" [_thread_blocked, id=46068, stack(0x0000000022b20000,0x0000000022c20000)]
  0x000000001d6b2000 JavaThread "Build operations Thread 3" [_thread_blocked, id=45972, stack(0x0000000022a20000,0x0000000022b20000)]
  0x000000001d6b3000 JavaThread "Build operations Thread 2" [_thread_blocked, id=45228, stack(0x0000000022920000,0x0000000022a20000)]
  0x000000001d6b4800 JavaThread "Build operations" [_thread_blocked, id=16916, stack(0x0000000022620000,0x0000000022720000)]
  0x000000001d6b8800 JavaThread "Cache worker for execution history cache (C:\Users\kmydt\.gradle\caches\5.6.4\executionHistory)" [_thread_blocked, id=42544, stack(0x0000000022320000,0x0000000022420000)]
  0x000000001d6b6000 JavaThread "Cache worker for cache directory md-rule (C:\Users\kmydt\.gradle\caches\5.6.4\md-rule)" [_thread_blocked, id=44036, stack(0x0000000020f70000,0x0000000021070000)]
  0x000000001d6b5800 JavaThread "Cache worker for cache directory md-supplier (C:\Users\kmydt\.gradle\caches\5.6.4\md-supplier)" [_thread_blocked, id=45072, stack(0x000000001fea0000,0x000000001ffa0000)]
  0x0000000018994800 JavaThread "Cache worker for file hash cache (C:\Users\kmydt\source\ARNavigation_Deepect\ARNavigation\.gradle\5.6.4\fileHashes)" [_thread_blocked, id=45232, stack(0x000000001f5a0000,0x000000001f6a0000)]
  0x0000000018993800 JavaThread "Cache worker for journal cache (C:\Users\kmydt\.gradle\caches\journal-1)" [_thread_blocked, id=42672, stack(0x000000001d300000,0x000000001d400000)]
  0x0000000018990800 JavaThread "File lock request listener" [_thread_in_native, id=45648, stack(0x000000001d200000,0x000000001d300000)]
  0x000000001b2e5800 JavaThread "Cache worker for file hash cache (C:\Users\kmydt\.gradle\caches\5.6.4\fileHashes)" [_thread_blocked, id=44532, stack(0x000000001d100000,0x000000001d200000)]
  0x000000001b2a5800 JavaThread "Thread-9" [_thread_blocked, id=43148, stack(0x000000001ce00000,0x000000001cf00000)]
  0x000000001b2a4800 JavaThread "Stdin handler" [_thread_blocked, id=44604, stack(0x000000001cd00000,0x000000001ce00000)]
  0x000000001b2a4000 JavaThread "Asynchronous log dispatcher for DefaultDaemonConnection: socket connection from /127.0.0.1:58184 to /127.0.0.1:58185" [_thread_blocked, id=45532, stack(0x000000001cb00000,0x000000001cc00000)]
  0x000000001b2a0800 JavaThread "Daemon worker" [_thread_blocked, id=23856, stack(0x000000001ca00000,0x000000001cb00000)]
  0x000000001b2ac800 JavaThread "Cancel handler" [_thread_blocked, id=45480, stack(0x000000001c900000,0x000000001ca00000)]
  0x000000001b267000 JavaThread "Handler for socket connection from /127.0.0.1:58184 to /127.0.0.1:58185" [_thread_in_native, id=45912, stack(0x000000001c600000,0x000000001c700000)]
  0x000000001b266800 JavaThread "Daemon" [_thread_blocked, id=45916, stack(0x000000001c500000,0x000000001c600000)]
  0x000000001b209800 JavaThread "Daemon periodic checks" [_thread_blocked, id=45964, stack(0x000000001c400000,0x000000001c500000)]
  0x000000001b1f7000 JavaThread "Incoming local TCP Connector on port 58184" [_thread_in_native, id=45084, stack(0x000000001c220000,0x000000001c320000)]
  0x000000001b13f800 JavaThread "Daemon health stats" [_thread_blocked, id=43248, stack(0x000000001bf20000,0x000000001c020000)]
  0x00000000189fc000 JavaThread "Service Thread" daemon [_thread_blocked, id=23844, stack(0x0000000019580000,0x0000000019680000)]
  0x0000000018990000 JavaThread "C1 CompilerThread3" daemon [_thread_in_native, id=19244, stack(0x0000000019480000,0x0000000019580000)]
=>0x0000000018991800 JavaThread "C2 CompilerThread2" daemon [_thread_in_native, id=45980, stack(0x0000000019380000,0x0000000019480000)]
  0x0000000016b2a000 JavaThread "C2 CompilerThread1" daemon [_thread_in_native, id=17484, stack(0x0000000019280000,0x0000000019380000)]
  0x000000001892f000 JavaThread "C2 CompilerThread0" daemon [_thread_in_native, id=45440, stack(0x0000000019180000,0x0000000019280000)]
  0x000000001892c800 JavaThread "Attach Listener" daemon [_thread_blocked, id=45572, stack(0x0000000019080000,0x0000000019180000)]
  0x0000000018988000 JavaThread "Signal Dispatcher" daemon [_thread_blocked, id=45880, stack(0x0000000018f80000,0x0000000019080000)]
  0x0000000002cee000 JavaThread "Finalizer" daemon [_thread_blocked, id=45956, stack(0x0000000018df0000,0x0000000018ef0000)]
  0x0000000002ce5000 JavaThread "Reference Handler" daemon [_thread_blocked, id=45888, stack(0x0000000018cf0000,0x0000000018df0000)]
  0x0000000002bf2800 JavaThread "main" [_thread_blocked, id=45828, stack(0x0000000002790000,0x0000000002890000)]

Other Threads:
  0x0000000016b18000 VMThread [stack: 0x00000000187f0000,0x00000000188f0000] [id=45424]
  0x00000000189fd000 WatcherThread [stack: 0x0000000019680000,0x0000000019780000] [id=37324]

VM state:not at safepoint (normal execution)

VM Mutex/Monitor currently owned by a thread: None

heap address: 0x00000000a0000000, size: 1536 MB, Compressed Oops mode: 32-bit
Narrow klass base: 0x0000000000000000, Narrow klass shift: 3
Compressed class space size: 1073741824 Address: 0x0000000100000000

Heap:
 PSYoungGen      total 267264K, used 79102K [0x00000000e0000000, 0x00000000f1d80000, 0x0000000100000000)
  eden space 247296K, 23% used [0x00000000e0000000,0x00000000e39c1180,0x00000000ef180000)
  from space 19968K, 99% used [0x00000000f0700000,0x00000000f1a7e980,0x00000000f1a80000)
  to   space 22016K, 0% used [0x00000000ef180000,0x00000000ef180000,0x00000000f0700000)
 ParOldGen       total 186880K, used 90501K [0x00000000a0000000, 0x00000000ab680000, 0x00000000e0000000)
  object space 186880K, 48% used [0x00000000a0000000,0x00000000a5861668,0x00000000ab680000)
 Metaspace       used 80874K, capacity 84882K, committed 85120K, reserved 1122304K
  class space    used 11123K, capacity 12057K, committed 12160K, reserved 1048576K

Card table byte_map: [0x0000000012120000,0x0000000012430000] byte_map_base: 0x0000000011c20000

Marking Bits: (ParMarkBitMap*) 0x000000006b4d9f30
 Begin Bits: [0x0000000012e30000, 0x0000000014630000)
 End Bits:   [0x0000000014630000, 0x0000000015e30000)

Polling page: 0x0000000000bd0000

CodeCache: size=245760Kb used=31520Kb max_used=31980Kb free=214239Kb
 bounds [0x0000000002d60000, 0x0000000004cc0000, 0x0000000011d60000]
 total_blobs=10692 nmethods=9843 adapters=761
 compilation: enabled

Compilation events (10 events):
Event: 18.028 Thread 0x0000000018990000 nmethod 11434 0x00000000046d1290 code [0x00000000046d13e0, 0x00000000046d1550]
Event: 18.028 Thread 0x0000000018990000 11453       3       com.android.tools.r8.u.b.O0::c (7 bytes)
Event: 18.028 Thread 0x0000000018990000 nmethod 11453 0x00000000046d0e50 code [0x00000000046d0fc0, 0x00000000046d11d0]
Event: 18.028 Thread 0x0000000018990000 11464       3       com.android.tools.r8.u.b.l::m (83 bytes)
Event: 18.028 Thread 0x0000000018990000 nmethod 11464 0x00000000047ebed0 code [0x00000000047ec0a0, 0x00000000047ec718]
Event: 18.028 Thread 0x0000000018990000 11461       3       com.android.tools.r8.u.b.l::z (8 bytes)
Event: 18.029 Thread 0x0000000018990000 nmethod 11461 0x00000000047eaf10 code [0x00000000047eb100, 0x00000000047eb9d8]
Event: 18.029 Thread 0x0000000018990000 11457       3       java.util.IdentityHashMap::keySet (26 bytes)
Event: 18.029 Thread 0x0000000018990000 nmethod 11457 0x00000000046d06d0 code [0x00000000046d0860, 0x00000000046d0c50]
Event: 18.029 Thread 0x0000000018990000 11447       3       com.android.tools.r8.u.c.u::<init> (11 bytes)

GC Heap History (10 events):
Event: 10.670 GC heap before
{Heap before GC invocations=11 (full 2):
 PSYoungGen      total 200704K, used 177844K [0x00000000e0000000, 0x00000000eec80000, 0x0000000100000000)
  eden space 187904K, 87% used [0x00000000e0000000,0x00000000ea1310f8,0x00000000eb780000)
  from space 12800K, 99% used [0x00000000ee000000,0x00000000eec7c0e8,0x00000000eec80000)
  to   space 14848K, 0% used [0x00000000ecf80000,0x00000000ecf80000,0x00000000ede00000)
 ParOldGen       total 120320K, used 19583K [0x00000000a0000000, 0x00000000a7580000, 0x00000000e0000000)
  object space 120320K, 16% used [0x00000000a0000000,0x00000000a131feb0,0x00000000a7580000)
 Metaspace       used 57273K, capacity 59028K, committed 59096K, reserved 1099776K
  class space    used 7846K, capacity 8264K, committed 8320K, reserved 1048576K
Event: 10.690 GC heap after
Heap after GC invocations=11 (full 2):
 PSYoungGen      total 227328K, used 14833K [0x00000000e0000000, 0x00000000f1a80000, 0x0000000100000000)
  eden space 212480K, 0% used [0x00000000e0000000,0x00000000e0000000,0x00000000ecf80000)
  from space 14848K, 99% used [0x00000000ecf80000,0x00000000eddfc7c0,0x00000000ede00000)
  to   space 19968K, 0% used [0x00000000f0700000,0x00000000f0700000,0x00000000f1a80000)
 ParOldGen       total 120320K, used 28827K [0x00000000a0000000, 0x00000000a7580000, 0x00000000e0000000)
  object space 120320K, 23% used [0x00000000a0000000,0x00000000a1c26d30,0x00000000a7580000)
 Metaspace       used 57273K, capacity 59028K, committed 59096K, reserved 1099776K
  class space    used 7846K, capacity 8264K, committed 8320K, reserved 1048576K
}
Event: 10.690 GC heap before
{Heap before GC invocations=12 (full 3):
 PSYoungGen      total 227328K, used 14833K [0x00000000e0000000, 0x00000000f1a80000, 0x0000000100000000)
  eden space 212480K, 0% used [0x00000000e0000000,0x00000000e0000000,0x00000000ecf80000)
  from space 14848K, 99% used [0x00000000ecf80000,0x00000000eddfc7c0,0x00000000ede00000)
  to   space 19968K, 0% used [0x00000000f0700000,0x00000000f0700000,0x00000000f1a80000)
 ParOldGen       total 120320K, used 28827K [0x00000000a0000000, 0x00000000a7580000, 0x00000000e0000000)
  object space 120320K, 23% used [0x00000000a0000000,0x00000000a1c26d30,0x00000000a7580000)
 Metaspace       used 57273K, capacity 59028K, committed 59096K, reserved 1099776K
  class space    used 7846K, capacity 8264K, committed 8320K, reserved 1048576K
Event: 10.981 GC heap after
Heap after GC invocations=12 (full 3):
 PSYoungGen      total 227328K, used 0K [0x00000000e0000000, 0x00000000f1a80000, 0x0000000100000000)
  eden space 212480K, 0% used [0x00000000e0000000,0x00000000e0000000,0x00000000ecf80000)
  from space 14848K, 0% used [0x00000000ecf80000,0x00000000ecf80000,0x00000000ede00000)
  to   space 19968K, 0% used [0x00000000f0700000,0x00000000f0700000,0x00000000f1a80000)
 ParOldGen       total 186880K, used 38647K [0x00000000a0000000, 0x00000000ab680000, 0x00000000e0000000)
  object space 186880K, 20% used [0x00000000a0000000,0x00000000a25bde60,0x00000000ab680000)
 Metaspace       used 57273K, capacity 59028K, committed 59096K, reserved 1099776K
  class space    used 7846K, capacity 8264K, committed 8320K, reserved 1048576K
}
Event: 13.430 GC heap before
{Heap before GC invocations=13 (full 3):
 PSYoungGen      total 227328K, used 212480K [0x00000000e0000000, 0x00000000f1a80000, 0x0000000100000000)
  eden space 212480K, 100% used [0x00000000e0000000,0x00000000ecf80000,0x00000000ecf80000)
  from space 14848K, 0% used [0x00000000ecf80000,0x00000000ecf80000,0x00000000ede00000)
  to   space 19968K, 0% used [0x00000000f0700000,0x00000000f0700000,0x00000000f1a80000)
 ParOldGen       total 186880K, used 38647K [0x00000000a0000000, 0x00000000ab680000, 0x00000000e0000000)
  object space 186880K, 20% used [0x00000000a0000000,0x00000000a25bde60,0x00000000ab680000)
 Metaspace       used 61974K, capacity 64576K, committed 64640K, reserved 1105920K
  class space    used 8525K, capacity 9062K, committed 9088K, reserved 1048576K
Event: 13.445 GC heap after
Heap after GC invocations=13 (full 3):
 PSYoungGen      total 267264K, used 18477K [0x00000000e0000000, 0x00000000f1d80000, 0x0000000100000000)
  eden space 247296K, 0% used [0x00000000e0000000,0x00000000e0000000,0x00000000ef180000)
  from space 19968K, 92% used [0x00000000f0700000,0x00000000f190b6c0,0x00000000f1a80000)
  to   space 22016K, 0% used [0x00000000ef180000,0x00000000ef180000,0x00000000f0700000)
 ParOldGen       total 186880K, used 38655K [0x00000000a0000000, 0x00000000ab680000, 0x00000000e0000000)
  object space 186880K, 20% used [0x00000000a0000000,0x00000000a25bfe60,0x00000000ab680000)
 Metaspace       used 61974K, capacity 64576K, committed 64640K, reserved 1105920K
  class space    used 8525K, capacity 9062K, committed 9088K, reserved 1048576K
}
Event: 16.611 GC heap before
{Heap before GC invocations=14 (full 3):
 PSYoungGen      total 267264K, used 265773K [0x00000000e0000000, 0x00000000f1d80000, 0x0000000100000000)
  eden space 247296K, 100% used [0x00000000e0000000,0x00000000ef180000,0x00000000ef180000)
  from space 19968K, 92% used [0x00000000f0700000,0x00000000f190b6c0,0x00000000f1a80000)
  to   space 22016K, 0% used [0x00000000ef180000,0x00000000ef180000,0x00000000f0700000)
 ParOldGen       total 186880K, used 38655K [0x00000000a0000000, 0x00000000ab680000, 0x00000000e0000000)
  object space 186880K, 20% used [0x00000000a0000000,0x00000000a25bfe60,0x00000000ab680000)
 Metaspace       used 73326K, capacity 76080K, committed 76288K, reserved 1116160K
  class space    used 9829K, capacity 10388K, committed 10496K, reserved 1048576K
Event: 16.660 GC heap after
Heap after GC invocations=14 (full 3):
 PSYoungGen      total 269312K, used 22000K [0x00000000e0000000, 0x00000000f1d80000, 0x0000000100000000)
  eden space 247296K, 0% used [0x00000000e0000000,0x00000000e0000000,0x00000000ef180000)
  from space 22016K, 99% used [0x00000000ef180000,0x00000000f06fc0f0,0x00000000f0700000)
  to   space 19968K, 0% used [0x00000000f0700000,0x00000000f0700000,0x00000000f1a80000)
 ParOldGen       total 186880K, used 54343K [0x00000000a0000000, 0x00000000ab680000, 0x00000000e0000000)
  object space 186880K, 29% used [0x00000000a0000000,0x00000000a3511e48,0x00000000ab680000)
 Metaspace       used 73326K, capacity 76080K, committed 76288K, reserved 1116160K
  class space    used 9829K, capacity 10388K, committed 10496K, reserved 1048576K
}
Event: 17.520 GC heap before
{Heap before GC invocations=15 (full 3):
 PSYoungGen      total 269312K, used 269296K [0x00000000e0000000, 0x00000000f1d80000, 0x0000000100000000)
  eden space 247296K, 100% used [0x00000000e0000000,0x00000000ef180000,0x00000000ef180000)
  from space 22016K, 99% used [0x00000000ef180000,0x00000000f06fc0f0,0x00000000f0700000)
  to   space 19968K, 0% used [0x00000000f0700000,0x00000000f0700000,0x00000000f1a80000)
 ParOldGen       total 186880K, used 54343K [0x00000000a0000000, 0x00000000ab680000, 0x00000000e0000000)
  object space 186880K, 29% used [0x00000000a0000000,0x00000000a3511e48,0x00000000ab680000)
 Metaspace       used 75918K, capacity 79020K, committed 79232K, reserved 1118208K
  class space    used 10214K, capacity 10846K, committed 10880K, reserved 1048576K
Event: 17.566 GC heap after
Heap after GC invocations=15 (full 3):
 PSYoungGen      total 267264K, used 19962K [0x00000000e0000000, 0x00000000f1d80000, 0x0000000100000000)
  eden space 247296K, 0% used [0x00000000e0000000,0x00000000e0000000,0x00000000ef180000)
  from space 19968K, 99% used [0x00000000f0700000,0x00000000f1a7e980,0x00000000f1a80000)
  to   space 22016K, 0% used [0x00000000ef180000,0x00000000ef180000,0x00000000f0700000)
 ParOldGen       total 186880K, used 90501K [0x00000000a0000000, 0x00000000ab680000, 0x00000000e0000000)
  object space 186880K, 48% used [0x00000000a0000000,0x00000000a5861668,0x00000000ab680000)
 Metaspace       used 75918K, capacity 79020K, committed 79232K, reserved 1118208K
  class space    used 10214K, capacity 10846K, committed 10880K, reserved 1048576K
}

Deoptimization events (10 events):
Event: 17.860 Thread 0x000000001a2c8000 Uncommon trap: reason=bimorphic action=maybe_recompile pc=0x0000000004bfa4fc method=java.util.concurrent.ConcurrentHashMap.computeIfAbsent(Ljava/lang/Object;Ljava/util/function/Function;)Ljava/lang/Object; @ 17
Event: 17.860 Thread 0x000000001a2cc000 Uncommon trap: reason=bimorphic action=maybe_recompile pc=0x0000000004bfa4fc method=java.util.concurrent.ConcurrentHashMap.computeIfAbsent(Ljava/lang/Object;Ljava/util/function/Function;)Ljava/lang/Object; @ 17
Event: 17.860 Thread 0x000000001a2c7800 Uncommon trap: reason=bimorphic action=maybe_recompile pc=0x0000000004bfa4fc method=java.util.concurrent.ConcurrentHashMap.computeIfAbsent(Ljava/lang/Object;Ljava/util/function/Function;)Ljava/lang/Object; @ 17
Event: 17.860 Thread 0x000000001a2c9800 Uncommon trap: reason=bimorphic action=maybe_recompile pc=0x0000000004bfa4fc method=java.util.concurrent.ConcurrentHashMap.computeIfAbsent(Ljava/lang/Object;Ljava/util/function/Function;)Ljava/lang/Object; @ 17
Event: 17.870 Thread 0x000000001a2ca800 Uncommon trap: reason=unstable_if action=reinterpret pc=0x000000000336522c method=java.util.WeakHashMap.remove(Ljava/lang/Object;)Ljava/lang/Object; @ 94
Event: 17.871 Thread 0x000000001a2cc000 Uncommon trap: reason=speculate_class_check action=maybe_recompile pc=0x0000000003f0faa0 method=java.util.HashMap.putVal(ILjava/lang/Object;Ljava/lang/Object;ZZ)Ljava/lang/Object; @ 152
Event: 17.952 Thread 0x000000001a2ca800 Uncommon trap: reason=speculate_class_check action=maybe_recompile pc=0x0000000003f0faa0 method=java.util.HashMap.putVal(ILjava/lang/Object;Ljava/lang/Object;ZZ)Ljava/lang/Object; @ 152
Event: 17.982 Thread 0x000000001a2c7800 Uncommon trap: reason=unstable_if action=reinterpret pc=0x0000000003bdb548 method=java.lang.Integer.equals(Ljava/lang/Object;)Z @ 18
Event: 18.028 Thread 0x000000001a2c7800 Uncommon trap: reason=bimorphic action=maybe_recompile pc=0x00000000036dd7a0 method=com.android.tools.r8.s.a.a.a.B.hash(Ljava/lang/Object;)I @ 8
Event: 18.028 Thread 0x000000001a2c7800 Uncommon trap: reason=bimorphic action=maybe_recompile pc=0x00000000036dd7a0 method=com.android.tools.r8.s.a.a.a.B.hash(Ljava/lang/Object;)I @ 8

Classes redefined (0 events):
No events

Internal exceptions (10 events):
Event: 16.524 Thread 0x000000001a2c4800 Exception <a 'sun/nio/fs/WindowsException'> (0x00000000edcace50) thrown at [D:\src\AOSP-openjdk-cygwin\jdk8u\hotspot\src\share\vm\prims\jni.cpp, line 710]
Event: 16.541 Thread 0x000000001a2bd800 Exception <a 'sun/nio/fs/WindowsException'> (0x00000000edd074a0) thrown at [D:\src\AOSP-openjdk-cygwin\jdk8u\hotspot\src\share\vm\prims\jni.cpp, line 710]
Event: 17.206 Thread 0x0000000019b20000 Exception <a 'java/lang/NoSuchMethodError': <clinit>> (0x00000000ecdd68d0) thrown at [D:\src\AOSP-openjdk-cygwin\jdk8u\hotspot\src\share\vm\prims\jni.cpp, line 1614]
Event: 17.210 Thread 0x0000000019b20000 Exception <a 'java/lang/NoSuchMethodError': <clinit>> (0x00000000ecdf2fd8) thrown at [D:\src\AOSP-openjdk-cygwin\jdk8u\hotspot\src\share\vm\prims\jni.cpp, line 1614]
Event: 17.325 Thread 0x000000001a2cc000 Exception <a 'sun/nio/fs/WindowsException'> (0x00000000ed55a028) thrown at [D:\src\AOSP-openjdk-cygwin\jdk8u\hotspot\src\share\vm\prims\jni.cpp, line 710]
Event: 17.347 Thread 0x000000001a2ca800 Exception <a 'sun/nio/fs/WindowsException'> (0x00000000edda6b18) thrown at [D:\src\AOSP-openjdk-cygwin\jdk8u\hotspot\src\share\vm\prims\jni.cpp, line 710]
Event: 17.391 Thread 0x000000001a2c7800 Exception <a 'sun/nio/fs/WindowsException'> (0x00000000ee07ba00) thrown at [D:\src\AOSP-openjdk-cygwin\jdk8u\hotspot\src\share\vm\prims\jni.cpp, line 710]
Event: 17.895 Thread 0x000000001a2c7800 Exception <a 'java/lang/NoSuchMethodError': java.lang.Object.lambda$maxBy$1(Ljava/util/Comparator;Ljava/lang/Object;Ljava/lang/Object;)Ljava/lang/Object;> (0x00000000e2c4d6d8) thrown at [D:\src\AOSP-openjdk-cygwin\jdk8u\hotspot\src\share\vm\interpreter\li
Event: 17.895 Thread 0x000000001a2c9000 Exception <a 'java/lang/NoSuchMethodError': java.lang.Object.lambda$maxBy$1(Ljava/util/Comparator;Ljava/lang/Object;Ljava/lang/Object;)Ljava/lang/Object;> (0x00000000e2a0d9e8) thrown at [D:\src\AOSP-openjdk-cygwin\jdk8u\hotspot\src\share\vm\interpreter\li
Event: 17.895 Thread 0x000000001a2c9800 Exception <a 'java/lang/NoSuchMethodError': java.lang.Object.lambda$maxBy$1(Ljava/util/Comparator;Ljava/lang/Object;Ljava/lang/Object;)Ljava/lang/Object;> (0x00000000e2b23080) thrown at [D:\src\AOSP-openjdk-cygwin\jdk8u\hotspot\src\share\vm\interpreter\li

Events (10 events):
Event: 18.025 loading class com/android/tools/r8/s/a/a/b/f$i
Event: 18.025 loading class com/android/tools/r8/s/a/a/b/f$i done
Event: 18.027 loading class com/android/tools/r8/u/c/M$e
Event: 18.027 loading class com/android/tools/r8/u/c/M$e done
Event: 18.028 Thread 0x000000001a2c7800 Uncommon trap: trap_request=0xffffffc6 fr.pc=0x00000000036dd7a0
Event: 18.028 Thread 0x000000001a2c7800 DEOPT PACKING pc=0x00000000036dd7a0 sp=0x0000000027e3da00
Event: 18.028 Thread 0x000000001a2c7800 DEOPT UNPACKING pc=0x0000000002da557b sp=0x0000000027e3d948 mode 2
Event: 18.028 Thread 0x000000001a2c7800 Uncommon trap: trap_request=0xffffffc6 fr.pc=0x00000000036dd7a0
Event: 18.028 Thread 0x000000001a2c7800 DEOPT PACKING pc=0x00000000036dd7a0 sp=0x0000000027e3d9d0
Event: 18.028 Thread 0x000000001a2c7800 DEOPT UNPACKING pc=0x0000000002da557b sp=0x0000000027e3d918 mode 2


Dynamic libraries:
0x00007ff668d70000 - 0x00007ff668da1000 	C:\Program Files\Android\Android Studio\jre\bin\java.exe
0x00007ffc86040000 - 0x00007ffc86230000 	C:\WINDOWS\SYSTEM32\ntdll.dll
0x00007ffc853c0000 - 0x00007ffc85472000 	C:\WINDOWS\System32\KERNEL32.DLL
0x00007ffc82fd0000 - 0x00007ffc83274000 	C:\WINDOWS\System32\KERNELBASE.dll
0x00007ffc84420000 - 0x00007ffc844c3000 	C:\WINDOWS\System32\ADVAPI32.dll
0x00007ffc841f0000 - 0x00007ffc8428e000 	C:\WINDOWS\System32\msvcrt.dll
0x00007ffc84e50000 - 0x00007ffc84ee7000 	C:\WINDOWS\System32\sechost.dll
0x00007ffc84290000 - 0x00007ffc843b0000 	C:\WINDOWS\System32\RPCRT4.dll
0x00007ffc85630000 - 0x00007ffc857c4000 	C:\WINDOWS\System32\USER32.dll
0x00007ffc83320000 - 0x00007ffc83341000 	C:\WINDOWS\System32\win32u.dll
0x00007ffc84bd0000 - 0x00007ffc84bf6000 	C:\WINDOWS\System32\GDI32.dll
0x00007ffc83b30000 - 0x00007ffc83cc4000 	C:\WINDOWS\System32\gdi32full.dll
0x00007ffc83280000 - 0x00007ffc8331e000 	C:\WINDOWS\System32\msvcp_win.dll
0x00007ffc83f50000 - 0x00007ffc8404a000 	C:\WINDOWS\System32\ucrtbase.dll
0x00007ffc6b470000 - 0x00007ffc6b6f4000 	C:\WINDOWS\WinSxS\amd64_microsoft.windows.common-controls_6595b64144ccf1df_6.0.18362.836_none_e6c4b943130f18ed\COMCTL32.dll
0x00007ffc85080000 - 0x00007ffc853b6000 	C:\WINDOWS\System32\combase.dll
0x00007ffc83cd0000 - 0x00007ffc83d50000 	C:\WINDOWS\System32\bcryptPrimitives.dll
0x00007ffc84e20000 - 0x00007ffc84e4e000 	C:\WINDOWS\System32\IMM32.DLL
0x000000006ab10000 - 0x000000006abe2000 	C:\Program Files\Android\Android Studio\jre\jre\bin\msvcr100.dll
0x000000006ad10000 - 0x000000006b556000 	C:\Program Files\Android\Android Studio\jre\jre\bin\server\jvm.dll
0x00007ffc84bc0000 - 0x00007ffc84bc8000 	C:\WINDOWS\System32\PSAPI.DLL
0x00007ffc76830000 - 0x00007ffc7683a000 	C:\WINDOWS\SYSTEM32\VERSION.dll
0x00007ffc7ce30000 - 0x00007ffc7ce54000 	C:\WINDOWS\SYSTEM32\WINMM.dll
0x00007ffc723e0000 - 0x00007ffc723e9000 	C:\WINDOWS\SYSTEM32\WSOCK32.dll
0x00007ffc843b0000 - 0x00007ffc8441f000 	C:\WINDOWS\System32\WS2_32.dll
0x00007ffc7cb30000 - 0x00007ffc7cb5d000 	C:\WINDOWS\SYSTEM32\WINMMBASE.dll
0x00007ffc84080000 - 0x00007ffc840ca000 	C:\WINDOWS\System32\cfgmgr32.dll
0x00007ffc7d840000 - 0x00007ffc7d84f000 	C:\Program Files\Android\Android Studio\jre\jre\bin\verify.dll
0x00007ffc6bbc0000 - 0x00007ffc6bbe9000 	C:\Program Files\Android\Android Studio\jre\jre\bin\java.dll
0x00007ffc68c70000 - 0x00007ffc68c86000 	C:\Program Files\Android\Android Studio\jre\jre\bin\zip.dll
0x00007ffc844d0000 - 0x00007ffc84bb4000 	C:\WINDOWS\System32\SHELL32.dll
0x00007ffc84f00000 - 0x00007ffc84fa9000 	C:\WINDOWS\System32\shcore.dll
0x00007ffc83350000 - 0x00007ffc83ace000 	C:\WINDOWS\System32\windows.storage.dll
0x00007ffc82f30000 - 0x00007ffc82f53000 	C:\WINDOWS\System32\profapi.dll
0x00007ffc82f80000 - 0x00007ffc82fca000 	C:\WINDOWS\System32\powrprof.dll
0x00007ffc82f00000 - 0x00007ffc82f10000 	C:\WINDOWS\System32\UMPDC.dll
0x00007ffc84d50000 - 0x00007ffc84da2000 	C:\WINDOWS\System32\shlwapi.dll
0x00007ffc82f10000 - 0x00007ffc82f21000 	C:\WINDOWS\System32\kernel.appcore.dll
0x00007ffc840d0000 - 0x00007ffc840e7000 	C:\WINDOWS\System32\cryptsp.dll
0x00007ffc68c50000 - 0x00007ffc68c6a000 	C:\Program Files\Android\Android Studio\jre\jre\bin\net.dll
0x00007ffc6e990000 - 0x00007ffc6eb66000 	C:\WINDOWS\SYSTEM32\urlmon.dll
0x00007ffc6e190000 - 0x00007ffc6e436000 	C:\WINDOWS\SYSTEM32\iertutil.dll
0x00007ffc82940000 - 0x00007ffc8294c000 	C:\WINDOWS\SYSTEM32\CRYPTBASE.DLL
0x00007ffc82770000 - 0x00007ffc827d7000 	C:\WINDOWS\system32\mswsock.dll
0x00007ffc68c30000 - 0x00007ffc68c43000 	C:\Program Files\Android\Android Studio\jre\jre\bin\nio.dll
0x00007ffc59060000 - 0x00007ffc59086000 	C:\Users\kmydt\.gradle\native\30\windows-amd64\native-platform.dll
0x00007ffc7d500000 - 0x00007ffc7d50d000 	C:\Program Files\Android\Android Studio\jre\jre\bin\management.dll
0x00007ffc822e0000 - 0x00007ffc82313000 	C:\WINDOWS\system32\rsaenh.dll
0x00007ffc84050000 - 0x00007ffc84076000 	C:\WINDOWS\System32\bcrypt.dll
0x00007ffc82e20000 - 0x00007ffc82e45000 	C:\WINDOWS\SYSTEM32\USERENV.dll
0x00007ffc82480000 - 0x00007ffc824ba000 	C:\WINDOWS\SYSTEM32\IPHLPAPI.DLL
0x00007ffc84ef0000 - 0x00007ffc84ef8000 	C:\WINDOWS\System32\NSI.dll
0x00007ffc7c320000 - 0x00007ffc7c336000 	C:\WINDOWS\SYSTEM32\dhcpcsvc6.DLL
0x00007ffc7c2f0000 - 0x00007ffc7c30c000 	C:\WINDOWS\SYSTEM32\dhcpcsvc.DLL
0x00007ffc824c0000 - 0x00007ffc8258b000 	C:\WINDOWS\SYSTEM32\DNSAPI.dll

VM Arguments:
jvm_args: -Xmx1536m -Dfile.encoding=x-windows-949 -Duser.country=KR -Duser.language=ko -Duser.variant 
java_command: org.gradle.launcher.daemon.bootstrap.GradleDaemon 5.6.4
java_class_path (initial): C:\Users\kmydt\.gradle\wrapper\dists\gradle-5.6.4-all\ankdp27end7byghfw1q2sw75f\gradle-5.6.4\lib\gradle-launcher-5.6.4.jar
Launcher Type: SUN_STANDARD

Environment Variables:
JAVA_HOME=C:\Program Files\Java\jdk-13.0.2
PATH=C:\Program_Oracle\product\11.2.0\dbhome_1\bin;C:\Program Files\Java\jdk-13.0.2\bin;C:\Program Files (x86)\Common Files\Oracle\Java\javapath;C:\Program Files (x86)\Intel\iCLS Client\;C:\Program Files\Intel\iCLS Client\;C:\WINDOWS\system32;C:\WINDOWS;C:\WINDOWS\System32\Wbem;C:\WINDOWS\System32\WindowsPowerShell\v1.0\;C:\Program Files (x86)\Intel\Intel(R) Management Engine Components\DAL;C:\Program Files\Intel\Intel(R) Management Engine Components\DAL;C:\Program Files (x86)\Intel\Intel(R) Management Engine Components\IPT;C:\Program Files\Intel\Intel(R) Management Engine Components\IPT;C:\Program Files\Intel\WiFi\bin\;C:\Program Files\Common Files\Intel\WirelessCommon\;C:\WINDOWS\System32\OpenSSH\;C:\Program Files\Java\jdk-11.0.2\bin;C:\Program Files\PuTTY\;C:\Program Files\Git\cmd;C:\Users\kmydt\AppData\Local\Programs\Python\Python37-32\Scripts\;C:\Users\kmydt\AppData\Local\Programs\Python\Python37-32\;C:\Users\kmydt\AppData\Local\Microsoft\WindowsApps;;C:\Program Files\Microsoft VS Code\bin;C:\Program Files\JetBrains\PyCharm Community Edition 2019.1.2\bin;
USERNAME=kmydt
OS=Windows_NT
PROCESSOR_IDENTIFIER=Intel64 Family 6 Model 142 Stepping 10, GenuineIntel



---------------  S Y S T E M  ---------------

OS: Windows 10.0 , 64 bit Build 18362 (10.0.18362.778)

CPU:total 8 (initial active 8) (4 cores per cpu, 2 threads per core) family 6 model 142 stepping 10, cmov, cx8, fxsr, mmx, sse, sse2, sse3, ssse3, sse4.1, sse4.2, popcnt, avx, avx2, aes, clmul, erms, 3dnowpref, lzcnt, ht, tsc, tscinvbit, bmi1, bmi2, adx

Memory: 4k page, physical 16606548k(5548508k free), swap 16606548k(5840k free)

vm_info: OpenJDK 64-Bit Server VM (25.212-b04) for windows-amd64 JRE (1.8.0_212-release-1586-b04), built by "builder" with MS VC++ 10.0 (VS2010)

time: Fri May 22 15:50:09 2020
timezone: 대한민국 표준시
elapsed time: 18 seconds (0d 0h 0m 18s)

