#
# There is insufficient memory for the Java Runtime Environment to continue.
# Native memory allocation (malloc) failed to allocate 131088 bytes for Chunk::new
# Possible reasons:
#   The system is out of physical RAM or swap space
#   The process is running with CompressedOops enabled, and the Java Heap may be blocking the growth of the native heap
# Possible solutions:
#   Reduce memory load on the system
#   Increase physical memory or swap space
#   Check if swap backing store is full
#   Decrease Java heap size (-Xmx/-Xms)
#   Decrease number of Java threads
#   Decrease Java thread stack sizes (-Xss)
#   Set larger code cache with -XX:ReservedCodeCacheSize=
#   JVM is running with Zero Based Compressed Oops mode in which the Java heap is
#     placed in the first 32GB address space. The Java Heap base address is the
#     maximum limit for the native heap growth. Please use -XX:HeapBaseMinAddress
#     to set the Java Heap base and to place the Java Heap above 32GB virtual address.
# This output file may be truncated or incomplete.
#
#  Out of Memory Error (allocation.cpp:389), pid=36664, tid=0x0000000000008c88
#
# JRE version: OpenJDK Runtime Environment (8.0_212-b04) (build 1.8.0_212-release-1586-b04)
# Java VM: OpenJDK 64-Bit Server VM (25.212-b04 mixed mode windows-amd64 compressed oops)
# Failed to write core dump. Minidumps are not enabled by default on client versions of Windows
#

---------------  T H R E A D  ---------------

Current thread (0x000000001ec00000):  JavaThread "C2 CompilerThread1" daemon [_thread_in_native, id=35976, stack(0x000000001f4f0000,0x000000001f5f0000)]

Stack: [0x000000001f4f0000,0x000000001f5f0000]
[error occurred during error reporting (printing stack bounds), id 0xc0000005]

Native frames: (J=compiled Java code, j=interpreted, Vv=VM code, C=native code)


Current CompileTask:
C2:   5579 2668       4       org.jetbrains.kotlin.parsing.AbstractKotlinParsing::advance (10 bytes)


---------------  P R O C E S S  ---------------

Java Threads: ( => current thread )
  0x000000001ec95000 JavaThread "Service Thread" daemon [_thread_blocked, id=46528, stack(0x000000001f7f0000,0x000000001f8f0000)]
  0x000000001ec08000 JavaThread "C1 CompilerThread3" daemon [_thread_in_native, id=36580, stack(0x000000001f6f0000,0x000000001f7f0000)]
  0x000000001ec04800 JavaThread "C2 CompilerThread2" daemon [_thread_in_native, id=46884, stack(0x000000001f5f0000,0x000000001f6f0000)]
=>0x000000001ec00000 JavaThread "C2 CompilerThread1" daemon [_thread_in_native, id=35976, stack(0x000000001f4f0000,0x000000001f5f0000)]
  0x000000001ebfb800 JavaThread "C2 CompilerThread0" daemon [_thread_in_native, id=6768, stack(0x000000001f3f0000,0x000000001f4f0000)]
  0x000000001eba6800 JavaThread "Attach Listener" daemon [_thread_blocked, id=45744, stack(0x000000001f2f0000,0x000000001f3f0000)]
  0x000000001eba6000 JavaThread "Signal Dispatcher" daemon [_thread_blocked, id=46800, stack(0x000000001f1f0000,0x000000001f2f0000)]
  0x000000001cda3800 JavaThread "Finalizer" daemon [_thread_blocked, id=42228, stack(0x000000001f060000,0x000000001f160000)]
  0x000000001eb80800 JavaThread "Reference Handler" daemon [_thread_blocked, id=46704, stack(0x000000001ef60000,0x000000001f060000)]
  0x00000000032b9800 JavaThread "main" [_thread_in_Java, id=28608, stack(0x00000000031b0000,0x00000000032b0000)]

Other Threads:
  0x00000000033ae800 VMThread [stack: 0x000000001ea60000,0x000000001eb60000] [id=34812]
  0x000000001ec96000 WatcherThread [stack: 0x000000001f8f0000,0x000000001f9f0000] [id=46120]

VM state:not at safepoint (normal execution)

VM Mutex/Monitor currently owned by a thread: None

heap address: 0x00000006c2800000, size: 4056 MB, Compressed Oops mode: Zero based, Oop shift amount: 3
Narrow klass base: 0x0000000000000000, Narrow klass shift: 3
Compressed class space size: 1073741824 Address: 0x00000007c0000000

Heap:
 PSYoungGen      total 75776K, used 37101K [0x000000076b800000, 0x0000000772800000, 0x00000007c0000000)
  eden space 65024K, 40% used [0x000000076b800000,0x000000076d1bc938,0x000000076f780000)
  from space 10752K, 99% used [0x000000076f780000,0x00000007701fee90,0x0000000770200000)
  to   space 10752K, 0% used [0x0000000771d80000,0x0000000771d80000,0x0000000772800000)
 ParOldGen       total 114176K, used 14806K [0x00000006c2800000, 0x00000006c9780000, 0x000000076b800000)
  object space 114176K, 12% used [0x00000006c2800000,0x00000006c3675980,0x00000006c9780000)
 Metaspace       used 34451K, capacity 34963K, committed 35248K, reserved 1079296K
  class space    used 4386K, capacity 4515K, committed 4528K, reserved 1048576K

Card table byte_map: [0x0000000012770000,0x0000000012f60000] byte_map_base: 0x000000000f15c000

Marking Bits: (ParMarkBitMap*) 0x00000000677c9f30
 Begin Bits: [0x0000000013cb0000, 0x0000000017c10000)
 End Bits:   [0x0000000017c10000, 0x000000001bb70000)

Polling page: 0x0000000001500000

CodeCache: size=245760Kb used=7988Kb max_used=7988Kb free=237771Kb
 bounds [0x00000000033b0000, 0x0000000003b90000, 0x00000000123b0000]
 total_blobs=3131 nmethods=2698 adapters=346
 compilation: enabled

Compilation events (10 events):
Event: 5.573 Thread 0x000000001ec08000 2689       3       org.jetbrains.kotlin.parsing.KotlinParsing::parseModifierList (29 bytes)
Event: 5.573 Thread 0x000000001ec08000 nmethod 2689 0x0000000003b7bc10 code [0x0000000003b7bda0, 0x0000000003b7c048]
Event: 5.573 Thread 0x000000001ec08000 2690       3       org.jetbrains.kotlin.parsing.KotlinParsing::tryParseModifier (95 bytes)
Event: 5.574 Thread 0x000000001ebfb800 2693       4       org.jetbrains.kotlin.com.intellij.lang.impl.PsiBuilderImpl::skipWhitespace (98 bytes)
Event: 5.574 Thread 0x000000001ec08000 nmethod 2690 0x0000000003b7efd0 code [0x0000000003b7f280, 0x0000000003b80448]
Event: 5.574 Thread 0x000000001ec08000 2691       3       org.jetbrains.kotlin.com.intellij.util.text.ImmutableText$Leaf8BitNode::getChars (66 bytes)
Event: 5.575 Thread 0x000000001ec08000 nmethod 2691 0x0000000003b76e90 code [0x0000000003b77040, 0x0000000003b77558]
Event: 5.575 Thread 0x000000001ec08000 2694       3       org.jetbrains.kotlin.parsing.KotlinParsing::doParseModifierListBody (135 bytes)
Event: 5.576 Thread 0x000000001ec08000 nmethod 2694 0x0000000003b7ca90 code [0x0000000003b7cd00, 0x0000000003b7d9c8]
Event: 5.576 Thread 0x000000001ec08000 2692       3       org.jetbrains.kotlin.parsing.SemanticWhitespaceAwarePsiBuilderImpl::disableJoiningComplexTokens (12 bytes)

GC Heap History (8 events):
Event: 1.566 GC heap before
{Heap before GC invocations=1 (full 0):
 PSYoungGen      total 75776K, used 65024K [0x000000076b800000, 0x0000000770c80000, 0x00000007c0000000)
  eden space 65024K, 100% used [0x000000076b800000,0x000000076f780000,0x000000076f780000)
  from space 10752K, 0% used [0x0000000770200000,0x0000000770200000,0x0000000770c80000)
  to   space 10752K, 0% used [0x000000076f780000,0x000000076f780000,0x0000000770200000)
 ParOldGen       total 173568K, used 0K [0x00000006c2800000, 0x00000006cd180000, 0x000000076b800000)
  object space 173568K, 0% used [0x00000006c2800000,0x00000006c2800000,0x00000006cd180000)
 Metaspace       used 15666K, capacity 16002K, committed 16256K, reserved 1062912K
  class space    used 1828K, capacity 1911K, committed 1920K, reserved 1048576K
Event: 1.582 GC heap after
Heap after GC invocations=1 (full 0):
 PSYoungGen      total 75776K, used 10738K [0x000000076b800000, 0x0000000770c80000, 0x00000007c0000000)
  eden space 65024K, 0% used [0x000000076b800000,0x000000076b800000,0x000000076f780000)
  from space 10752K, 99% used [0x000000076f780000,0x00000007701fcb48,0x0000000770200000)
  to   space 10752K, 0% used [0x0000000770200000,0x0000000770200000,0x0000000770c80000)
 ParOldGen       total 173568K, used 4885K [0x00000006c2800000, 0x00000006cd180000, 0x000000076b800000)
  object space 173568K, 2% used [0x00000006c2800000,0x00000006c2cc54b8,0x00000006cd180000)
 Metaspace       used 15666K, capacity 16002K, committed 16256K, reserved 1062912K
  class space    used 1828K, capacity 1911K, committed 1920K, reserved 1048576K
}
Event: 1.935 GC heap before
{Heap before GC invocations=2 (full 0):
 PSYoungGen      total 75776K, used 29581K [0x000000076b800000, 0x0000000770c80000, 0x00000007c0000000)
  eden space 65024K, 28% used [0x000000076b800000,0x000000076ca66b20,0x000000076f780000)
  from space 10752K, 99% used [0x000000076f780000,0x00000007701fcb48,0x0000000770200000)
  to   space 10752K, 0% used [0x0000000770200000,0x0000000770200000,0x0000000770c80000)
 ParOldGen       total 173568K, used 4885K [0x00000006c2800000, 0x00000006cd180000, 0x000000076b800000)
  object space 173568K, 2% used [0x00000006c2800000,0x00000006c2cc54b8,0x00000006cd180000)
 Metaspace       used 20669K, capacity 21034K, committed 21296K, reserved 1069056K
  class space    used 2449K, capacity 2589K, committed 2608K, reserved 1048576K
Event: 1.945 GC heap after
Heap after GC invocations=2 (full 0):
 PSYoungGen      total 75776K, used 9674K [0x000000076b800000, 0x0000000770c80000, 0x00000007c0000000)
  eden space 65024K, 0% used [0x000000076b800000,0x000000076b800000,0x000000076f780000)
  from space 10752K, 89% used [0x0000000770200000,0x0000000770b72ab0,0x0000000770c80000)
  to   space 10752K, 0% used [0x000000076f780000,0x000000076f780000,0x0000000770200000)
 ParOldGen       total 173568K, used 4965K [0x00000006c2800000, 0x00000006cd180000, 0x000000076b800000)
  object space 173568K, 2% used [0x00000006c2800000,0x00000006c2cd94c8,0x00000006cd180000)
 Metaspace       used 20669K, capacity 21034K, committed 21296K, reserved 1069056K
  class space    used 2449K, capacity 2589K, committed 2608K, reserved 1048576K
}
Event: 1.945 GC heap before
{Heap before GC invocations=3 (full 1):
 PSYoungGen      total 75776K, used 9674K [0x000000076b800000, 0x0000000770c80000, 0x00000007c0000000)
  eden space 65024K, 0% used [0x000000076b800000,0x000000076b800000,0x000000076f780000)
  from space 10752K, 89% used [0x0000000770200000,0x0000000770b72ab0,0x0000000770c80000)
  to   space 10752K, 0% used [0x000000076f780000,0x000000076f780000,0x0000000770200000)
 ParOldGen       total 173568K, used 4965K [0x00000006c2800000, 0x00000006cd180000, 0x000000076b800000)
  object space 173568K, 2% used [0x00000006c2800000,0x00000006c2cd94c8,0x00000006cd180000)
 Metaspace       used 20669K, capacity 21034K, committed 21296K, reserved 1069056K
  class space    used 2449K, capacity 2589K, committed 2608K, reserved 1048576K
Event: 1.983 GC heap after
Heap after GC invocations=3 (full 1):
 PSYoungGen      total 75776K, used 0K [0x000000076b800000, 0x0000000770c80000, 0x00000007c0000000)
  eden space 65024K, 0% used [0x000000076b800000,0x000000076b800000,0x000000076f780000)
  from space 10752K, 0% used [0x0000000770200000,0x0000000770200000,0x0000000770c80000)
  to   space 10752K, 0% used [0x000000076f780000,0x000000076f780000,0x0000000770200000)
 ParOldGen       total 114176K, used 9329K [0x00000006c2800000, 0x00000006c9780000, 0x000000076b800000)
  object space 114176K, 8% used [0x00000006c2800000,0x00000006c311c410,0x00000006c9780000)
 Metaspace       used 20669K, capacity 21034K, committed 21296K, reserved 1069056K
  class space    used 2449K, capacity 2589K, committed 2608K, reserved 1048576K
}
Event: 4.368 GC heap before
{Heap before GC invocations=4 (full 1):
 PSYoungGen      total 75776K, used 65024K [0x000000076b800000, 0x0000000770c80000, 0x00000007c0000000)
  eden space 65024K, 100% used [0x000000076b800000,0x000000076f780000,0x000000076f780000)
  from space 10752K, 0% used [0x0000000770200000,0x0000000770200000,0x0000000770c80000)
  to   space 10752K, 0% used [0x000000076f780000,0x000000076f780000,0x0000000770200000)
 ParOldGen       total 114176K, used 9329K [0x00000006c2800000, 0x00000006c9780000, 0x000000076b800000)
  object space 114176K, 8% used [0x00000006c2800000,0x00000006c311c410,0x00000006c9780000)
 Metaspace       used 29406K, capacity 29955K, committed 30128K, reserved 1075200K
  class space    used 3567K, capacity 3732K, committed 3760K, reserved 1048576K
Event: 4.382 GC heap after
Heap after GC invocations=4 (full 1):
 PSYoungGen      total 75776K, used 10747K [0x000000076b800000, 0x0000000772800000, 0x00000007c0000000)
  eden space 65024K, 0% used [0x000000076b800000,0x000000076b800000,0x000000076f780000)
  from space 10752K, 99% used [0x000000076f780000,0x00000007701fee90,0x0000000770200000)
  to   space 10752K, 0% used [0x0000000771d80000,0x0000000771d80000,0x0000000772800000)
 ParOldGen       total 114176K, used 14806K [0x00000006c2800000, 0x00000006c9780000, 0x000000076b800000)
  object space 114176K, 12% used [0x00000006c2800000,0x00000006c3675980,0x00000006c9780000)
 Metaspace       used 29406K, capacity 29955K, committed 30128K, reserved 1075200K
  class space    used 3567K, capacity 3732K, committed 3760K, reserved 1048576K
}

Deoptimization events (10 events):
Event: 4.927 Thread 0x00000000032b9800 Uncommon trap: reason=unstable_if action=reinterpret pc=0x00000000036039c0 method=sun.net.www.ParseUtil.encodePath(Ljava/lang/String;Z)Ljava/lang/String; @ 81
Event: 4.971 Thread 0x00000000032b9800 Uncommon trap: reason=class_check action=maybe_recompile pc=0x00000000038ae7d4 method=gnu.trove.TObjectHash.equals(Ljava/lang/Object;Ljava/lang/Object;)Z @ 6
Event: 4.994 Thread 0x00000000032b9800 Uncommon trap: reason=class_check action=maybe_recompile pc=0x00000000038a0a00 method=org.jetbrains.kotlin.com.intellij.util.text.ByteArrayCharSequence.toBytesIfPossible(Ljava/lang/CharSequence;)[B @ 16
Event: 5.372 Thread 0x00000000032b9800 Uncommon trap: reason=class_check action=maybe_recompile pc=0x00000000038a0a00 method=org.jetbrains.kotlin.com.intellij.util.text.ByteArrayCharSequence.toBytesIfPossible(Ljava/lang/CharSequence;)[B @ 16
Event: 5.373 Thread 0x00000000032b9800 Uncommon trap: reason=unstable_if action=reinterpret pc=0x0000000003aaf93c method=org.jetbrains.kotlin.com.intellij.util.text.ByteArrayCharSequence.toBytesIfPossible(Ljava/lang/CharSequence;)[B @ 80
Event: 5.373 Thread 0x00000000032b9800 Uncommon trap: reason=unstable_if action=reinterpret pc=0x0000000003aef638 method=org.jetbrains.kotlin.com.intellij.util.text.ImmutableText.charAt(I)C @ 6
Event: 5.413 Thread 0x00000000032b9800 Uncommon trap: reason=class_check action=maybe_recompile pc=0x00000000038a0a00 method=org.jetbrains.kotlin.com.intellij.util.text.ByteArrayCharSequence.toBytesIfPossible(Ljava/lang/CharSequence;)[B @ 16
Event: 5.428 Thread 0x00000000032b9800 Uncommon trap: reason=class_check action=maybe_recompile pc=0x00000000038a0a00 method=org.jetbrains.kotlin.com.intellij.util.text.ByteArrayCharSequence.toBytesIfPossible(Ljava/lang/CharSequence;)[B @ 16
Event: 5.488 Thread 0x00000000032b9800 Uncommon trap: reason=unstable_if action=reinterpret pc=0x0000000003b228fc method=org.jetbrains.kotlin.parsing.SemanticWhitespaceAwarePsiBuilderImpl.getJoinedTokenType(Lorg/jetbrains/kotlin/com/intellij/psi/tree/IElementType;I)Lorg/jetbrains/kotlin/com/in
Event: 5.489 Thread 0x00000000032b9800 Uncommon trap: reason=unstable_if action=reinterpret pc=0x0000000003b1a540 method=org.jetbrains.kotlin.parsing.SemanticWhitespaceAwarePsiBuilderImpl.getJoinedTokenType(Lorg/jetbrains/kotlin/com/intellij/psi/tree/IElementType;I)Lorg/jetbrains/kotlin/com/in

Classes redefined (0 events):
No events

Internal exceptions (10 events):
Event: 1.526 Thread 0x00000000032b9800 Implicit null exception at 0x000000000360456f to 0x00000000036045d9
Event: 1.614 Thread 0x00000000032b9800 Exception <a 'java/lang/NoSuchMethodError': java.lang.Object.lambda$comparing$77a9974f$1(Ljava/util/function/Function;Ljava/lang/Object;Ljava/lang/Object;)I> (0x000000076b9b99c8) thrown at [D:\src\AOSP-openjdk-cygwin\jdk8u\hotspot\src\share\vm\interpreter
Event: 1.632 Thread 0x00000000032b9800 Exception <a 'java/lang/NoSuchMethodError': java.lang.Object.lambda$static$0()J> (0x000000076bab1c18) thrown at [D:\src\AOSP-openjdk-cygwin\jdk8u\hotspot\src\share\vm\interpreter\linkResolver.cpp, line 620]
Event: 1.795 Thread 0x00000000032b9800 Exception <a 'java/lang/NoSuchMethodError': java.lang.Object.lambda$static$0(I)[Lorg/jetbrains/kotlin/com/intellij/openapi/editor/event/DocumentListener;> (0x000000076c295b88) thrown at [D:\src\AOSP-openjdk-cygwin\jdk8u\hotspot\src\share\vm\interpreter\li
Event: 1.838 Thread 0x00000000032b9800 Exception <a 'java/lang/NoSuchMethodError': java.lang.Object.lambda$static$0(I)[Lorg/jetbrains/kotlin/com/intellij/psi/PsiAnnotation;> (0x000000076c49ce90) thrown at [D:\src\AOSP-openjdk-cygwin\jdk8u\hotspot\src\share\vm\interpreter\linkResolver.cpp, line
Event: 1.926 Thread 0x00000000032b9800 Exception <a 'java/lang/NoSuchMethodError': java.lang.Object.lambda$static$0(I)[Lorg/jetbrains/kotlin/com/intellij/psi/PsiElement;> (0x000000076c9cb8d8) thrown at [D:\src\AOSP-openjdk-cygwin\jdk8u\hotspot\src\share\vm\interpreter\linkResolver.cpp, line 62
Event: 3.978 Thread 0x00000000032b9800 Exception <a 'java/lang/ArrayIndexOutOfBoundsException': 126> (0x000000076e6a5698) thrown at [D:\src\AOSP-openjdk-cygwin\jdk8u\hotspot\src\share\vm\interpreter\interpreterRuntime.cpp, line 368]
Event: 3.978 Thread 0x00000000032b9800 Exception <a 'java/lang/ArrayIndexOutOfBoundsException': 86> (0x000000076e6a6b20) thrown at [D:\src\AOSP-openjdk-cygwin\jdk8u\hotspot\src\share\vm\interpreter\interpreterRuntime.cpp, line 368]
Event: 5.334 Thread 0x00000000032b9800 Exception <a 'java/lang/NoSuchMethodError': java.lang.Object.lambda$static$0(I)[Lorg/jetbrains/kotlin/psi/KtExpression;> (0x000000076cece9e0) thrown at [D:\src\AOSP-openjdk-cygwin\jdk8u\hotspot\src\share\vm\interpreter\linkResolver.cpp, line 620]
Event: 5.373 Thread 0x00000000032b9800 Implicit null exception at 0x0000000003aef550 to 0x0000000003aef621

Events (10 events):
Event: 5.428 Thread 0x00000000032b9800 DEOPT PACKING pc=0x00000000038a0a00 sp=0x00000000032ad070
Event: 5.428 Thread 0x00000000032b9800 DEOPT UNPACKING pc=0x00000000033f557b sp=0x00000000032ad018 mode 2
Event: 5.488 Thread 0x00000000032b9800 Uncommon trap: trap_request=0xffffff65 fr.pc=0x0000000003b228fc
Event: 5.488 Thread 0x00000000032b9800 DEOPT PACKING pc=0x0000000003b228fc sp=0x00000000032acbd0
Event: 5.488 Thread 0x00000000032b9800 DEOPT UNPACKING pc=0x00000000033f557b sp=0x00000000032acb38 mode 2
Event: 5.489 Thread 0x00000000032b9800 Uncommon trap: trap_request=0xffffff65 fr.pc=0x0000000003b1a540
Event: 5.489 Thread 0x00000000032b9800 DEOPT PACKING pc=0x0000000003b1a540 sp=0x00000000032acb90
Event: 5.489 Thread 0x00000000032b9800 DEOPT UNPACKING pc=0x00000000033f557b sp=0x00000000032acb28 mode 2
Event: 5.569 loading class org/jetbrains/kotlin/parsing/DoNotBindAnything
Event: 5.569 loading class org/jetbrains/kotlin/parsing/DoNotBindAnything done


Dynamic libraries:
0x00007ff672890000 - 0x00007ff6728c1000 	C:\Program Files\Android\Android Studio\jre\jre\bin\java.exe
0x00007ffe40400000 - 0x00007ffe405f0000 	C:\WINDOWS\SYSTEM32\ntdll.dll
0x00007ffe3eb00000 - 0x00007ffe3ebb2000 	C:\WINDOWS\System32\KERNEL32.DLL
0x00007ffe3d390000 - 0x00007ffe3d634000 	C:\WINDOWS\System32\KERNELBASE.dll
0x00007ffe3e830000 - 0x00007ffe3e8d3000 	C:\WINDOWS\System32\ADVAPI32.dll
0x00007ffe3ebc0000 - 0x00007ffe3ec5e000 	C:\WINDOWS\System32\msvcrt.dll
0x00007ffe3e5e0000 - 0x00007ffe3e677000 	C:\WINDOWS\System32\sechost.dll
0x00007ffe3f330000 - 0x00007ffe3f450000 	C:\WINDOWS\System32\RPCRT4.dll
0x00007ffe3ee50000 - 0x00007ffe3efe4000 	C:\WINDOWS\System32\USER32.dll
0x00007ffe3da30000 - 0x00007ffe3da51000 	C:\WINDOWS\System32\win32u.dll
0x00007ffe3ee20000 - 0x00007ffe3ee46000 	C:\WINDOWS\System32\GDI32.dll
0x00007ffe3d640000 - 0x00007ffe3d7d4000 	C:\WINDOWS\System32\gdi32full.dll
0x00007ffe3e3e0000 - 0x00007ffe3e47e000 	C:\WINDOWS\System32\msvcp_win.dll
0x00007ffe3d800000 - 0x00007ffe3d8fa000 	C:\WINDOWS\System32\ucrtbase.dll
0x00007ffe26520000 - 0x00007ffe267a4000 	C:\WINDOWS\WinSxS\amd64_microsoft.windows.common-controls_6595b64144ccf1df_6.0.18362.836_none_e6c4b943130f18ed\COMCTL32.dll
0x00007ffe3eff0000 - 0x00007ffe3f326000 	C:\WINDOWS\System32\combase.dll
0x00007ffe3d9b0000 - 0x00007ffe3da30000 	C:\WINDOWS\System32\bcryptPrimitives.dll
0x00007ffe3fb40000 - 0x00007ffe3fb6e000 	C:\WINDOWS\System32\IMM32.DLL
0x0000000066e40000 - 0x0000000066f12000 	C:\Program Files\Android\Android Studio\jre\jre\bin\msvcr100.dll
0x0000000067000000 - 0x0000000067846000 	C:\Program Files\Android\Android Studio\jre\jre\bin\server\jvm.dll
0x00007ffe3e940000 - 0x00007ffe3e948000 	C:\WINDOWS\System32\PSAPI.DLL
0x00007ffe38800000 - 0x00007ffe38824000 	C:\WINDOWS\SYSTEM32\WINMM.dll
0x00007ffe3b200000 - 0x00007ffe3b20a000 	C:\WINDOWS\SYSTEM32\VERSION.dll
0x00007ffe2d410000 - 0x00007ffe2d419000 	C:\WINDOWS\SYSTEM32\WSOCK32.dll
0x00007ffe3ea00000 - 0x00007ffe3ea6f000 	C:\WINDOWS\System32\WS2_32.dll
0x00007ffe387d0000 - 0x00007ffe387fd000 	C:\WINDOWS\SYSTEM32\WINMMBASE.dll
0x00007ffe3e330000 - 0x00007ffe3e37a000 	C:\WINDOWS\System32\cfgmgr32.dll
0x00007ffe1d910000 - 0x00007ffe1d91f000 	C:\Program Files\Android\Android Studio\jre\jre\bin\verify.dll
0x00007ffde95e0000 - 0x00007ffde9609000 	C:\Program Files\Android\Android Studio\jre\jre\bin\java.dll
0x00007ffde95c0000 - 0x00007ffde95d6000 	C:\Program Files\Android\Android Studio\jre\jre\bin\zip.dll
0x00007ffe3f450000 - 0x00007ffe3fb34000 	C:\WINDOWS\System32\SHELL32.dll
0x00007ffe3e510000 - 0x00007ffe3e5b9000 	C:\WINDOWS\System32\shcore.dll
0x00007ffe3da60000 - 0x00007ffe3e1de000 	C:\WINDOWS\System32\windows.storage.dll
0x00007ffe3d310000 - 0x00007ffe3d333000 	C:\WINDOWS\System32\profapi.dll
0x00007ffe3d340000 - 0x00007ffe3d38a000 	C:\WINDOWS\System32\powrprof.dll
0x00007ffe3d2c0000 - 0x00007ffe3d2d0000 	C:\WINDOWS\System32\UMPDC.dll
0x00007ffe3e8e0000 - 0x00007ffe3e932000 	C:\WINDOWS\System32\shlwapi.dll
0x00007ffe3d2d0000 - 0x00007ffe3d2e1000 	C:\WINDOWS\System32\kernel.appcore.dll
0x00007ffe3d7e0000 - 0x00007ffe3d7f7000 	C:\WINDOWS\System32\cryptsp.dll
0x00007ffde95a0000 - 0x00007ffde95ba000 	C:\Program Files\Android\Android Studio\jre\jre\bin\net.dll
0x00007ffe28c30000 - 0x00007ffe28e06000 	C:\WINDOWS\SYSTEM32\urlmon.dll
0x00007ffe29e20000 - 0x00007ffe2a0c6000 	C:\WINDOWS\SYSTEM32\iertutil.dll
0x00007ffe3cd00000 - 0x00007ffe3cd0c000 	C:\WINDOWS\SYSTEM32\CRYPTBASE.DLL
0x00007ffe3cb30000 - 0x00007ffe3cb97000 	C:\WINDOWS\system32\mswsock.dll
0x00007ffde9580000 - 0x00007ffde9593000 	C:\Program Files\Android\Android Studio\jre\jre\bin\nio.dll

VM Arguments:
java_command: org.jetbrains.kotlin.cli.jvm.K2JVMCompiler -Xallow-no-source-files -classpath C:\Users\kmydt\source\ARNavigation_Deepect\ARNavigation\app\build\intermediates\compile_and_runtime_not_namespaced_r_class_jar\debug\R.jar;C:\Users\kmydt\.gradle\caches\transforms-2\files-2.1\0d8778d998beba7c8d76d1f8fe2d60ee\jetified-com.skt.Tmap_1.63.jar;C:\Users\kmydt\.gradle\caches\transforms-2\files-2.1\063a3f7ae5b4d9ac6ff38e8cd82bc713\jetified-kotlin-android-extensions-runtime-1.3.61.jar;C:\Users\kmydt\.gradle\caches\transforms-2\files-2.1\4f8bee01bff55ae5e7ba2f7934faede7\jetified-kotlin-stdlib-jdk7-1.3.61.jar;C:\Users\kmydt\.gradle\caches\transforms-2\files-2.1\c8cfb57023914d7451582ced0c25954d\navigation-fragment-ktx-2.2.1-api.jar;C:\Users\kmydt\.gradle\caches\transforms-2\files-2.1\d5a83aa96448c6687ebe3f65c3c6b1c3\jetified-fragment-ktx-1.2.0-api.jar;C:\Users\kmydt\.gradle\caches\transforms-2\files-2.1\a9e7309cdb63e5363b0eed88370fb720\navigation-ui-ktx-2.2.1-api.jar;C:\Users\kmydt\.gradle\caches\transforms-2\files-2.1\f53729559c8f41fac55e3ab94cf203be\navigation-runtime-ktx-2.2.1-api.jar;C:\Users\kmydt\.gradle\caches\transforms-2\files-2.1\a4ef19857d74c768d700375db81f194a\jetified-activity-ktx-1.1.0-api.jar;C:\Users\kmydt\.gradle\caches\transforms-2\files-2.1\89ad725231b7f74588f55d3302aa0fc8\jetified-core-ktx-1.2.0-api.jar;C:\Users\kmydt\.gradle\caches\transforms-2\files-2.1\94878dc5778ec7874e8872c1fcb3c339\jetified-lifecycle-viewmodel-ktx-2.2.0-api.jar;C:\Users\kmydt\.gradle\caches\transforms-2\files-2.1\386602edf1368b4e2de74661d1a43202\navigation-common-ktx-2.2.1-api.jar;C:\Users\kmydt\.gradle\caches\transforms-2\files-2.1\978a35ba848ee80f629d4361da6ac9f0\jetified-collection-ktx-1.1.0.jar;C:\Users\kmydt\.gradle\caches\transforms-2\files-2.1\900539bf5e4f41c5e4778bc72a750804\jetified-lifecycle-livedata-core-ktx-2.2.0-api.jar;C:\Users\kmydt\.gradle\caches\transforms-2\files-2.1\491a0e64df80128af590223c4eefec46\jetified-lifecycle-runtime-ktx-2.2.0-api.jar;C:\Users\kmydt\
java_class_path (initial): C:\Users\kmydt\.gradle\caches\modules-2\files-2.1\org.jetbrains.kotlin\kotlin-compiler-embeddable\1.3.61\c35c0833d5a1e3d229359758482c480306724618\kotlin-compiler-embeddable-1.3.61.jar;C:\Users\kmydt\.gradle\caches\modules-2\files-2.1\org.jetbrains.kotlin\kotlin-reflect\1.3.61\2e07c9a84c9e118efb70eede7e579fd663932122\kotlin-reflect-1.3.61.jar;C:\Users\kmydt\.gradle\caches\modules-2\files-2.1\org.jetbrains.kotlin\kotlin-stdlib\1.3.61\4702105e97f7396ae41b113fdbdc180ec1eb1e36\kotlin-stdlib-1.3.61.jar;C:\Users\kmydt\.gradle\caches\modules-2\files-2.1\org.jetbrains.kotlin\kotlin-script-runtime\1.3.61\e5feb39c8de63dcbdc1154b34ca4413874231605\kotlin-script-runtime-1.3.61.jar;C:\Users\kmydt\.gradle\caches\modules-2\files-2.1\org.jetbrains.kotlin\kotlin-daemon-embeddable\1.3.61\4de83e41a92c8395d89ab2e81d26b788ba163824\kotlin-daemon-embeddable-1.3.61.jar;C:\Users\kmydt\.gradle\caches\modules-2\files-2.1\org.jetbrains.intellij.deps\trove4j\1.0.20181211\216c2e14b070f334479d800987affe4054cd563f\trove4j-1.0.20181211.jar;C:\Users\kmydt\.gradle\caches\modules-2\files-2.1\org.jetbrains.kotlin\kotlin-stdlib-common\1.3.61\65abb71d5afb850b68be03987b08e2c864ca3110\kotlin-stdlib-common-1.3.61.jar;C:\Users\kmydt\.gradle\caches\modules-2\files-2.1\org.jetbrains\annotations\13.0\919f0dfe192fb4e063e7dacadee7f8bb9a2672a9\annotations-13.0.jar;C:\Program Files\Android\Android Studio\jre\lib\tools.jar
Launcher Type: SUN_STANDARD

Environment Variables:
JAVA_HOME=C:\Program Files\Java\jdk-13.0.2
PATH=C:\Program_Oracle\product\11.2.0\dbhome_1\bin;C:\Program Files\Java\jdk-13.0.2\bin;C:\Program Files (x86)\Common Files\Oracle\Java\javapath;C:\Program Files (x86)\Intel\iCLS Client\;C:\Program Files\Intel\iCLS Client\;C:\WINDOWS\system32;C:\WINDOWS;C:\WINDOWS\System32\Wbem;C:\WINDOWS\System32\WindowsPowerShell\v1.0\;C:\Program Files (x86)\Intel\Intel(R) Management Engine Components\DAL;C:\Program Files\Intel\Intel(R) Management Engine Components\DAL;C:\Program Files (x86)\Intel\Intel(R) Management Engine Components\IPT;C:\Program Files\Intel\Intel(R) Management Engine Components\IPT;C:\Program Files\Intel\WiFi\bin\;C:\Program Files\Common Files\Intel\WirelessCommon\;C:\WINDOWS\System32\OpenSSH\;C:\Program Files\Java\jdk-11.0.2\bin;C:\Program Files\PuTTY\;C:\Program Files\Git\cmd;C:\Users\kmydt\AppData\Local\Programs\Python\Python37-32\Scripts\;C:\Users\kmydt\AppData\Local\Programs\Python\Python37-32\;C:\Users\kmydt\AppData\Local\Microsoft\WindowsApps;;C:\Program Files\Microsoft VS Code\bin;C:\Program Files\JetBrains\PyCharm Community Edition 2019.1.2\bin;
USERNAME=kmydt
OS=Windows_NT
PROCESSOR_IDENTIFIER=Intel64 Family 6 Model 142 Stepping 10, GenuineIntel



---------------  S Y S T E M  ---------------

OS: Windows 10.0 , 64 bit Build 18362 (10.0.18362.778)

CPU:total 8 (initial active 8) (4 cores per cpu, 2 threads per core) family 6 model 142 stepping 10, cmov, cx8, fxsr, mmx, sse, sse2, sse3, ssse3, sse4.1, sse4.2, popcnt, avx, avx2, aes, clmul, erms, 3dnowpref, lzcnt, ht, tsc, tscinvbit, bmi1, bmi2, adx

Memory: 4k page, physical 16606548k(4445460k free), swap 16606548k(5120k free)

vm_info: OpenJDK 64-Bit Server VM (25.212-b04) for windows-amd64 JRE (1.8.0_212-release-1586-b04), built by "builder" with MS VC++ 10.0 (VS2010)

time: Sat May 30 23:46:52 2020
timezone: 대한민국 표준시
elapsed time: 5 seconds (0d 0h 0m 5s)

