#
# There is insufficient memory for the Java Runtime Environment to continue.
# Native memory allocation (malloc) failed to allocate 1093024 bytes for Chunk::new
# Possible reasons:
#   The system is out of physical RAM or swap space
#   The process is running with CompressedOops enabled, and the Java Heap may be blocking the growth of the native heap
# Possible solutions:
#   Reduce memory load on the system
#   Increase physical memory or swap space
#   Check if swap backing store is full
#   Decrease Java heap size (-Xmx/-Xms)
#   Decrease number of Java threads
#   Decrease Java thread stack sizes (-Xss)
#   Set larger code cache with -XX:ReservedCodeCacheSize=
#   JVM is running with Zero Based Compressed Oops mode in which the Java heap is
#     placed in the first 32GB address space. The Java Heap base address is the
#     maximum limit for the native heap growth. Please use -XX:HeapBaseMinAddress
#     to set the Java Heap base and to place the Java Heap above 32GB virtual address.
# This output file may be truncated or incomplete.
#
#  Out of Memory Error (allocation.cpp:389), pid=34060, tid=0x000000000000afa0
#
# JRE version: OpenJDK Runtime Environment (8.0_212-b04) (build 1.8.0_212-release-1586-b04)
# Java VM: OpenJDK 64-Bit Server VM (25.212-b04 mixed mode windows-amd64 compressed oops)
# Failed to write core dump. Minidumps are not enabled by default on client versions of Windows
#

---------------  T H R E A D  ---------------

Current thread (0x000000001e7fa800):  JavaThread "C2 CompilerThread2" daemon [_thread_in_native, id=44960, stack(0x000000001f1e0000,0x000000001f2e0000)]

Stack: [0x000000001f1e0000,0x000000001f2e0000]
[error occurred during error reporting (printing stack bounds), id 0xc0000005]

Native frames: (J=compiled Java code, j=interpreted, Vv=VM code, C=native code)


Current CompileTask:
C2:   7834 7869       4       org.jetbrains.kotlin.com.intellij.lang.impl.PsiBuilderImpl::insertLeaves (88 bytes)


---------------  P R O C E S S  ---------------

Java Threads: ( => current thread )
  0x000000001e895800 JavaThread "Service Thread" daemon [_thread_blocked, id=30864, stack(0x000000001f3e0000,0x000000001f4e0000)]
  0x000000001e7fb000 JavaThread "C1 CompilerThread3" daemon [_thread_in_native, id=41992, stack(0x000000001f2e0000,0x000000001f3e0000)]
=>0x000000001e7fa800 JavaThread "C2 CompilerThread2" daemon [_thread_in_native, id=44960, stack(0x000000001f1e0000,0x000000001f2e0000)]
  0x000000001e7ef000 JavaThread "C2 CompilerThread1" daemon [_thread_in_native, id=47344, stack(0x000000001f0e0000,0x000000001f1e0000)]
  0x000000001e7ea800 JavaThread "C2 CompilerThread0" daemon [_thread_in_native, id=49372, stack(0x000000001efe0000,0x000000001f0e0000)]
  0x000000001e793800 JavaThread "Attach Listener" daemon [_thread_blocked, id=49432, stack(0x000000001eee0000,0x000000001efe0000)]
  0x000000001e792800 JavaThread "Signal Dispatcher" daemon [_thread_blocked, id=48800, stack(0x000000001ede0000,0x000000001eee0000)]
  0x000000001e770800 JavaThread "Finalizer" daemon [_thread_blocked, id=48112, stack(0x000000001ec50000,0x000000001ed50000)]
  0x000000001c98b800 JavaThread "Reference Handler" daemon [_thread_blocked, id=43356, stack(0x000000001eb50000,0x000000001ec50000)]
  0x0000000002efa000 JavaThread "main" [_thread_in_Java, id=46120, stack(0x0000000002df0000,0x0000000002ef0000)]

Other Threads:
  0x000000001c985800 VMThread [stack: 0x000000001e650000,0x000000001e750000] [id=47088]
  0x000000001e896800 WatcherThread [stack: 0x000000001f4e0000,0x000000001f5e0000] [id=45332]

VM state:not at safepoint (normal execution)

VM Mutex/Monitor currently owned by a thread: None

heap address: 0x00000006c2800000, size: 4056 MB, Compressed Oops mode: Zero based, Oop shift amount: 3
Narrow klass base: 0x0000000000000000, Narrow klass shift: 3
Compressed class space size: 1073741824 Address: 0x00000007c0000000

Heap:
 PSYoungGen      total 140800K, used 107208K [0x000000076b800000, 0x0000000774c00000, 0x00000007c0000000)
  eden space 130048K, 74% used [0x000000076b800000,0x0000000771639368,0x0000000773700000)
  from space 10752K, 99% used [0x0000000774180000,0x0000000774bf8d20,0x0000000774c00000)
  to   space 10752K, 0% used [0x0000000773700000,0x0000000773700000,0x0000000774180000)
 ParOldGen       total 117248K, used 43734K [0x00000006c2800000, 0x00000006c9a80000, 0x000000076b800000)
  object space 117248K, 37% used [0x00000006c2800000,0x00000006c52b5860,0x00000006c9a80000)
 Metaspace       used 52940K, capacity 54065K, committed 54272K, reserved 1097728K
  class space    used 6483K, capacity 6792K, committed 6912K, reserved 1048576K

Card table byte_map: [0x00000000123b0000,0x0000000012ba0000] byte_map_base: 0x000000000ed9c000

Marking Bits: (ParMarkBitMap*) 0x0000000064619f30
 Begin Bits: [0x00000000138f0000, 0x0000000017850000)
 End Bits:   [0x0000000017850000, 0x000000001b7b0000)

Polling page: 0x0000000000b90000

CodeCache: size=245760Kb used=24616Kb max_used=24629Kb free=221143Kb
 bounds [0x0000000002ff0000, 0x0000000004820000, 0x0000000011ff0000]
 total_blobs=7762 nmethods=7287 adapters=386
 compilation: enabled

Compilation events (10 events):
Event: 7.827 Thread 0x000000001e7fb000 nmethod 8099 0x0000000004810090 code [0x0000000004810220, 0x00000000048106f8]
Event: 7.827 Thread 0x000000001e7fb000 8100       3       org.jetbrains.kotlin.com.intellij.lang.impl.TokenSequence$Builder::performLexing (153 bytes)
Event: 7.827 Thread 0x000000001e7ea800 8101       4       gnu.trove.TIntArrayList::insert (63 bytes)
Event: 7.828 Thread 0x000000001e7fb000 nmethod 8100 0x000000000480e610 code [0x000000000480e8a0, 0x000000000480f8f8]
Event: 7.828 Thread 0x000000001e7fb000 8102       3       org.jetbrains.kotlin.parsing.KotlinExpressionParsing::parseStatement (59 bytes)
Event: 7.829 Thread 0x000000001e7fb000 nmethod 8102 0x0000000004811550 code [0x00000000048117a0, 0x00000000048125e8]
Event: 7.829 Thread 0x000000001e7fb000 8103       3       org.jetbrains.kotlin.parsing.KotlinExpressionParsing::parseLocalDeclarationRest (95 bytes)
Event: 7.830 Thread 0x000000001e7fb000 nmethod 8103 0x0000000004812d50 code [0x0000000004812f40, 0x0000000004813708]
Event: 7.830 Thread 0x000000001e7fb000 8105       3       org.jetbrains.kotlin.descriptors.impl.PropertySetterDescriptorImpl::getValueParameters (32 bytes)
Event: 7.830 Thread 0x000000001e7fb000 nmethod 8105 0x00000000048139d0 code [0x0000000004813b60, 0x0000000004814028]

GC Heap History (10 events):
Event: 1.697 GC heap before
{Heap before GC invocations=2 (full 0):
 PSYoungGen      total 75776K, used 30905K [0x000000076b800000, 0x0000000774c00000, 0x00000007c0000000)
  eden space 65024K, 31% used [0x000000076b800000,0x000000076cbb1938,0x000000076f780000)
  from space 10752K, 99% used [0x000000076f780000,0x00000007701fcb98,0x0000000770200000)
  to   space 10752K, 0% used [0x0000000774180000,0x0000000774180000,0x0000000774c00000)
 ParOldGen       total 173568K, used 4957K [0x00000006c2800000, 0x00000006cd180000, 0x000000076b800000)
  object space 173568K, 2% used [0x00000006c2800000,0x00000006c2cd7730,0x00000006cd180000)
 Metaspace       used 20737K, capacity 21136K, committed 21296K, reserved 1069056K
  class space    used 2465K, capacity 2623K, committed 2688K, reserved 1048576K
Event: 1.704 GC heap after
Heap after GC invocations=2 (full 0):
 PSYoungGen      total 140800K, used 9568K [0x000000076b800000, 0x0000000774c00000, 0x00000007c0000000)
  eden space 130048K, 0% used [0x000000076b800000,0x000000076b800000,0x0000000773700000)
  from space 10752K, 88% used [0x0000000774180000,0x0000000774ad8130,0x0000000774c00000)
  to   space 10752K, 0% used [0x0000000773700000,0x0000000773700000,0x0000000774180000)
 ParOldGen       total 173568K, used 5029K [0x00000006c2800000, 0x00000006cd180000, 0x000000076b800000)
  object space 173568K, 2% used [0x00000006c2800000,0x00000006c2ce9740,0x00000006cd180000)
 Metaspace       used 20737K, capacity 21136K, committed 21296K, reserved 1069056K
  class space    used 2465K, capacity 2623K, committed 2688K, reserved 1048576K
}
Event: 1.704 GC heap before
{Heap before GC invocations=3 (full 1):
 PSYoungGen      total 140800K, used 9568K [0x000000076b800000, 0x0000000774c00000, 0x00000007c0000000)
  eden space 130048K, 0% used [0x000000076b800000,0x000000076b800000,0x0000000773700000)
  from space 10752K, 88% used [0x0000000774180000,0x0000000774ad8130,0x0000000774c00000)
  to   space 10752K, 0% used [0x0000000773700000,0x0000000773700000,0x0000000774180000)
 ParOldGen       total 173568K, used 5029K [0x00000006c2800000, 0x00000006cd180000, 0x000000076b800000)
  object space 173568K, 2% used [0x00000006c2800000,0x00000006c2ce9740,0x00000006cd180000)
 Metaspace       used 20737K, capacity 21136K, committed 21296K, reserved 1069056K
  class space    used 2465K, capacity 2623K, committed 2688K, reserved 1048576K
Event: 1.737 GC heap after
Heap after GC invocations=3 (full 1):
 PSYoungGen      total 140800K, used 0K [0x000000076b800000, 0x0000000774c00000, 0x00000007c0000000)
  eden space 130048K, 0% used [0x000000076b800000,0x000000076b800000,0x0000000773700000)
  from space 10752K, 0% used [0x0000000774180000,0x0000000774180000,0x0000000774c00000)
  to   space 10752K, 0% used [0x0000000773700000,0x0000000773700000,0x0000000774180000)
 ParOldGen       total 117248K, used 9404K [0x00000006c2800000, 0x00000006c9a80000, 0x000000076b800000)
  object space 117248K, 8% used [0x00000006c2800000,0x00000006c312f3c0,0x00000006c9a80000)
 Metaspace       used 20737K, capacity 21136K, committed 21296K, reserved 1069056K
  class space    used 2465K, capacity 2623K, committed 2688K, reserved 1048576K
}
Event: 3.584 GC heap before
{Heap before GC invocations=4 (full 1):
 PSYoungGen      total 140800K, used 94945K [0x000000076b800000, 0x0000000774c00000, 0x00000007c0000000)
  eden space 130048K, 73% used [0x000000076b800000,0x00000007714b8758,0x0000000773700000)
  from space 10752K, 0% used [0x0000000774180000,0x0000000774180000,0x0000000774c00000)
  to   space 10752K, 0% used [0x0000000773700000,0x0000000773700000,0x0000000774180000)
 ParOldGen       total 117248K, used 9404K [0x00000006c2800000, 0x00000006c9a80000, 0x000000076b800000)
  object space 117248K, 8% used [0x00000006c2800000,0x00000006c312f3c0,0x00000006c9a80000)
 Metaspace       used 34814K, capacity 35327K, committed 35496K, reserved 1081344K
  class space    used 4428K, capacity 4561K, committed 4608K, reserved 1048576K
Event: 3.608 GC heap after
Heap after GC invocations=4 (full 1):
 PSYoungGen      total 140800K, used 10722K [0x000000076b800000, 0x0000000774c00000, 0x00000007c0000000)
  eden space 130048K, 0% used [0x000000076b800000,0x000000076b800000,0x0000000773700000)
  from space 10752K, 99% used [0x0000000773700000,0x00000007741789c0,0x0000000774180000)
  to   space 10752K, 0% used [0x0000000774180000,0x0000000774180000,0x0000000774c00000)
 ParOldGen       total 117248K, used 21712K [0x00000006c2800000, 0x00000006c9a80000, 0x000000076b800000)
  object space 117248K, 18% used [0x00000006c2800000,0x00000006c3d342d0,0x00000006c9a80000)
 Metaspace       used 34814K, capacity 35327K, committed 35496K, reserved 1081344K
  class space    used 4428K, capacity 4561K, committed 4608K, reserved 1048576K
}
Event: 3.608 GC heap before
{Heap before GC invocations=5 (full 2):
 PSYoungGen      total 140800K, used 10722K [0x000000076b800000, 0x0000000774c00000, 0x00000007c0000000)
  eden space 130048K, 0% used [0x000000076b800000,0x000000076b800000,0x0000000773700000)
  from space 10752K, 99% used [0x0000000773700000,0x00000007741789c0,0x0000000774180000)
  to   space 10752K, 0% used [0x0000000774180000,0x0000000774180000,0x0000000774c00000)
 ParOldGen       total 117248K, used 21712K [0x00000006c2800000, 0x00000006c9a80000, 0x000000076b800000)
  object space 117248K, 18% used [0x00000006c2800000,0x00000006c3d342d0,0x00000006c9a80000)
 Metaspace       used 34814K, capacity 35327K, committed 35496K, reserved 1081344K
  class space    used 4428K, capacity 4561K, committed 4608K, reserved 1048576K
Event: 3.670 GC heap after
Heap after GC invocations=5 (full 2):
 PSYoungGen      total 140800K, used 0K [0x000000076b800000, 0x0000000774c00000, 0x00000007c0000000)
  eden space 130048K, 0% used [0x000000076b800000,0x000000076b800000,0x0000000773700000)
  from space 10752K, 0% used [0x0000000773700000,0x0000000773700000,0x0000000774180000)
  to   space 10752K, 0% used [0x0000000774180000,0x0000000774180000,0x0000000774c00000)
 ParOldGen       total 117248K, used 28424K [0x00000006c2800000, 0x00000006c9a80000, 0x000000076b800000)
  object space 117248K, 24% used [0x00000006c2800000,0x00000006c43c2338,0x00000006c9a80000)
 Metaspace       used 34814K, capacity 35327K, committed 35496K, reserved 1081344K
  class space    used 4428K, capacity 4561K, committed 4608K, reserved 1048576K
}
Event: 5.756 GC heap before
{Heap before GC invocations=6 (full 2):
 PSYoungGen      total 140800K, used 130048K [0x000000076b800000, 0x0000000774c00000, 0x00000007c0000000)
  eden space 130048K, 100% used [0x000000076b800000,0x0000000773700000,0x0000000773700000)
  from space 10752K, 0% used [0x0000000773700000,0x0000000773700000,0x0000000774180000)
  to   space 10752K, 0% used [0x0000000774180000,0x0000000774180000,0x0000000774c00000)
 ParOldGen       total 117248K, used 28424K [0x00000006c2800000, 0x00000006c9a80000, 0x000000076b800000)
  object space 117248K, 24% used [0x00000006c2800000,0x00000006c43c2338,0x00000006c9a80000)
 Metaspace       used 45512K, capacity 46275K, committed 46592K, reserved 1089536K
  class space    used 5647K, capacity 5841K, committed 5888K, reserved 1048576K
Event: 5.772 GC heap after
Heap after GC invocations=6 (full 2):
 PSYoungGen      total 140800K, used 10723K [0x000000076b800000, 0x0000000774c00000, 0x00000007c0000000)
  eden space 130048K, 0% used [0x000000076b800000,0x000000076b800000,0x0000000773700000)
  from space 10752K, 99% used [0x0000000774180000,0x0000000774bf8d20,0x0000000774c00000)
  to   space 10752K, 0% used [0x0000000773700000,0x0000000773700000,0x0000000774180000)
 ParOldGen       total 117248K, used 43734K [0x00000006c2800000, 0x00000006c9a80000, 0x000000076b800000)
  object space 117248K, 37% used [0x00000006c2800000,0x00000006c52b5860,0x00000006c9a80000)
 Metaspace       used 45512K, capacity 46275K, committed 46592K, reserved 1089536K
  class space    used 5647K, capacity 5841K, committed 5888K, reserved 1048576K
}

Deoptimization events (10 events):
Event: 7.512 Thread 0x0000000002efa000 Uncommon trap: reason=class_check action=maybe_recompile pc=0x0000000003fe444c method=kotlin.collections.CollectionsKt___CollectionsKt.toSet(Ljava/lang/Iterable;)Ljava/util/Set; @ 58
Event: 7.625 Thread 0x0000000002efa000 Uncommon trap: reason=class_check action=maybe_recompile pc=0x00000000046fec2c method=org.jetbrains.kotlin.types.checker.NewCapturedTypeKt.captureFromArguments(Lorg/jetbrains/kotlin/types/SimpleType;Lorg/jetbrains/kotlin/types/model/CaptureStatus;)Lorg/je
Event: 7.625 Thread 0x0000000002efa000 Uncommon trap: reason=class_check action=maybe_recompile pc=0x00000000046fec2c method=org.jetbrains.kotlin.types.checker.NewCapturedTypeKt.captureFromArguments(Lorg/jetbrains/kotlin/types/SimpleType;Lorg/jetbrains/kotlin/types/model/CaptureStatus;)Lorg/je
Event: 7.640 Thread 0x0000000002efa000 Uncommon trap: reason=class_check action=maybe_recompile pc=0x000000000420ab0c method=org.jetbrains.kotlin.com.intellij.psi.impl.source.CharTableImpl$StringHashToCharSequencesMap.getSubSequenceWithHashCode(ILjava/lang/CharSequence;II)Ljava/lang/CharSequen
Event: 7.666 Thread 0x0000000002efa000 Uncommon trap: reason=null_check action=make_not_entrant pc=0x0000000003cdd5a0 method=org.jetbrains.kotlin.resolve.lazy.LazyImportScope.getParent()Lorg/jetbrains/kotlin/resolve/scopes/HierarchicalScope; @ 4
Event: 7.669 Thread 0x0000000002efa000 Uncommon trap: reason=class_check action=maybe_recompile pc=0x00000000046fec2c method=org.jetbrains.kotlin.types.checker.NewCapturedTypeKt.captureFromArguments(Lorg/jetbrains/kotlin/types/SimpleType;Lorg/jetbrains/kotlin/types/model/CaptureStatus;)Lorg/je
Event: 7.687 Thread 0x0000000002efa000 Uncommon trap: reason=class_check action=maybe_recompile pc=0x00000000046fec2c method=org.jetbrains.kotlin.types.checker.NewCapturedTypeKt.captureFromArguments(Lorg/jetbrains/kotlin/types/SimpleType;Lorg/jetbrains/kotlin/types/model/CaptureStatus;)Lorg/je
Event: 7.743 Thread 0x0000000002efa000 Uncommon trap: reason=bimorphic action=maybe_recompile pc=0x0000000003fe4394 method=kotlin.collections.CollectionsKt___CollectionsKt.toSet(Ljava/lang/Iterable;)Ljava/util/Set; @ 96
Event: 7.781 Thread 0x0000000002efa000 Uncommon trap: reason=unstable_if action=reinterpret pc=0x00000000045b51c4 method=org.jetbrains.kotlin.types.TypeUtils.contains(Lorg/jetbrains/kotlin/types/KotlinType;Lkotlin/jvm/functions/Function1;Ljava/util/HashSet;)Z @ 49
Event: 7.804 Thread 0x0000000002efa000 Uncommon trap: reason=bimorphic action=maybe_recompile pc=0x0000000003fe4394 method=kotlin.collections.CollectionsKt___CollectionsKt.toSet(Ljava/lang/Iterable;)Ljava/util/Set; @ 96

Classes redefined (0 events):
No events

Internal exceptions (10 events):
Event: 5.110 Thread 0x0000000002efa000 Implicit null exception at 0x0000000003b8e52f to 0x0000000003b8e56d
Event: 5.917 Thread 0x0000000002efa000 Implicit null exception at 0x000000000379018c to 0x0000000003790271
Event: 6.049 Thread 0x0000000002efa000 Exception <a 'java/lang/IncompatibleClassChangeError': Found class java.lang.Object, but interface was expected> (0x000000076c6ecf80) thrown at [D:\src\AOSP-openjdk-cygwin\jdk8u\hotspot\src\share\vm\interpreter\linkResolver.cpp, line 653]
Event: 6.209 Thread 0x0000000002efa000 Exception <a 'java/lang/NoSuchMethodError': java.lang.Object.lambda$static$0(I)[Lorg/jetbrains/kotlin/com/intellij/psi/PsiJavaCodeReferenceElement;> (0x000000076cfb6dd8) thrown at [D:\src\AOSP-openjdk-cygwin\jdk8u\hotspot\src\share\vm\interpreter\linkReso
Event: 6.280 Thread 0x0000000002efa000 Exception <a 'java/lang/NoSuchMethodError': java.lang.Object.lambda$static$0(I)[Lorg/jetbrains/kotlin/com/intellij/psi/PsiMethod;> (0x000000076d30a778) thrown at [D:\src\AOSP-openjdk-cygwin\jdk8u\hotspot\src\share\vm\interpreter\linkResolver.cpp, line 620
Event: 6.288 Thread 0x0000000002efa000 Exception <a 'java/lang/NoSuchMethodError': java.lang.Object.lambda$static$0(I)[Lorg/jetbrains/kotlin/com/intellij/psi/PsiField;> (0x000000076d369d58) thrown at [D:\src\AOSP-openjdk-cygwin\jdk8u\hotspot\src\share\vm\interpreter\linkResolver.cpp, line 620]
Event: 6.292 Thread 0x0000000002efa000 Exception <a 'java/lang/NoSuchMethodError': java.lang.Object.lambda$static$0(I)[Lorg/jetbrains/kotlin/com/intellij/psi/PsiParameter;> (0x000000076d397e70) thrown at [D:\src\AOSP-openjdk-cygwin\jdk8u\hotspot\src\share\vm\interpreter\linkResolver.cpp, line 
Event: 6.311 Thread 0x0000000002efa000 Exception <a 'java/lang/NoSuchMethodError': java.lang.Object.lambda$static$0(I)[Lorg/jetbrains/kotlin/com/intellij/psi/PsiImportStatementBase;> (0x000000076d4f4988) thrown at [D:\src\AOSP-openjdk-cygwin\jdk8u\hotspot\src\share\vm\interpreter\linkResolver.
Event: 7.469 Thread 0x0000000002efa000 Implicit null exception at 0x00000000042bf91c to 0x00000000042c03ed
Event: 7.666 Thread 0x0000000002efa000 Implicit null exception at 0x0000000003cdd530 to 0x0000000003cdd595

Events (10 events):
Event: 7.724 Executing VM operation: ForceSafepoint done
Event: 7.743 Thread 0x0000000002efa000 Uncommon trap: trap_request=0xffffffc6 fr.pc=0x0000000003fe4394
Event: 7.743 Thread 0x0000000002efa000 DEOPT PACKING pc=0x0000000003fe4394 sp=0x0000000002ee5210
Event: 7.743 Thread 0x0000000002efa000 DEOPT UNPACKING pc=0x000000000303557b sp=0x0000000002ee51d0 mode 2
Event: 7.781 Thread 0x0000000002efa000 Uncommon trap: trap_request=0xffffff65 fr.pc=0x00000000045b51c4
Event: 7.782 Thread 0x0000000002efa000 DEOPT PACKING pc=0x00000000045b51c4 sp=0x0000000002ee8720
Event: 7.782 Thread 0x0000000002efa000 DEOPT UNPACKING pc=0x000000000303557b sp=0x0000000002ee8658 mode 2
Event: 7.804 Thread 0x0000000002efa000 Uncommon trap: trap_request=0xffffffc6 fr.pc=0x0000000003fe4394
Event: 7.804 Thread 0x0000000002efa000 DEOPT PACKING pc=0x0000000003fe4394 sp=0x0000000002ee6a40
Event: 7.804 Thread 0x0000000002efa000 DEOPT UNPACKING pc=0x000000000303557b sp=0x0000000002ee6a00 mode 2


Dynamic libraries:
0x00007ff74e6c0000 - 0x00007ff74e6f1000 	C:\Program Files\Android\Android Studio\jre\jre\bin\java.exe
0x00007ff97cda0000 - 0x00007ff97cf90000 	C:\WINDOWS\SYSTEM32\ntdll.dll
0x00007ff97ae50000 - 0x00007ff97af02000 	C:\WINDOWS\System32\KERNEL32.DLL
0x00007ff97a9a0000 - 0x00007ff97ac44000 	C:\WINDOWS\System32\KERNELBASE.dll
0x00007ff97b720000 - 0x00007ff97b7c3000 	C:\WINDOWS\System32\ADVAPI32.dll
0x00007ff97c220000 - 0x00007ff97c2be000 	C:\WINDOWS\System32\msvcrt.dll
0x00007ff97b5d0000 - 0x00007ff97b667000 	C:\WINDOWS\System32\sechost.dll
0x00007ff97c320000 - 0x00007ff97c440000 	C:\WINDOWS\System32\RPCRT4.dll
0x00007ff97af70000 - 0x00007ff97b104000 	C:\WINDOWS\System32\USER32.dll
0x00007ff97a8c0000 - 0x00007ff97a8e1000 	C:\WINDOWS\System32\win32u.dll
0x00007ff97c640000 - 0x00007ff97c666000 	C:\WINDOWS\System32\GDI32.dll
0x00007ff97a720000 - 0x00007ff97a8b4000 	C:\WINDOWS\System32\gdi32full.dll
0x00007ff97a600000 - 0x00007ff97a69e000 	C:\WINDOWS\System32\msvcp_win.dll
0x00007ff979d30000 - 0x00007ff979e2a000 	C:\WINDOWS\System32\ucrtbase.dll
0x00007ff964570000 - 0x00007ff9647f4000 	C:\WINDOWS\WinSxS\amd64_microsoft.windows.common-controls_6595b64144ccf1df_6.0.18362.836_none_e6c4b943130f18ed\COMCTL32.dll
0x00007ff97b7f0000 - 0x00007ff97bb26000 	C:\WINDOWS\System32\combase.dll
0x00007ff97a6a0000 - 0x00007ff97a720000 	C:\WINDOWS\System32\bcryptPrimitives.dll
0x00007ff97b6f0000 - 0x00007ff97b71e000 	C:\WINDOWS\System32\IMM32.DLL
0x0000000063c90000 - 0x0000000063d62000 	C:\Program Files\Android\Android Studio\jre\jre\bin\msvcr100.dll
0x0000000063e50000 - 0x0000000064696000 	C:\Program Files\Android\Android Studio\jre\jre\bin\server\jvm.dll
0x00007ff97c670000 - 0x00007ff97c678000 	C:\WINDOWS\System32\PSAPI.DLL
0x00007ff9751e0000 - 0x00007ff975204000 	C:\WINDOWS\SYSTEM32\WINMM.dll
0x00007ff96a160000 - 0x00007ff96a169000 	C:\WINDOWS\SYSTEM32\WSOCK32.dll
0x00007ff9710c0000 - 0x00007ff9710ca000 	C:\WINDOWS\SYSTEM32\VERSION.dll
0x00007ff97c440000 - 0x00007ff97c4af000 	C:\WINDOWS\System32\WS2_32.dll
0x00007ff974ed0000 - 0x00007ff974efd000 	C:\WINDOWS\SYSTEM32\WINMMBASE.dll
0x00007ff97a5b0000 - 0x00007ff97a5fa000 	C:\WINDOWS\System32\cfgmgr32.dll
0x00007ff976860000 - 0x00007ff97686f000 	C:\Program Files\Android\Android Studio\jre\jre\bin\verify.dll
0x00007ff976830000 - 0x00007ff976859000 	C:\Program Files\Android\Android Studio\jre\jre\bin\java.dll
0x00007ff976810000 - 0x00007ff976826000 	C:\Program Files\Android\Android Studio\jre\jre\bin\zip.dll
0x00007ff97bb30000 - 0x00007ff97c214000 	C:\WINDOWS\System32\SHELL32.dll
0x00007ff97c590000 - 0x00007ff97c639000 	C:\WINDOWS\System32\shcore.dll
0x00007ff979e30000 - 0x00007ff97a5ae000 	C:\WINDOWS\System32\windows.storage.dll
0x00007ff979cc0000 - 0x00007ff979ce3000 	C:\WINDOWS\System32\profapi.dll
0x00007ff979c70000 - 0x00007ff979cba000 	C:\WINDOWS\System32\powrprof.dll
0x00007ff979c60000 - 0x00007ff979c70000 	C:\WINDOWS\System32\UMPDC.dll
0x00007ff97c2c0000 - 0x00007ff97c312000 	C:\WINDOWS\System32\shlwapi.dll
0x00007ff979cf0000 - 0x00007ff979d01000 	C:\WINDOWS\System32\kernel.appcore.dll
0x00007ff97ac50000 - 0x00007ff97ac67000 	C:\WINDOWS\System32\cryptsp.dll
0x00007ff9767f0000 - 0x00007ff97680a000 	C:\Program Files\Android\Android Studio\jre\jre\bin\net.dll
0x00007ff9656c0000 - 0x00007ff965896000 	C:\WINDOWS\SYSTEM32\urlmon.dll
0x00007ff9649b0000 - 0x00007ff964c56000 	C:\WINDOWS\SYSTEM32\iertutil.dll
0x00007ff9796a0000 - 0x00007ff9796ac000 	C:\WINDOWS\SYSTEM32\CRYPTBASE.DLL
0x00007ff9794d0000 - 0x00007ff979537000 	C:\WINDOWS\system32\mswsock.dll
0x00007ff966d50000 - 0x00007ff966d63000 	C:\Program Files\Android\Android Studio\jre\jre\bin\nio.dll

VM Arguments:
java_command: org.jetbrains.kotlin.cli.jvm.K2JVMCompiler -Xallow-no-source-files -classpath C:\Users\kmydt\source\ARNavigation_Deepect\ARNavigation\app\build\intermediates\compile_and_runtime_not_namespaced_r_class_jar\debug\R.jar;C:\Users\kmydt\.gradle\caches\transforms-2\files-2.1\0d8778d998beba7c8d76d1f8fe2d60ee\jetified-com.skt.Tmap_1.63.jar;C:\Users\kmydt\.gradle\caches\transforms-2\files-2.1\063a3f7ae5b4d9ac6ff38e8cd82bc713\jetified-kotlin-android-extensions-runtime-1.3.61.jar;C:\Users\kmydt\.gradle\caches\transforms-2\files-2.1\4f8bee01bff55ae5e7ba2f7934faede7\jetified-kotlin-stdlib-jdk7-1.3.61.jar;C:\Users\kmydt\.gradle\caches\transforms-2\files-2.1\c8cfb57023914d7451582ced0c25954d\navigation-fragment-ktx-2.2.1-api.jar;C:\Users\kmydt\.gradle\caches\transforms-2\files-2.1\d5a83aa96448c6687ebe3f65c3c6b1c3\jetified-fragment-ktx-1.2.0-api.jar;C:\Users\kmydt\.gradle\caches\transforms-2\files-2.1\a9e7309cdb63e5363b0eed88370fb720\navigation-ui-ktx-2.2.1-api.jar;C:\Users\kmydt\.gradle\caches\transforms-2\files-2.1\f53729559c8f41fac55e3ab94cf203be\navigation-runtime-ktx-2.2.1-api.jar;C:\Users\kmydt\.gradle\caches\transforms-2\files-2.1\a4ef19857d74c768d700375db81f194a\jetified-activity-ktx-1.1.0-api.jar;C:\Users\kmydt\.gradle\caches\transforms-2\files-2.1\89ad725231b7f74588f55d3302aa0fc8\jetified-core-ktx-1.2.0-api.jar;C:\Users\kmydt\.gradle\caches\transforms-2\files-2.1\94878dc5778ec7874e8872c1fcb3c339\jetified-lifecycle-viewmodel-ktx-2.2.0-api.jar;C:\Users\kmydt\.gradle\caches\transforms-2\files-2.1\386602edf1368b4e2de74661d1a43202\navigation-common-ktx-2.2.1-api.jar;C:\Users\kmydt\.gradle\caches\transforms-2\files-2.1\978a35ba848ee80f629d4361da6ac9f0\jetified-collection-ktx-1.1.0.jar;C:\Users\kmydt\.gradle\caches\transforms-2\files-2.1\900539bf5e4f41c5e4778bc72a750804\jetified-lifecycle-livedata-core-ktx-2.2.0-api.jar;C:\Users\kmydt\.gradle\caches\transforms-2\files-2.1\491a0e64df80128af590223c4eefec46\jetified-lifecycle-runtime-ktx-2.2.0-api.jar;C:\Users\kmydt\
java_class_path (initial): C:\Users\kmydt\.gradle\caches\modules-2\files-2.1\org.jetbrains.kotlin\kotlin-compiler-embeddable\1.3.61\c35c0833d5a1e3d229359758482c480306724618\kotlin-compiler-embeddable-1.3.61.jar;C:\Users\kmydt\.gradle\caches\modules-2\files-2.1\org.jetbrains.kotlin\kotlin-reflect\1.3.61\2e07c9a84c9e118efb70eede7e579fd663932122\kotlin-reflect-1.3.61.jar;C:\Users\kmydt\.gradle\caches\modules-2\files-2.1\org.jetbrains.kotlin\kotlin-stdlib\1.3.61\4702105e97f7396ae41b113fdbdc180ec1eb1e36\kotlin-stdlib-1.3.61.jar;C:\Users\kmydt\.gradle\caches\modules-2\files-2.1\org.jetbrains.kotlin\kotlin-script-runtime\1.3.61\e5feb39c8de63dcbdc1154b34ca4413874231605\kotlin-script-runtime-1.3.61.jar;C:\Users\kmydt\.gradle\caches\modules-2\files-2.1\org.jetbrains.kotlin\kotlin-daemon-embeddable\1.3.61\4de83e41a92c8395d89ab2e81d26b788ba163824\kotlin-daemon-embeddable-1.3.61.jar;C:\Users\kmydt\.gradle\caches\modules-2\files-2.1\org.jetbrains.intellij.deps\trove4j\1.0.20181211\216c2e14b070f334479d800987affe4054cd563f\trove4j-1.0.20181211.jar;C:\Users\kmydt\.gradle\caches\modules-2\files-2.1\org.jetbrains.kotlin\kotlin-stdlib-common\1.3.61\65abb71d5afb850b68be03987b08e2c864ca3110\kotlin-stdlib-common-1.3.61.jar;C:\Users\kmydt\.gradle\caches\modules-2\files-2.1\org.jetbrains\annotations\13.0\919f0dfe192fb4e063e7dacadee7f8bb9a2672a9\annotations-13.0.jar;C:\Program Files\Android\Android Studio\jre\lib\tools.jar
Launcher Type: SUN_STANDARD

Environment Variables:
JAVA_HOME=C:\Program Files\Java\jdk-13.0.2
PATH=C:\Program_Oracle\product\11.2.0\dbhome_1\bin;C:\Program Files\Java\jdk-13.0.2\bin;C:\Program Files (x86)\Common Files\Oracle\Java\javapath;C:\Program Files (x86)\Intel\iCLS Client\;C:\Program Files\Intel\iCLS Client\;C:\WINDOWS\system32;C:\WINDOWS;C:\WINDOWS\System32\Wbem;C:\WINDOWS\System32\WindowsPowerShell\v1.0\;C:\Program Files (x86)\Intel\Intel(R) Management Engine Components\DAL;C:\Program Files\Intel\Intel(R) Management Engine Components\DAL;C:\Program Files (x86)\Intel\Intel(R) Management Engine Components\IPT;C:\Program Files\Intel\Intel(R) Management Engine Components\IPT;C:\Program Files\Intel\WiFi\bin\;C:\Program Files\Common Files\Intel\WirelessCommon\;C:\WINDOWS\System32\OpenSSH\;C:\Program Files\Java\jdk-11.0.2\bin;C:\Program Files\PuTTY\;C:\Program Files\Git\cmd;C:\Users\kmydt\AppData\Local\Programs\Python\Python37-32\Scripts\;C:\Users\kmydt\AppData\Local\Programs\Python\Python37-32\;C:\Users\kmydt\AppData\Local\Microsoft\WindowsApps;;C:\Program Files\Microsoft VS Code\bin;C:\Program Files\JetBrains\PyCharm Community Edition 2019.1.2\bin;
USERNAME=kmydt
OS=Windows_NT
PROCESSOR_IDENTIFIER=Intel64 Family 6 Model 142 Stepping 10, GenuineIntel



---------------  S Y S T E M  ---------------

OS: Windows 10.0 , 64 bit Build 18362 (10.0.18362.778)

CPU:total 8 (initial active 8) (4 cores per cpu, 2 threads per core) family 6 model 142 stepping 10, cmov, cx8, fxsr, mmx, sse, sse2, sse3, ssse3, sse4.1, sse4.2, popcnt, avx, avx2, aes, clmul, erms, 3dnowpref, lzcnt, ht, tsc, tscinvbit, bmi1, bmi2, adx

Memory: 4k page, physical 16606548k(5235652k free), swap 16606548k(5836k free)

vm_info: OpenJDK 64-Bit Server VM (25.212-b04) for windows-amd64 JRE (1.8.0_212-release-1586-b04), built by "builder" with MS VC++ 10.0 (VS2010)

time: Sat May 30 16:27:04 2020
timezone: 대한민국 표준시
elapsed time: 7 seconds (0d 0h 0m 7s)

