#
# There is insufficient memory for the Java Runtime Environment to continue.
# Native memory allocation (malloc) failed to allocate 674144 bytes for Chunk::new
# Possible reasons:
#   The system is out of physical RAM or swap space
#   The process is running with CompressedOops enabled, and the Java Heap may be blocking the growth of the native heap
# Possible solutions:
#   Reduce memory load on the system
#   Increase physical memory or swap space
#   Check if swap backing store is full
#   Decrease Java heap size (-Xmx/-Xms)
#   Decrease number of Java threads
#   Decrease Java thread stack sizes (-Xss)
#   Set larger code cache with -XX:ReservedCodeCacheSize=
#   JVM is running with Unscaled Compressed Oops mode in which the Java heap is
#     placed in the first 4GB address space. The Java Heap base address is the
#     maximum limit for the native heap growth. Please use -XX:HeapBaseMinAddress
#     to set the Java Heap base and to place the Java Heap above 4GB virtual address.
# This output file may be truncated or incomplete.
#
#  Out of Memory Error (allocation.cpp:389), pid=34996, tid=0x0000000000008d90
#
# JRE version: OpenJDK Runtime Environment (8.0_212-b04) (build 1.8.0_212-release-1586-b04)
# Java VM: OpenJDK 64-Bit Server VM (25.212-b04 mixed mode windows-amd64 compressed oops)
# Failed to write core dump. Minidumps are not enabled by default on client versions of Windows
#

---------------  T H R E A D  ---------------

Current thread (0x0000000018fb7000):  JavaThread "C2 CompilerThread1" daemon [_thread_in_native, id=36240, stack(0x00000000198b0000,0x00000000199b0000)]

Stack: [0x00000000198b0000,0x00000000199b0000]
[error occurred during error reporting (printing stack bounds), id 0xc0000005]

Native frames: (J=compiled Java code, j=interpreted, Vv=VM code, C=native code)


Current CompileTask:
C2: 751183 18434       4       com.android.tools.r8.code.o1::a (4075 bytes)


---------------  P R O C E S S  ---------------

Java Threads: ( => current thread )
  0x00000000191c8800 JavaThread "ForkJoinPool-3-worker-0" daemon [_thread_blocked, id=45996, stack(0x0000000033010000,0x0000000033110000)]
  0x00000000191ce000 JavaThread "ForkJoinPool-3-worker-7" daemon [_thread_blocked, id=45992, stack(0x0000000032f10000,0x0000000033010000)]
  0x0000000019e14800 JavaThread "ForkJoinPool-3-worker-6" daemon [_thread_blocked, id=45988, stack(0x0000000032e10000,0x0000000032f10000)]
  0x0000000023d67000 JavaThread "ForkJoinPool-3-worker-5" daemon [_thread_blocked, id=45984, stack(0x0000000032d10000,0x0000000032e10000)]
  0x0000000023d6d000 JavaThread "ForkJoinPool-3-worker-4" daemon [_thread_blocked, id=45980, stack(0x0000000032c10000,0x0000000032d10000)]
  0x0000000023d65800 JavaThread "ForkJoinPool-3-worker-3" daemon [_thread_in_Java, id=45976, stack(0x0000000032b10000,0x0000000032c10000)]
  0x000000002d235800 JavaThread "ForkJoinPool-3-worker-2" daemon [_thread_blocked, id=45972, stack(0x0000000031fd0000,0x00000000320d0000)]
  0x000000002d235000 JavaThread "ForkJoinPool-3-worker-1" daemon [_thread_blocked, id=45968, stack(0x000000002f5d0000,0x000000002f6d0000)]
  0x000000002d234000 JavaThread "WorkerExecutor Queue Thread 9" [_thread_blocked, id=45952, stack(0x0000000031400000,0x0000000031500000)]
  0x000000002d233800 JavaThread "WorkerExecutor Queue Thread 8" [_thread_blocked, id=45948, stack(0x00000000318d0000,0x00000000319d0000)]
  0x000000002d232800 JavaThread "WorkerExecutor Queue Thread 7" [_thread_blocked, id=45944, stack(0x00000000317d0000,0x00000000318d0000)]
  0x000000002d232000 JavaThread "WorkerExecutor Queue Thread 6" [_thread_blocked, id=45940, stack(0x0000000031300000,0x0000000031400000)]
  0x000000002d231000 JavaThread "WorkerExecutor Queue Thread 5" [_thread_blocked, id=45936, stack(0x0000000031200000,0x0000000031300000)]
  0x000000002d226800 JavaThread "ForkJoinPool.commonPool-worker-7" daemon [_thread_blocked, id=45920, stack(0x0000000031100000,0x0000000031200000)]
  0x000000002d22d800 JavaThread "ForkJoinPool.commonPool-worker-6" daemon [_thread_blocked, id=45916, stack(0x0000000031000000,0x0000000031100000)]
  0x000000002d22c800 JavaThread "ForkJoinPool.commonPool-worker-5" daemon [_thread_blocked, id=45912, stack(0x0000000030f00000,0x0000000031000000)]
  0x000000002d229000 JavaThread "ForkJoinPool.commonPool-worker-4" daemon [_thread_blocked, id=45908, stack(0x0000000030e00000,0x0000000030f00000)]
  0x000000002d22c000 JavaThread "ForkJoinPool.commonPool-worker-3" daemon [_thread_blocked, id=45904, stack(0x00000000308c0000,0x00000000309c0000)]
  0x000000002d229800 JavaThread "ForkJoinPool.commonPool-worker-1" daemon [_thread_blocked, id=45896, stack(0x000000002ebd0000,0x000000002ecd0000)]
  0x000000002d227800 JavaThread "Cache worker for Java compile cache (C:\Users\kmydt\source\ARNavigation_Deepect\ARNavigation\.gradle\5.6.4\javaCompile)" [_thread_blocked, id=45856, stack(0x000000002f2d0000,0x000000002f3d0000)]
  0x000000001bafb000 JavaThread "Cache worker for Java compile cache (C:\Users\kmydt\.gradle\caches\5.6.4\javaCompile)" [_thread_blocked, id=45852, stack(0x000000002f1d0000,0x000000002f2d0000)]
  0x0000000023d70800 JavaThread "WorkerExecutor Queue Thread 4" [_thread_blocked, id=45848, stack(0x000000002f0d0000,0x000000002f1d0000)]
  0x0000000023d6f000 JavaThread "RMI TCP Connection(1)-127.0.0.1" daemon [_thread_in_native, id=45652, stack(0x000000002efd0000,0x000000002f0d0000)]
  0x0000000023d6d800 JavaThread "RMI Reaper" [_thread_blocked, id=45644, stack(0x000000002eed0000,0x000000002efd0000)]
  0x0000000023d72800 JavaThread "RMI TCP Accept-0" daemon [_thread_in_native, id=45640, stack(0x000000002edd0000,0x000000002eed0000)]
  0x0000000023d71800 JavaThread "GC Daemon" daemon [_thread_blocked, id=45628, stack(0x000000002ecd0000,0x000000002edd0000)]
  0x0000000023d70000 JavaThread "RMI Scheduler(0)" daemon [_thread_blocked, id=45620, stack(0x000000002ead0000,0x000000002ebd0000)]
  0x0000000023d6a800 JavaThread "WorkerExecutor Queue Thread 3" [_thread_blocked, id=45364, stack(0x00000000298c0000,0x00000000299c0000)]
  0x0000000023d6c000 JavaThread "stdout" [_thread_in_native, id=45264, stack(0x00000000297c0000,0x00000000298c0000)]
  0x0000000023d66000 JavaThread "stderr" [_thread_in_native, id=45260, stack(0x00000000296c0000,0x00000000297c0000)]
  0x0000000023d6b800 JavaThread "stdout" [_thread_in_native, id=45256, stack(0x00000000295c0000,0x00000000296c0000)]
  0x0000000023d63000 JavaThread "stderr" [_thread_in_native, id=45252, stack(0x00000000294c0000,0x00000000295c0000)]
  0x0000000023d6a000 JavaThread "pool-4-thread-1" [_thread_blocked, id=45232, stack(0x00000000293c0000,0x00000000294c0000)]
  0x0000000023d69000 JavaThread "WorkerExecutor Queue Thread 2" [_thread_blocked, id=45228, stack(0x00000000292c0000,0x00000000293c0000)]
  0x0000000023d67800 JavaThread "WorkerExecutor Queue" [_thread_blocked, id=45224, stack(0x00000000291c0000,0x00000000292c0000)]
  0x0000000023d64800 JavaThread "Cache worker for execution history cache (C:\Users\kmydt\source\ARNavigation_Deepect\ARNavigation\.gradle\5.6.4\executionHistory)" [_thread_blocked, id=43672, stack(0x00000000282b0000,0x00000000283b0000)]
  0x0000000019e1a000 JavaThread "Execution worker for ':' Thread 7" [_thread_blocked, id=37156, stack(0x00000000290c0000,0x00000000291c0000)]
  0x0000000019e19000 JavaThread "Execution worker for ':' Thread 6" [_thread_blocked, id=43612, stack(0x0000000028fc0000,0x00000000290c0000)]
  0x0000000019e1a800 JavaThread "Execution worker for ':' Thread 5" [_thread_blocked, id=44140, stack(0x0000000028ec0000,0x0000000028fc0000)]
  0x0000000019e17800 JavaThread "Execution worker for ':' Thread 4" [_thread_blocked, id=44136, stack(0x0000000028dc0000,0x0000000028ec0000)]
  0x0000000019e0d000 JavaThread "Execution worker for ':' Thread 3" [_thread_blocked, id=45008, stack(0x0000000028cc0000,0x0000000028dc0000)]
  0x0000000019e13800 JavaThread "Execution worker for ':' Thread 2" [_thread_blocked, id=43772, stack(0x0000000028bc0000,0x0000000028cc0000)]
  0x0000000019e10000 JavaThread "Execution worker for ':'" [_thread_blocked, id=45028, stack(0x00000000287e0000,0x00000000288e0000)]
  0x0000000019e12000 JavaThread "Cache worker for file content cache (C:\Users\kmydt\source\ARNavigation_Deepect\ARNavigation\.gradle\5.6.4\fileContent)" [_thread_blocked, id=28772, stack(0x0000000027d90000,0x0000000027e90000)]
  0x0000000019e11800 JavaThread "Cache worker for file content cache (C:\Users\kmydt\.gradle\caches\5.6.4\fileContent)" [_thread_blocked, id=19276, stack(0x0000000026620000,0x0000000026720000)]
  0x000000001bafe000 JavaThread "Cache worker for Build Output Cleanup Cache (C:\Users\kmydt\source\ARNavigation_Deepect\ARNavigation\.gradle\buildOutputCleanup)" [_thread_blocked, id=44688, stack(0x0000000026270000,0x0000000026370000)]
  0x000000001bafd800 JavaThread "Build operations Thread 8" [_thread_blocked, id=35960, stack(0x0000000024b80000,0x0000000024c80000)]
  0x000000001bb04000 JavaThread "Build operations Thread 7" [_thread_blocked, id=34900, stack(0x0000000024a80000,0x0000000024b80000)]
  0x000000001bb03800 JavaThread "Build operations Thread 6" [_thread_blocked, id=44404, stack(0x0000000024980000,0x0000000024a80000)]
  0x000000001bb02000 JavaThread "Build operations Thread 5" [_thread_blocked, id=37576, stack(0x0000000024880000,0x0000000024980000)]
  0x000000001bb02800 JavaThread "Build operations Thread 4" [_thread_blocked, id=33548, stack(0x0000000024780000,0x0000000024880000)]
  0x000000001bafa800 JavaThread "Build operations Thread 3" [_thread_blocked, id=43428, stack(0x0000000024680000,0x0000000024780000)]
  0x000000001bafc800 JavaThread "Build operations Thread 2" [_thread_blocked, id=33136, stack(0x00000000234e0000,0x00000000235e0000)]
  0x000000001baff000 JavaThread "Build operations" [_thread_blocked, id=44852, stack(0x00000000233e0000,0x00000000234e0000)]
  0x000000001bb01000 JavaThread "Cache worker for cache directory md-rule (C:\Users\kmydt\.gradle\caches\5.6.4\md-rule)" [_thread_blocked, id=32436, stack(0x0000000021680000,0x0000000021780000)]
  0x000000001bb00800 JavaThread "Cache worker for cache directory md-supplier (C:\Users\kmydt\.gradle\caches\5.6.4\md-supplier)" [_thread_blocked, id=36944, stack(0x0000000021480000,0x0000000021580000)]
  0x000000001baf6000 JavaThread "Cache worker for file hash cache (C:\Users\kmydt\source\ARNavigation_Deepect\ARNavigation\.gradle\5.6.4\fileHashes)" [_thread_blocked, id=37980, stack(0x000000001fed0000,0x000000001ffd0000)]
  0x000000001baf7800 JavaThread "Thread-32" [_thread_blocked, id=35104, stack(0x000000001fbd0000,0x000000001fcd0000)]
  0x000000001baf9800 JavaThread "Stdin handler" [_thread_blocked, id=36448, stack(0x000000001d130000,0x000000001d230000)]
  0x000000001baf5000 JavaThread "Asynchronous log dispatcher for DefaultDaemonConnection: socket connection from /127.0.0.1:54969 to /127.0.0.1:55188" [_thread_blocked, id=44584, stack(0x000000001d030000,0x000000001d130000)]
  0x000000001bafc000 JavaThread "Daemon worker Thread 2" [_thread_blocked, id=42664, stack(0x000000001cb30000,0x000000001cc30000)]
  0x000000001baf9000 JavaThread "Cancel handler" [_thread_blocked, id=37644, stack(0x0000000001470000,0x0000000001570000)]
  0x000000001baf6800 JavaThread "Handler for socket connection from /127.0.0.1:54969 to /127.0.0.1:55188" [_thread_in_native, id=41088, stack(0x0000000001370000,0x0000000001470000)]
  0x000000001baf8000 JavaThread "Daemon Thread 2" [_thread_blocked, id=44304, stack(0x0000000001270000,0x0000000001370000)]
  0x0000000019e1b800 JavaThread "Memory manager" [_thread_blocked, id=28272, stack(0x0000000025550000,0x0000000025650000)]
  0x0000000019e13000 JavaThread "Cache worker for execution history cache (C:\Users\kmydt\.gradle\caches\5.6.4\executionHistory)" [_thread_blocked, id=34632, stack(0x0000000021580000,0x0000000021680000)]
  0x000000001a3f8800 JavaThread "Cache worker for journal cache (C:\Users\kmydt\.gradle\caches\journal-1)" [_thread_blocked, id=39656, stack(0x000000001d930000,0x000000001da30000)]
  0x000000001a3fa800 JavaThread "File lock request listener" [_thread_in_native, id=8700, stack(0x000000001d830000,0x000000001d930000)]
  0x000000001a3f7800 JavaThread "Cache worker for file hash cache (C:\Users\kmydt\.gradle\caches\5.6.4\fileHashes)" [_thread_blocked, id=42064, stack(0x000000001d730000,0x000000001d830000)]
  0x000000001b79d000 JavaThread "Daemon periodic checks" [_thread_blocked, id=40008, stack(0x000000001ca30000,0x000000001cb30000)]
  0x0000000018fd8000 JavaThread "Incoming local TCP Connector on port 54969" [_thread_in_native, id=2548, stack(0x000000001c850000,0x000000001c950000)]
  0x000000001b6bf800 JavaThread "Daemon health stats" [_thread_blocked, id=42848, stack(0x000000001c550000,0x000000001c650000)]
  0x000000001902a800 JavaThread "Service Thread" daemon [_thread_blocked, id=42916, stack(0x0000000019bb0000,0x0000000019cb0000)]
  0x0000000018fe0000 JavaThread "C1 CompilerThread3" daemon [_thread_blocked, id=42992, stack(0x0000000019ab0000,0x0000000019bb0000)]
  0x0000000018fbc000 JavaThread "C2 CompilerThread2" daemon [_thread_in_native, id=41700, stack(0x00000000199b0000,0x0000000019ab0000)]
=>0x0000000018fb7000 JavaThread "C2 CompilerThread1" daemon [_thread_in_native, id=36240, stack(0x00000000198b0000,0x00000000199b0000)]
  0x0000000018f59000 JavaThread "C2 CompilerThread0" daemon [_thread_in_native, id=40948, stack(0x00000000197b0000,0x00000000198b0000)]
  0x0000000018f58000 JavaThread "Attach Listener" daemon [_thread_blocked, id=24952, stack(0x00000000196b0000,0x00000000197b0000)]
  0x0000000018fb0000 JavaThread "Signal Dispatcher" daemon [_thread_blocked, id=42548, stack(0x00000000195b0000,0x00000000196b0000)]
  0x0000000018f40800 JavaThread "Finalizer" daemon [_thread_blocked, id=10384, stack(0x0000000019420000,0x0000000019520000)]
  0x0000000003377000 JavaThread "Reference Handler" daemon [_thread_blocked, id=36308, stack(0x0000000019320000,0x0000000019420000)]
  0x0000000003282800 JavaThread "main" [_thread_blocked, id=18728, stack(0x0000000003180000,0x0000000003280000)]

Other Threads:
  0x0000000017138000 VMThread [stack: 0x0000000018e20000,0x0000000018f20000] [id=34476]
  0x000000001902b800 WatcherThread [stack: 0x0000000019cb0000,0x0000000019db0000] [id=34588]

VM state:not at safepoint (normal execution)

VM Mutex/Monitor currently owned by a thread: None

heap address: 0x00000000a0000000, size: 1536 MB, Compressed Oops mode: 32-bit
Narrow klass base: 0x0000000000000000, Narrow klass shift: 3
Compressed class space size: 1073741824 Address: 0x0000000100000000

Heap:
 PSYoungGen      total 335360K, used 146379K [0x00000000e0000000, 0x00000000f9700000, 0x0000000100000000)
  eden space 292864K, 46% used [0x00000000e0000000,0x00000000e841c420,0x00000000f1e00000)
  from space 42496K, 26% used [0x00000000f1e00000,0x00000000f28d68b8,0x00000000f4780000)
  to   space 41984K, 0% used [0x00000000f6e00000,0x00000000f6e00000,0x00000000f9700000)
 ParOldGen       total 344064K, used 87571K [0x00000000a0000000, 0x00000000b5000000, 0x00000000e0000000)
  object space 344064K, 25% used [0x00000000a0000000,0x00000000a5584d80,0x00000000b5000000)
 Metaspace       used 104477K, capacity 110446K, committed 110504K, reserved 1144832K
  class space    used 13941K, capacity 15252K, committed 15272K, reserved 1048576K

Card table byte_map: [0x0000000012740000,0x0000000012a50000] byte_map_base: 0x0000000012240000

Marking Bits: (ParMarkBitMap*) 0x00000000677c9f30
 Begin Bits: [0x0000000013450000, 0x0000000014c50000)
 End Bits:   [0x0000000014c50000, 0x0000000016450000)

Polling page: 0x0000000001130000

CodeCache: size=245760Kb used=51009Kb max_used=51009Kb free=194750Kb
 bounds [0x0000000003380000, 0x0000000006590000, 0x0000000012380000]
 total_blobs=16195 nmethods=15262 adapters=844
 compilation: enabled

Compilation events (10 events):
Event: 751.140 Thread 0x0000000018fe0000 18564       2       com.android.tools.r8.code.c::<init> (7 bytes)
Event: 751.140 Thread 0x0000000018fe0000 nmethod 18564 0x00000000065819d0 code [0x0000000006581b20, 0x0000000006581cd0]
Event: 751.146 Thread 0x0000000018fe0000 18565 %     3       com.android.tools.r8.v.a.a.a.f.c0::d @ 102 (190 bytes)
Event: 751.147 Thread 0x0000000018fe0000 nmethod 18565% 0x0000000006581e10 code [0x0000000006582060, 0x0000000006582de8]
Event: 751.173 Thread 0x0000000018fe0000 18568       2       com.android.tools.r8.graph.V$$Lambda$1390/133224683::apply (15 bytes)
Event: 751.173 Thread 0x0000000018fe0000 nmethod 18568 0x0000000006583890 code [0x00000000065839e0, 0x0000000006583bb0]
Event: 751.173 Thread 0x0000000018fe0000 18569       2       com.android.tools.r8.graph.DexDebugEvent$a::<init> (10 bytes)
Event: 751.173 Thread 0x0000000018fe0000 nmethod 18569 0x0000000006583c90 code [0x0000000006583de0, 0x0000000006583f30]
Event: 751.174 Thread 0x0000000018fe0000 18570       2       com.android.tools.r8.code.P0::<init> (30 bytes)
Event: 751.175 Thread 0x0000000018fe0000 nmethod 18570 0x0000000006583fd0 code [0x0000000006584160, 0x0000000006584458]

GC Heap History (10 events):
Event: 745.871 GC heap before
{Heap before GC invocations=17 (full 3):
 PSYoungGen      total 262144K, used 262136K [0x00000000e0000000, 0x00000000f5000000, 0x0000000100000000)
  eden space 235520K, 100% used [0x00000000e0000000,0x00000000ee600000,0x00000000ee600000)
  from space 26624K, 99% used [0x00000000ee600000,0x00000000efffe2a0,0x00000000f0000000)
  to   space 38912K, 0% used [0x00000000f2a00000,0x00000000f2a00000,0x00000000f5000000)
 ParOldGen       total 217088K, used 61976K [0x00000000a0000000, 0x00000000ad400000, 0x00000000e0000000)
  object space 217088K, 28% used [0x00000000a0000000,0x00000000a3c862c0,0x00000000ad400000)
 Metaspace       used 86843K, capacity 90762K, committed 90920K, reserved 1128448K
  class space    used 11483K, capacity 12272K, committed 12328K, reserved 1048576K
Event: 745.901 GC heap after
Heap after GC invocations=17 (full 3):
 PSYoungGen      total 290816K, used 20174K [0x00000000e0000000, 0x00000000f4780000, 0x0000000100000000)
  eden space 260608K, 0% used [0x00000000e0000000,0x00000000e0000000,0x00000000efe80000)
  from space 30208K, 66% used [0x00000000f2a00000,0x00000000f3db38f0,0x00000000f4780000)
  to   space 37376K, 0% used [0x00000000efe80000,0x00000000efe80000,0x00000000f2300000)
 ParOldGen       total 217088K, used 76322K [0x00000000a0000000, 0x00000000ad400000, 0x00000000e0000000)
  object space 217088K, 35% used [0x00000000a0000000,0x00000000a4a88bd0,0x00000000ad400000)
 Metaspace       used 86843K, capacity 90762K, committed 90920K, reserved 1128448K
  class space    used 11483K, capacity 12272K, committed 12328K, reserved 1048576K
}
Event: 747.769 GC heap before
{Heap before GC invocations=18 (full 3):
 PSYoungGen      total 290816K, used 280782K [0x00000000e0000000, 0x00000000f4780000, 0x0000000100000000)
  eden space 260608K, 100% used [0x00000000e0000000,0x00000000efe80000,0x00000000efe80000)
  from space 30208K, 66% used [0x00000000f2a00000,0x00000000f3db38f0,0x00000000f4780000)
  to   space 37376K, 0% used [0x00000000efe80000,0x00000000efe80000,0x00000000f2300000)
 ParOldGen       total 217088K, used 76450K [0x00000000a0000000, 0x00000000ad400000, 0x00000000e0000000)
  object space 217088K, 35% used [0x00000000a0000000,0x00000000a4aa8be0,0x00000000ad400000)
 Metaspace       used 93317K, capacity 97218K, committed 97576K, reserved 1134592K
  class space    used 12201K, capacity 13024K, committed 13096K, reserved 1048576K
Event: 747.808 GC heap after
Heap after GC invocations=18 (full 3):
 PSYoungGen      total 297984K, used 34618K [0x00000000e0000000, 0x00000000f7080000, 0x0000000100000000)
  eden space 260608K, 0% used [0x00000000e0000000,0x00000000e0000000,0x00000000efe80000)
  from space 37376K, 92% used [0x00000000efe80000,0x00000000f204ea90,0x00000000f2300000)
  to   space 41984K, 0% used [0x00000000f4780000,0x00000000f4780000,0x00000000f7080000)
 ParOldGen       total 217088K, used 76466K [0x00000000a0000000, 0x00000000ad400000, 0x00000000e0000000)
  object space 217088K, 35% used [0x00000000a0000000,0x00000000a4aacbe0,0x00000000ad400000)
 Metaspace       used 93317K, capacity 97218K, committed 97576K, reserved 1134592K
  class space    used 12201K, capacity 13024K, committed 13096K, reserved 1048576K
}
Event: 748.157 GC heap before
{Heap before GC invocations=19 (full 3):
 PSYoungGen      total 297984K, used 137567K [0x00000000e0000000, 0x00000000f7080000, 0x0000000100000000)
  eden space 260608K, 39% used [0x00000000e0000000,0x00000000e6489228,0x00000000efe80000)
  from space 37376K, 92% used [0x00000000efe80000,0x00000000f204ea90,0x00000000f2300000)
  to   space 41984K, 0% used [0x00000000f4780000,0x00000000f4780000,0x00000000f7080000)
 ParOldGen       total 217088K, used 76466K [0x00000000a0000000, 0x00000000ad400000, 0x00000000e0000000)
  object space 217088K, 35% used [0x00000000a0000000,0x00000000a4aacbe0,0x00000000ad400000)
 Metaspace       used 94493K, capacity 98598K, committed 98600K, reserved 1134592K
  class space    used 12381K, capacity 13222K, committed 13224K, reserved 1048576K
Event: 748.178 GC heap after
Heap after GC invocations=19 (full 3):
 PSYoungGen      total 334848K, used 27487K [0x00000000e0000000, 0x00000000f8300000, 0x0000000100000000)
  eden space 292864K, 0% used [0x00000000e0000000,0x00000000e0000000,0x00000000f1e00000)
  from space 41984K, 65% used [0x00000000f4780000,0x00000000f6257c78,0x00000000f7080000)
  to   space 42496K, 0% used [0x00000000f1e00000,0x00000000f1e00000,0x00000000f4780000)
 ParOldGen       total 217088K, used 76474K [0x00000000a0000000, 0x00000000ad400000, 0x00000000e0000000)
  object space 217088K, 35% used [0x00000000a0000000,0x00000000a4aaebe0,0x00000000ad400000)
 Metaspace       used 94493K, capacity 98598K, committed 98600K, reserved 1134592K
  class space    used 12381K, capacity 13222K, committed 13224K, reserved 1048576K
}
Event: 748.178 GC heap before
{Heap before GC invocations=20 (full 4):
 PSYoungGen      total 334848K, used 27487K [0x00000000e0000000, 0x00000000f8300000, 0x0000000100000000)
  eden space 292864K, 0% used [0x00000000e0000000,0x00000000e0000000,0x00000000f1e00000)
  from space 41984K, 65% used [0x00000000f4780000,0x00000000f6257c78,0x00000000f7080000)
  to   space 42496K, 0% used [0x00000000f1e00000,0x00000000f1e00000,0x00000000f4780000)
 ParOldGen       total 217088K, used 76474K [0x00000000a0000000, 0x00000000ad400000, 0x00000000e0000000)
  object space 217088K, 35% used [0x00000000a0000000,0x00000000a4aaebe0,0x00000000ad400000)
 Metaspace       used 94493K, capacity 98598K, committed 98600K, reserved 1134592K
  class space    used 12381K, capacity 13222K, committed 13224K, reserved 1048576K
Event: 748.399 GC heap after
Heap after GC invocations=20 (full 4):
 PSYoungGen      total 334848K, used 0K [0x00000000e0000000, 0x00000000f8300000, 0x0000000100000000)
  eden space 292864K, 0% used [0x00000000e0000000,0x00000000e0000000,0x00000000f1e00000)
  from space 41984K, 0% used [0x00000000f4780000,0x00000000f4780000,0x00000000f7080000)
  to   space 42496K, 0% used [0x00000000f1e00000,0x00000000f1e00000,0x00000000f4780000)
 ParOldGen       total 344064K, used 87533K [0x00000000a0000000, 0x00000000b5000000, 0x00000000e0000000)
  object space 344064K, 25% used [0x00000000a0000000,0x00000000a557b570,0x00000000b5000000)
 Metaspace       used 94358K, capacity 98246K, committed 98600K, reserved 1134592K
  class space    used 12337K, capacity 13144K, committed 13224K, reserved 1048576K
}
Event: 750.396 GC heap before
{Heap before GC invocations=21 (full 4):
 PSYoungGen      total 334848K, used 292864K [0x00000000e0000000, 0x00000000f8300000, 0x0000000100000000)
  eden space 292864K, 100% used [0x00000000e0000000,0x00000000f1e00000,0x00000000f1e00000)
  from space 41984K, 0% used [0x00000000f4780000,0x00000000f4780000,0x00000000f7080000)
  to   space 42496K, 0% used [0x00000000f1e00000,0x00000000f1e00000,0x00000000f4780000)
 ParOldGen       total 344064K, used 87563K [0x00000000a0000000, 0x00000000b5000000, 0x00000000e0000000)
  object space 344064K, 25% used [0x00000000a0000000,0x00000000a5582d80,0x00000000b5000000)
 Metaspace       used 103505K, capacity 109258K, committed 109352K, reserved 1142784K
  class space    used 13809K, capacity 15090K, committed 15144K, reserved 1048576K
Event: 750.408 GC heap after
Heap after GC invocations=21 (full 4):
 PSYoungGen      total 335360K, used 11098K [0x00000000e0000000, 0x00000000f9700000, 0x0000000100000000)
  eden space 292864K, 0% used [0x00000000e0000000,0x00000000e0000000,0x00000000f1e00000)
  from space 42496K, 26% used [0x00000000f1e00000,0x00000000f28d68b8,0x00000000f4780000)
  to   space 41984K, 0% used [0x00000000f6e00000,0x00000000f6e00000,0x00000000f9700000)
 ParOldGen       total 344064K, used 87571K [0x00000000a0000000, 0x00000000b5000000, 0x00000000e0000000)
  object space 344064K, 25% used [0x00000000a0000000,0x00000000a5584d80,0x00000000b5000000)
 Metaspace       used 103505K, capacity 109258K, committed 109352K, reserved 1142784K
  class space    used 13809K, capacity 15090K, committed 15144K, reserved 1048576K
}

Deoptimization events (10 events):
Event: 750.815 Thread 0x0000000023d67800 Uncommon trap: reason=unstable_if action=reinterpret pc=0x00000000034af9e0 method=com.android.tools.r8.utils.O.d(I)Z @ 45
Event: 750.882 Thread 0x00000000191c8800 Uncommon trap: reason=unstable_if action=reinterpret pc=0x000000000395a5b0 method=java.util.Arrays.hashCode([Ljava/lang/Object;)I @ 1
Event: 750.882 Thread 0x0000000023d6d000 Uncommon trap: reason=unstable_if action=reinterpret pc=0x000000000395a5b0 method=java.util.Arrays.hashCode([Ljava/lang/Object;)I @ 1
Event: 750.882 Thread 0x00000000191ce000 Uncommon trap: reason=unstable_if action=reinterpret pc=0x000000000395a5b0 method=java.util.Arrays.hashCode([Ljava/lang/Object;)I @ 1
Event: 750.882 Thread 0x0000000019e14800 Uncommon trap: reason=unstable_if action=reinterpret pc=0x000000000395a5b0 method=java.util.Arrays.hashCode([Ljava/lang/Object;)I @ 1
Event: 750.882 Thread 0x000000002d235800 Uncommon trap: reason=unstable_if action=reinterpret pc=0x000000000395a5b0 method=java.util.Arrays.hashCode([Ljava/lang/Object;)I @ 1
Event: 750.882 Thread 0x0000000023d67000 Uncommon trap: reason=unstable_if action=reinterpret pc=0x000000000395a5b0 method=java.util.Arrays.hashCode([Ljava/lang/Object;)I @ 1
Event: 750.882 Thread 0x0000000023d65800 Uncommon trap: reason=unstable_if action=reinterpret pc=0x000000000395a5b0 method=java.util.Arrays.hashCode([Ljava/lang/Object;)I @ 1
Event: 750.891 Thread 0x0000000019e14800 Uncommon trap: reason=unstable_if action=reinterpret pc=0x00000000064d6ec0 method=com.android.tools.r8.v.a.a.a.f.c0.get(I)Ljava/lang/Object; @ 8
Event: 750.988 Thread 0x0000000023d65800 Uncommon trap: reason=unstable_if action=reinterpret pc=0x0000000005f80578 method=com.android.tools.r8.dex.j.j()Lcom/android/tools/r8/graph/DexValue; @ 29

Classes redefined (0 events):
No events

Internal exceptions (10 events):
Event: 750.503 Thread 0x0000000019e1a800 Exception <a 'java/lang/NoSuchMethodError': <clinit>> (0x00000000e0a15248) thrown at [D:\src\AOSP-openjdk-cygwin\jdk8u\hotspot\src\share\vm\prims\jni.cpp, line 1614]
Event: 750.601 Thread 0x0000000019e1a000 Exception <a 'java/io/FileNotFoundException'> (0x00000000e184c098) thrown at [D:\src\AOSP-openjdk-cygwin\jdk8u\hotspot\src\share\vm\prims\jni.cpp, line 710]
Event: 750.632 Thread 0x0000000023d67800 Exception <a 'sun/nio/fs/WindowsException'> (0x00000000e226c5a8) thrown at [D:\src\AOSP-openjdk-cygwin\jdk8u\hotspot\src\share\vm\prims\jni.cpp, line 710]
Event: 750.882 Thread 0x00000000191ce000 Implicit null exception at 0x000000000395a4af to 0x000000000395a5a1
Event: 750.882 Thread 0x00000000191c8800 Implicit null exception at 0x000000000395a4af to 0x000000000395a5a1
Event: 750.882 Thread 0x0000000023d6d000 Implicit null exception at 0x000000000395a4af to 0x000000000395a5a1
Event: 750.882 Thread 0x0000000023d67000 Implicit null exception at 0x000000000395a4af to 0x000000000395a5a1
Event: 750.882 Thread 0x0000000023d65800 Implicit null exception at 0x000000000395a4af to 0x000000000395a5a1
Event: 750.882 Thread 0x0000000019e14800 Implicit null exception at 0x000000000395a4af to 0x000000000395a5a1
Event: 750.882 Thread 0x000000002d235800 Implicit null exception at 0x000000000395a4af to 0x000000000395a5a1

Events (10 events):
Event: 750.936 Thread 0x0000000018fe0000 flushing nmethod 0x0000000005fc8010
Event: 750.936 Thread 0x0000000018fe0000 flushing nmethod 0x0000000005fc8ad0
Event: 750.936 Thread 0x0000000018fe0000 flushing nmethod 0x0000000005fcd350
Event: 750.936 Thread 0x0000000018fe0000 flushing nmethod 0x0000000005fd1590
Event: 750.936 Thread 0x0000000018fe0000 flushing nmethod 0x0000000005fd7f90
Event: 750.936 Thread 0x0000000018fe0000 flushing nmethod 0x000000000601bc10
Event: 750.936 Thread 0x0000000018fe0000 flushing nmethod 0x0000000006021f90
Event: 750.988 Thread 0x0000000023d65800 Uncommon trap: trap_request=0xffffff65 fr.pc=0x0000000005f80578
Event: 750.988 Thread 0x0000000023d65800 DEOPT PACKING pc=0x0000000005f80578 sp=0x0000000032c0e8b0
Event: 750.988 Thread 0x0000000023d65800 DEOPT UNPACKING pc=0x00000000033c557b sp=0x0000000032c0e880 mode 2


Dynamic libraries:
0x00007ff79cc10000 - 0x00007ff79cc41000 	C:\Program Files\Android\Android Studio\jre\bin\java.exe
0x00007ffe40400000 - 0x00007ffe405f0000 	C:\WINDOWS\SYSTEM32\ntdll.dll
0x00007ffe3eb00000 - 0x00007ffe3ebb2000 	C:\WINDOWS\System32\KERNEL32.DLL
0x00007ffe3d390000 - 0x00007ffe3d634000 	C:\WINDOWS\System32\KERNELBASE.dll
0x00007ffe3e830000 - 0x00007ffe3e8d3000 	C:\WINDOWS\System32\ADVAPI32.dll
0x00007ffe3ebc0000 - 0x00007ffe3ec5e000 	C:\WINDOWS\System32\msvcrt.dll
0x00007ffe3e5e0000 - 0x00007ffe3e677000 	C:\WINDOWS\System32\sechost.dll
0x00007ffe3f330000 - 0x00007ffe3f450000 	C:\WINDOWS\System32\RPCRT4.dll
0x00007ffe3ee50000 - 0x00007ffe3efe4000 	C:\WINDOWS\System32\USER32.dll
0x00007ffe3da30000 - 0x00007ffe3da51000 	C:\WINDOWS\System32\win32u.dll
0x00007ffe3ee20000 - 0x00007ffe3ee46000 	C:\WINDOWS\System32\GDI32.dll
0x00007ffe3d640000 - 0x00007ffe3d7d4000 	C:\WINDOWS\System32\gdi32full.dll
0x00007ffe3e3e0000 - 0x00007ffe3e47e000 	C:\WINDOWS\System32\msvcp_win.dll
0x00007ffe3d800000 - 0x00007ffe3d8fa000 	C:\WINDOWS\System32\ucrtbase.dll
0x00007ffe26520000 - 0x00007ffe267a4000 	C:\WINDOWS\WinSxS\amd64_microsoft.windows.common-controls_6595b64144ccf1df_6.0.18362.836_none_e6c4b943130f18ed\COMCTL32.dll
0x00007ffe3eff0000 - 0x00007ffe3f326000 	C:\WINDOWS\System32\combase.dll
0x00007ffe3d9b0000 - 0x00007ffe3da30000 	C:\WINDOWS\System32\bcryptPrimitives.dll
0x00007ffe3fb40000 - 0x00007ffe3fb6e000 	C:\WINDOWS\System32\IMM32.DLL
0x0000000066e40000 - 0x0000000066f12000 	C:\Program Files\Android\Android Studio\jre\jre\bin\msvcr100.dll
0x0000000067000000 - 0x0000000067846000 	C:\Program Files\Android\Android Studio\jre\jre\bin\server\jvm.dll
0x00007ffe3e940000 - 0x00007ffe3e948000 	C:\WINDOWS\System32\PSAPI.DLL
0x00007ffe38800000 - 0x00007ffe38824000 	C:\WINDOWS\SYSTEM32\WINMM.dll
0x00007ffe2d410000 - 0x00007ffe2d419000 	C:\WINDOWS\SYSTEM32\WSOCK32.dll
0x00007ffe3b200000 - 0x00007ffe3b20a000 	C:\WINDOWS\SYSTEM32\VERSION.dll
0x00007ffe3ea00000 - 0x00007ffe3ea6f000 	C:\WINDOWS\System32\WS2_32.dll
0x00007ffe387d0000 - 0x00007ffe387fd000 	C:\WINDOWS\SYSTEM32\winmmbase.dll
0x00007ffe3e330000 - 0x00007ffe3e37a000 	C:\WINDOWS\System32\cfgmgr32.dll
0x00007ffe1d910000 - 0x00007ffe1d91f000 	C:\Program Files\Android\Android Studio\jre\jre\bin\verify.dll
0x00007ffde95e0000 - 0x00007ffde9609000 	C:\Program Files\Android\Android Studio\jre\jre\bin\java.dll
0x00007ffde95c0000 - 0x00007ffde95d6000 	C:\Program Files\Android\Android Studio\jre\jre\bin\zip.dll
0x00007ffe3f450000 - 0x00007ffe3fb34000 	C:\WINDOWS\System32\SHELL32.dll
0x00007ffe3e510000 - 0x00007ffe3e5b9000 	C:\WINDOWS\System32\shcore.dll
0x00007ffe3da60000 - 0x00007ffe3e1de000 	C:\WINDOWS\System32\windows.storage.dll
0x00007ffe3d310000 - 0x00007ffe3d333000 	C:\WINDOWS\System32\profapi.dll
0x00007ffe3d340000 - 0x00007ffe3d38a000 	C:\WINDOWS\System32\powrprof.dll
0x00007ffe3d2c0000 - 0x00007ffe3d2d0000 	C:\WINDOWS\System32\UMPDC.dll
0x00007ffe3e8e0000 - 0x00007ffe3e932000 	C:\WINDOWS\System32\shlwapi.dll
0x00007ffe3d2d0000 - 0x00007ffe3d2e1000 	C:\WINDOWS\System32\kernel.appcore.dll
0x00007ffe3d7e0000 - 0x00007ffe3d7f7000 	C:\WINDOWS\System32\cryptsp.dll
0x00007ffde95a0000 - 0x00007ffde95ba000 	C:\Program Files\Android\Android Studio\jre\jre\bin\net.dll
0x00007ffe28c30000 - 0x00007ffe28e06000 	C:\WINDOWS\SYSTEM32\urlmon.dll
0x00007ffe29e20000 - 0x00007ffe2a0c6000 	C:\WINDOWS\SYSTEM32\iertutil.dll
0x00007ffe3cd00000 - 0x00007ffe3cd0c000 	C:\WINDOWS\SYSTEM32\CRYPTBASE.DLL
0x00007ffe3cb30000 - 0x00007ffe3cb97000 	C:\WINDOWS\system32\mswsock.dll
0x00007ffde9580000 - 0x00007ffde9593000 	C:\Program Files\Android\Android Studio\jre\jre\bin\nio.dll
0x00007ffe3b180000 - 0x00007ffe3b1a6000 	C:\Users\kmydt\.gradle\native\30\windows-amd64\native-platform.dll
0x00007ffe12c00000 - 0x00007ffe12c0d000 	C:\Program Files\Android\Android Studio\jre\jre\bin\management.dll
0x00007ffe3c6a0000 - 0x00007ffe3c6d3000 	C:\WINDOWS\system32\rsaenh.dll
0x00007ffe3e480000 - 0x00007ffe3e4a6000 	C:\WINDOWS\System32\bcrypt.dll
0x00007ffe3d1e0000 - 0x00007ffe3d205000 	C:\WINDOWS\SYSTEM32\USERENV.dll
0x00007ffe3c840000 - 0x00007ffe3c87a000 	C:\WINDOWS\SYSTEM32\IPHLPAPI.DLL
0x00007ffe3eaf0000 - 0x00007ffe3eaf8000 	C:\WINDOWS\System32\NSI.dll
0x00007ffe37010000 - 0x00007ffe37026000 	C:\WINDOWS\SYSTEM32\dhcpcsvc6.DLL
0x00007ffe36ff0000 - 0x00007ffe3700c000 	C:\WINDOWS\SYSTEM32\dhcpcsvc.DLL
0x00007ffe3c880000 - 0x00007ffe3c94b000 	C:\WINDOWS\SYSTEM32\DNSAPI.dll
0x00007ffde8a50000 - 0x00007ffde8a74000 	C:\Program Files\Android\Android Studio\jre\jre\bin\sunec.dll
0x00007ffe33570000 - 0x00007ffe3357a000 	C:\Windows\System32\rasadhlp.dll
0x00007ffe33580000 - 0x00007ffe335f7000 	C:\WINDOWS\System32\fwpuclnt.dll
0x00007ffe1db40000 - 0x00007ffe1db4b000 	C:\Program Files\Android\Android Studio\jre\jre\bin\sunmscapi.dll
0x00007ffe3e1e0000 - 0x00007ffe3e329000 	C:\WINDOWS\System32\CRYPT32.dll
0x00007ffe3d2f0000 - 0x00007ffe3d302000 	C:\WINDOWS\System32\MSASN1.dll
0x00007ffe2bdc0000 - 0x00007ffe2bdde000 	C:\Users\kmydt\AppData\Local\Temp\native-platform7873538383605976104dir\native-platform.dll

VM Arguments:
jvm_args: -Xmx1536m -Dfile.encoding=x-windows-949 -Duser.country=KR -Duser.language=ko -Duser.variant 
java_command: org.gradle.launcher.daemon.bootstrap.GradleDaemon 5.6.4
java_class_path (initial): C:\Users\kmydt\.gradle\wrapper\dists\gradle-5.6.4-all\ankdp27end7byghfw1q2sw75f\gradle-5.6.4\lib\gradle-launcher-5.6.4.jar
Launcher Type: SUN_STANDARD

Environment Variables:
JAVA_HOME=C:\Program Files\Java\jdk-13.0.2
PATH=C:\Program_Oracle\product\11.2.0\dbhome_1\bin;C:\Program Files\Java\jdk-13.0.2\bin;C:\Program Files (x86)\Common Files\Oracle\Java\javapath;C:\Program Files (x86)\Intel\iCLS Client\;C:\Program Files\Intel\iCLS Client\;C:\WINDOWS\system32;C:\WINDOWS;C:\WINDOWS\System32\Wbem;C:\WINDOWS\System32\WindowsPowerShell\v1.0\;C:\Program Files (x86)\Intel\Intel(R) Management Engine Components\DAL;C:\Program Files\Intel\Intel(R) Management Engine Components\DAL;C:\Program Files (x86)\Intel\Intel(R) Management Engine Components\IPT;C:\Program Files\Intel\Intel(R) Management Engine Components\IPT;C:\Program Files\Intel\WiFi\bin\;C:\Program Files\Common Files\Intel\WirelessCommon\;C:\WINDOWS\System32\OpenSSH\;C:\Program Files\Java\jdk-11.0.2\bin;C:\Program Files\PuTTY\;C:\Program Files\Git\cmd;C:\Users\kmydt\AppData\Local\Programs\Python\Python37-32\Scripts\;C:\Users\kmydt\AppData\Local\Programs\Python\Python37-32\;C:\Users\kmydt\AppData\Local\Microsoft\WindowsApps;;C:\Program Files\Microsoft VS Code\bin;C:\Program Files\JetBrains\PyCharm Community Edition 2019.1.2\bin;
USERNAME=kmydt
OS=Windows_NT
PROCESSOR_IDENTIFIER=Intel64 Family 6 Model 142 Stepping 10, GenuineIntel



---------------  S Y S T E M  ---------------

OS: Windows 10.0 , 64 bit Build 18362 (10.0.18362.778)

CPU:total 8 (initial active 8) (4 cores per cpu, 2 threads per core) family 6 model 142 stepping 10, cmov, cx8, fxsr, mmx, sse, sse2, sse3, ssse3, sse4.1, sse4.2, popcnt, avx, avx2, aes, clmul, erms, 3dnowpref, lzcnt, ht, tsc, tscinvbit, bmi1, bmi2, adx

Memory: 4k page, physical 16606548k(4647712k free), swap 16606548k(4192k free)

vm_info: OpenJDK 64-Bit Server VM (25.212-b04) for windows-amd64 JRE (1.8.0_212-release-1586-b04), built by "builder" with MS VC++ 10.0 (VS2010)

time: Sat May 30 23:35:11 2020
timezone: 대한민국 표준시
elapsed time: 751 seconds (0d 0h 12m 31s)

