#
# There is insufficient memory for the Java Runtime Environment to continue.
# Native memory allocation (malloc) failed to allocate 1599536 bytes for Chunk::new
# Possible reasons:
#   The system is out of physical RAM or swap space
#   The process is running with CompressedOops enabled, and the Java Heap may be blocking the growth of the native heap
# Possible solutions:
#   Reduce memory load on the system
#   Increase physical memory or swap space
#   Check if swap backing store is full
#   Decrease Java heap size (-Xmx/-Xms)
#   Decrease number of Java threads
#   Decrease Java thread stack sizes (-Xss)
#   Set larger code cache with -XX:ReservedCodeCacheSize=
#   JVM is running with Unscaled Compressed Oops mode in which the Java heap is
#     placed in the first 4GB address space. The Java Heap base address is the
#     maximum limit for the native heap growth. Please use -XX:HeapBaseMinAddress
#     to set the Java Heap base and to place the Java Heap above 4GB virtual address.
# This output file may be truncated or incomplete.
#
#  Out of Memory Error (allocation.cpp:389), pid=23456, tid=0x0000000000001498
#
# JRE version: OpenJDK Runtime Environment (8.0_212-b04) (build 1.8.0_212-release-1586-b04)
# Java VM: OpenJDK 64-Bit Server VM (25.212-b04 mixed mode windows-amd64 compressed oops)
# Failed to write core dump. Minidumps are not enabled by default on client versions of Windows
#

---------------  T H R E A D  ---------------

Current thread (0x0000000018c88800):  JavaThread "C2 CompilerThread0" daemon [_thread_in_native, id=5272, stack(0x00000000194e0000,0x00000000195e0000)]

Stack: [0x00000000194e0000,0x00000000195e0000]
[error occurred during error reporting (printing stack bounds), id 0xc0000005]

Native frames: (J=compiled Java code, j=interpreted, Vv=VM code, C=native code)


Current CompileTask:
C2:7222779 40914       4       com.intellij.lang.java.parser.ExpressionParser::parseBinary (164 bytes)


---------------  P R O C E S S  ---------------

Java Threads: ( => current thread )
  0x000000001f7d0000 JavaThread "Cache worker for Java compile cache (C:\Users\kmydt\source\ARNavigation_Deepect\ARNavigation\.gradle\5.6.4\javaCompile)" [_thread_blocked, id=35004, stack(0x000000002cbc0000,0x000000002ccc0000)]
  0x000000001f7c8000 JavaThread "RMI TCP Connection(42)-127.0.0.1" daemon [_thread_in_native, id=34992, stack(0x000000002c880000,0x000000002c980000)]
  0x000000002746d000 JavaThread "RMI TCP Connection(idle)" daemon [_thread_blocked, id=34984, stack(0x000000002c9b0000,0x000000002cab0000)]
  0x000000001f7cb800 JavaThread "WorkerExecutor Queue Thread 9" [_thread_blocked, id=34956, stack(0x000000002e770000,0x000000002e870000)]
  0x000000001f7ce000 JavaThread "ForkJoinPool.commonPool-worker-3" daemon [_thread_blocked, id=34936, stack(0x000000002e170000,0x000000002e270000)]
  0x000000001e61d800 JavaThread "ForkJoinPool.commonPool-worker-0" daemon [_thread_blocked, id=34924, stack(0x000000002de70000,0x000000002df70000)]
  0x000000001e614000 JavaThread "stdout" [_thread_in_native, id=2412, stack(0x000000002dd70000,0x000000002de70000)]
  0x000000001e61a000 JavaThread "stderr" [_thread_in_native, id=33416, stack(0x000000002dc70000,0x000000002dd70000)]
  0x000000001e619000 JavaThread "stdout" [_thread_in_native, id=33524, stack(0x000000002db70000,0x000000002dc70000)]
  0x000000001e615800 JavaThread "stderr" [_thread_in_native, id=34524, stack(0x000000002da70000,0x000000002db70000)]
  0x000000001e611000 JavaThread "stdout" [_thread_in_native, id=33760, stack(0x000000002d970000,0x000000002da70000)]
  0x000000001e60f800 JavaThread "stderr" [_thread_in_native, id=34068, stack(0x000000002d5b0000,0x000000002d6b0000)]
  0x0000000018fb0800 JavaThread "stdout" [_thread_in_native, id=34572, stack(0x000000002d4b0000,0x000000002d5b0000)]
  0x0000000018fa9000 JavaThread "stderr" [_thread_in_native, id=8544, stack(0x000000002d3b0000,0x000000002d4b0000)]
  0x0000000018fa7800 JavaThread "stdout" [_thread_in_native, id=34600, stack(0x000000002d2b0000,0x000000002d3b0000)]
  0x0000000018fad800 JavaThread "stderr" [_thread_in_native, id=5452, stack(0x000000002d1b0000,0x000000002d2b0000)]
  0x0000000018fae800 JavaThread "stdout" [_thread_in_native, id=34796, stack(0x000000002d0b0000,0x000000002d1b0000)]
  0x0000000018fa6000 JavaThread "stderr" [_thread_in_native, id=34744, stack(0x000000002cfb0000,0x000000002d0b0000)]
  0x0000000018fa5800 JavaThread "stdout" [_thread_in_native, id=1916, stack(0x000000002c780000,0x000000002c880000)]
  0x0000000018fa7000 JavaThread "stderr" [_thread_in_native, id=31544, stack(0x000000002c680000,0x000000002c780000)]
  0x0000000018fa3800 JavaThread "pool-41-thread-1" [_thread_blocked, id=17304, stack(0x000000002c580000,0x000000002c680000)]
  0x000000002746c000 JavaThread "MarlinRenderer Disposer" daemon [_thread_blocked, id=34608, stack(0x000000002b0b0000,0x000000002b1b0000)]
  0x0000000027464000 JavaThread "Java2D Disposer" daemon [_thread_blocked, id=33512, stack(0x000000002c300000,0x000000002c400000)]
  0x000000002746a000 JavaThread "WorkerExecutor Queue Thread 7" [_thread_blocked, id=34688, stack(0x000000002b9b0000,0x000000002bab0000)]
  0x0000000027469000 JavaThread "WorkerExecutor Queue Thread 6" [_thread_blocked, id=34244, stack(0x000000002b5f0000,0x000000002b6f0000)]
  0x0000000027465800 JavaThread "WorkerExecutor Queue Thread 5" [_thread_blocked, id=34596, stack(0x000000002b4f0000,0x000000002b5f0000)]
  0x0000000027466000 JavaThread "WorkerExecutor Queue Thread 4" [_thread_blocked, id=32004, stack(0x000000002b3f0000,0x000000002b4f0000)]
  0x0000000027461000 JavaThread "WorkerExecutor Queue Thread 3" [_thread_blocked, id=32972, stack(0x000000002b2f0000,0x000000002b3f0000)]
  0x0000000027467800 JavaThread "WorkerExecutor Queue Thread 2" [_thread_blocked, id=34020, stack(0x000000002b1f0000,0x000000002b2f0000)]
  0x0000000027467000 JavaThread "WorkerExecutor Queue" [_thread_blocked, id=29420, stack(0x000000002a5b0000,0x000000002a6b0000)]
  0x0000000027464800 JavaThread "Cache worker for execution history cache (C:\Users\kmydt\source\ARNavigation_Deepect\ARNavigation\.gradle\5.6.4\executionHistory)" [_thread_blocked, id=27972, stack(0x0000000029cb0000,0x0000000029db0000)]
  0x00000000284bf000 JavaThread "Execution worker for ':' Thread 7" [_thread_blocked, id=33876, stack(0x0000000029ab0000,0x0000000029bb0000)]
  0x00000000284c0800 JavaThread "Execution worker for ':' Thread 6" [_thread_blocked, id=11804, stack(0x00000000297b0000,0x00000000298b0000)]
  0x00000000284be800 JavaThread "Execution worker for ':' Thread 5" [_thread_blocked, id=32924, stack(0x00000000296b0000,0x00000000297b0000)]
  0x00000000284c0000 JavaThread "Execution worker for ':' Thread 4" [_thread_in_vm, id=13456, stack(0x00000000295b0000,0x00000000296b0000)]
  0x00000000284bd800 JavaThread "Execution worker for ':' Thread 3" [_thread_blocked, id=33160, stack(0x00000000294b0000,0x00000000295b0000)]
  0x00000000284bd000 JavaThread "Execution worker for ':' Thread 2" [_thread_blocked, id=26084, stack(0x0000000026620000,0x0000000026720000)]
  0x00000000284b5000 JavaThread "Execution worker for ':'" [_thread_blocked, id=33804, stack(0x0000000026520000,0x0000000026620000)]
  0x00000000284bc000 JavaThread "Cache worker for file content cache (C:\Users\kmydt\source\ARNavigation_Deepect\ARNavigation\.gradle\5.6.4\fileContent)" [_thread_blocked, id=33396, stack(0x0000000022600000,0x0000000022700000)]
  0x00000000284b4800 JavaThread "Cache worker for Build Output Cleanup Cache (C:\Users\kmydt\source\ARNavigation_Deepect\ARNavigation\.gradle\buildOutputCleanup)" [_thread_blocked, id=34444, stack(0x0000000022250000,0x0000000022350000)]
  0x00000000284b7800 JavaThread "Build operations Thread 8" [_thread_blocked, id=34520, stack(0x0000000022150000,0x0000000022250000)]
  0x00000000284b9000 JavaThread "Build operations Thread 7" [_thread_blocked, id=26632, stack(0x0000000022050000,0x0000000022150000)]
  0x00000000284bb000 JavaThread "Build operations Thread 6" [_thread_blocked, id=34628, stack(0x0000000021f50000,0x0000000022050000)]
  0x00000000284b3800 JavaThread "Build operations Thread 5" [_thread_blocked, id=34784, stack(0x0000000021e50000,0x0000000021f50000)]
  0x00000000284ba800 JavaThread "Build operations Thread 4" [_thread_blocked, id=32652, stack(0x0000000021d50000,0x0000000021e50000)]
  0x00000000284b3000 JavaThread "Build operations Thread 3" [_thread_blocked, id=33056, stack(0x0000000021c50000,0x0000000021d50000)]
  0x00000000284b6800 JavaThread "Build operations Thread 2" [_thread_blocked, id=29948, stack(0x000000001fe00000,0x000000001ff00000)]
  0x00000000284b9800 JavaThread "Build operations" [_thread_blocked, id=33856, stack(0x000000001fd00000,0x000000001fe00000)]
  0x00000000284b6000 JavaThread "Cache worker for cache directory md-rule (C:\Users\kmydt\.gradle\caches\5.6.4\md-rule)" [_thread_blocked, id=29788, stack(0x000000001fc00000,0x000000001fd00000)]
  0x00000000284b2000 JavaThread "Cache worker for cache directory md-supplier (C:\Users\kmydt\.gradle\caches\5.6.4\md-supplier)" [_thread_blocked, id=34756, stack(0x000000001fb00000,0x000000001fc00000)]
  0x00000000284b1800 JavaThread "Cache worker for file hash cache (C:\Users\kmydt\source\ARNavigation_Deepect\ARNavigation\.gradle\5.6.4\fileHashes)" [_thread_blocked, id=33532, stack(0x000000001ce60000,0x000000001cf60000)]
  0x0000000019e3f800 JavaThread "Thread-635" [_thread_blocked, id=30332, stack(0x000000001cd60000,0x000000001ce60000)]
  0x0000000019e42800 JavaThread "Stdin handler" [_thread_blocked, id=26396, stack(0x000000001cc60000,0x000000001cd60000)]
  0x0000000019e41000 JavaThread "Asynchronous log dispatcher for DefaultDaemonConnection: socket connection from /127.0.0.1:61774 to /127.0.0.1:64145" [_thread_blocked, id=34692, stack(0x000000001c960000,0x000000001ca60000)]
  0x0000000019e3e800 JavaThread "Daemon worker Thread 16" [_thread_blocked, id=33452, stack(0x000000001c860000,0x000000001c960000)]
  0x0000000019e36800 JavaThread "Cancel handler" [_thread_blocked, id=25104, stack(0x0000000001190000,0x0000000001290000)]
  0x0000000019e3c800 JavaThread "Handler for socket connection from /127.0.0.1:61774 to /127.0.0.1:64145" [_thread_in_native, id=27680, stack(0x0000000001090000,0x0000000001190000)]
  0x0000000019e3b000 JavaThread "Daemon Thread 16" [_thread_blocked, id=32720, stack(0x0000000000f90000,0x0000000001090000)]
  0x0000000018fa8800 JavaThread "Cache worker for Java compile cache (C:\Users\kmydt\.gradle\caches\5.6.4\javaCompile)" [_thread_blocked, id=24544, stack(0x000000002a4b0000,0x000000002a5b0000)]
  0x0000000018fab800 JavaThread "RMI Reaper" [_thread_blocked, id=19532, stack(0x0000000029fb0000,0x000000002a0b0000)]
  0x0000000018fad000 JavaThread "RMI TCP Accept-0" daemon [_thread_in_native, id=24160, stack(0x0000000029eb0000,0x0000000029fb0000)]
  0x0000000018fac000 JavaThread "GC Daemon" daemon [_thread_blocked, id=18812, stack(0x0000000029db0000,0x0000000029eb0000)]
  0x0000000018faf000 JavaThread "RMI Scheduler(0)" daemon [_thread_blocked, id=18596, stack(0x0000000029bb0000,0x0000000029cb0000)]
  0x000000001a8c4800 JavaThread "Cache worker for file content cache (C:\Users\kmydt\.gradle\caches\5.6.4\fileContent)" [_thread_blocked, id=18804, stack(0x00000000276f0000,0x00000000277f0000)]
  0x000000001f7c7000 JavaThread "Memory manager" [_thread_blocked, id=13820, stack(0x00000000259f0000,0x0000000025af0000)]
  0x0000000019e35800 JavaThread "Cache worker for execution history cache (C:\Users\kmydt\.gradle\caches\5.6.4\executionHistory)" [_thread_blocked, id=22604, stack(0x0000000021550000,0x0000000021650000)]
  0x000000001a8c1000 JavaThread "Cache worker for journal cache (C:\Users\kmydt\.gradle\caches\journal-1)" [_thread_blocked, id=13716, stack(0x000000001d660000,0x000000001d760000)]
  0x000000001a8c0000 JavaThread "File lock request listener" [_thread_in_native, id=23176, stack(0x000000001d560000,0x000000001d660000)]
  0x000000001b65c000 JavaThread "Cache worker for file hash cache (C:\Users\kmydt\.gradle\caches\5.6.4\fileHashes)" [_thread_blocked, id=1032, stack(0x000000001d460000,0x000000001d560000)]
  0x000000001b6d2800 JavaThread "Daemon periodic checks" [_thread_blocked, id=19344, stack(0x000000001c760000,0x000000001c860000)]
  0x000000001b68a000 JavaThread "Incoming local TCP Connector on port 61774" [_thread_in_native, id=23348, stack(0x000000001c580000,0x000000001c680000)]
  0x000000001b590000 JavaThread "Daemon health stats" [_thread_blocked, id=20996, stack(0x000000001c280000,0x000000001c380000)]
  0x0000000018d76000 JavaThread "Service Thread" daemon [_thread_blocked, id=23304, stack(0x00000000198e0000,0x00000000199e0000)]
  0x0000000018d00000 JavaThread "C1 CompilerThread3" daemon [_thread_blocked, id=23308, stack(0x00000000197e0000,0x00000000198e0000)]
  0x0000000018ce7800 JavaThread "C2 CompilerThread2" daemon [_thread_in_native, id=23536, stack(0x00000000196e0000,0x00000000197e0000)]
  0x0000000018c8b000 JavaThread "C2 CompilerThread1" daemon [_thread_in_native, id=23188, stack(0x00000000195e0000,0x00000000196e0000)]
=>0x0000000018c88800 JavaThread "C2 CompilerThread0" daemon [_thread_in_native, id=5272, stack(0x00000000194e0000,0x00000000195e0000)]
  0x0000000018c87000 JavaThread "Attach Listener" daemon [_thread_blocked, id=20504, stack(0x00000000193e0000,0x00000000194e0000)]
  0x0000000018ce0000 JavaThread "Signal Dispatcher" daemon [_thread_blocked, id=23352, stack(0x00000000192e0000,0x00000000193e0000)]
  0x0000000016e92800 JavaThread "Finalizer" daemon [_thread_blocked, id=20920, stack(0x0000000019150000,0x0000000019250000)]
  0x0000000003036800 JavaThread "Reference Handler" daemon [_thread_blocked, id=13880, stack(0x0000000019050000,0x0000000019150000)]
  0x0000000002f42800 JavaThread "main" [_thread_blocked, id=20976, stack(0x0000000002ab0000,0x0000000002bb0000)]

Other Threads:
  0x0000000016e87800 VMThread [stack: 0x0000000018b50000,0x0000000018c50000] [id=23488]
  0x0000000018d76800 WatcherThread [stack: 0x00000000199e0000,0x0000000019ae0000] [id=23080]

VM state:not at safepoint (normal execution)

VM Mutex/Monitor currently owned by a thread:  ([mutex/lock_event])
[0x00000000030ccc60] Safepoint_lock - owner thread: 0x0000000016e87800
[0x00000000030ccfe0] Threads_lock - owner thread: 0x0000000016e87800
[0x0000000002f41450] Compile_lock - owner thread: 0x00000000284c0000

heap address: 0x00000000a0000000, size: 1536 MB, Compressed Oops mode: 32-bit
Narrow klass base: 0x0000000000000000, Narrow klass shift: 3
Compressed class space size: 1073741824 Address: 0x0000000100000000

Heap:
 PSYoungGen      total 408576K, used 323792K [0x00000000e0000000, 0x0000000100000000, 0x0000000100000000)
  eden space 308736K, 78% used [0x00000000e0000000,0x00000000eeb65ba8,0x00000000f2d80000)
  from space 99840K, 82% used [0x00000000f2d80000,0x00000000f7e4e780,0x00000000f8f00000)
  to   space 109568K, 0% used [0x00000000f9500000,0x00000000f9500000,0x0000000100000000)
 ParOldGen       total 496640K, used 72026K [0x00000000a0000000, 0x00000000be500000, 0x00000000e0000000)
  object space 496640K, 14% used [0x00000000a0000000,0x00000000a4656b40,0x00000000be500000)
 Metaspace       used 165302K, capacity 174389K, committed 174720K, reserved 1202176K
  class space    used 20636K, capacity 22283K, committed 22400K, reserved 1048576K

Card table byte_map: [0x0000000012490000,0x00000000127a0000] byte_map_base: 0x0000000011f90000

Marking Bits: (ParMarkBitMap*) 0x0000000059949f30
 Begin Bits: [0x00000000131a0000, 0x00000000149a0000)
 End Bits:   [0x00000000149a0000, 0x00000000161a0000)

Polling page: 0x00000000009f0000

CodeCache: size=245760Kb used=115259Kb max_used=115276Kb free=130500Kb
 bounds [0x00000000030d0000, 0x000000000a200000, 0x00000000120d0000]
 total_blobs=32988 nmethods=31874 adapters=1023
 compilation: enabled

Compilation events (10 events):
Event: 7222.758 Thread 0x0000000018d00000 40990       3       com.intellij.openapi.util.io.FileUtil::toSystemIndependentName (23 bytes)
Event: 7222.759 Thread 0x0000000018d00000 nmethod 40990 0x000000000a1ebd90 code [0x000000000a1ebf40, 0x000000000a1ec368]
Event: 7222.761 Thread 0x0000000018d00000 40996       3       org.jetbrains.kotlin.codegen.binding.CodegenAnnotatingVisitor::visitKtElement (178 bytes)
Event: 7222.763 Thread 0x0000000018d00000 nmethod 40996 0x000000000a1ef8d0 code [0x000000000a1efca0, 0x000000000a1f1fd8]
Event: 7222.764 Thread 0x0000000018d00000 40999       3       org.jetbrains.kotlin.psi.KtImportDirective::accept (15 bytes)
Event: 7222.764 Thread 0x0000000018d00000 nmethod 40999 0x000000000a1f2c90 code [0x000000000a1f2e00, 0x000000000a1f30b8]
Event: 7222.764 Thread 0x0000000018d00000 41000       3       org.jetbrains.kotlin.psi.KtVisitorVoid::visitImportDirective (10 bytes)
Event: 7222.765 Thread 0x0000000018d00000 nmethod 41000 0x000000000a1f3190 code [0x000000000a1f3320, 0x000000000a1f3778]
Event: 7222.767 Thread 0x0000000018d00000 41001       3       org.jetbrains.kotlin.resolve.DescriptorUtils::isSealedClass (31 bytes)
Event: 7222.768 Thread 0x0000000018d00000 nmethod 41001 0x000000000a1f3890 code [0x000000000a1f3a40, 0x000000000a1f41b8]

GC Heap History (10 events):
Event: 7191.708 GC heap before
{Heap before GC invocations=51 (full 6):
 PSYoungGen      total 376832K, used 287937K [0x00000000e0000000, 0x00000000ff200000, 0x0000000100000000)
  eden space 263168K, 100% used [0x00000000e0000000,0x00000000f0100000,0x00000000f0100000)
  from space 113664K, 21% used [0x00000000f8300000,0x00000000f9b305a8,0x00000000ff200000)
  to   space 123392K, 0% used [0x00000000f0100000,0x00000000f0100000,0x00000000f7980000)
 ParOldGen       total 496640K, used 67687K [0x00000000a0000000, 0x00000000be500000, 0x00000000e0000000)
  object space 496640K, 13% used [0x00000000a0000000,0x00000000a4219cd0,0x00000000be500000)
 Metaspace       used 113812K, capacity 121084K, committed 121600K, reserved 1155072K
  class space    used 14408K, capacity 15696K, committed 15872K, reserved 1048576K
Event: 7191.744 GC heap after
Heap after GC invocations=51 (full 6):
 PSYoungGen      total 386560K, used 40897K [0x00000000e0000000, 0x00000000ffa80000, 0x0000000100000000)
  eden space 263168K, 0% used [0x00000000e0000000,0x00000000e0000000,0x00000000f0100000)
  from space 123392K, 33% used [0x00000000f0100000,0x00000000f28f0748,0x00000000f7980000)
  to   space 115712K, 0% used [0x00000000f8980000,0x00000000f8980000,0x00000000ffa80000)
 ParOldGen       total 496640K, used 67695K [0x00000000a0000000, 0x00000000be500000, 0x00000000e0000000)
  object space 496640K, 13% used [0x00000000a0000000,0x00000000a421bcd0,0x00000000be500000)
 Metaspace       used 113812K, capacity 121084K, committed 121600K, reserved 1155072K
  class space    used 14408K, capacity 15696K, committed 15872K, reserved 1048576K
}
Event: 7194.119 GC heap before
{Heap before GC invocations=52 (full 6):
 PSYoungGen      total 386560K, used 304065K [0x00000000e0000000, 0x00000000ffa80000, 0x0000000100000000)
  eden space 263168K, 100% used [0x00000000e0000000,0x00000000f0100000,0x00000000f0100000)
  from space 123392K, 33% used [0x00000000f0100000,0x00000000f28f0748,0x00000000f7980000)
  to   space 115712K, 0% used [0x00000000f8980000,0x00000000f8980000,0x00000000ffa80000)
 ParOldGen       total 496640K, used 67695K [0x00000000a0000000, 0x00000000be500000, 0x00000000e0000000)
  object space 496640K, 13% used [0x00000000a0000000,0x00000000a421bcd0,0x00000000be500000)
 Metaspace       used 114015K, capacity 121370K, committed 121856K, reserved 1155072K
  class space    used 14434K, capacity 15717K, committed 15872K, reserved 1048576K
Event: 7194.140 GC heap after
Heap after GC invocations=52 (full 6):
 PSYoungGen      total 387584K, used 33684K [0x00000000e0000000, 0x00000000fed80000, 0x0000000100000000)
  eden space 285184K, 0% used [0x00000000e0000000,0x00000000e0000000,0x00000000f1680000)
  from space 102400K, 32% used [0x00000000f8980000,0x00000000faa65240,0x00000000fed80000)
  to   space 110080K, 0% used [0x00000000f1680000,0x00000000f1680000,0x00000000f8200000)
 ParOldGen       total 496640K, used 67703K [0x00000000a0000000, 0x00000000be500000, 0x00000000e0000000)
  object space 496640K, 13% used [0x00000000a0000000,0x00000000a421dcd0,0x00000000be500000)
 Metaspace       used 114015K, capacity 121370K, committed 121856K, reserved 1155072K
  class space    used 14434K, capacity 15717K, committed 15872K, reserved 1048576K
}
Event: 7202.757 GC heap before
{Heap before GC invocations=53 (full 6):
 PSYoungGen      total 387584K, used 318868K [0x00000000e0000000, 0x00000000fed80000, 0x0000000100000000)
  eden space 285184K, 100% used [0x00000000e0000000,0x00000000f1680000,0x00000000f1680000)
  from space 102400K, 32% used [0x00000000f8980000,0x00000000faa65240,0x00000000fed80000)
  to   space 110080K, 0% used [0x00000000f1680000,0x00000000f1680000,0x00000000f8200000)
 ParOldGen       total 496640K, used 67703K [0x00000000a0000000, 0x00000000be500000, 0x00000000e0000000)
  object space 496640K, 13% used [0x00000000a0000000,0x00000000a421dcd0,0x00000000be500000)
 Metaspace       used 114317K, capacity 121656K, committed 121856K, reserved 1155072K
  class space    used 14447K, capacity 15732K, committed 15872K, reserved 1048576K
Event: 7202.792 GC heap after
Heap after GC invocations=53 (full 6):
 PSYoungGen      total 395264K, used 38462K [0x00000000e0000000, 0x00000000ffb80000, 0x0000000100000000)
  eden space 285184K, 0% used [0x00000000e0000000,0x00000000e0000000,0x00000000f1680000)
  from space 110080K, 34% used [0x00000000f1680000,0x00000000f3c0fbb0,0x00000000f8200000)
  to   space 103936K, 0% used [0x00000000f9600000,0x00000000f9600000,0x00000000ffb80000)
 ParOldGen       total 496640K, used 71994K [0x00000000a0000000, 0x00000000be500000, 0x00000000e0000000)
  object space 496640K, 14% used [0x00000000a0000000,0x00000000a464eb40,0x00000000be500000)
 Metaspace       used 114317K, capacity 121656K, committed 121856K, reserved 1155072K
  class space    used 14447K, capacity 15732K, committed 15872K, reserved 1048576K
}
Event: 7212.663 GC heap before
{Heap before GC invocations=54 (full 6):
 PSYoungGen      total 395264K, used 323646K [0x00000000e0000000, 0x00000000ffb80000, 0x0000000100000000)
  eden space 285184K, 100% used [0x00000000e0000000,0x00000000f1680000,0x00000000f1680000)
  from space 110080K, 34% used [0x00000000f1680000,0x00000000f3c0fbb0,0x00000000f8200000)
  to   space 103936K, 0% used [0x00000000f9600000,0x00000000f9600000,0x00000000ffb80000)
 ParOldGen       total 496640K, used 71994K [0x00000000a0000000, 0x00000000be500000, 0x00000000e0000000)
  object space 496640K, 14% used [0x00000000a0000000,0x00000000a464eb40,0x00000000be500000)
 Metaspace       used 119552K, capacity 127356K, committed 127616K, reserved 1161216K
  class space    used 15024K, capacity 16392K, committed 16512K, reserved 1048576K
Event: 7212.675 GC heap after
Heap after GC invocations=54 (full 6):
 PSYoungGen      total 401408K, used 28852K [0x00000000e0000000, 0x00000000ff080000, 0x0000000100000000)
  eden space 308736K, 0% used [0x00000000e0000000,0x00000000e0000000,0x00000000f2d80000)
  from space 92672K, 31% used [0x00000000f9600000,0x00000000fb22d338,0x00000000ff080000)
  to   space 99840K, 0% used [0x00000000f2d80000,0x00000000f2d80000,0x00000000f8f00000)
 ParOldGen       total 496640K, used 72002K [0x00000000a0000000, 0x00000000be500000, 0x00000000e0000000)
  object space 496640K, 14% used [0x00000000a0000000,0x00000000a4650b40,0x00000000be500000)
 Metaspace       used 119552K, capacity 127356K, committed 127616K, reserved 1161216K
  class space    used 15024K, capacity 16392K, committed 16512K, reserved 1048576K
}
Event: 7217.556 GC heap before
{Heap before GC invocations=55 (full 6):
 PSYoungGen      total 401408K, used 337588K [0x00000000e0000000, 0x00000000ff080000, 0x0000000100000000)
  eden space 308736K, 100% used [0x00000000e0000000,0x00000000f2d80000,0x00000000f2d80000)
  from space 92672K, 31% used [0x00000000f9600000,0x00000000fb22d338,0x00000000ff080000)
  to   space 99840K, 0% used [0x00000000f2d80000,0x00000000f2d80000,0x00000000f8f00000)
 ParOldGen       total 496640K, used 72002K [0x00000000a0000000, 0x00000000be500000, 0x00000000e0000000)
  object space 496640K, 14% used [0x00000000a0000000,0x00000000a4650b40,0x00000000be500000)
 Metaspace       used 153572K, capacity 162069K, committed 162304K, reserved 1189888K
  class space    used 19319K, capacity 20865K, committed 20992K, reserved 1048576K
Event: 7217.605 GC heap after
Heap after GC invocations=55 (full 6):
 PSYoungGen      total 408576K, used 82745K [0x00000000e0000000, 0x0000000100000000, 0x0000000100000000)
  eden space 308736K, 0% used [0x00000000e0000000,0x00000000e0000000,0x00000000f2d80000)
  from space 99840K, 82% used [0x00000000f2d80000,0x00000000f7e4e780,0x00000000f8f00000)
  to   space 109568K, 0% used [0x00000000f9500000,0x00000000f9500000,0x0000000100000000)
 ParOldGen       total 496640K, used 72026K [0x00000000a0000000, 0x00000000be500000, 0x00000000e0000000)
  object space 496640K, 14% used [0x00000000a0000000,0x00000000a4656b40,0x00000000be500000)
 Metaspace       used 153572K, capacity 162069K, committed 162304K, reserved 1189888K
  class space    used 19319K, capacity 20865K, committed 20992K, reserved 1048576K
}

Deoptimization events (10 events):
Event: 7222.483 Thread 0x00000000284c0000 Uncommon trap: reason=unstable_if action=reinterpret pc=0x0000000008fee59c method=gnu.trove.TIntObjectHashMap.index(I)I @ 60
Event: 7222.555 Thread 0x00000000284c0000 Uncommon trap: reason=array_check action=maybe_recompile pc=0x000000000997632c method=com.intellij.util.ArrayUtil.insert([Ljava/lang/Object;ILjava/lang/Object;)[Ljava/lang/Object; @ 32
Event: 7222.555 Thread 0x00000000284c0000 Uncommon trap: reason=array_check action=maybe_recompile pc=0x000000000997632c method=com.intellij.util.ArrayUtil.insert([Ljava/lang/Object;ILjava/lang/Object;)[Ljava/lang/Object; @ 32
Event: 7222.635 Thread 0x00000000284c0000 Uncommon trap: reason=class_check action=maybe_recompile pc=0x0000000009e73b18 method=com.intellij.util.pico.DefaultPicoContainer.getFromCache(Ljava/lang/Object;)Lorg/picocontainer/ComponentAdapter; @ 10
Event: 7222.635 Thread 0x00000000284c0000 Uncommon trap: reason=class_check action=maybe_recompile pc=0x0000000009bb25c0 method=com.intellij.util.pico.DefaultPicoContainer.getLocalInstance(Lorg/picocontainer/ComponentAdapter;)Ljava/lang/Object; @ 11
Event: 7222.684 Thread 0x00000000284c0000 Uncommon trap: reason=class_check action=maybe_recompile pc=0x0000000009e73b18 method=com.intellij.util.pico.DefaultPicoContainer.getFromCache(Ljava/lang/Object;)Lorg/picocontainer/ComponentAdapter; @ 10
Event: 7222.684 Thread 0x00000000284c0000 Uncommon trap: reason=class_check action=maybe_recompile pc=0x0000000009bb25c0 method=com.intellij.util.pico.DefaultPicoContainer.getLocalInstance(Lorg/picocontainer/ComponentAdapter;)Ljava/lang/Object; @ 11
Event: 7222.712 Thread 0x00000000284c0000 Uncommon trap: reason=unstable_if action=reinterpret pc=0x0000000009e09d54 method=org.jetbrains.kotlin.resolve.DelegatingBindingTrace.<init>(Lorg/jetbrains/kotlin/resolve/BindingContext;Ljava/lang/String;ZLorg/jetbrains/kotlin/resolve/BindingTraceFilter;Z
Event: 7222.717 Thread 0x00000000284c0000 Uncommon trap: reason=unstable_if action=reinterpret pc=0x000000000978cb5c method=org.jetbrains.kotlin.config.MavenComparableVersion$ListItem.compareTo(Lorg/jetbrains/kotlin/config/MavenComparableVersion$Item;)I @ 96
Event: 7222.728 Thread 0x00000000284c0000 Uncommon trap: reason=unstable_if action=reinterpret pc=0x000000000988e3f8 method=org.jetbrains.kotlin.name.FqNameUnsafe.toSafe()Lorg/jetbrains/kotlin/name/FqName; @ 4

Classes redefined (0 events):
No events

Internal exceptions (10 events):
Event: 7218.013 Thread 0x00000000284c0000 Exception <a 'java/lang/NoSuchMethodError': java.lang.Object.lambda$static$0(I)[Lcom/intellij/psi/PsiImportStatementBase;> (0x00000000e10bd2b0) thrown at [D:\src\AOSP-openjdk-cygwin\jdk8u\hotspot\src\share\vm\interpreter\linkResolver.cpp, line 620]
Event: 7219.079 Thread 0x00000000284c0000 Implicit null exception at 0x000000000963c50c to 0x000000000963c611
Event: 7219.814 Thread 0x00000000284c0000 Implicit null exception at 0x00000000099a4870 to 0x00000000099a48d5
Event: 7219.859 Thread 0x00000000284c0000 Implicit null exception at 0x000000000962e4bc to 0x000000000962ef01
Event: 7221.788 Thread 0x00000000284c0000 Implicit null exception at 0x0000000008a662cc to 0x0000000008a66326
Event: 7222.324 Thread 0x00000000284c0000 Exception <a 'java/lang/NoSuchMethodError': java.lang.Object.lambda$static$0(I)[Lcom/intellij/psi/PsiClassInitializer;> (0x00000000ed96e9c0) thrown at [D:\src\AOSP-openjdk-cygwin\jdk8u\hotspot\src\share\vm\interpreter\linkResolver.cpp, line 620]
Event: 7222.341 Thread 0x00000000284c0000 Exception <a 'java/lang/NoSuchMethodError': java.lang.Object.lambda$static$0(I)[Lcom/intellij/psi/PsiExpression;> (0x00000000eda0d4e8) thrown at [D:\src\AOSP-openjdk-cygwin\jdk8u\hotspot\src\share\vm\interpreter\linkResolver.cpp, line 620]
Event: 7222.342 Thread 0x00000000284c0000 Exception <a 'java/lang/NoSuchMethodError': java.lang.Object.lambda$static$1(Lcom/intellij/psi/PsiExpression;)Lcom/intellij/psi/PsiType;> (0x00000000eda10678) thrown at [D:\src\AOSP-openjdk-cygwin\jdk8u\hotspot\src\share\vm\interpreter\linkResolver.cpp, l
Event: 7222.362 Thread 0x00000000284c0000 Exception <a 'java/lang/NoSuchMethodError': java.lang.Object.lambda$static$0(I)[Lcom/intellij/psi/PsiStatement;> (0x00000000eda86f90) thrown at [D:\src\AOSP-openjdk-cygwin\jdk8u\hotspot\src\share\vm\interpreter\linkResolver.cpp, line 620]
Event: 7222.419 Thread 0x00000000284c0000 Exception <a 'java/lang/NoSuchMethodError': java.lang.Object.lambda$static$0(I)[Lcom/intellij/psi/PsiCatchSection;> (0x00000000edca6ad8) thrown at [D:\src\AOSP-openjdk-cygwin\jdk8u\hotspot\src\share\vm\interpreter\linkResolver.cpp, line 620]

Events (10 events):
Event: 7222.773 loading class org/jetbrains/kotlin/codegen/CompilationException
Event: 7222.773 loading class org/jetbrains/kotlin/codegen/CompilationException done
Event: 7222.773 loading class org/jetbrains/kotlin/codegen/MemberCodegen$2
Event: 7222.773 loading class org/jetbrains/kotlin/codegen/MemberCodegen$2 done
Event: 7222.774 loading class org/jetbrains/kotlin/codegen/MemberCodegen$1PropertyAccessorStrategy
Event: 7222.774 loading class org/jetbrains/kotlin/codegen/MemberCodegen$1PropertyAccessorStrategy done
Event: 7222.774 loading class org/jetbrains/kotlin/resolve/jvm/diagnostics/JvmDeclarationOriginKt
Event: 7222.774 loading class org/jetbrains/kotlin/resolve/jvm/diagnostics/JvmDeclarationOriginKt done
Event: 7222.775 loading class org/jetbrains/kotlin/resolve/jvm/diagnostics/JvmDeclarationOrigin
Event: 7222.775 loading class org/jetbrains/kotlin/resolve/jvm/diagnostics/JvmDeclarationOrigin done


Dynamic libraries:
0x00007ff7615d0000 - 0x00007ff761601000 	C:\Program Files\Android\Android Studio\jre\bin\java.exe
0x00007ff8b3a00000 - 0x00007ff8b3bf0000 	C:\WINDOWS\SYSTEM32\ntdll.dll
0x00007ff8b1ca0000 - 0x00007ff8b1d52000 	C:\WINDOWS\System32\KERNEL32.DLL
0x00007ff8b1220000 - 0x00007ff8b14c4000 	C:\WINDOWS\System32\KERNELBASE.dll
0x00007ff8b31e0000 - 0x00007ff8b3283000 	C:\WINDOWS\System32\ADVAPI32.dll
0x00007ff8b1ac0000 - 0x00007ff8b1b5e000 	C:\WINDOWS\System32\msvcrt.dll
0x00007ff8b3700000 - 0x00007ff8b3797000 	C:\WINDOWS\System32\sechost.dll
0x00007ff8b33a0000 - 0x00007ff8b34c0000 	C:\WINDOWS\System32\RPCRT4.dll
0x00007ff8b2e30000 - 0x00007ff8b2fc4000 	C:\WINDOWS\System32\USER32.dll
0x00007ff8b14d0000 - 0x00007ff8b14f1000 	C:\WINDOWS\System32\win32u.dll
0x00007ff8b3290000 - 0x00007ff8b32b6000 	C:\WINDOWS\System32\GDI32.dll
0x00007ff8b16f0000 - 0x00007ff8b1884000 	C:\WINDOWS\System32\gdi32full.dll
0x00007ff8b1650000 - 0x00007ff8b16ee000 	C:\WINDOWS\System32\msvcp_win.dll
0x00007ff8b1890000 - 0x00007ff8b198a000 	C:\WINDOWS\System32\ucrtbase.dll
0x00007ff89b760000 - 0x00007ff89b9e4000 	C:\WINDOWS\WinSxS\amd64_microsoft.windows.common-controls_6595b64144ccf1df_6.0.18362.836_none_e6c4b943130f18ed\COMCTL32.dll
0x00007ff8b2af0000 - 0x00007ff8b2e26000 	C:\WINDOWS\System32\combase.dll
0x00007ff8b09c0000 - 0x00007ff8b0a40000 	C:\WINDOWS\System32\bcryptPrimitives.dll
0x00007ff8b3990000 - 0x00007ff8b39be000 	C:\WINDOWS\System32\IMM32.DLL
0x0000000058fc0000 - 0x0000000059092000 	C:\Program Files\Android\Android Studio\jre\jre\bin\msvcr100.dll
0x0000000059180000 - 0x00000000599c6000 	C:\Program Files\Android\Android Studio\jre\jre\bin\server\jvm.dll
0x00007ff8b3980000 - 0x00007ff8b3988000 	C:\WINDOWS\System32\PSAPI.DLL
0x00007ff8ab390000 - 0x00007ff8ab3b4000 	C:\WINDOWS\SYSTEM32\WINMM.dll
0x00007ff8a7340000 - 0x00007ff8a734a000 	C:\WINDOWS\SYSTEM32\VERSION.dll
0x00007ff8a4780000 - 0x00007ff8a4789000 	C:\WINDOWS\SYSTEM32\WSOCK32.dll
0x00007ff8b35c0000 - 0x00007ff8b362f000 	C:\WINDOWS\System32\WS2_32.dll
0x00007ff8ab2e0000 - 0x00007ff8ab30d000 	C:\WINDOWS\SYSTEM32\winmmbase.dll
0x00007ff8b1990000 - 0x00007ff8b19da000 	C:\WINDOWS\System32\cfgmgr32.dll
0x00007ff8a9780000 - 0x00007ff8a978f000 	C:\Program Files\Android\Android Studio\jre\jre\bin\verify.dll
0x00007ff886410000 - 0x00007ff886439000 	C:\Program Files\Android\Android Studio\jre\jre\bin\java.dll
0x00007ff886850000 - 0x00007ff886866000 	C:\Program Files\Android\Android Studio\jre\jre\bin\zip.dll
0x00007ff8b2400000 - 0x00007ff8b2ae4000 	C:\WINDOWS\System32\SHELL32.dll
0x00007ff8b38d0000 - 0x00007ff8b3979000 	C:\WINDOWS\System32\shcore.dll
0x00007ff8b0a40000 - 0x00007ff8b11be000 	C:\WINDOWS\System32\windows.storage.dll
0x00007ff8b0940000 - 0x00007ff8b0963000 	C:\WINDOWS\System32\profapi.dll
0x00007ff8b08d0000 - 0x00007ff8b091a000 	C:\WINDOWS\System32\powrprof.dll
0x00007ff8b08c0000 - 0x00007ff8b08d0000 	C:\WINDOWS\System32\UMPDC.dll
0x00007ff8b36a0000 - 0x00007ff8b36f2000 	C:\WINDOWS\System32\shlwapi.dll
0x00007ff8b0970000 - 0x00007ff8b0981000 	C:\WINDOWS\System32\kernel.appcore.dll
0x00007ff8b19e0000 - 0x00007ff8b19f7000 	C:\WINDOWS\System32\cryptsp.dll
0x00007ff8863f0000 - 0x00007ff88640a000 	C:\Program Files\Android\Android Studio\jre\jre\bin\net.dll
0x00007ff89d2d0000 - 0x00007ff89d4a6000 	C:\WINDOWS\SYSTEM32\urlmon.dll
0x00007ff89cad0000 - 0x00007ff89cd76000 	C:\WINDOWS\SYSTEM32\iertutil.dll
0x00007ff8b0300000 - 0x00007ff8b030c000 	C:\WINDOWS\SYSTEM32\CRYPTBASE.DLL
0x00007ff8b0130000 - 0x00007ff8b0197000 	C:\WINDOWS\system32\mswsock.dll
0x00007ff881f10000 - 0x00007ff881f23000 	C:\Program Files\Android\Android Studio\jre\jre\bin\nio.dll
0x00007ff880eb0000 - 0x00007ff880ed6000 	C:\Users\kmydt\.gradle\native\30\windows-amd64\native-platform.dll
0x00007ff8a9610000 - 0x00007ff8a961d000 	C:\Program Files\Android\Android Studio\jre\jre\bin\management.dll
0x00007ff8afca0000 - 0x00007ff8afcd3000 	C:\WINDOWS\system32\rsaenh.dll
0x00007ff8b0990000 - 0x00007ff8b09b6000 	C:\WINDOWS\System32\bcrypt.dll
0x00007ff8b07e0000 - 0x00007ff8b0805000 	C:\WINDOWS\SYSTEM32\USERENV.dll
0x00007ff8afe40000 - 0x00007ff8afe7a000 	C:\WINDOWS\SYSTEM32\IPHLPAPI.DLL
0x00007ff8b35b0000 - 0x00007ff8b35b8000 	C:\WINDOWS\System32\NSI.dll
0x00007ff8ab0f0000 - 0x00007ff8ab106000 	C:\WINDOWS\SYSTEM32\dhcpcsvc6.DLL
0x00007ff8ab0d0000 - 0x00007ff8ab0ec000 	C:\WINDOWS\SYSTEM32\dhcpcsvc.DLL
0x00007ff8afe80000 - 0x00007ff8aff4b000 	C:\WINDOWS\SYSTEM32\DNSAPI.dll
0x00007ff8af920000 - 0x00007ff8af951000 	C:\WINDOWS\SYSTEM32\ntmarta.dll
0x00007ff871860000 - 0x00007ff871884000 	C:\Program Files\Android\Android Studio\jre\jre\bin\sunec.dll
0x00007ff8aad00000 - 0x00007ff8aad0a000 	C:\Windows\System32\rasadhlp.dll
0x00007ff8aa9d0000 - 0x00007ff8aaa47000 	C:\WINDOWS\System32\fwpuclnt.dll
0x00007ff87f370000 - 0x00007ff87f37b000 	C:\Program Files\Android\Android Studio\jre\jre\bin\sunmscapi.dll
0x00007ff8b1500000 - 0x00007ff8b1649000 	C:\WINDOWS\System32\CRYPT32.dll
0x00007ff8b0920000 - 0x00007ff8b0932000 	C:\WINDOWS\System32\MSASN1.dll
0x00007ff8ab8a0000 - 0x00007ff8ab8be000 	C:\Users\kmydt\AppData\Local\Temp\native-platform8056676225953600267dir\native-platform.dll
0x00007ff85b0b0000 - 0x00007ff85b24c000 	C:\Program Files\Android\Android Studio\jre\jre\bin\awt.dll
0x00007ff8b34e0000 - 0x00007ff8b35a4000 	C:\WINDOWS\System32\OLEAUT32.dll
0x00007ff8aecb0000 - 0x00007ff8aecdd000 	C:\WINDOWS\SYSTEM32\dwmapi.dll
0x00007ff8ac540000 - 0x00007ff8acb00000 	C:\WINDOWS\SYSTEM32\d2d1.dll
0x00007ff8adb00000 - 0x00007ff8adb8f000 	C:\WINDOWS\SYSTEM32\apphelp.dll
0x00007ff8adc40000 - 0x00007ff8adcd9000 	C:\WINDOWS\system32\uxtheme.dll

VM Arguments:
jvm_args: -Xmx1536m -Dfile.encoding=x-windows-949 -Duser.country=KR -Duser.language=ko -Duser.variant 
java_command: org.gradle.launcher.daemon.bootstrap.GradleDaemon 5.6.4
java_class_path (initial): C:\Users\kmydt\.gradle\wrapper\dists\gradle-5.6.4-all\ankdp27end7byghfw1q2sw75f\gradle-5.6.4\lib\gradle-launcher-5.6.4.jar
Launcher Type: SUN_STANDARD

Environment Variables:
JAVA_HOME=C:\Program Files\Java\jdk-13.0.2
PATH=C:\Program_Oracle\product\11.2.0\dbhome_1\bin;C:\Program Files\Java\jdk-13.0.2\bin;C:\Program Files (x86)\Common Files\Oracle\Java\javapath;C:\Program Files (x86)\Intel\iCLS Client\;C:\Program Files\Intel\iCLS Client\;C:\WINDOWS\system32;C:\WINDOWS;C:\WINDOWS\System32\Wbem;C:\WINDOWS\System32\WindowsPowerShell\v1.0\;C:\Program Files (x86)\Intel\Intel(R) Management Engine Components\DAL;C:\Program Files\Intel\Intel(R) Management Engine Components\DAL;C:\Program Files (x86)\Intel\Intel(R) Management Engine Components\IPT;C:\Program Files\Intel\Intel(R) Management Engine Components\IPT;C:\Program Files\Intel\WiFi\bin\;C:\Program Files\Common Files\Intel\WirelessCommon\;C:\WINDOWS\System32\OpenSSH\;C:\Program Files\Java\jdk-11.0.2\bin;C:\Program Files\PuTTY\;C:\Program Files\Git\cmd;C:\Users\kmydt\AppData\Local\Programs\Python\Python37-32\Scripts\;C:\Users\kmydt\AppData\Local\Programs\Python\Python37-32\;C:\Users\kmydt\AppData\Local\Microsoft\WindowsApps;;C:\Program Files\Microsoft VS Code\bin;C:\Program Files\JetBrains\PyCharm Community Edition 2019.1.2\bin;
USERNAME=kmydt
OS=Windows_NT
PROCESSOR_IDENTIFIER=Intel64 Family 6 Model 142 Stepping 10, GenuineIntel



---------------  S Y S T E M  ---------------

OS: Windows 10.0 , 64 bit Build 18362 (10.0.18362.778)

CPU:total 8 (initial active 8) (4 cores per cpu, 2 threads per core) family 6 model 142 stepping 10, cmov, cx8, fxsr, mmx, sse, sse2, sse3, ssse3, sse4.1, sse4.2, popcnt, avx, avx2, aes, clmul, erms, 3dnowpref, lzcnt, ht, tsc, tscinvbit, bmi1, bmi2, adx

Memory: 4k page, physical 16606548k(4850396k free), swap 16606548k(5404k free)

vm_info: OpenJDK 64-Bit Server VM (25.212-b04) for windows-amd64 JRE (1.8.0_212-release-1586-b04), built by "builder" with MS VC++ 10.0 (VS2010)

time: Mon Jun 08 15:09:36 2020
timezone: 대한민국 표준시
elapsed time: 7222 seconds (0d 2h 0m 22s)

