#
# There is insufficient memory for the Java Runtime Environment to continue.
# Native memory allocation (malloc) failed to allocate 1215856 bytes for Chunk::new
# Possible reasons:
#   The system is out of physical RAM or swap space
#   The process is running with CompressedOops enabled, and the Java Heap may be blocking the growth of the native heap
# Possible solutions:
#   Reduce memory load on the system
#   Increase physical memory or swap space
#   Check if swap backing store is full
#   Decrease Java heap size (-Xmx/-Xms)
#   Decrease number of Java threads
#   Decrease Java thread stack sizes (-Xss)
#   Set larger code cache with -XX:ReservedCodeCacheSize=
#   JVM is running with Unscaled Compressed Oops mode in which the Java heap is
#     placed in the first 4GB address space. The Java Heap base address is the
#     maximum limit for the native heap growth. Please use -XX:HeapBaseMinAddress
#     to set the Java Heap base and to place the Java Heap above 4GB virtual address.
# This output file may be truncated or incomplete.
#
#  Out of Memory Error (allocation.cpp:389), pid=42136, tid=0x000000000000b390
#
# JRE version: OpenJDK Runtime Environment (8.0_212-b04) (build 1.8.0_212-release-1586-b04)
# Java VM: OpenJDK 64-Bit Server VM (25.212-b04 mixed mode windows-amd64 compressed oops)
# Failed to write core dump. Minidumps are not enabled by default on client versions of Windows
#

---------------  T H R E A D  ---------------

Current thread (0x0000000018c71000):  JavaThread "C2 CompilerThread2" daemon [_thread_in_native, id=45968, stack(0x0000000019660000,0x0000000019760000)]

Stack: [0x0000000019660000,0x0000000019760000]
[error occurred during error reporting (printing stack bounds), id 0xc0000005]

Native frames: (J=compiled Java code, j=interpreted, Vv=VM code, C=native code)


Current CompileTask:
C2: 760276 22763       4       com.android.tools.r8.u.c.M::a (39 bytes)


---------------  P R O C E S S  ---------------

Java Threads: ( => current thread )
  0x000000001a038800 JavaThread "WorkerExecutor Queue Thread 9" [_thread_in_Java, id=47860, stack(0x0000000033140000,0x0000000033240000)]
  0x000000001b79d800 JavaThread "WorkerExecutor Queue Thread 8" [_thread_blocked, id=47856, stack(0x00000000327e0000,0x00000000328e0000)]
  0x000000001b797800 JavaThread "WorkerExecutor Queue Thread 7" [_thread_blocked, id=47844, stack(0x00000000326e0000,0x00000000327e0000)]
  0x00000000207ba800 JavaThread "WorkerExecutor Queue Thread 6" [_thread_blocked, id=4744, stack(0x00000000325e0000,0x00000000326e0000)]
  0x00000000207b4800 JavaThread "WorkerExecutor Queue Thread 5" [_thread_blocked, id=36196, stack(0x00000000324e0000,0x00000000325e0000)]
  0x000000001bb26000 JavaThread "WorkerExecutor Queue Thread 4" [_thread_blocked, id=46992, stack(0x00000000323e0000,0x00000000324e0000)]
  0x000000001bb24800 JavaThread "WorkerExecutor Queue Thread 3" [_thread_blocked, id=42768, stack(0x00000000322e0000,0x00000000323e0000)]
  0x000000001bb26800 JavaThread "WorkerExecutor Queue Thread 2" [_thread_blocked, id=47728, stack(0x00000000321e0000,0x00000000322e0000)]
  0x000000001bb23800 JavaThread "WorkerExecutor Queue" [_thread_blocked, id=48004, stack(0x0000000031e30000,0x0000000031f30000)]
  0x000000001bb28800 JavaThread "ForkJoinPool.commonPool-worker-7" daemon [_thread_blocked, id=45460, stack(0x0000000031f40000,0x0000000032040000)]
  0x000000001bb25000 JavaThread "ForkJoinPool.commonPool-worker-6" daemon [_thread_blocked, id=47128, stack(0x00000000307c0000,0x00000000308c0000)]
  0x000000001bb1d800 JavaThread "ForkJoinPool.commonPool-worker-5" daemon [_thread_blocked, id=47124, stack(0x0000000030110000,0x0000000030210000)]
  0x000000001bb23000 JavaThread "ForkJoinPool.commonPool-worker-4" daemon [_thread_blocked, id=44548, stack(0x000000002df20000,0x000000002e020000)]
  0x000000001bb21800 JavaThread "ForkJoinPool.commonPool-worker-3" daemon [_thread_blocked, id=43592, stack(0x00000000285a0000,0x00000000286a0000)]
  0x000000001bb22000 JavaThread "Cache worker for Java compile cache (C:\Users\kmydt\source\ARNavigation_Deepect\ARNavigation\.gradle\5.6.4\javaCompile)" [_thread_blocked, id=47784, stack(0x00000000288a0000,0x00000000289a0000)]
  0x000000001bb1a800 JavaThread "RMI TCP Connection(6)-127.0.0.1" daemon [_thread_in_native, id=47864, stack(0x00000000286a0000,0x00000000287a0000)]
  0x000000001bb20000 JavaThread "Cache worker for execution history cache (C:\Users\kmydt\source\ARNavigation_Deepect\ARNavigation\.gradle\5.6.4\executionHistory)" [_thread_blocked, id=47404, stack(0x00000000273f0000,0x00000000274f0000)]
  0x000000002d8e7800 JavaThread "Execution worker for ':' Thread 7" [_thread_blocked, id=47004, stack(0x00000000272f0000,0x00000000273f0000)]
  0x000000002d8ed000 JavaThread "Execution worker for ':' Thread 6" [_thread_blocked, id=23740, stack(0x00000000271f0000,0x00000000272f0000)]
  0x000000002d8ec000 JavaThread "Execution worker for ':' Thread 5" [_thread_blocked, id=46676, stack(0x00000000270f0000,0x00000000271f0000)]
  0x000000002d8ed800 JavaThread "Execution worker for ':' Thread 4" [_thread_blocked, id=47284, stack(0x0000000026bf0000,0x0000000026cf0000)]
  0x000000002d8ea800 JavaThread "Execution worker for ':' Thread 3" [_thread_blocked, id=44540, stack(0x00000000266f0000,0x00000000267f0000)]
  0x000000002d8ea000 JavaThread "Execution worker for ':' Thread 2" [_thread_blocked, id=42176, stack(0x00000000263f0000,0x00000000264f0000)]
  0x000000002d8e9000 JavaThread "Execution worker for ':'" [_thread_blocked, id=38312, stack(0x00000000262f0000,0x00000000263f0000)]
  0x000000002d8e0000 JavaThread "Cache worker for file content cache (C:\Users\kmydt\source\ARNavigation_Deepect\ARNavigation\.gradle\5.6.4\fileContent)" [_thread_blocked, id=45776, stack(0x0000000025ff0000,0x00000000260f0000)]
  0x000000002d8e5800 JavaThread "Cache worker for Build Output Cleanup Cache (C:\Users\kmydt\source\ARNavigation_Deepect\ARNavigation\.gradle\buildOutputCleanup)" [_thread_blocked, id=40264, stack(0x00000000258f0000,0x00000000259f0000)]
  0x000000002d8e7000 JavaThread "Build operations Thread 8" [_thread_blocked, id=36004, stack(0x0000000023a20000,0x0000000023b20000)]
  0x000000002d8e4800 JavaThread "Build operations Thread 7" [_thread_blocked, id=47060, stack(0x0000000023320000,0x0000000023420000)]
  0x000000002d8e3000 JavaThread "Build operations Thread 6" [_thread_blocked, id=31208, stack(0x0000000023220000,0x0000000023320000)]
  0x000000002d8e2800 JavaThread "Build operations Thread 5" [_thread_blocked, id=44876, stack(0x0000000023120000,0x0000000023220000)]
  0x000000002d8e4000 JavaThread "Build operations Thread 4" [_thread_blocked, id=39956, stack(0x0000000023020000,0x0000000023120000)]
  0x000000001a03c800 JavaThread "Build operations Thread 3" [_thread_blocked, id=23328, stack(0x0000000022f20000,0x0000000023020000)]
  0x000000001a042800 JavaThread "Build operations Thread 2" [_thread_blocked, id=47352, stack(0x0000000022e20000,0x0000000022f20000)]
  0x000000001a041800 JavaThread "Build operations" [_thread_blocked, id=44516, stack(0x0000000022d20000,0x0000000022e20000)]
  0x000000001a040000 JavaThread "Cache worker for cache directory md-rule (C:\Users\kmydt\.gradle\caches\5.6.4\md-rule)" [_thread_blocked, id=46572, stack(0x0000000022640000,0x0000000022740000)]
  0x000000001a03e000 JavaThread "Cache worker for cache directory md-supplier (C:\Users\kmydt\.gradle\caches\5.6.4\md-supplier)" [_thread_blocked, id=43080, stack(0x0000000022540000,0x0000000022640000)]
  0x000000001a03b800 JavaThread "Cache worker for file hash cache (C:\Users\kmydt\source\ARNavigation_Deepect\ARNavigation\.gradle\5.6.4\fileHashes)" [_thread_blocked, id=44160, stack(0x0000000022440000,0x0000000022540000)]
  0x000000001a038000 JavaThread "Thread-297" [_thread_blocked, id=25340, stack(0x000000001f880000,0x000000001f980000)]
  0x000000001a03a000 JavaThread "Asynchronous log dispatcher for DefaultDaemonConnection: socket connection from /127.0.0.1:55210 to /127.0.0.1:55581" [_thread_blocked, id=45524, stack(0x000000001cce0000,0x000000001cde0000)]
  0x000000001a036800 JavaThread "Cancel handler" [_thread_blocked, id=18356, stack(0x0000000001140000,0x0000000001240000)]
  0x000000001a039800 JavaThread "Handler for socket connection from /127.0.0.1:55210 to /127.0.0.1:55581" [_thread_in_native, id=15380, stack(0x0000000001040000,0x0000000001140000)]
  0x000000001a034000 JavaThread "RMI RenewClean-[127.0.0.1:17336,org.jetbrains.kotlin.daemon.common.LoopbackNetworkInterface$ClientLoopbackSocketFactory@e001ca8]" daemon [_thread_in_native, id=45480, stack(0x0000000027aa0000,0x0000000027ba0000)]
  0x000000001bb1f000 JavaThread "RMI RenewClean-[127.0.0.1:17827,org.jetbrains.kotlin.daemon.common.LoopbackNetworkInterface$ClientLoopbackSocketFactory@6d76b7ad]" daemon [_thread_in_native, id=28584, stack(0x00000000284a0000,0x00000000285a0000)]
  0x000000002d8ee800 JavaThread "RMI RenewClean-[127.0.0.1:17587,org.jetbrains.kotlin.daemon.common.LoopbackNetworkInterface$ClientLoopbackSocketFactory@155746c0]" daemon [_thread_in_native, id=43696, stack(0x00000000274f0000,0x00000000275f0000)]
  0x000000001bb1e800 JavaThread "Daemon worker Thread 3" [_thread_blocked, id=46196, stack(0x000000001c7e0000,0x000000001c8e0000)]
  0x000000001bb20800 JavaThread "Daemon Thread 3" [_thread_blocked, id=45540, stack(0x0000000000f40000,0x0000000001040000)]
  0x000000002d8e1000 JavaThread "Cache worker for Java compile cache (C:\Users\kmydt\.gradle\caches\5.6.4\javaCompile)" [_thread_blocked, id=46312, stack(0x000000002db20000,0x000000002dc20000)]
  0x00000000207b6800 JavaThread "RMI Reaper" [_thread_blocked, id=46188, stack(0x000000002de20000,0x000000002df20000)]
  0x00000000207b5000 JavaThread "RMI TCP Accept-0" daemon [_thread_in_native, id=46184, stack(0x000000002dd20000,0x000000002de20000)]
  0x00000000207b6000 JavaThread "GC Daemon" daemon [_thread_blocked, id=46176, stack(0x000000002dc20000,0x000000002dd20000)]
  0x00000000207b9000 JavaThread "RMI Scheduler(0)" daemon [_thread_blocked, id=46168, stack(0x00000000287a0000,0x00000000288a0000)]
  0x000000001bb27800 JavaThread "Cache worker for file content cache (C:\Users\kmydt\.gradle\caches\5.6.4\fileContent)" [_thread_blocked, id=46064, stack(0x00000000257f0000,0x00000000258f0000)]
  0x000000001bb29000 JavaThread "Memory manager" [_thread_blocked, id=36332, stack(0x00000000256f0000,0x00000000257f0000)]
  0x000000001bb1b800 JavaThread "Cache worker for execution history cache (C:\Users\kmydt\.gradle\caches\5.6.4\executionHistory)" [_thread_blocked, id=45936, stack(0x0000000022790000,0x0000000022890000)]
  0x000000001b797000 JavaThread "Cache worker for journal cache (C:\Users\kmydt\.gradle\caches\journal-1)" [_thread_blocked, id=45908, stack(0x000000001d5e0000,0x000000001d6e0000)]
  0x000000001b79a800 JavaThread "File lock request listener" [_thread_in_native, id=45904, stack(0x000000001d4e0000,0x000000001d5e0000)]
  0x000000001b799000 JavaThread "Cache worker for file hash cache (C:\Users\kmydt\.gradle\caches\5.6.4\fileHashes)" [_thread_blocked, id=45624, stack(0x000000001d3e0000,0x000000001d4e0000)]
  0x000000001b6fd800 JavaThread "Daemon periodic checks" [_thread_blocked, id=45028, stack(0x000000001c6e0000,0x000000001c7e0000)]
  0x000000001b6e9000 JavaThread "Incoming local TCP Connector on port 55210" [_thread_in_native, id=45364, stack(0x000000001c500000,0x000000001c600000)]
  0x000000001b59f800 JavaThread "Daemon health stats" [_thread_blocked, id=2548, stack(0x000000001c200000,0x000000001c300000)]
  0x0000000018cfd000 JavaThread "Service Thread" daemon [_thread_blocked, id=45232, stack(0x0000000019860000,0x0000000019960000)]
  0x0000000018c78000 JavaThread "C1 CompilerThread3" daemon [_thread_blocked, id=41088, stack(0x0000000019760000,0x0000000019860000)]
=>0x0000000018c71000 JavaThread "C2 CompilerThread2" daemon [_thread_in_native, id=45968, stack(0x0000000019660000,0x0000000019760000)]
  0x0000000018c64800 JavaThread "C2 CompilerThread1" daemon [_thread_in_native, id=45228, stack(0x0000000019560000,0x0000000019660000)]
  0x0000000018c62000 JavaThread "C2 CompilerThread0" daemon [_thread_in_native, id=28772, stack(0x0000000019460000,0x0000000019560000)]
  0x0000000018c07000 JavaThread "Attach Listener" daemon [_thread_blocked, id=45008, stack(0x0000000019360000,0x0000000019460000)]
  0x0000000018c60000 JavaThread "Signal Dispatcher" daemon [_thread_blocked, id=28272, stack(0x0000000019260000,0x0000000019360000)]
  0x0000000003039000 JavaThread "Finalizer" daemon [_thread_blocked, id=45848, stack(0x00000000190d0000,0x00000000191d0000)]
  0x0000000016dfc800 JavaThread "Reference Handler" daemon [_thread_blocked, id=42664, stack(0x0000000018fd0000,0x00000000190d0000)]
  0x0000000002f42800 JavaThread "main" [_thread_blocked, id=42064, stack(0x0000000002e20000,0x0000000002f20000)]

Other Threads:
  0x0000000016df8000 VMThread [stack: 0x0000000018ad0000,0x0000000018bd0000] [id=36944]
  0x0000000018cfd800 WatcherThread [stack: 0x0000000019960000,0x0000000019a60000] [id=44584]

VM state:not at safepoint (normal execution)

VM Mutex/Monitor currently owned by a thread: None

OutOfMemory and StackOverflow Exception counts:
OutOfMemoryError java_heap_errors=1

heap address: 0x00000000a0000000, size: 1536 MB, Compressed Oops mode: 32-bit
Narrow klass base: 0x0000000000000000, Narrow klass shift: 3
Compressed class space size: 1073741824 Address: 0x0000000100000000

Heap:
 PSYoungGen      total 418304K, used 96042K [0x00000000e0000000, 0x00000000fe200000, 0x0000000100000000)
  eden space 347136K, 15% used [0x00000000e0000000,0x00000000e33a51d8,0x00000000f5300000)
  from space 71168K, 60% used [0x00000000f9800000,0x00000000fc225658,0x00000000fdd80000)
  to   space 70656K, 0% used [0x00000000f5300000,0x00000000f5300000,0x00000000f9800000)
 ParOldGen       total 353280K, used 94071K [0x00000000a0000000, 0x00000000b5900000, 0x00000000e0000000)
  object space 353280K, 26% used [0x00000000a0000000,0x00000000a5bddf98,0x00000000b5900000)
 Metaspace       used 98721K, capacity 104340K, committed 104576K, reserved 1140736K
  class space    used 12818K, capacity 13852K, committed 13952K, reserved 1048576K

Card table byte_map: [0x0000000012400000,0x0000000012710000] byte_map_base: 0x0000000011f00000

Marking Bits: (ParMarkBitMap*) 0x00000000677c9f30
 Begin Bits: [0x0000000013110000, 0x0000000014910000)
 End Bits:   [0x0000000014910000, 0x0000000016110000)

Polling page: 0x0000000000e30000

CodeCache: size=245760Kb used=64041Kb max_used=64235Kb free=181718Kb
 bounds [0x0000000003040000, 0x0000000006f70000, 0x0000000012040000]
 total_blobs=18829 nmethods=17922 adapters=816
 compilation: enabled

Compilation events (10 events):
Event: 760.231 Thread 0x0000000018c78000 23123       2       com.android.tools.r8.s.a.a.d.g::a (29 bytes)
Event: 760.231 Thread 0x0000000018c78000 nmethod 23123 0x0000000005a26510 code [0x0000000005a266a0, 0x0000000005a26b98]
Event: 760.234 Thread 0x0000000018c78000 23125       2       com.android.tools.r8.s.a.b.l.d::<init> (43 bytes)
Event: 760.234 Thread 0x0000000018c78000 nmethod 23125 0x0000000005e50c50 code [0x0000000005e50da0, 0x0000000005e50fd0]
Event: 760.234 Thread 0x0000000018c78000 23126       2       com.android.tools.r8.s.a.b.b::c (39 bytes)
Event: 760.235 Thread 0x0000000018c78000 nmethod 23126 0x0000000005a38f50 code [0x0000000005a39100, 0x0000000005a395a8]
Event: 760.235 Thread 0x0000000018c78000 23117   !   2       sun.nio.fs.WindowsFileSystemProvider::checkAccess (294 bytes)
Event: 760.236 Thread 0x0000000018c78000 nmethod 23117 0x0000000005a11d90 code [0x0000000005a12020, 0x0000000005a12a28]
Event: 760.262 Thread 0x0000000018c78000 23127       2       java.io.IOException::<init> (6 bytes)
Event: 760.262 Thread 0x0000000018c78000 nmethod 23127 0x0000000005a11a10 code [0x0000000005a11b80, 0x0000000005a11ce8]

GC Heap History (10 events):
Event: 395.522 GC heap before
{Heap before GC invocations=24 (full 4):
 PSYoungGen      total 326144K, used 266240K [0x00000000e0000000, 0x00000000fa380000, 0x0000000100000000)
  eden space 266240K, 100% used [0x00000000e0000000,0x00000000f0400000,0x00000000f0400000)
  from space 59904K, 0% used [0x00000000f0400000,0x00000000f0400000,0x00000000f3e80000)
  to   space 65024K, 0% used [0x00000000f6400000,0x00000000f6400000,0x00000000fa380000)
 ParOldGen       total 353280K, used 86794K [0x00000000a0000000, 0x00000000b5900000, 0x00000000e0000000)
  object space 353280K, 24% used [0x00000000a0000000,0x00000000a54c2b80,0x00000000b5900000)
 Metaspace       used 96103K, capacity 100598K, committed 100992K, reserved 1136640K
  class space    used 12571K, capacity 13409K, committed 13440K, reserved 1048576K
Event: 395.576 GC heap after
Heap after GC invocations=24 (full 4):
 PSYoungGen      total 351744K, used 64994K [0x00000000e0000000, 0x00000000fc480000, 0x0000000100000000)
  eden space 286720K, 0% used [0x00000000e0000000,0x00000000e0000000,0x00000000f1800000)
  from space 65024K, 99% used [0x00000000f6400000,0x00000000fa3789c0,0x00000000fa380000)
  to   space 77824K, 0% used [0x00000000f1800000,0x00000000f1800000,0x00000000f6400000)
 ParOldGen       total 353280K, used 94039K [0x00000000a0000000, 0x00000000b5900000, 0x00000000e0000000)
  object space 353280K, 26% used [0x00000000a0000000,0x00000000a5bd5f98,0x00000000b5900000)
 Metaspace       used 96103K, capacity 100598K, committed 100992K, reserved 1136640K
  class space    used 12571K, capacity 13409K, committed 13440K, reserved 1048576K
}
Event: 406.388 GC heap before
{Heap before GC invocations=25 (full 4):
 PSYoungGen      total 351744K, used 351714K [0x00000000e0000000, 0x00000000fc480000, 0x0000000100000000)
  eden space 286720K, 100% used [0x00000000e0000000,0x00000000f1800000,0x00000000f1800000)
  from space 65024K, 99% used [0x00000000f6400000,0x00000000fa3789c0,0x00000000fa380000)
  to   space 77824K, 0% used [0x00000000f1800000,0x00000000f1800000,0x00000000f6400000)
 ParOldGen       total 353280K, used 94039K [0x00000000a0000000, 0x00000000b5900000, 0x00000000e0000000)
  object space 353280K, 26% used [0x00000000a0000000,0x00000000a5bd5f98,0x00000000b5900000)
 Metaspace       used 96457K, capacity 101060K, committed 101376K, reserved 1136640K
  class space    used 12605K, capacity 13464K, committed 13568K, reserved 1048576K
Event: 406.422 GC heap after
Heap after GC invocations=25 (full 4):
 PSYoungGen      total 364544K, used 31006K [0x00000000e0000000, 0x00000000fcd80000, 0x0000000100000000)
  eden space 286720K, 0% used [0x00000000e0000000,0x00000000e0000000,0x00000000f1800000)
  from space 77824K, 39% used [0x00000000f1800000,0x00000000f3647bd0,0x00000000f6400000)
  to   space 73728K, 0% used [0x00000000f8580000,0x00000000f8580000,0x00000000fcd80000)
 ParOldGen       total 353280K, used 94047K [0x00000000a0000000, 0x00000000b5900000, 0x00000000e0000000)
  object space 353280K, 26% used [0x00000000a0000000,0x00000000a5bd7f98,0x00000000b5900000)
 Metaspace       used 96457K, capacity 101060K, committed 101376K, reserved 1136640K
  class space    used 12605K, capacity 13464K, committed 13568K, reserved 1048576K
}
Event: 573.436 GC heap before
{Heap before GC invocations=26 (full 4):
 PSYoungGen      total 364544K, used 317726K [0x00000000e0000000, 0x00000000fcd80000, 0x0000000100000000)
  eden space 286720K, 100% used [0x00000000e0000000,0x00000000f1800000,0x00000000f1800000)
  from space 77824K, 39% used [0x00000000f1800000,0x00000000f3647bd0,0x00000000f6400000)
  to   space 73728K, 0% used [0x00000000f8580000,0x00000000f8580000,0x00000000fcd80000)
 ParOldGen       total 353280K, used 94047K [0x00000000a0000000, 0x00000000b5900000, 0x00000000e0000000)
  object space 353280K, 26% used [0x00000000a0000000,0x00000000a5bd7f98,0x00000000b5900000)
 Metaspace       used 97408K, capacity 102360K, committed 102528K, reserved 1138688K
  class space    used 12691K, capacity 13640K, committed 13696K, reserved 1048576K
Event: 573.481 GC heap after
Heap after GC invocations=26 (full 4):
 PSYoungGen      total 383488K, used 42034K [0x00000000e0000000, 0x00000000fc500000, 0x0000000100000000)
  eden space 318464K, 0% used [0x00000000e0000000,0x00000000e0000000,0x00000000f3700000)
  from space 65024K, 64% used [0x00000000f8580000,0x00000000fae8c988,0x00000000fc500000)
  to   space 72704K, 0% used [0x00000000f3700000,0x00000000f3700000,0x00000000f7e00000)
 ParOldGen       total 353280K, used 94055K [0x00000000a0000000, 0x00000000b5900000, 0x00000000e0000000)
  object space 353280K, 26% used [0x00000000a0000000,0x00000000a5bd9f98,0x00000000b5900000)
 Metaspace       used 97408K, capacity 102360K, committed 102528K, reserved 1138688K
  class space    used 12691K, capacity 13640K, committed 13696K, reserved 1048576K
}
Event: 758.218 GC heap before
{Heap before GC invocations=27 (full 4):
 PSYoungGen      total 383488K, used 360498K [0x00000000e0000000, 0x00000000fc500000, 0x0000000100000000)
  eden space 318464K, 100% used [0x00000000e0000000,0x00000000f3700000,0x00000000f3700000)
  from space 65024K, 64% used [0x00000000f8580000,0x00000000fae8c988,0x00000000fc500000)
  to   space 72704K, 0% used [0x00000000f3700000,0x00000000f3700000,0x00000000f7e00000)
 ParOldGen       total 353280K, used 94055K [0x00000000a0000000, 0x00000000b5900000, 0x00000000e0000000)
  object space 353280K, 26% used [0x00000000a0000000,0x00000000a5bd9f98,0x00000000b5900000)
 Metaspace       used 98182K, capacity 103752K, committed 103936K, reserved 1138688K
  class space    used 12791K, capacity 13820K, committed 13824K, reserved 1048576K
Event: 758.250 GC heap after
Heap after GC invocations=27 (full 4):
 PSYoungGen      total 391168K, used 39797K [0x00000000e0000000, 0x00000000fdd80000, 0x0000000100000000)
  eden space 318464K, 0% used [0x00000000e0000000,0x00000000e0000000,0x00000000f3700000)
  from space 72704K, 54% used [0x00000000f3700000,0x00000000f5ddd458,0x00000000f7e00000)
  to   space 71168K, 0% used [0x00000000f9800000,0x00000000f9800000,0x00000000fdd80000)
 ParOldGen       total 353280K, used 94063K [0x00000000a0000000, 0x00000000b5900000, 0x00000000e0000000)
  object space 353280K, 26% used [0x00000000a0000000,0x00000000a5bdbf98,0x00000000b5900000)
 Metaspace       used 98182K, capacity 103752K, committed 103936K, reserved 1138688K
  class space    used 12791K, capacity 13820K, committed 13824K, reserved 1048576K
}
Event: 760.088 GC heap before
{Heap before GC invocations=28 (full 4):
 PSYoungGen      total 391168K, used 358261K [0x00000000e0000000, 0x00000000fdd80000, 0x0000000100000000)
  eden space 318464K, 100% used [0x00000000e0000000,0x00000000f3700000,0x00000000f3700000)
  from space 72704K, 54% used [0x00000000f3700000,0x00000000f5ddd458,0x00000000f7e00000)
  to   space 71168K, 0% used [0x00000000f9800000,0x00000000f9800000,0x00000000fdd80000)
 ParOldGen       total 353280K, used 94063K [0x00000000a0000000, 0x00000000b5900000, 0x00000000e0000000)
  object space 353280K, 26% used [0x00000000a0000000,0x00000000a5bdbf98,0x00000000b5900000)
 Metaspace       used 98706K, capacity 104336K, committed 104576K, reserved 1140736K
  class space    used 12818K, capacity 13852K, committed 13952K, reserved 1048576K
Event: 760.128 GC heap after
Heap after GC invocations=28 (full 4):
 PSYoungGen      total 418304K, used 43157K [0x00000000e0000000, 0x00000000fe200000, 0x0000000100000000)
  eden space 347136K, 0% used [0x00000000e0000000,0x00000000e0000000,0x00000000f5300000)
  from space 71168K, 60% used [0x00000000f9800000,0x00000000fc225658,0x00000000fdd80000)
  to   space 70656K, 0% used [0x00000000f5300000,0x00000000f5300000,0x00000000f9800000)
 ParOldGen       total 353280K, used 94071K [0x00000000a0000000, 0x00000000b5900000, 0x00000000e0000000)
  object space 353280K, 26% used [0x00000000a0000000,0x00000000a5bddf98,0x00000000b5900000)
 Metaspace       used 98706K, capacity 104336K, committed 104576K, reserved 1140736K
  class space    used 12818K, capacity 13852K, committed 13952K, reserved 1048576K
}

Deoptimization events (10 events):
Event: 759.511 Thread 0x000000001bb26000 Uncommon trap: reason=bimorphic action=maybe_recompile pc=0x00000000061d9aa8 method=java.util.stream.StreamOpFlag.fromCharacteristics(Ljava/util/Spliterator;)I @ 14
Event: 759.511 Thread 0x000000001bb26000 Uncommon trap: reason=class_check action=maybe_recompile pc=0x000000000616c000 method=java.util.stream.AbstractPipeline.evaluate(Ljava/util/Spliterator;ZLjava/util/function/IntFunction;)Ljava/util/stream/Node; @ 35
Event: 759.512 Thread 0x000000001bb26000 Uncommon trap: reason=bimorphic action=maybe_recompile pc=0x00000000061d9aa8 method=java.util.stream.StreamOpFlag.fromCharacteristics(Ljava/util/Spliterator;)I @ 14
Event: 759.512 Thread 0x000000001bb26000 Uncommon trap: reason=class_check action=maybe_recompile pc=0x000000000616c000 method=java.util.stream.AbstractPipeline.evaluate(Ljava/util/Spliterator;ZLjava/util/function/IntFunction;)Ljava/util/stream/Node; @ 35
Event: 759.739 Thread 0x000000001b79d800 Uncommon trap: reason=bimorphic action=maybe_recompile pc=0x0000000004fb5d4c method=com.android.tools.r8.u.a.h.e.b(Lcom/android/tools/r8/u/b/d0;)V @ 43
Event: 759.760 Thread 0x000000001b79d800 Uncommon trap: reason=unstable_if action=reinterpret pc=0x00000000042c69d8 method=java.util.ArrayList.remove(Ljava/lang/Object;)Z @ 46
Event: 760.081 Thread 0x000000002d8ea800 Uncommon trap: reason=bimorphic action=maybe_recompile pc=0x0000000005496380 method=com.google.common.collect.AbstractMapBasedMultimap$WrappedCollection.removeIfEmpty()V @ 21
Event: 760.081 Thread 0x000000002d8ea800 Uncommon trap: reason=bimorphic action=maybe_recompile pc=0x0000000005496380 method=com.google.common.collect.AbstractMapBasedMultimap$WrappedCollection.removeIfEmpty()V @ 21
Event: 760.081 Thread 0x000000002d8ea800 Uncommon trap: reason=bimorphic action=maybe_recompile pc=0x0000000005496380 method=com.google.common.collect.AbstractMapBasedMultimap$WrappedCollection.removeIfEmpty()V @ 21
Event: 760.081 Thread 0x000000002d8ea800 Uncommon trap: reason=bimorphic action=maybe_recompile pc=0x0000000005496380 method=com.google.common.collect.AbstractMapBasedMultimap$WrappedCollection.removeIfEmpty()V @ 21

Classes redefined (0 events):
No events

Internal exceptions (10 events):
Event: 759.924 Thread 0x000000001b79d800 Exception <a 'sun/nio/fs/WindowsException'> (0x00000000f20366f8) thrown at [D:\src\AOSP-openjdk-cygwin\jdk8u\hotspot\src\share\vm\prims\jni.cpp, line 710]
Event: 759.927 Thread 0x000000001b79d800 Exception <a 'sun/nio/fs/WindowsException'> (0x00000000f203c8d0) thrown at [D:\src\AOSP-openjdk-cygwin\jdk8u\hotspot\src\share\vm\prims\jni.cpp, line 710]
Event: 759.930 Thread 0x000000001b79d800 Exception <a 'sun/nio/fs/WindowsException'> (0x00000000f2046e58) thrown at [D:\src\AOSP-openjdk-cygwin\jdk8u\hotspot\src\share\vm\prims\jni.cpp, line 710]
Event: 759.932 Thread 0x000000001b79d800 Exception <a 'sun/nio/fs/WindowsException'> (0x00000000f204f080) thrown at [D:\src\AOSP-openjdk-cygwin\jdk8u\hotspot\src\share\vm\prims\jni.cpp, line 710]
Event: 759.934 Thread 0x000000001b79d800 Exception <a 'sun/nio/fs/WindowsException'> (0x00000000f219e1d0) thrown at [D:\src\AOSP-openjdk-cygwin\jdk8u\hotspot\src\share\vm\prims\jni.cpp, line 710]
Event: 759.936 Thread 0x000000001b79d800 Exception <a 'sun/nio/fs/WindowsException'> (0x00000000f21a77c8) thrown at [D:\src\AOSP-openjdk-cygwin\jdk8u\hotspot\src\share\vm\prims\jni.cpp, line 710]
Event: 760.177 Thread 0x000000002d8e7800 Exception <a 'java/io/FileNotFoundException'> (0x00000000e0602b98) thrown at [D:\src\AOSP-openjdk-cygwin\jdk8u\hotspot\src\share\vm\prims\jni.cpp, line 710]
Event: 760.220 Thread 0x000000001a038800 Exception <a 'sun/nio/fs/WindowsException'> (0x00000000e1021208) thrown at [D:\src\AOSP-openjdk-cygwin\jdk8u\hotspot\src\share\vm\prims\jni.cpp, line 710]
Event: 760.258 Thread 0x000000001bb1f000 Exception <a 'java/net/ConnectException': Connection refused: connect> (0x00000000e2c1cbf8) thrown at [D:\src\AOSP-openjdk-cygwin\jdk8u\hotspot\src\share\vm\prims\jni.cpp, line 736]
Event: 760.262 Thread 0x000000001a034000 Exception <a 'java/net/ConnectException': Connection refused: connect> (0x00000000e2cb2430) thrown at [D:\src\AOSP-openjdk-cygwin\jdk8u\hotspot\src\share\vm\prims\jni.cpp, line 736]

Events (10 events):
Event: 760.227 Thread 0x0000000018c78000 flushing nmethod 0x0000000005a38c10
Event: 760.227 Thread 0x0000000018c78000 flushing nmethod 0x0000000005a409d0
Event: 760.227 Thread 0x0000000018c78000 flushing nmethod 0x0000000005a43490
Event: 760.227 Thread 0x0000000018c78000 flushing nmethod 0x0000000005a49c90
Event: 760.227 Thread 0x0000000018c78000 flushing nmethod 0x0000000005a5dc50
Event: 760.227 Thread 0x0000000018c78000 flushing nmethod 0x0000000005ab4c90
Event: 760.227 Thread 0x0000000018c78000 flushing nmethod 0x0000000005b2cf10
Event: 760.228 Thread 0x0000000018c78000 flushing nmethod 0x0000000005c72ad0
Event: 760.229 Thread 0x0000000018c78000 flushing nmethod 0x0000000005e44390
Event: 760.229 Thread 0x0000000018c78000 flushing nmethod 0x0000000005e50a50


Dynamic libraries:
0x00007ff79cc10000 - 0x00007ff79cc41000 	C:\Program Files\Android\Android Studio\jre\bin\java.exe
0x00007ffe40400000 - 0x00007ffe405f0000 	C:\WINDOWS\SYSTEM32\ntdll.dll
0x00007ffe3eb00000 - 0x00007ffe3ebb2000 	C:\WINDOWS\System32\KERNEL32.DLL
0x00007ffe3d390000 - 0x00007ffe3d634000 	C:\WINDOWS\System32\KERNELBASE.dll
0x00007ffe3e830000 - 0x00007ffe3e8d3000 	C:\WINDOWS\System32\ADVAPI32.dll
0x00007ffe3ebc0000 - 0x00007ffe3ec5e000 	C:\WINDOWS\System32\msvcrt.dll
0x00007ffe3e5e0000 - 0x00007ffe3e677000 	C:\WINDOWS\System32\sechost.dll
0x00007ffe3f330000 - 0x00007ffe3f450000 	C:\WINDOWS\System32\RPCRT4.dll
0x00007ffe3ee50000 - 0x00007ffe3efe4000 	C:\WINDOWS\System32\USER32.dll
0x00007ffe3da30000 - 0x00007ffe3da51000 	C:\WINDOWS\System32\win32u.dll
0x00007ffe3ee20000 - 0x00007ffe3ee46000 	C:\WINDOWS\System32\GDI32.dll
0x00007ffe3d640000 - 0x00007ffe3d7d4000 	C:\WINDOWS\System32\gdi32full.dll
0x00007ffe3e3e0000 - 0x00007ffe3e47e000 	C:\WINDOWS\System32\msvcp_win.dll
0x00007ffe3d800000 - 0x00007ffe3d8fa000 	C:\WINDOWS\System32\ucrtbase.dll
0x00007ffe26520000 - 0x00007ffe267a4000 	C:\WINDOWS\WinSxS\amd64_microsoft.windows.common-controls_6595b64144ccf1df_6.0.18362.836_none_e6c4b943130f18ed\COMCTL32.dll
0x00007ffe3eff0000 - 0x00007ffe3f326000 	C:\WINDOWS\System32\combase.dll
0x00007ffe3d9b0000 - 0x00007ffe3da30000 	C:\WINDOWS\System32\bcryptPrimitives.dll
0x00007ffe3fb40000 - 0x00007ffe3fb6e000 	C:\WINDOWS\System32\IMM32.DLL
0x0000000066e40000 - 0x0000000066f12000 	C:\Program Files\Android\Android Studio\jre\jre\bin\msvcr100.dll
0x0000000067000000 - 0x0000000067846000 	C:\Program Files\Android\Android Studio\jre\jre\bin\server\jvm.dll
0x00007ffe3e940000 - 0x00007ffe3e948000 	C:\WINDOWS\System32\PSAPI.DLL
0x00007ffe38800000 - 0x00007ffe38824000 	C:\WINDOWS\SYSTEM32\WINMM.dll
0x00007ffe2d410000 - 0x00007ffe2d419000 	C:\WINDOWS\SYSTEM32\WSOCK32.dll
0x00007ffe3b200000 - 0x00007ffe3b20a000 	C:\WINDOWS\SYSTEM32\VERSION.dll
0x00007ffe3ea00000 - 0x00007ffe3ea6f000 	C:\WINDOWS\System32\WS2_32.dll
0x00007ffe387d0000 - 0x00007ffe387fd000 	C:\WINDOWS\SYSTEM32\winmmbase.dll
0x00007ffe3e330000 - 0x00007ffe3e37a000 	C:\WINDOWS\System32\cfgmgr32.dll
0x00007ffe1d910000 - 0x00007ffe1d91f000 	C:\Program Files\Android\Android Studio\jre\jre\bin\verify.dll
0x00007ffde95e0000 - 0x00007ffde9609000 	C:\Program Files\Android\Android Studio\jre\jre\bin\java.dll
0x00007ffde95c0000 - 0x00007ffde95d6000 	C:\Program Files\Android\Android Studio\jre\jre\bin\zip.dll
0x00007ffe3f450000 - 0x00007ffe3fb34000 	C:\WINDOWS\System32\SHELL32.dll
0x00007ffe3e510000 - 0x00007ffe3e5b9000 	C:\WINDOWS\System32\shcore.dll
0x00007ffe3da60000 - 0x00007ffe3e1de000 	C:\WINDOWS\System32\windows.storage.dll
0x00007ffe3d310000 - 0x00007ffe3d333000 	C:\WINDOWS\System32\profapi.dll
0x00007ffe3d340000 - 0x00007ffe3d38a000 	C:\WINDOWS\System32\powrprof.dll
0x00007ffe3d2c0000 - 0x00007ffe3d2d0000 	C:\WINDOWS\System32\UMPDC.dll
0x00007ffe3e8e0000 - 0x00007ffe3e932000 	C:\WINDOWS\System32\shlwapi.dll
0x00007ffe3d2d0000 - 0x00007ffe3d2e1000 	C:\WINDOWS\System32\kernel.appcore.dll
0x00007ffe3d7e0000 - 0x00007ffe3d7f7000 	C:\WINDOWS\System32\cryptsp.dll
0x00007ffde95a0000 - 0x00007ffde95ba000 	C:\Program Files\Android\Android Studio\jre\jre\bin\net.dll
0x00007ffe28c30000 - 0x00007ffe28e06000 	C:\WINDOWS\SYSTEM32\urlmon.dll
0x00007ffe29e20000 - 0x00007ffe2a0c6000 	C:\WINDOWS\SYSTEM32\iertutil.dll
0x00007ffe3cd00000 - 0x00007ffe3cd0c000 	C:\WINDOWS\SYSTEM32\CRYPTBASE.DLL
0x00007ffe3cb30000 - 0x00007ffe3cb97000 	C:\WINDOWS\system32\mswsock.dll
0x00007ffde9580000 - 0x00007ffde9593000 	C:\Program Files\Android\Android Studio\jre\jre\bin\nio.dll
0x00007ffe3b180000 - 0x00007ffe3b1a6000 	C:\Users\kmydt\.gradle\native\30\windows-amd64\native-platform.dll
0x00007ffe12c00000 - 0x00007ffe12c0d000 	C:\Program Files\Android\Android Studio\jre\jre\bin\management.dll
0x00007ffe3c6a0000 - 0x00007ffe3c6d3000 	C:\WINDOWS\system32\rsaenh.dll
0x00007ffe3e480000 - 0x00007ffe3e4a6000 	C:\WINDOWS\System32\bcrypt.dll
0x00007ffe3d1e0000 - 0x00007ffe3d205000 	C:\WINDOWS\SYSTEM32\USERENV.dll
0x00007ffe3c840000 - 0x00007ffe3c87a000 	C:\WINDOWS\SYSTEM32\IPHLPAPI.DLL
0x00007ffe3eaf0000 - 0x00007ffe3eaf8000 	C:\WINDOWS\System32\NSI.dll
0x00007ffe37010000 - 0x00007ffe37026000 	C:\WINDOWS\SYSTEM32\dhcpcsvc6.DLL
0x00007ffe36ff0000 - 0x00007ffe3700c000 	C:\WINDOWS\SYSTEM32\dhcpcsvc.DLL
0x00007ffe3c880000 - 0x00007ffe3c94b000 	C:\WINDOWS\SYSTEM32\DNSAPI.dll
0x00007ffe1e420000 - 0x00007ffe1e43e000 	C:\Users\kmydt\AppData\Local\Temp\native-platform3680723406144947631dir\native-platform.dll

VM Arguments:
jvm_args: -Xmx1536m -Dfile.encoding=x-windows-949 -Duser.country=KR -Duser.language=ko -Duser.variant 
java_command: org.gradle.launcher.daemon.bootstrap.GradleDaemon 5.6.4
java_class_path (initial): C:\Users\kmydt\.gradle\wrapper\dists\gradle-5.6.4-all\ankdp27end7byghfw1q2sw75f\gradle-5.6.4\lib\gradle-launcher-5.6.4.jar
Launcher Type: SUN_STANDARD

Environment Variables:
JAVA_HOME=C:\Program Files\Java\jdk-13.0.2
PATH=C:\Program_Oracle\product\11.2.0\dbhome_1\bin;C:\Program Files\Java\jdk-13.0.2\bin;C:\Program Files (x86)\Common Files\Oracle\Java\javapath;C:\Program Files (x86)\Intel\iCLS Client\;C:\Program Files\Intel\iCLS Client\;C:\WINDOWS\system32;C:\WINDOWS;C:\WINDOWS\System32\Wbem;C:\WINDOWS\System32\WindowsPowerShell\v1.0\;C:\Program Files (x86)\Intel\Intel(R) Management Engine Components\DAL;C:\Program Files\Intel\Intel(R) Management Engine Components\DAL;C:\Program Files (x86)\Intel\Intel(R) Management Engine Components\IPT;C:\Program Files\Intel\Intel(R) Management Engine Components\IPT;C:\Program Files\Intel\WiFi\bin\;C:\Program Files\Common Files\Intel\WirelessCommon\;C:\WINDOWS\System32\OpenSSH\;C:\Program Files\Java\jdk-11.0.2\bin;C:\Program Files\PuTTY\;C:\Program Files\Git\cmd;C:\Users\kmydt\AppData\Local\Programs\Python\Python37-32\Scripts\;C:\Users\kmydt\AppData\Local\Programs\Python\Python37-32\;C:\Users\kmydt\AppData\Local\Microsoft\WindowsApps;;C:\Program Files\Microsoft VS Code\bin;C:\Program Files\JetBrains\PyCharm Community Edition 2019.1.2\bin;
USERNAME=kmydt
OS=Windows_NT
PROCESSOR_IDENTIFIER=Intel64 Family 6 Model 142 Stepping 10, GenuineIntel



---------------  S Y S T E M  ---------------

OS: Windows 10.0 , 64 bit Build 18362 (10.0.18362.778)

CPU:total 8 (initial active 8) (4 cores per cpu, 2 threads per core) family 6 model 142 stepping 10, cmov, cx8, fxsr, mmx, sse, sse2, sse3, ssse3, sse4.1, sse4.2, popcnt, avx, avx2, aes, clmul, erms, 3dnowpref, lzcnt, ht, tsc, tscinvbit, bmi1, bmi2, adx

Memory: 4k page, physical 16606548k(4431560k free), swap 16606548k(5496k free)

vm_info: OpenJDK 64-Bit Server VM (25.212-b04) for windows-amd64 JRE (1.8.0_212-release-1586-b04), built by "builder" with MS VC++ 10.0 (VS2010)

time: Sat May 30 23:48:00 2020
timezone: 대한민국 표준시
elapsed time: 760 seconds (0d 0h 12m 40s)

