#
# There is insufficient memory for the Java Runtime Environment to continue.
# Native memory allocation (malloc) failed to allocate 1084064 bytes for Chunk::new
# Possible reasons:
#   The system is out of physical RAM or swap space
#   The process is running with CompressedOops enabled, and the Java Heap may be blocking the growth of the native heap
# Possible solutions:
#   Reduce memory load on the system
#   Increase physical memory or swap space
#   Check if swap backing store is full
#   Decrease Java heap size (-Xmx/-Xms)
#   Decrease number of Java threads
#   Decrease Java thread stack sizes (-Xss)
#   Set larger code cache with -XX:ReservedCodeCacheSize=
#   JVM is running with Zero Based Compressed Oops mode in which the Java heap is
#     placed in the first 32GB address space. The Java Heap base address is the
#     maximum limit for the native heap growth. Please use -XX:HeapBaseMinAddress
#     to set the Java Heap base and to place the Java Heap above 32GB virtual address.
# This output file may be truncated or incomplete.
#
#  Out of Memory Error (allocation.cpp:389), pid=26772, tid=0x0000000000002d08
#
# JRE version: OpenJDK Runtime Environment (8.0_212-b04) (build 1.8.0_212-release-1586-b04)
# Java VM: OpenJDK 64-Bit Server VM (25.212-b04 mixed mode windows-amd64 compressed oops)
# Failed to write core dump. Minidumps are not enabled by default on client versions of Windows
#

---------------  T H R E A D  ---------------

Current thread (0x000000001e909000):  JavaThread "C2 CompilerThread1" daemon [_thread_in_native, id=11528, stack(0x000000001f170000,0x000000001f270000)]

Stack: [0x000000001f170000,0x000000001f270000]
[error occurred during error reporting (printing stack bounds), id 0xc0000005]

Native frames: (J=compiled Java code, j=interpreted, Vv=VM code, C=native code)


Current CompileTask:
C2:   8566 6834       4       org.jetbrains.kotlin.types.TypeUtils::contains (265 bytes)


---------------  P R O C E S S  ---------------

Java Threads: ( => current thread )
  0x000000001e9a0000 JavaThread "Service Thread" daemon [_thread_blocked, id=23824, stack(0x000000001f470000,0x000000001f570000)]
  0x000000001e918800 JavaThread "C1 CompilerThread3" daemon [_thread_in_native, id=24220, stack(0x000000001f370000,0x000000001f470000)]
  0x000000001e915000 JavaThread "C2 CompilerThread2" daemon [_thread_in_native, id=8952, stack(0x000000001f270000,0x000000001f370000)]
=>0x000000001e909000 JavaThread "C2 CompilerThread1" daemon [_thread_in_native, id=11528, stack(0x000000001f170000,0x000000001f270000)]
  0x000000001ca7a000 JavaThread "C2 CompilerThread0" daemon [_thread_in_native, id=10064, stack(0x000000001f070000,0x000000001f170000)]
  0x000000001e8b5000 JavaThread "Attach Listener" daemon [_thread_blocked, id=26192, stack(0x000000001ef70000,0x000000001f070000)]
  0x000000001e908000 JavaThread "Signal Dispatcher" daemon [_thread_blocked, id=26608, stack(0x000000001ee70000,0x000000001ef70000)]
  0x000000001ca73000 JavaThread "Finalizer" daemon [_thread_blocked, id=24624, stack(0x000000001ed70000,0x000000001ee70000)]
  0x000000001e890800 JavaThread "Reference Handler" daemon [_thread_blocked, id=25532, stack(0x000000001ec70000,0x000000001ed70000)]
  0x0000000002fda000 JavaThread "main" [_thread_in_Java, id=26688, stack(0x0000000002ed0000,0x0000000002fd0000)]

Other Threads:
  0x00000000030ce800 VMThread [stack: 0x000000001e770000,0x000000001e870000] [id=26956]
  0x000000001e9a0800 WatcherThread [stack: 0x000000001f570000,0x000000001f670000] [id=20860]

VM state:not at safepoint (normal execution)

VM Mutex/Monitor currently owned by a thread: None

heap address: 0x00000006c2800000, size: 4056 MB, Compressed Oops mode: Zero based, Oop shift amount: 3
Narrow klass base: 0x0000000000000000, Narrow klass shift: 3
Compressed class space size: 1073741824 Address: 0x00000007c0000000

Heap:
 PSYoungGen      total 102912K, used 20071K [0x000000076b800000, 0x0000000772780000, 0x00000007c0000000)
  eden space 92160K, 10% used [0x000000076b800000,0x000000076c11d710,0x0000000771200000)
  from space 10752K, 99% used [0x0000000771c80000,0x00000007726fc7b8,0x0000000772700000)
  to   space 10752K, 0% used [0x0000000771200000,0x0000000771200000,0x0000000771c80000)
 ParOldGen       total 192000K, used 44785K [0x00000006c2800000, 0x00000006ce380000, 0x000000076b800000)
  object space 192000K, 23% used [0x00000006c2800000,0x00000006c53bc578,0x00000006ce380000)
 Metaspace       used 51931K, capacity 53061K, committed 53376K, reserved 1095680K
  class space    used 6443K, capacity 6748K, committed 6784K, reserved 1048576K

Card table byte_map: [0x0000000012490000,0x0000000012c80000] byte_map_base: 0x000000000ee7c000

Marking Bits: (ParMarkBitMap*) 0x0000000059b19f30
 Begin Bits: [0x00000000139d0000, 0x0000000017930000)
 End Bits:   [0x0000000017930000, 0x000000001b890000)

Polling page: 0x00000000009f0000

CodeCache: size=245760Kb used=20620Kb max_used=20624Kb free=225139Kb
 bounds [0x00000000030d0000, 0x0000000004510000, 0x00000000120d0000]
 total_blobs=6876 nmethods=6402 adapters=386
 compilation: enabled

Compilation events (10 events):
Event: 8.558 Thread 0x000000001e918800 nmethod 7101 0x00000000033c0f50 code [0x00000000033c10a0, 0x00000000033c11b0]
Event: 8.559 Thread 0x000000001e918800 7102       1       org.jetbrains.kotlin.serialization.deserialization.DeserializationComponents::getClassDataFinder (5 bytes)
Event: 8.559 Thread 0x000000001e918800 nmethod 7102 0x00000000033c0c90 code [0x00000000033c0de0, 0x00000000033c0ef0]
Event: 8.559 Thread 0x000000001e918800 7104       1       org.jetbrains.kotlin.serialization.deserialization.DeserializationComponents::getAdditionalClassPartsProvider (5 bytes)
Event: 8.559 Thread 0x000000001e918800 nmethod 7104 0x00000000035d6710 code [0x00000000035d6860, 0x00000000035d6970]
Event: 8.560 Thread 0x000000001e918800 7103       1       org.jetbrains.kotlin.serialization.deserialization.DeserializedPackageFragmentImpl::access$getContainerSource$p (5 bytes)
Event: 8.560 Thread 0x000000001e918800 nmethod 7103 0x00000000036e21d0 code [0x00000000036e2320, 0x00000000036e2410]
Event: 8.561 Thread 0x000000001e918800 7107       3       kotlin.collections.ArraysKt___ArraysKt::zip (111 bytes)
Event: 8.562 Thread 0x000000001e918800 nmethod 7107 0x0000000004503290 code [0x00000000045034c0, 0x00000000045040b8]
Event: 8.563 Thread 0x000000001e918800 7106       3       org.jetbrains.kotlin.resolve.calls.inference.CapturedTypeConstructorKt::wrapWithCapturingSubstitution (241 bytes)

GC Heap History (10 events):
Event: 3.555 GC heap before
{Heap before GC invocations=4 (full 1):
 PSYoungGen      total 75776K, used 65024K [0x000000076b800000, 0x0000000774c00000, 0x00000007c0000000)
  eden space 65024K, 100% used [0x000000076b800000,0x000000076f780000,0x000000076f780000)
  from space 10752K, 0% used [0x0000000770200000,0x0000000770200000,0x0000000770c80000)
  to   space 10752K, 0% used [0x000000076f780000,0x000000076f780000,0x0000000770200000)
 ParOldGen       total 116224K, used 9369K [0x00000006c2800000, 0x00000006c9980000, 0x000000076b800000)
  object space 116224K, 8% used [0x00000006c2800000,0x00000006c3126670,0x00000006c9980000)
 Metaspace       used 29300K, capacity 29844K, committed 30080K, reserved 1075200K
  class space    used 3554K, capacity 3700K, committed 3712K, reserved 1048576K
Event: 3.566 GC heap after
Heap after GC invocations=4 (full 1):
 PSYoungGen      total 75776K, used 10724K [0x000000076b800000, 0x0000000772700000, 0x00000007c0000000)
  eden space 65024K, 0% used [0x000000076b800000,0x000000076b800000,0x000000076f780000)
  from space 10752K, 99% used [0x000000076f780000,0x00000007701f93d8,0x0000000770200000)
  to   space 10752K, 0% used [0x0000000771c80000,0x0000000771c80000,0x0000000772700000)
 ParOldGen       total 116224K, used 14773K [0x00000006c2800000, 0x00000006c9980000, 0x000000076b800000)
  object space 116224K, 12% used [0x00000006c2800000,0x00000006c366d500,0x00000006c9980000)
 Metaspace       used 29300K, capacity 29844K, committed 30080K, reserved 1075200K
  class space    used 3554K, capacity 3700K, committed 3712K, reserved 1048576K
}
Event: 4.232 GC heap before
{Heap before GC invocations=5 (full 1):
 PSYoungGen      total 75776K, used 38519K [0x000000076b800000, 0x0000000772700000, 0x00000007c0000000)
  eden space 65024K, 42% used [0x000000076b800000,0x000000076d3248c8,0x000000076f780000)
  from space 10752K, 99% used [0x000000076f780000,0x00000007701f93d8,0x0000000770200000)
  to   space 10752K, 0% used [0x0000000771c80000,0x0000000771c80000,0x0000000772700000)
 ParOldGen       total 116224K, used 14773K [0x00000006c2800000, 0x00000006c9980000, 0x000000076b800000)
  object space 116224K, 12% used [0x00000006c2800000,0x00000006c366d500,0x00000006c9980000)
 Metaspace       used 34772K, capacity 35305K, committed 35496K, reserved 1081344K
  class space    used 4418K, capacity 4556K, committed 4608K, reserved 1048576K
Event: 4.241 GC heap after
Heap after GC invocations=5 (full 1):
 PSYoungGen      total 102912K, used 10737K [0x000000076b800000, 0x0000000772780000, 0x00000007c0000000)
  eden space 92160K, 0% used [0x000000076b800000,0x000000076b800000,0x0000000771200000)
  from space 10752K, 99% used [0x0000000771c80000,0x00000007726fc508,0x0000000772700000)
  to   space 10752K, 0% used [0x0000000771200000,0x0000000771200000,0x0000000771c80000)
 ParOldGen       total 116224K, used 18430K [0x00000006c2800000, 0x00000006c9980000, 0x000000076b800000)
  object space 116224K, 15% used [0x00000006c2800000,0x00000006c39ffbf8,0x00000006c9980000)
 Metaspace       used 34772K, capacity 35305K, committed 35496K, reserved 1081344K
  class space    used 4418K, capacity 4556K, committed 4608K, reserved 1048576K
}
Event: 4.242 GC heap before
{Heap before GC invocations=6 (full 2):
 PSYoungGen      total 102912K, used 10737K [0x000000076b800000, 0x0000000772780000, 0x00000007c0000000)
  eden space 92160K, 0% used [0x000000076b800000,0x000000076b800000,0x0000000771200000)
  from space 10752K, 99% used [0x0000000771c80000,0x00000007726fc508,0x0000000772700000)
  to   space 10752K, 0% used [0x0000000771200000,0x0000000771200000,0x0000000771c80000)
 ParOldGen       total 116224K, used 18430K [0x00000006c2800000, 0x00000006c9980000, 0x000000076b800000)
  object space 116224K, 15% used [0x00000006c2800000,0x00000006c39ffbf8,0x00000006c9980000)
 Metaspace       used 34772K, capacity 35305K, committed 35496K, reserved 1081344K
  class space    used 4418K, capacity 4556K, committed 4608K, reserved 1048576K
Event: 4.300 GC heap after
Heap after GC invocations=6 (full 2):
 PSYoungGen      total 102912K, used 0K [0x000000076b800000, 0x0000000772780000, 0x00000007c0000000)
  eden space 92160K, 0% used [0x000000076b800000,0x000000076b800000,0x0000000771200000)
  from space 10752K, 0% used [0x0000000771c80000,0x0000000771c80000,0x0000000772700000)
  to   space 10752K, 0% used [0x0000000771200000,0x0000000771200000,0x0000000771c80000)
 ParOldGen       total 192000K, used 20107K [0x00000006c2800000, 0x00000006ce380000, 0x000000076b800000)
  object space 192000K, 10% used [0x00000006c2800000,0x00000006c3ba2d48,0x00000006ce380000)
 Metaspace       used 34772K, capacity 35305K, committed 35496K, reserved 1081344K
  class space    used 4418K, capacity 4556K, committed 4608K, reserved 1048576K
}
Event: 5.799 GC heap before
{Heap before GC invocations=7 (full 2):
 PSYoungGen      total 102912K, used 92160K [0x000000076b800000, 0x0000000772780000, 0x00000007c0000000)
  eden space 92160K, 100% used [0x000000076b800000,0x0000000771200000,0x0000000771200000)
  from space 10752K, 0% used [0x0000000771c80000,0x0000000771c80000,0x0000000772700000)
  to   space 10752K, 0% used [0x0000000771200000,0x0000000771200000,0x0000000771c80000)
 ParOldGen       total 192000K, used 20107K [0x00000006c2800000, 0x00000006ce380000, 0x000000076b800000)
  object space 192000K, 10% used [0x00000006c2800000,0x00000006c3ba2d48,0x00000006ce380000)
 Metaspace       used 44262K, capacity 44933K, committed 45312K, reserved 1089536K
  class space    used 5585K, capacity 5764K, committed 5888K, reserved 1048576K
Event: 5.814 GC heap after
Heap after GC invocations=7 (full 2):
 PSYoungGen      total 102912K, used 10749K [0x000000076b800000, 0x0000000772780000, 0x00000007c0000000)
  eden space 92160K, 0% used [0x000000076b800000,0x000000076b800000,0x0000000771200000)
  from space 10752K, 99% used [0x0000000771200000,0x0000000771c7f508,0x0000000771c80000)
  to   space 10752K, 0% used [0x0000000771c80000,0x0000000771c80000,0x0000000772700000)
 ParOldGen       total 192000K, used 28755K [0x00000006c2800000, 0x00000006ce380000, 0x000000076b800000)
  object space 192000K, 14% used [0x00000006c2800000,0x00000006c4414f60,0x00000006ce380000)
 Metaspace       used 44262K, capacity 44933K, committed 45312K, reserved 1089536K
  class space    used 5585K, capacity 5764K, committed 5888K, reserved 1048576K
}
Event: 8.260 GC heap before
{Heap before GC invocations=8 (full 2):
 PSYoungGen      total 102912K, used 102909K [0x000000076b800000, 0x0000000772780000, 0x00000007c0000000)
  eden space 92160K, 100% used [0x000000076b800000,0x0000000771200000,0x0000000771200000)
  from space 10752K, 99% used [0x0000000771200000,0x0000000771c7f508,0x0000000771c80000)
  to   space 10752K, 0% used [0x0000000771c80000,0x0000000771c80000,0x0000000772700000)
 ParOldGen       total 192000K, used 28755K [0x00000006c2800000, 0x00000006ce380000, 0x000000076b800000)
  object space 192000K, 14% used [0x00000006c2800000,0x00000006c4414f60,0x00000006ce380000)
 Metaspace       used 51545K, capacity 52631K, committed 52864K, reserved 1095680K
  class space    used 6424K, capacity 6715K, committed 6784K, reserved 1048576K
Event: 8.283 GC heap after
Heap after GC invocations=8 (full 2):
 PSYoungGen      total 102912K, used 10737K [0x000000076b800000, 0x0000000772780000, 0x00000007c0000000)
  eden space 92160K, 0% used [0x000000076b800000,0x000000076b800000,0x0000000771200000)
  from space 10752K, 99% used [0x0000000771c80000,0x00000007726fc7b8,0x0000000772700000)
  to   space 10752K, 0% used [0x0000000771200000,0x0000000771200000,0x0000000771c80000)
 ParOldGen       total 192000K, used 44785K [0x00000006c2800000, 0x00000006ce380000, 0x000000076b800000)
  object space 192000K, 23% used [0x00000006c2800000,0x00000006c53bc578,0x00000006ce380000)
 Metaspace       used 51545K, capacity 52631K, committed 52864K, reserved 1095680K
  class space    used 6424K, capacity 6715K, committed 6784K, reserved 1048576K
}

Deoptimization events (10 events):
Event: 8.447 Thread 0x0000000002fda000 Uncommon trap: reason=class_check action=maybe_recompile pc=0x0000000003c8e618 method=kotlin.collections.CollectionsKt__MutableCollectionsKt.addAll(Ljava/util/Collection;Ljava/lang/Iterable;)Z @ 35
Event: 8.456 Thread 0x0000000002fda000 Uncommon trap: reason=class_check action=maybe_recompile pc=0x0000000004345f24 method=org.jetbrains.kotlin.com.intellij.psi.impl.source.CharTableImpl$StringHashToCharSequencesMap.getSubSequenceWithHashCode(ILjava/lang/CharSequence;II)Ljava/lang/CharSequen
Event: 8.486 Thread 0x0000000002fda000 Uncommon trap: reason=class_check action=maybe_recompile pc=0x0000000003c8e618 method=kotlin.collections.CollectionsKt__MutableCollectionsKt.addAll(Ljava/util/Collection;Ljava/lang/Iterable;)Z @ 35
Event: 8.486 Thread 0x0000000002fda000 Uncommon trap: reason=class_check action=maybe_recompile pc=0x0000000003c8e618 method=kotlin.collections.CollectionsKt__MutableCollectionsKt.addAll(Ljava/util/Collection;Ljava/lang/Iterable;)Z @ 35
Event: 8.496 Thread 0x0000000002fda000 Uncommon trap: reason=class_check action=maybe_recompile pc=0x0000000004345f24 method=org.jetbrains.kotlin.com.intellij.psi.impl.source.CharTableImpl$StringHashToCharSequencesMap.getSubSequenceWithHashCode(ILjava/lang/CharSequence;II)Ljava/lang/CharSequen
Event: 8.504 Thread 0x0000000002fda000 Uncommon trap: reason=unstable_if action=reinterpret pc=0x0000000003809c48 method=org.jetbrains.kotlin.load.java.components.DescriptorResolverUtils.isObjectMethodInInterface(Lorg/jetbrains/kotlin/load/java/structure/JavaMember;)Z @ 37
Event: 8.532 Thread 0x0000000002fda000 Uncommon trap: reason=class_check action=maybe_recompile pc=0x000000000408e934 method=org.jetbrains.org.objectweb.asm.ClassReader.readElementValue(Lorg/jetbrains/org/objectweb/asm/AnnotationVisitor;ILjava/lang/String;[C)I @ 556
Event: 8.532 Thread 0x0000000002fda000 Uncommon trap: reason=class_check action=maybe_recompile pc=0x000000000408f4c8 method=org.jetbrains.org.objectweb.asm.ClassReader.readElementValue(Lorg/jetbrains/org/objectweb/asm/AnnotationVisitor;ILjava/lang/String;[C)I @ 593
Event: 8.534 Thread 0x0000000002fda000 Uncommon trap: reason=unstable_if action=reinterpret pc=0x00000000040e3918 method=org.jetbrains.kotlin.descriptors.impl.ValueParameterDescriptorImpl.declaresDefaultValue()Z @ 4
Event: 8.562 Thread 0x0000000002fda000 Uncommon trap: reason=unstable_if action=reinterpret pc=0x0000000004002ef0 method=org.jetbrains.kotlin.descriptors.impl.FunctionDescriptorImpl.performOverriddenLazyCalculationIfNeeded()V @ 6

Classes redefined (0 events):
No events

Internal exceptions (10 events):
Event: 5.696 Thread 0x0000000002fda000 Implicit null exception at 0x0000000003cee194 to 0x0000000003cee4d5
Event: 5.696 Thread 0x0000000002fda000 Implicit null exception at 0x0000000003c76d2f to 0x0000000003c76d6d
Event: 6.353 Thread 0x0000000002fda000 Implicit null exception at 0x0000000004074b9f to 0x00000000040750d5
Event: 6.790 Thread 0x0000000002fda000 Implicit null exception at 0x0000000003815fcc to 0x00000000038160bd
Event: 6.980 Thread 0x0000000002fda000 Exception <a 'java/lang/IncompatibleClassChangeError': Found class java.lang.Object, but interface was expected> (0x000000076ed84e88) thrown at [D:\src\AOSP-openjdk-cygwin\jdk8u\hotspot\src\share\vm\interpreter\linkResolver.cpp, line 653]
Event: 7.298 Thread 0x0000000002fda000 Exception <a 'java/lang/NoSuchMethodError': java.lang.Object.lambda$static$0(I)[Lorg/jetbrains/kotlin/com/intellij/psi/PsiJavaCodeReferenceElement;> (0x000000076f5f19c8) thrown at [D:\src\AOSP-openjdk-cygwin\jdk8u\hotspot\src\share\vm\interpreter\linkReso
Event: 7.431 Thread 0x0000000002fda000 Exception <a 'java/lang/NoSuchMethodError': java.lang.Object.lambda$static$0(I)[Lorg/jetbrains/kotlin/com/intellij/psi/PsiMethod;> (0x000000076f94e158) thrown at [D:\src\AOSP-openjdk-cygwin\jdk8u\hotspot\src\share\vm\interpreter\linkResolver.cpp, line 620
Event: 7.446 Thread 0x0000000002fda000 Exception <a 'java/lang/NoSuchMethodError': java.lang.Object.lambda$static$0(I)[Lorg/jetbrains/kotlin/com/intellij/psi/PsiField;> (0x000000076f9ad738) thrown at [D:\src\AOSP-openjdk-cygwin\jdk8u\hotspot\src\share\vm\interpreter\linkResolver.cpp, line 620]
Event: 7.456 Thread 0x0000000002fda000 Exception <a 'java/lang/NoSuchMethodError': java.lang.Object.lambda$static$0(I)[Lorg/jetbrains/kotlin/com/intellij/psi/PsiParameter;> (0x000000076f9db718) thrown at [D:\src\AOSP-openjdk-cygwin\jdk8u\hotspot\src\share\vm\interpreter\linkResolver.cpp, line 
Event: 7.493 Thread 0x0000000002fda000 Exception <a 'java/lang/NoSuchMethodError': java.lang.Object.lambda$static$0(I)[Lorg/jetbrains/kotlin/com/intellij/psi/PsiImportStatementBase;> (0x000000076fb38648) thrown at [D:\src\AOSP-openjdk-cygwin\jdk8u\hotspot\src\share\vm\interpreter\linkResolver.

Events (10 events):
Event: 8.559 Thread 0x000000001e918800 flushing nmethod 0x00000000035d6710
Event: 8.559 Thread 0x000000001e918800 flushing nmethod 0x00000000035db950
Event: 8.559 Thread 0x000000001e918800 flushing nmethod 0x00000000035f0c50
Event: 8.560 Thread 0x000000001e918800 flushing nmethod 0x00000000036e2090
Event: 8.560 Thread 0x000000001e918800 flushing nmethod 0x00000000037cfd90
Event: 8.561 loading class org/jetbrains/kotlin/load/java/BuiltinMethodsWithSpecialGenericSignature$getSpecialSignatureInfo$builtinSignature$1
Event: 8.561 loading class org/jetbrains/kotlin/load/java/BuiltinMethodsWithSpecialGenericSignature$getSpecialSignatureInfo$builtinSignature$1 done
Event: 8.562 Thread 0x0000000002fda000 Uncommon trap: trap_request=0xffffff65 fr.pc=0x0000000004002ef0
Event: 8.562 Thread 0x0000000002fda000 DEOPT PACKING pc=0x0000000004002ef0 sp=0x0000000002fc7070
Event: 8.562 Thread 0x0000000002fda000 DEOPT UNPACKING pc=0x000000000311557b sp=0x0000000002fc6fb8 mode 2


Dynamic libraries:
0x00007ff630b80000 - 0x00007ff630bb1000 	C:\Program Files\Android\Android Studio\jre\jre\bin\java.exe
0x00007ffef8120000 - 0x00007ffef8310000 	C:\WINDOWS\SYSTEM32\ntdll.dll
0x00007ffef7a90000 - 0x00007ffef7b42000 	C:\WINDOWS\System32\KERNEL32.DLL
0x00007ffef52c0000 - 0x00007ffef5564000 	C:\WINDOWS\System32\KERNELBASE.dll
0x00007ffef7f10000 - 0x00007ffef7fb3000 	C:\WINDOWS\System32\ADVAPI32.dll
0x00007ffef7c70000 - 0x00007ffef7d0e000 	C:\WINDOWS\System32\msvcrt.dll
0x00007ffef6380000 - 0x00007ffef6417000 	C:\WINDOWS\System32\sechost.dll
0x00007ffef7fc0000 - 0x00007ffef80e0000 	C:\WINDOWS\System32\RPCRT4.dll
0x00007ffef7d70000 - 0x00007ffef7f04000 	C:\WINDOWS\System32\USER32.dll
0x00007ffef6100000 - 0x00007ffef6121000 	C:\WINDOWS\System32\win32u.dll
0x00007ffef6330000 - 0x00007ffef6356000 	C:\WINDOWS\System32\GDI32.dll
0x00007ffef5570000 - 0x00007ffef5704000 	C:\WINDOWS\System32\gdi32full.dll
0x00007ffef5740000 - 0x00007ffef57de000 	C:\WINDOWS\System32\msvcp_win.dll
0x00007ffef5110000 - 0x00007ffef520a000 	C:\WINDOWS\System32\ucrtbase.dll
0x00007ffede0f0000 - 0x00007ffede374000 	C:\WINDOWS\WinSxS\amd64_microsoft.windows.common-controls_6595b64144ccf1df_6.0.18362.836_none_e6c4b943130f18ed\COMCTL32.dll
0x00007ffef6610000 - 0x00007ffef6946000 	C:\WINDOWS\System32\combase.dll
0x00007ffef6150000 - 0x00007ffef61d0000 	C:\WINDOWS\System32\bcryptPrimitives.dll
0x00007ffef7c20000 - 0x00007ffef7c4e000 	C:\WINDOWS\System32\IMM32.DLL
0x0000000059190000 - 0x0000000059262000 	C:\Program Files\Android\Android Studio\jre\jre\bin\msvcr100.dll
0x0000000059350000 - 0x0000000059b96000 	C:\Program Files\Android\Android Studio\jre\jre\bin\server\jvm.dll
0x00007ffef6360000 - 0x00007ffef6368000 	C:\WINDOWS\System32\PSAPI.DLL
0x00007ffee5600000 - 0x00007ffee5609000 	C:\WINDOWS\SYSTEM32\WSOCK32.dll
0x00007ffeeb320000 - 0x00007ffeeb32a000 	C:\WINDOWS\SYSTEM32\VERSION.dll
0x00007ffef00a0000 - 0x00007ffef00c4000 	C:\WINDOWS\SYSTEM32\WINMM.dll
0x00007ffef76d0000 - 0x00007ffef773f000 	C:\WINDOWS\System32\WS2_32.dll
0x00007ffef0020000 - 0x00007ffef004d000 	C:\WINDOWS\SYSTEM32\WINMMBASE.dll
0x00007ffef57e0000 - 0x00007ffef582a000 	C:\WINDOWS\System32\cfgmgr32.dll
0x00007ffed5b00000 - 0x00007ffed5b0f000 	C:\Program Files\Android\Android Studio\jre\jre\bin\verify.dll
0x00007ffeccab0000 - 0x00007ffeccad9000 	C:\Program Files\Android\Android Studio\jre\jre\bin\java.dll
0x00007ffecccc0000 - 0x00007ffecccd6000 	C:\Program Files\Android\Android Studio\jre\jre\bin\zip.dll
0x00007ffef6fe0000 - 0x00007ffef76c4000 	C:\WINDOWS\System32\SHELL32.dll
0x00007ffef61d0000 - 0x00007ffef6279000 	C:\WINDOWS\System32\shcore.dll
0x00007ffef5980000 - 0x00007ffef60fe000 	C:\WINDOWS\System32\windows.storage.dll
0x00007ffef5060000 - 0x00007ffef5083000 	C:\WINDOWS\System32\profapi.dll
0x00007ffef5010000 - 0x00007ffef505a000 	C:\WINDOWS\System32\powrprof.dll
0x00007ffef4fe0000 - 0x00007ffef4ff0000 	C:\WINDOWS\System32\UMPDC.dll
0x00007ffef7880000 - 0x00007ffef78d2000 	C:\WINDOWS\System32\shlwapi.dll
0x00007ffef5090000 - 0x00007ffef50a1000 	C:\WINDOWS\System32\kernel.appcore.dll
0x00007ffef6130000 - 0x00007ffef6147000 	C:\WINDOWS\System32\cryptsp.dll
0x00007ffecb6a0000 - 0x00007ffecb6ba000 	C:\Program Files\Android\Android Studio\jre\jre\bin\net.dll
0x00007ffee1960000 - 0x00007ffee1b36000 	C:\WINDOWS\SYSTEM32\urlmon.dll
0x00007ffee1060000 - 0x00007ffee1306000 	C:\WINDOWS\SYSTEM32\iertutil.dll
0x00007ffef4a20000 - 0x00007ffef4a2c000 	C:\WINDOWS\SYSTEM32\CRYPTBASE.DLL
0x00007ffef4850000 - 0x00007ffef48b7000 	C:\WINDOWS\system32\mswsock.dll
0x00007ffeee510000 - 0x00007ffeee523000 	C:\Program Files\Android\Android Studio\jre\jre\bin\nio.dll

VM Arguments:
java_command: org.jetbrains.kotlin.cli.jvm.K2JVMCompiler -Xallow-no-source-files -classpath C:\Users\kmydt\source\ARNavigation_Deepect\ARNavigation\app\build\intermediates\compile_and_runtime_not_namespaced_r_class_jar\debug\R.jar;C:\Users\kmydt\.gradle\caches\transforms-2\files-2.1\0d8778d998beba7c8d76d1f8fe2d60ee\jetified-com.skt.Tmap_1.63.jar;C:\Users\kmydt\.gradle\caches\transforms-2\files-2.1\063a3f7ae5b4d9ac6ff38e8cd82bc713\jetified-kotlin-android-extensions-runtime-1.3.61.jar;C:\Users\kmydt\.gradle\caches\transforms-2\files-2.1\4f8bee01bff55ae5e7ba2f7934faede7\jetified-kotlin-stdlib-jdk7-1.3.61.jar;C:\Users\kmydt\.gradle\caches\transforms-2\files-2.1\c8cfb57023914d7451582ced0c25954d\navigation-fragment-ktx-2.2.1-api.jar;C:\Users\kmydt\.gradle\caches\transforms-2\files-2.1\d5a83aa96448c6687ebe3f65c3c6b1c3\jetified-fragment-ktx-1.2.0-api.jar;C:\Users\kmydt\.gradle\caches\transforms-2\files-2.1\a9e7309cdb63e5363b0eed88370fb720\navigation-ui-ktx-2.2.1-api.jar;C:\Users\kmydt\.gradle\caches\transforms-2\files-2.1\f53729559c8f41fac55e3ab94cf203be\navigation-runtime-ktx-2.2.1-api.jar;C:\Users\kmydt\.gradle\caches\transforms-2\files-2.1\a4ef19857d74c768d700375db81f194a\jetified-activity-ktx-1.1.0-api.jar;C:\Users\kmydt\.gradle\caches\transforms-2\files-2.1\89ad725231b7f74588f55d3302aa0fc8\jetified-core-ktx-1.2.0-api.jar;C:\Users\kmydt\.gradle\caches\transforms-2\files-2.1\94878dc5778ec7874e8872c1fcb3c339\jetified-lifecycle-viewmodel-ktx-2.2.0-api.jar;C:\Users\kmydt\.gradle\caches\transforms-2\files-2.1\386602edf1368b4e2de74661d1a43202\navigation-common-ktx-2.2.1-api.jar;C:\Users\kmydt\.gradle\caches\transforms-2\files-2.1\978a35ba848ee80f629d4361da6ac9f0\jetified-collection-ktx-1.1.0.jar;C:\Users\kmydt\.gradle\caches\transforms-2\files-2.1\900539bf5e4f41c5e4778bc72a750804\jetified-lifecycle-livedata-core-ktx-2.2.0-api.jar;C:\Users\kmydt\.gradle\caches\transforms-2\files-2.1\491a0e64df80128af590223c4eefec46\jetified-lifecycle-runtime-ktx-2.2.0-api.jar;C:\Users\kmydt\
java_class_path (initial): C:\Users\kmydt\.gradle\caches\modules-2\files-2.1\org.jetbrains.kotlin\kotlin-compiler-embeddable\1.3.61\c35c0833d5a1e3d229359758482c480306724618\kotlin-compiler-embeddable-1.3.61.jar;C:\Users\kmydt\.gradle\caches\modules-2\files-2.1\org.jetbrains.kotlin\kotlin-reflect\1.3.61\2e07c9a84c9e118efb70eede7e579fd663932122\kotlin-reflect-1.3.61.jar;C:\Users\kmydt\.gradle\caches\modules-2\files-2.1\org.jetbrains.kotlin\kotlin-stdlib\1.3.61\4702105e97f7396ae41b113fdbdc180ec1eb1e36\kotlin-stdlib-1.3.61.jar;C:\Users\kmydt\.gradle\caches\modules-2\files-2.1\org.jetbrains.kotlin\kotlin-script-runtime\1.3.61\e5feb39c8de63dcbdc1154b34ca4413874231605\kotlin-script-runtime-1.3.61.jar;C:\Users\kmydt\.gradle\caches\modules-2\files-2.1\org.jetbrains.kotlin\kotlin-daemon-embeddable\1.3.61\4de83e41a92c8395d89ab2e81d26b788ba163824\kotlin-daemon-embeddable-1.3.61.jar;C:\Users\kmydt\.gradle\caches\modules-2\files-2.1\org.jetbrains.intellij.deps\trove4j\1.0.20181211\216c2e14b070f334479d800987affe4054cd563f\trove4j-1.0.20181211.jar;C:\Users\kmydt\.gradle\caches\modules-2\files-2.1\org.jetbrains.kotlin\kotlin-stdlib-common\1.3.61\65abb71d5afb850b68be03987b08e2c864ca3110\kotlin-stdlib-common-1.3.61.jar;C:\Users\kmydt\.gradle\caches\modules-2\files-2.1\org.jetbrains\annotations\13.0\919f0dfe192fb4e063e7dacadee7f8bb9a2672a9\annotations-13.0.jar;C:\Program Files\Android\Android Studio\jre\lib\tools.jar
Launcher Type: SUN_STANDARD

Environment Variables:
JAVA_HOME=C:\Program Files\Java\jdk-13.0.2
PATH=C:\Program_Oracle\product\11.2.0\dbhome_1\bin;C:\Program Files\Java\jdk-13.0.2\bin;C:\Program Files (x86)\Common Files\Oracle\Java\javapath;C:\Program Files (x86)\Intel\iCLS Client\;C:\Program Files\Intel\iCLS Client\;C:\WINDOWS\system32;C:\WINDOWS;C:\WINDOWS\System32\Wbem;C:\WINDOWS\System32\WindowsPowerShell\v1.0\;C:\Program Files (x86)\Intel\Intel(R) Management Engine Components\DAL;C:\Program Files\Intel\Intel(R) Management Engine Components\DAL;C:\Program Files (x86)\Intel\Intel(R) Management Engine Components\IPT;C:\Program Files\Intel\Intel(R) Management Engine Components\IPT;C:\Program Files\Intel\WiFi\bin\;C:\Program Files\Common Files\Intel\WirelessCommon\;C:\WINDOWS\System32\OpenSSH\;C:\Program Files\Java\jdk-11.0.2\bin;C:\Program Files\PuTTY\;C:\Program Files\Git\cmd;C:\Users\kmydt\AppData\Local\Programs\Python\Python37-32\Scripts\;C:\Users\kmydt\AppData\Local\Programs\Python\Python37-32\;C:\Users\kmydt\AppData\Local\Microsoft\WindowsApps;;C:\Program Files\Microsoft VS Code\bin;C:\Program Files\JetBrains\PyCharm Community Edition 2019.1.2\bin;
USERNAME=kmydt
OS=Windows_NT
PROCESSOR_IDENTIFIER=Intel64 Family 6 Model 142 Stepping 10, GenuineIntel



---------------  S Y S T E M  ---------------

OS: Windows 10.0 , 64 bit Build 18362 (10.0.18362.778)

CPU:total 8 (initial active 8) (4 cores per cpu, 2 threads per core) family 6 model 142 stepping 10, cmov, cx8, fxsr, mmx, sse, sse2, sse3, ssse3, sse4.1, sse4.2, popcnt, avx, avx2, aes, clmul, erms, 3dnowpref, lzcnt, ht, tsc, tscinvbit, bmi1, bmi2, adx

Memory: 4k page, physical 16606548k(4610616k free), swap 16606548k(5360k free)

vm_info: OpenJDK 64-Bit Server VM (25.212-b04) for windows-amd64 JRE (1.8.0_212-release-1586-b04), built by "builder" with MS VC++ 10.0 (VS2010)

time: Sun Jun 07 14:18:33 2020
timezone: 대한민국 표준시
elapsed time: 8 seconds (0d 0h 0m 8s)

