#
# There is insufficient memory for the Java Runtime Environment to continue.
# Native memory allocation (malloc) failed to allocate 1109824 bytes for Chunk::new
# Possible reasons:
#   The system is out of physical RAM or swap space
#   The process is running with CompressedOops enabled, and the Java Heap may be blocking the growth of the native heap
# Possible solutions:
#   Reduce memory load on the system
#   Increase physical memory or swap space
#   Check if swap backing store is full
#   Decrease Java heap size (-Xmx/-Xms)
#   Decrease number of Java threads
#   Decrease Java thread stack sizes (-Xss)
#   Set larger code cache with -XX:ReservedCodeCacheSize=
#   JVM is running with Zero Based Compressed Oops mode in which the Java heap is
#     placed in the first 32GB address space. The Java Heap base address is the
#     maximum limit for the native heap growth. Please use -XX:HeapBaseMinAddress
#     to set the Java Heap base and to place the Java Heap above 32GB virtual address.
# This output file may be truncated or incomplete.
#
#  Out of Memory Error (allocation.cpp:389), pid=31380, tid=0x000000000000b120
#
# JRE version: OpenJDK Runtime Environment (8.0_212-b04) (build 1.8.0_212-release-1586-b04)
# Java VM: OpenJDK 64-Bit Server VM (25.212-b04 mixed mode windows-amd64 compressed oops)
# Failed to write core dump. Minidumps are not enabled by default on client versions of Windows
#

---------------  T H R E A D  ---------------

Current thread (0x000000001ed39800):  JavaThread "C2 CompilerThread1" daemon [_thread_in_native, id=45344, stack(0x000000001f5a0000,0x000000001f6a0000)]

Stack: [0x000000001f5a0000,0x000000001f6a0000]
[error occurred during error reporting (printing stack bounds), id 0xc0000005]

Native frames: (J=compiled Java code, j=interpreted, Vv=VM code, C=native code)


Current CompileTask:
C2:   7028 7874       4       org.jetbrains.kotlin.com.intellij.lang.impl.PsiBuilderImpl::insertLeaves (88 bytes)


---------------  P R O C E S S  ---------------

Java Threads: ( => current thread )
  0x000000001edd4800 JavaThread "Service Thread" daemon [_thread_blocked, id=46092, stack(0x000000001f8a0000,0x000000001f9a0000)]
  0x000000001ed47800 JavaThread "C1 CompilerThread3" daemon [_thread_in_native, id=35044, stack(0x000000001f7a0000,0x000000001f8a0000)]
  0x000000001ed43800 JavaThread "C2 CompilerThread2" daemon [_thread_in_native, id=44596, stack(0x000000001f6a0000,0x000000001f7a0000)]
=>0x000000001ed39800 JavaThread "C2 CompilerThread1" daemon [_thread_in_native, id=45344, stack(0x000000001f5a0000,0x000000001f6a0000)]
  0x000000001ed34800 JavaThread "C2 CompilerThread0" daemon [_thread_in_native, id=42252, stack(0x000000001f4a0000,0x000000001f5a0000)]
  0x000000001ece1000 JavaThread "Attach Listener" daemon [_thread_blocked, id=46124, stack(0x000000001f3a0000,0x000000001f4a0000)]
  0x000000001ece0000 JavaThread "Signal Dispatcher" daemon [_thread_blocked, id=45564, stack(0x000000001f2a0000,0x000000001f3a0000)]
  0x000000001ecc0800 JavaThread "Finalizer" daemon [_thread_blocked, id=46960, stack(0x000000001f1a0000,0x000000001f2a0000)]
  0x000000001cecb800 JavaThread "Reference Handler" daemon [_thread_blocked, id=46712, stack(0x000000001f0a0000,0x000000001f1a0000)]
  0x0000000003439800 JavaThread "main" [_thread_in_Java, id=46444, stack(0x0000000003270000,0x0000000003370000)]

Other Threads:
  0x000000001cec6800 VMThread [stack: 0x000000001eba0000,0x000000001eca0000] [id=43976]
  0x000000001edd5000 WatcherThread [stack: 0x000000001f9a0000,0x000000001faa0000] [id=46892]

VM state:not at safepoint (normal execution)

VM Mutex/Monitor currently owned by a thread: None

heap address: 0x00000006c2800000, size: 4056 MB, Compressed Oops mode: Zero based, Oop shift amount: 3
Narrow klass base: 0x0000000000000000, Narrow klass shift: 3
Compressed class space size: 1073741824 Address: 0x00000007c0000000

Heap:
 PSYoungGen      total 140800K, used 104965K [0x000000076b800000, 0x0000000774c00000, 0x00000007c0000000)
  eden space 130048K, 72% used [0x000000076b800000,0x0000000771408f50,0x0000000773700000)
  from space 10752K, 99% used [0x0000000774180000,0x0000000774bf86d0,0x0000000774c00000)
  to   space 10752K, 0% used [0x0000000773700000,0x0000000773700000,0x0000000774180000)
 ParOldGen       total 118272K, used 43551K [0x00000006c2800000, 0x00000006c9b80000, 0x000000076b800000)
  object space 118272K, 36% used [0x00000006c2800000,0x00000006c5287e10,0x00000006c9b80000)
 Metaspace       used 52952K, capacity 54123K, committed 54528K, reserved 1097728K
  class space    used 6484K, capacity 6791K, committed 6912K, reserved 1048576K

Card table byte_map: [0x00000000128f0000,0x00000000130e0000] byte_map_base: 0x000000000f2dc000

Marking Bits: (ParMarkBitMap*) 0x00000000677c9f30
 Begin Bits: [0x0000000013e30000, 0x0000000017d90000)
 End Bits:   [0x0000000017d90000, 0x000000001bcf0000)

Polling page: 0x00000000015b0000

CodeCache: size=245760Kb used=24383Kb max_used=24383Kb free=221376Kb
 bounds [0x0000000003530000, 0x0000000004d20000, 0x0000000012530000]
 total_blobs=7779 nmethods=7304 adapters=386
 compilation: enabled

Compilation events (10 events):
Event: 7.016 Thread 0x000000001ed47800 nmethod 8060 0x00000000041e2590 code [0x00000000041e26e0, 0x00000000041e27d0]
Event: 7.016 Thread 0x000000001ed43800 8059       4       org.jetbrains.kotlin.com.intellij.util.containers.ConcurrentWeakKeySoftValueHashMap::get (42 bytes)
Event: 7.020 Thread 0x000000001ed47800 8063       3       java.util.Vector::elementData (7 bytes)
Event: 7.020 Thread 0x000000001ed47800 nmethod 8063 0x000000000410fb50 code [0x000000000410fca0, 0x000000000410fe30]
Event: 7.020 Thread 0x000000001ed47800 8065       3       kotlin.collections.CollectionsKt__CollectionsKt::listOf (22 bytes)
Event: 7.021 Thread 0x000000001ed47800 nmethod 8065 0x0000000004d0ea10 code [0x0000000004d0ec20, 0x0000000004d0f458]
Event: 7.022 Thread 0x000000001ed47800 8068       3       org.jetbrains.kotlin.types.TypeUtils::contains (265 bytes)
Event: 7.023 Thread 0x000000001ed47800 nmethod 8068 0x0000000004d13650 code [0x0000000004d139e0, 0x0000000004d15bf8]
Event: 7.024 Thread 0x000000001ed47800 8067       3       org.jetbrains.kotlin.resolve.deprecation.DeprecationResolver::getDeprecations (31 bytes)
Event: 7.025 Thread 0x000000001ed47800 nmethod 8067 0x0000000003a3b350 code [0x0000000003a3b500, 0x0000000003a3ba18]

GC Heap History (10 events):
Event: 1.623 GC heap before
{Heap before GC invocations=2 (full 0):
 PSYoungGen      total 75776K, used 29568K [0x000000076b800000, 0x0000000774c00000, 0x00000007c0000000)
  eden space 65024K, 28% used [0x000000076b800000,0x000000076ca66e10,0x000000076f780000)
  from space 10752K, 99% used [0x000000076f780000,0x00000007701f9330,0x0000000770200000)
  to   space 10752K, 0% used [0x0000000774180000,0x0000000774180000,0x0000000774c00000)
 ParOldGen       total 173568K, used 4942K [0x00000006c2800000, 0x00000006cd180000, 0x000000076b800000)
  object space 173568K, 2% used [0x00000006c2800000,0x00000006c2cd3a18,0x00000006cd180000)
 Metaspace       used 20724K, capacity 21126K, committed 21296K, reserved 1069056K
  class space    used 2459K, capacity 2621K, committed 2688K, reserved 1048576K
Event: 1.631 GC heap after
Heap after GC invocations=2 (full 0):
 PSYoungGen      total 140800K, used 9704K [0x000000076b800000, 0x0000000774c00000, 0x00000007c0000000)
  eden space 130048K, 0% used [0x000000076b800000,0x000000076b800000,0x0000000773700000)
  from space 10752K, 90% used [0x0000000774180000,0x0000000774afa010,0x0000000774c00000)
  to   space 10752K, 0% used [0x0000000773700000,0x0000000773700000,0x0000000774180000)
 ParOldGen       total 173568K, used 5022K [0x00000006c2800000, 0x00000006cd180000, 0x000000076b800000)
  object space 173568K, 2% used [0x00000006c2800000,0x00000006c2ce7a28,0x00000006cd180000)
 Metaspace       used 20724K, capacity 21126K, committed 21296K, reserved 1069056K
  class space    used 2459K, capacity 2621K, committed 2688K, reserved 1048576K
}
Event: 1.631 GC heap before
{Heap before GC invocations=3 (full 1):
 PSYoungGen      total 140800K, used 9704K [0x000000076b800000, 0x0000000774c00000, 0x00000007c0000000)
  eden space 130048K, 0% used [0x000000076b800000,0x000000076b800000,0x0000000773700000)
  from space 10752K, 90% used [0x0000000774180000,0x0000000774afa010,0x0000000774c00000)
  to   space 10752K, 0% used [0x0000000773700000,0x0000000773700000,0x0000000774180000)
 ParOldGen       total 173568K, used 5022K [0x00000006c2800000, 0x00000006cd180000, 0x000000076b800000)
  object space 173568K, 2% used [0x00000006c2800000,0x00000006c2ce7a28,0x00000006cd180000)
 Metaspace       used 20724K, capacity 21126K, committed 21296K, reserved 1069056K
  class space    used 2459K, capacity 2621K, committed 2688K, reserved 1048576K
Event: 1.666 GC heap after
Heap after GC invocations=3 (full 1):
 PSYoungGen      total 140800K, used 0K [0x000000076b800000, 0x0000000774c00000, 0x00000007c0000000)
  eden space 130048K, 0% used [0x000000076b800000,0x000000076b800000,0x0000000773700000)
  from space 10752K, 0% used [0x0000000774180000,0x0000000774180000,0x0000000774c00000)
  to   space 10752K, 0% used [0x0000000773700000,0x0000000773700000,0x0000000774180000)
 ParOldGen       total 118272K, used 9360K [0x00000006c2800000, 0x00000006c9b80000, 0x000000076b800000)
  object space 118272K, 7% used [0x00000006c2800000,0x00000006c3124360,0x00000006c9b80000)
 Metaspace       used 20724K, capacity 21126K, committed 21296K, reserved 1069056K
  class space    used 2459K, capacity 2621K, committed 2688K, reserved 1048576K
}
Event: 3.242 GC heap before
{Heap before GC invocations=4 (full 1):
 PSYoungGen      total 140800K, used 97522K [0x000000076b800000, 0x0000000774c00000, 0x00000007c0000000)
  eden space 130048K, 74% used [0x000000076b800000,0x000000077173ca08,0x0000000773700000)
  from space 10752K, 0% used [0x0000000774180000,0x0000000774180000,0x0000000774c00000)
  to   space 10752K, 0% used [0x0000000773700000,0x0000000773700000,0x0000000774180000)
 ParOldGen       total 118272K, used 9360K [0x00000006c2800000, 0x00000006c9b80000, 0x000000076b800000)
  object space 118272K, 7% used [0x00000006c2800000,0x00000006c3124360,0x00000006c9b80000)
 Metaspace       used 34701K, capacity 35213K, committed 35496K, reserved 1081344K
  class space    used 4412K, capacity 4552K, committed 4608K, reserved 1048576K
Event: 3.260 GC heap after
Heap after GC invocations=4 (full 1):
 PSYoungGen      total 140800K, used 10720K [0x000000076b800000, 0x0000000774c00000, 0x00000007c0000000)
  eden space 130048K, 0% used [0x000000076b800000,0x000000076b800000,0x0000000773700000)
  from space 10752K, 99% used [0x0000000773700000,0x0000000774178308,0x0000000774180000)
  to   space 10752K, 0% used [0x0000000774180000,0x0000000774180000,0x0000000774c00000)
 ParOldGen       total 118272K, used 21586K [0x00000006c2800000, 0x00000006c9b80000, 0x000000076b800000)
  object space 118272K, 18% used [0x00000006c2800000,0x00000006c3d14a68,0x00000006c9b80000)
 Metaspace       used 34701K, capacity 35213K, committed 35496K, reserved 1081344K
  class space    used 4412K, capacity 4552K, committed 4608K, reserved 1048576K
}
Event: 3.260 GC heap before
{Heap before GC invocations=5 (full 2):
 PSYoungGen      total 140800K, used 10720K [0x000000076b800000, 0x0000000774c00000, 0x00000007c0000000)
  eden space 130048K, 0% used [0x000000076b800000,0x000000076b800000,0x0000000773700000)
  from space 10752K, 99% used [0x0000000773700000,0x0000000774178308,0x0000000774180000)
  to   space 10752K, 0% used [0x0000000774180000,0x0000000774180000,0x0000000774c00000)
 ParOldGen       total 118272K, used 21586K [0x00000006c2800000, 0x00000006c9b80000, 0x000000076b800000)
  object space 118272K, 18% used [0x00000006c2800000,0x00000006c3d14a68,0x00000006c9b80000)
 Metaspace       used 34701K, capacity 35213K, committed 35496K, reserved 1081344K
  class space    used 4412K, capacity 4552K, committed 4608K, reserved 1048576K
Event: 3.315 GC heap after
Heap after GC invocations=5 (full 2):
 PSYoungGen      total 140800K, used 0K [0x000000076b800000, 0x0000000774c00000, 0x00000007c0000000)
  eden space 130048K, 0% used [0x000000076b800000,0x000000076b800000,0x0000000773700000)
  from space 10752K, 0% used [0x0000000773700000,0x0000000773700000,0x0000000774180000)
  to   space 10752K, 0% used [0x0000000774180000,0x0000000774180000,0x0000000774c00000)
 ParOldGen       total 118272K, used 28299K [0x00000006c2800000, 0x00000006c9b80000, 0x000000076b800000)
  object space 118272K, 23% used [0x00000006c2800000,0x00000006c43a2d78,0x00000006c9b80000)
 Metaspace       used 34701K, capacity 35213K, committed 35496K, reserved 1081344K
  class space    used 4412K, capacity 4552K, committed 4608K, reserved 1048576K
}
Event: 5.021 GC heap before
{Heap before GC invocations=6 (full 2):
 PSYoungGen      total 140800K, used 130048K [0x000000076b800000, 0x0000000774c00000, 0x00000007c0000000)
  eden space 130048K, 100% used [0x000000076b800000,0x0000000773700000,0x0000000773700000)
  from space 10752K, 0% used [0x0000000773700000,0x0000000773700000,0x0000000774180000)
  to   space 10752K, 0% used [0x0000000774180000,0x0000000774180000,0x0000000774c00000)
 ParOldGen       total 118272K, used 28299K [0x00000006c2800000, 0x00000006c9b80000, 0x000000076b800000)
  object space 118272K, 23% used [0x00000006c2800000,0x00000006c43a2d78,0x00000006c9b80000)
 Metaspace       used 45377K, capacity 46145K, committed 46592K, reserved 1089536K
  class space    used 5630K, capacity 5840K, committed 5888K, reserved 1048576K
Event: 5.035 GC heap after
Heap after GC invocations=6 (full 2):
 PSYoungGen      total 140800K, used 10721K [0x000000076b800000, 0x0000000774c00000, 0x00000007c0000000)
  eden space 130048K, 0% used [0x000000076b800000,0x000000076b800000,0x0000000773700000)
  from space 10752K, 99% used [0x0000000774180000,0x0000000774bf86d0,0x0000000774c00000)
  to   space 10752K, 0% used [0x0000000773700000,0x0000000773700000,0x0000000774180000)
 ParOldGen       total 118272K, used 43551K [0x00000006c2800000, 0x00000006c9b80000, 0x000000076b800000)
  object space 118272K, 36% used [0x00000006c2800000,0x00000006c5287e10,0x00000006c9b80000)
 Metaspace       used 45377K, capacity 46145K, committed 46592K, reserved 1089536K
  class space    used 5630K, capacity 5840K, committed 5888K, reserved 1048576K
}

Deoptimization events (10 events):
Event: 6.721 Thread 0x0000000003439800 Uncommon trap: reason=class_check action=maybe_recompile pc=0x000000000387d8ac method=kotlin.collections.CollectionsKt___CollectionsKt.toSet(Ljava/lang/Iterable;)Ljava/util/Set; @ 58
Event: 6.837 Thread 0x0000000003439800 Uncommon trap: reason=null_check action=make_not_entrant pc=0x0000000004bec9a0 method=org.jetbrains.kotlin.resolve.lazy.LazyImportScope.getParent()Lorg/jetbrains/kotlin/resolve/scopes/HierarchicalScope; @ 4
Event: 6.857 Thread 0x0000000003439800 Uncommon trap: reason=class_check action=maybe_recompile pc=0x000000000476eaa4 method=org.jetbrains.kotlin.com.intellij.psi.impl.source.CharTableImpl$StringHashToCharSequencesMap.getSubSequenceWithHashCode(ILjava/lang/CharSequence;II)Ljava/lang/CharSequen
Event: 6.886 Thread 0x0000000003439800 Uncommon trap: reason=class_check action=maybe_recompile pc=0x0000000004be75ec method=org.jetbrains.kotlin.types.checker.NewCapturedTypeKt.captureFromArguments(Lorg/jetbrains/kotlin/types/SimpleType;Lorg/jetbrains/kotlin/types/model/CaptureStatus;)Lorg/je
Event: 6.904 Thread 0x0000000003439800 Uncommon trap: reason=class_check action=maybe_recompile pc=0x0000000004be75ec method=org.jetbrains.kotlin.types.checker.NewCapturedTypeKt.captureFromArguments(Lorg/jetbrains/kotlin/types/SimpleType;Lorg/jetbrains/kotlin/types/model/CaptureStatus;)Lorg/je
Event: 6.904 Thread 0x0000000003439800 Uncommon trap: reason=class_check action=maybe_recompile pc=0x0000000004be75ec method=org.jetbrains.kotlin.types.checker.NewCapturedTypeKt.captureFromArguments(Lorg/jetbrains/kotlin/types/SimpleType;Lorg/jetbrains/kotlin/types/model/CaptureStatus;)Lorg/je
Event: 6.929 Thread 0x0000000003439800 Uncommon trap: reason=class_check action=maybe_recompile pc=0x0000000004be75ec method=org.jetbrains.kotlin.types.checker.NewCapturedTypeKt.captureFromArguments(Lorg/jetbrains/kotlin/types/SimpleType;Lorg/jetbrains/kotlin/types/model/CaptureStatus;)Lorg/je
Event: 6.963 Thread 0x0000000003439800 Uncommon trap: reason=bimorphic action=maybe_recompile pc=0x000000000387d768 method=kotlin.collections.CollectionsKt___CollectionsKt.toSet(Ljava/lang/Iterable;)Ljava/util/Set; @ 96
Event: 6.999 Thread 0x0000000003439800 Uncommon trap: reason=unstable_if action=reinterpret pc=0x00000000048e8320 method=org.jetbrains.kotlin.types.TypeUtils.contains(Lorg/jetbrains/kotlin/types/KotlinType;Lkotlin/jvm/functions/Function1;Ljava/util/HashSet;)Z @ 49
Event: 7.021 Thread 0x0000000003439800 Uncommon trap: reason=bimorphic action=maybe_recompile pc=0x000000000387d768 method=kotlin.collections.CollectionsKt___CollectionsKt.toSet(Ljava/lang/Iterable;)Ljava/util/Set; @ 96

Classes redefined (0 events):
No events

Internal exceptions (10 events):
Event: 4.437 Thread 0x0000000003439800 Implicit null exception at 0x000000000414b394 to 0x000000000414b6d5
Event: 5.201 Thread 0x0000000003439800 Implicit null exception at 0x0000000003c8ca8c to 0x0000000003c8cb71
Event: 5.344 Thread 0x0000000003439800 Exception <a 'java/lang/IncompatibleClassChangeError': Found class java.lang.Object, but interface was expected> (0x000000076ca55388) thrown at [D:\src\AOSP-openjdk-cygwin\jdk8u\hotspot\src\share\vm\interpreter\linkResolver.cpp, line 653]
Event: 5.506 Thread 0x0000000003439800 Exception <a 'java/lang/NoSuchMethodError': java.lang.Object.lambda$static$0(I)[Lorg/jetbrains/kotlin/com/intellij/psi/PsiJavaCodeReferenceElement;> (0x000000076d1e7830) thrown at [D:\src\AOSP-openjdk-cygwin\jdk8u\hotspot\src\share\vm\interpreter\linkReso
Event: 5.590 Thread 0x0000000003439800 Exception <a 'java/lang/NoSuchMethodError': java.lang.Object.lambda$static$0(I)[Lorg/jetbrains/kotlin/com/intellij/psi/PsiMethod;> (0x000000076d53b640) thrown at [D:\src\AOSP-openjdk-cygwin\jdk8u\hotspot\src\share\vm\interpreter\linkResolver.cpp, line 620
Event: 5.599 Thread 0x0000000003439800 Exception <a 'java/lang/NoSuchMethodError': java.lang.Object.lambda$static$0(I)[Lorg/jetbrains/kotlin/com/intellij/psi/PsiField;> (0x000000076d59ac20) thrown at [D:\src\AOSP-openjdk-cygwin\jdk8u\hotspot\src\share\vm\interpreter\linkResolver.cpp, line 620]
Event: 5.603 Thread 0x0000000003439800 Exception <a 'java/lang/NoSuchMethodError': java.lang.Object.lambda$static$0(I)[Lorg/jetbrains/kotlin/com/intellij/psi/PsiParameter;> (0x000000076d5c8d38) thrown at [D:\src\AOSP-openjdk-cygwin\jdk8u\hotspot\src\share\vm\interpreter\linkResolver.cpp, line 
Event: 5.626 Thread 0x0000000003439800 Exception <a 'java/lang/NoSuchMethodError': java.lang.Object.lambda$static$0(I)[Lorg/jetbrains/kotlin/com/intellij/psi/PsiImportStatementBase;> (0x000000076d724f30) thrown at [D:\src\AOSP-openjdk-cygwin\jdk8u\hotspot\src\share\vm\interpreter\linkResolver.
Event: 6.688 Thread 0x0000000003439800 Implicit null exception at 0x00000000048133dc to 0x0000000004813ead
Event: 6.837 Thread 0x0000000003439800 Implicit null exception at 0x0000000004bec930 to 0x0000000004bec995

Events (10 events):
Event: 7.012 Thread 0x000000001ed47800 flushing nmethod 0x00000000040dc9d0
Event: 7.012 Thread 0x000000001ed47800 flushing nmethod 0x00000000040dda90
Event: 7.013 Thread 0x000000001ed47800 flushing nmethod 0x000000000410f9d0
Event: 7.013 Thread 0x000000001ed47800 flushing nmethod 0x00000000041acbd0
Event: 7.014 Thread 0x000000001ed47800 flushing nmethod 0x00000000041e2350
Event: 7.014 Thread 0x000000001ed47800 flushing nmethod 0x00000000041e8850
Event: 7.014 Thread 0x000000001ed47800 flushing nmethod 0x00000000042173d0
Event: 7.021 Thread 0x0000000003439800 Uncommon trap: trap_request=0xffffffc6 fr.pc=0x000000000387d768
Event: 7.021 Thread 0x0000000003439800 DEOPT PACKING pc=0x000000000387d768 sp=0x0000000003366f10
Event: 7.021 Thread 0x0000000003439800 DEOPT UNPACKING pc=0x000000000357557b sp=0x0000000003366ed0 mode 2


Dynamic libraries:
0x00007ff672890000 - 0x00007ff6728c1000 	C:\Program Files\Android\Android Studio\jre\jre\bin\java.exe
0x00007ffe40400000 - 0x00007ffe405f0000 	C:\WINDOWS\SYSTEM32\ntdll.dll
0x00007ffe3eb00000 - 0x00007ffe3ebb2000 	C:\WINDOWS\System32\KERNEL32.DLL
0x00007ffe3d390000 - 0x00007ffe3d634000 	C:\WINDOWS\System32\KERNELBASE.dll
0x00007ffe3e830000 - 0x00007ffe3e8d3000 	C:\WINDOWS\System32\ADVAPI32.dll
0x00007ffe3ebc0000 - 0x00007ffe3ec5e000 	C:\WINDOWS\System32\msvcrt.dll
0x00007ffe3e5e0000 - 0x00007ffe3e677000 	C:\WINDOWS\System32\sechost.dll
0x00007ffe3f330000 - 0x00007ffe3f450000 	C:\WINDOWS\System32\RPCRT4.dll
0x00007ffe3ee50000 - 0x00007ffe3efe4000 	C:\WINDOWS\System32\USER32.dll
0x00007ffe3da30000 - 0x00007ffe3da51000 	C:\WINDOWS\System32\win32u.dll
0x00007ffe3ee20000 - 0x00007ffe3ee46000 	C:\WINDOWS\System32\GDI32.dll
0x00007ffe3d640000 - 0x00007ffe3d7d4000 	C:\WINDOWS\System32\gdi32full.dll
0x00007ffe3e3e0000 - 0x00007ffe3e47e000 	C:\WINDOWS\System32\msvcp_win.dll
0x00007ffe3d800000 - 0x00007ffe3d8fa000 	C:\WINDOWS\System32\ucrtbase.dll
0x00007ffe26520000 - 0x00007ffe267a4000 	C:\WINDOWS\WinSxS\amd64_microsoft.windows.common-controls_6595b64144ccf1df_6.0.18362.836_none_e6c4b943130f18ed\COMCTL32.dll
0x00007ffe3eff0000 - 0x00007ffe3f326000 	C:\WINDOWS\System32\combase.dll
0x00007ffe3d9b0000 - 0x00007ffe3da30000 	C:\WINDOWS\System32\bcryptPrimitives.dll
0x00007ffe3fb40000 - 0x00007ffe3fb6e000 	C:\WINDOWS\System32\IMM32.DLL
0x0000000066e40000 - 0x0000000066f12000 	C:\Program Files\Android\Android Studio\jre\jre\bin\msvcr100.dll
0x0000000067000000 - 0x0000000067846000 	C:\Program Files\Android\Android Studio\jre\jre\bin\server\jvm.dll
0x00007ffe3e940000 - 0x00007ffe3e948000 	C:\WINDOWS\System32\PSAPI.DLL
0x00007ffe38800000 - 0x00007ffe38824000 	C:\WINDOWS\SYSTEM32\WINMM.dll
0x00007ffe3b200000 - 0x00007ffe3b20a000 	C:\WINDOWS\SYSTEM32\VERSION.dll
0x00007ffe2d410000 - 0x00007ffe2d419000 	C:\WINDOWS\SYSTEM32\WSOCK32.dll
0x00007ffe3ea00000 - 0x00007ffe3ea6f000 	C:\WINDOWS\System32\WS2_32.dll
0x00007ffe387d0000 - 0x00007ffe387fd000 	C:\WINDOWS\SYSTEM32\winmmbase.dll
0x00007ffe3e330000 - 0x00007ffe3e37a000 	C:\WINDOWS\System32\cfgmgr32.dll
0x00007ffe1d910000 - 0x00007ffe1d91f000 	C:\Program Files\Android\Android Studio\jre\jre\bin\verify.dll
0x00007ffde95e0000 - 0x00007ffde9609000 	C:\Program Files\Android\Android Studio\jre\jre\bin\java.dll
0x00007ffde95c0000 - 0x00007ffde95d6000 	C:\Program Files\Android\Android Studio\jre\jre\bin\zip.dll
0x00007ffe3f450000 - 0x00007ffe3fb34000 	C:\WINDOWS\System32\SHELL32.dll
0x00007ffe3e510000 - 0x00007ffe3e5b9000 	C:\WINDOWS\System32\shcore.dll
0x00007ffe3da60000 - 0x00007ffe3e1de000 	C:\WINDOWS\System32\windows.storage.dll
0x00007ffe3d310000 - 0x00007ffe3d333000 	C:\WINDOWS\System32\profapi.dll
0x00007ffe3d340000 - 0x00007ffe3d38a000 	C:\WINDOWS\System32\powrprof.dll
0x00007ffe3d2c0000 - 0x00007ffe3d2d0000 	C:\WINDOWS\System32\UMPDC.dll
0x00007ffe3e8e0000 - 0x00007ffe3e932000 	C:\WINDOWS\System32\shlwapi.dll
0x00007ffe3d2d0000 - 0x00007ffe3d2e1000 	C:\WINDOWS\System32\kernel.appcore.dll
0x00007ffe3d7e0000 - 0x00007ffe3d7f7000 	C:\WINDOWS\System32\cryptsp.dll
0x00007ffde95a0000 - 0x00007ffde95ba000 	C:\Program Files\Android\Android Studio\jre\jre\bin\net.dll
0x00007ffe28c30000 - 0x00007ffe28e06000 	C:\WINDOWS\SYSTEM32\urlmon.dll
0x00007ffe29e20000 - 0x00007ffe2a0c6000 	C:\WINDOWS\SYSTEM32\iertutil.dll
0x00007ffe3cd00000 - 0x00007ffe3cd0c000 	C:\WINDOWS\SYSTEM32\CRYPTBASE.DLL
0x00007ffe3cb30000 - 0x00007ffe3cb97000 	C:\WINDOWS\system32\mswsock.dll
0x00007ffde9580000 - 0x00007ffde9593000 	C:\Program Files\Android\Android Studio\jre\jre\bin\nio.dll

VM Arguments:
java_command: org.jetbrains.kotlin.cli.jvm.K2JVMCompiler -Xallow-no-source-files -classpath C:\Users\kmydt\source\ARNavigation_Deepect\ARNavigation\app\build\intermediates\compile_and_runtime_not_namespaced_r_class_jar\debug\R.jar;C:\Users\kmydt\.gradle\caches\transforms-2\files-2.1\0d8778d998beba7c8d76d1f8fe2d60ee\jetified-com.skt.Tmap_1.63.jar;C:\Users\kmydt\.gradle\caches\transforms-2\files-2.1\063a3f7ae5b4d9ac6ff38e8cd82bc713\jetified-kotlin-android-extensions-runtime-1.3.61.jar;C:\Users\kmydt\.gradle\caches\transforms-2\files-2.1\4f8bee01bff55ae5e7ba2f7934faede7\jetified-kotlin-stdlib-jdk7-1.3.61.jar;C:\Users\kmydt\.gradle\caches\transforms-2\files-2.1\c8cfb57023914d7451582ced0c25954d\navigation-fragment-ktx-2.2.1-api.jar;C:\Users\kmydt\.gradle\caches\transforms-2\files-2.1\d5a83aa96448c6687ebe3f65c3c6b1c3\jetified-fragment-ktx-1.2.0-api.jar;C:\Users\kmydt\.gradle\caches\transforms-2\files-2.1\a9e7309cdb63e5363b0eed88370fb720\navigation-ui-ktx-2.2.1-api.jar;C:\Users\kmydt\.gradle\caches\transforms-2\files-2.1\f53729559c8f41fac55e3ab94cf203be\navigation-runtime-ktx-2.2.1-api.jar;C:\Users\kmydt\.gradle\caches\transforms-2\files-2.1\a4ef19857d74c768d700375db81f194a\jetified-activity-ktx-1.1.0-api.jar;C:\Users\kmydt\.gradle\caches\transforms-2\files-2.1\89ad725231b7f74588f55d3302aa0fc8\jetified-core-ktx-1.2.0-api.jar;C:\Users\kmydt\.gradle\caches\transforms-2\files-2.1\94878dc5778ec7874e8872c1fcb3c339\jetified-lifecycle-viewmodel-ktx-2.2.0-api.jar;C:\Users\kmydt\.gradle\caches\transforms-2\files-2.1\386602edf1368b4e2de74661d1a43202\navigation-common-ktx-2.2.1-api.jar;C:\Users\kmydt\.gradle\caches\transforms-2\files-2.1\978a35ba848ee80f629d4361da6ac9f0\jetified-collection-ktx-1.1.0.jar;C:\Users\kmydt\.gradle\caches\transforms-2\files-2.1\900539bf5e4f41c5e4778bc72a750804\jetified-lifecycle-livedata-core-ktx-2.2.0-api.jar;C:\Users\kmydt\.gradle\caches\transforms-2\files-2.1\491a0e64df80128af590223c4eefec46\jetified-lifecycle-runtime-ktx-2.2.0-api.jar;C:\Users\kmydt\
java_class_path (initial): C:\Users\kmydt\.gradle\caches\modules-2\files-2.1\org.jetbrains.kotlin\kotlin-compiler-embeddable\1.3.61\c35c0833d5a1e3d229359758482c480306724618\kotlin-compiler-embeddable-1.3.61.jar;C:\Users\kmydt\.gradle\caches\modules-2\files-2.1\org.jetbrains.kotlin\kotlin-reflect\1.3.61\2e07c9a84c9e118efb70eede7e579fd663932122\kotlin-reflect-1.3.61.jar;C:\Users\kmydt\.gradle\caches\modules-2\files-2.1\org.jetbrains.kotlin\kotlin-stdlib\1.3.61\4702105e97f7396ae41b113fdbdc180ec1eb1e36\kotlin-stdlib-1.3.61.jar;C:\Users\kmydt\.gradle\caches\modules-2\files-2.1\org.jetbrains.kotlin\kotlin-script-runtime\1.3.61\e5feb39c8de63dcbdc1154b34ca4413874231605\kotlin-script-runtime-1.3.61.jar;C:\Users\kmydt\.gradle\caches\modules-2\files-2.1\org.jetbrains.kotlin\kotlin-daemon-embeddable\1.3.61\4de83e41a92c8395d89ab2e81d26b788ba163824\kotlin-daemon-embeddable-1.3.61.jar;C:\Users\kmydt\.gradle\caches\modules-2\files-2.1\org.jetbrains.intellij.deps\trove4j\1.0.20181211\216c2e14b070f334479d800987affe4054cd563f\trove4j-1.0.20181211.jar;C:\Users\kmydt\.gradle\caches\modules-2\files-2.1\org.jetbrains.kotlin\kotlin-stdlib-common\1.3.61\65abb71d5afb850b68be03987b08e2c864ca3110\kotlin-stdlib-common-1.3.61.jar;C:\Users\kmydt\.gradle\caches\modules-2\files-2.1\org.jetbrains\annotations\13.0\919f0dfe192fb4e063e7dacadee7f8bb9a2672a9\annotations-13.0.jar;C:\Program Files\Android\Android Studio\jre\lib\tools.jar
Launcher Type: SUN_STANDARD

Environment Variables:
JAVA_HOME=C:\Program Files\Java\jdk-13.0.2
PATH=C:\Program_Oracle\product\11.2.0\dbhome_1\bin;C:\Program Files\Java\jdk-13.0.2\bin;C:\Program Files (x86)\Common Files\Oracle\Java\javapath;C:\Program Files (x86)\Intel\iCLS Client\;C:\Program Files\Intel\iCLS Client\;C:\WINDOWS\system32;C:\WINDOWS;C:\WINDOWS\System32\Wbem;C:\WINDOWS\System32\WindowsPowerShell\v1.0\;C:\Program Files (x86)\Intel\Intel(R) Management Engine Components\DAL;C:\Program Files\Intel\Intel(R) Management Engine Components\DAL;C:\Program Files (x86)\Intel\Intel(R) Management Engine Components\IPT;C:\Program Files\Intel\Intel(R) Management Engine Components\IPT;C:\Program Files\Intel\WiFi\bin\;C:\Program Files\Common Files\Intel\WirelessCommon\;C:\WINDOWS\System32\OpenSSH\;C:\Program Files\Java\jdk-11.0.2\bin;C:\Program Files\PuTTY\;C:\Program Files\Git\cmd;C:\Users\kmydt\AppData\Local\Programs\Python\Python37-32\Scripts\;C:\Users\kmydt\AppData\Local\Programs\Python\Python37-32\;C:\Users\kmydt\AppData\Local\Microsoft\WindowsApps;;C:\Program Files\Microsoft VS Code\bin;C:\Program Files\JetBrains\PyCharm Community Edition 2019.1.2\bin;
USERNAME=kmydt
OS=Windows_NT
PROCESSOR_IDENTIFIER=Intel64 Family 6 Model 142 Stepping 10, GenuineIntel



---------------  S Y S T E M  ---------------

OS: Windows 10.0 , 64 bit Build 18362 (10.0.18362.778)

CPU:total 8 (initial active 8) (4 cores per cpu, 2 threads per core) family 6 model 142 stepping 10, cmov, cx8, fxsr, mmx, sse, sse2, sse3, ssse3, sse4.1, sse4.2, popcnt, avx, avx2, aes, clmul, erms, 3dnowpref, lzcnt, ht, tsc, tscinvbit, bmi1, bmi2, adx

Memory: 4k page, physical 16606548k(4417336k free), swap 16606548k(5408k free)

vm_info: OpenJDK 64-Bit Server VM (25.212-b04) for windows-amd64 JRE (1.8.0_212-release-1586-b04), built by "builder" with MS VC++ 10.0 (VS2010)

time: Sat May 30 23:45:38 2020
timezone: 대한민국 표준시
elapsed time: 7 seconds (0d 0h 0m 7s)

