#
# There is insufficient memory for the Java Runtime Environment to continue.
# Native memory allocation (malloc) failed to allocate 32744 bytes for ChunkPool::allocate
# Possible reasons:
#   The system is out of physical RAM or swap space
#   The process is running with CompressedOops enabled, and the Java Heap may be blocking the growth of the native heap
# Possible solutions:
#   Reduce memory load on the system
#   Increase physical memory or swap space
#   Check if swap backing store is full
#   Decrease Java heap size (-Xmx/-Xms)
#   Decrease number of Java threads
#   Decrease Java thread stack sizes (-Xss)
#   Set larger code cache with -XX:ReservedCodeCacheSize=
#   JVM is running with Unscaled Compressed Oops mode in which the Java heap is
#     placed in the first 4GB address space. The Java Heap base address is the
#     maximum limit for the native heap growth. Please use -XX:HeapBaseMinAddress
#     to set the Java Heap base and to place the Java Heap above 4GB virtual address.
# This output file may be truncated or incomplete.
#
#  Out of Memory Error (allocation.cpp:272), pid=17640, tid=0x000000000000b0f8
#
# JRE version: OpenJDK Runtime Environment (8.0_212-b04) (build 1.8.0_212-release-1586-b04)
# Java VM: OpenJDK 64-Bit Server VM (25.212-b04 mixed mode windows-amd64 compressed oops)
# Failed to write core dump. Minidumps are not enabled by default on client versions of Windows
#

---------------  T H R E A D  ---------------

Current thread (0x0000000018dd7800):  JavaThread "C1 CompilerThread3" daemon [_thread_in_native, id=45304, stack(0x00000000198c0000,0x00000000199c0000)]

Stack: [0x00000000198c0000,0x00000000199c0000]
[error occurred during error reporting (printing stack bounds), id 0xc0000005]

Native frames: (J=compiled Java code, j=interpreted, Vv=VM code, C=native code)


Current CompileTask:
C1:  10697 5228       3       java.lang.reflect.Field::getAnnotation (23 bytes)


---------------  P R O C E S S  ---------------

Java Threads: ( => current thread )
  0x00000000216db000 JavaThread "Cache worker for file content cache (C:\Users\kmydt\source\ARNavigation_Deepect\ARNavigation\.gradle\5.6.4\fileContent)" [_thread_blocked, id=45572, stack(0x0000000025960000,0x0000000025a60000)]
  0x00000000216dc800 JavaThread "Cache worker for file content cache (C:\Users\kmydt\.gradle\caches\5.6.4\fileContent)" [_thread_blocked, id=17484, stack(0x0000000025860000,0x0000000025960000)]
  0x00000000216da000 JavaThread "Memory manager" [_thread_blocked, id=45828, stack(0x0000000025760000,0x0000000025860000)]
  0x00000000216d9800 JavaThread "Cache worker for Build Output Cleanup Cache (C:\Users\kmydt\source\ARNavigation_Deepect\ARNavigation\.gradle\buildOutputCleanup)" [_thread_blocked, id=45092, stack(0x0000000023a90000,0x0000000023b90000)]
  0x00000000216d0800 JavaThread "Build operations Thread 8" [_thread_blocked, id=45712, stack(0x0000000023390000,0x0000000023490000)]
  0x00000000216d6800 JavaThread "Build operations Thread 7" [_thread_blocked, id=45216, stack(0x0000000023290000,0x0000000023390000)]
  0x00000000216d4000 JavaThread "Build operations Thread 6" [_thread_blocked, id=45824, stack(0x0000000023190000,0x0000000023290000)]
  0x00000000216d3800 JavaThread "Build operations Thread 5" [_thread_blocked, id=42968, stack(0x0000000023090000,0x0000000023190000)]
  0x00000000216d2800 JavaThread "Build operations Thread 4" [_thread_blocked, id=31276, stack(0x0000000022f90000,0x0000000023090000)]
  0x00000000216d2000 JavaThread "Build operations Thread 3" [_thread_blocked, id=45608, stack(0x0000000022e90000,0x0000000022f90000)]
  0x00000000216d1000 JavaThread "Build operations Thread 2" [_thread_blocked, id=44532, stack(0x0000000022d90000,0x0000000022e90000)]
  0x00000000216d5800 JavaThread "Build operations" [_thread_blocked, id=45680, stack(0x0000000022840000,0x0000000022940000)]
  0x00000000216d7000 JavaThread "Cache worker for execution history cache (C:\Users\kmydt\.gradle\caches\5.6.4\executionHistory)" [_thread_blocked, id=45736, stack(0x0000000022740000,0x0000000022840000)]
  0x00000000216d5000 JavaThread "Cache worker for cache directory md-rule (C:\Users\kmydt\.gradle\caches\5.6.4\md-rule)" [_thread_blocked, id=43044, stack(0x0000000022640000,0x0000000022740000)]
  0x000000001aff4000 JavaThread "Cache worker for cache directory md-supplier (C:\Users\kmydt\.gradle\caches\5.6.4\md-supplier)" [_thread_blocked, id=41540, stack(0x00000000202e0000,0x00000000203e0000)]
  0x000000001aff5800 JavaThread "Cache worker for file hash cache (C:\Users\kmydt\source\ARNavigation_Deepect\ARNavigation\.gradle\5.6.4\fileHashes)" [_thread_blocked, id=43500, stack(0x000000001f9e0000,0x000000001fae0000)]
  0x000000001aff6000 JavaThread "Cache worker for journal cache (C:\Users\kmydt\.gradle\caches\journal-1)" [_thread_blocked, id=45944, stack(0x000000001d740000,0x000000001d840000)]
  0x000000001aff4800 JavaThread "File lock request listener" [_thread_in_native, id=45900, stack(0x000000001d640000,0x000000001d740000)]
  0x000000001b8b7800 JavaThread "Cache worker for file hash cache (C:\Users\kmydt\.gradle\caches\5.6.4\fileHashes)" [_thread_blocked, id=45716, stack(0x000000001d540000,0x000000001d640000)]
  0x000000001b855000 JavaThread "Thread-9" [_thread_blocked, id=38388, stack(0x000000001d240000,0x000000001d340000)]
  0x000000001b7a1000 JavaThread "Stdin handler" [_thread_blocked, id=45436, stack(0x000000001d140000,0x000000001d240000)]
  0x000000001b832000 JavaThread "Asynchronous log dispatcher for DefaultDaemonConnection: socket connection from /127.0.0.1:58203 to /127.0.0.1:58204" [_thread_blocked, id=45644, stack(0x000000001cf40000,0x000000001d040000)]
  0x000000001b82b800 JavaThread "Daemon worker" [_thread_in_vm, id=43644, stack(0x000000001ce40000,0x000000001cf40000)]
  0x000000001b94a800 JavaThread "Cancel handler" [_thread_blocked, id=43876, stack(0x000000001cd40000,0x000000001ce40000)]
  0x000000001b81d000 JavaThread "Handler for socket connection from /127.0.0.1:58203 to /127.0.0.1:58204" [_thread_in_native, id=43628, stack(0x000000001ca40000,0x000000001cb40000)]
  0x000000001b81c800 JavaThread "Daemon" [_thread_blocked, id=44368, stack(0x000000001c940000,0x000000001ca40000)]
  0x000000001b749800 JavaThread "Daemon periodic checks" [_thread_blocked, id=45032, stack(0x000000001c840000,0x000000001c940000)]
  0x000000001b7c3000 JavaThread "Incoming local TCP Connector on port 58203" [_thread_in_native, id=45460, stack(0x000000001c660000,0x000000001c760000)]
  0x000000001b6cb800 JavaThread "Daemon health stats" [_thread_blocked, id=44684, stack(0x000000001c360000,0x000000001c460000)]
  0x0000000018e5c800 JavaThread "Service Thread" daemon [_thread_blocked, id=40988, stack(0x00000000199c0000,0x0000000019ac0000)]
=>0x0000000018dd7800 JavaThread "C1 CompilerThread3" daemon [_thread_in_native, id=45304, stack(0x00000000198c0000,0x00000000199c0000)]
  0x0000000018dd1800 JavaThread "C2 CompilerThread2" daemon [_thread_in_native, id=45476, stack(0x00000000197c0000,0x00000000198c0000)]
  0x0000000018d6b000 JavaThread "C2 CompilerThread1" daemon [_thread_in_native, id=45524, stack(0x00000000196c0000,0x00000000197c0000)]
  0x0000000018d68800 JavaThread "C2 CompilerThread0" daemon [_thread_in_native, id=44772, stack(0x00000000195c0000,0x00000000196c0000)]
  0x0000000018d67000 JavaThread "Attach Listener" daemon [_thread_blocked, id=43860, stack(0x00000000194c0000,0x00000000195c0000)]
  0x0000000018dc0000 JavaThread "Signal Dispatcher" daemon [_thread_blocked, id=45300, stack(0x00000000193c0000,0x00000000194c0000)]
  0x0000000016f62800 JavaThread "Finalizer" daemon [_thread_blocked, id=45596, stack(0x0000000019230000,0x0000000019330000)]
  0x0000000003196800 JavaThread "Reference Handler" daemon [_thread_blocked, id=39616, stack(0x0000000019130000,0x0000000019230000)]
  0x00000000030a2800 JavaThread "main" [_thread_blocked, id=21956, stack(0x0000000002f60000,0x0000000003060000)]

Other Threads:
  0x0000000016f57800 VMThread [stack: 0x0000000018c30000,0x0000000018d30000] [id=45136]
  0x0000000018e5d800 WatcherThread [stack: 0x0000000019ac0000,0x0000000019bc0000] [id=44360]

VM state:not at safepoint (normal execution)

VM Mutex/Monitor currently owned by a thread: None

heap address: 0x00000000a0000000, size: 1536 MB, Compressed Oops mode: 32-bit
Narrow klass base: 0x0000000000000000, Narrow klass shift: 3
Compressed class space size: 1073741824 Address: 0x0000000100000000

Heap:
 PSYoungGen      total 193536K, used 152895K [0x00000000e0000000, 0x00000000ef000000, 0x0000000100000000)
  eden space 180736K, 77% used [0x00000000e0000000,0x00000000e88d47e0,0x00000000eb080000)
  from space 12800K, 99% used [0x00000000ee380000,0x00000000eeffb768,0x00000000ef000000)
  to   space 14848K, 0% used [0x00000000ed300000,0x00000000ed300000,0x00000000ee180000)
 ParOldGen       total 124928K, used 19698K [0x00000000a0000000, 0x00000000a7a00000, 0x00000000e0000000)
  object space 124928K, 15% used [0x00000000a0000000,0x00000000a133c998,0x00000000a7a00000)
 Metaspace       used 56090K, capacity 57838K, committed 58112K, reserved 1099776K
  class space    used 7690K, capacity 8119K, committed 8192K, reserved 1048576K

Card table byte_map: [0x0000000012560000,0x0000000012870000] byte_map_base: 0x0000000012060000

Marking Bits: (ParMarkBitMap*) 0x000000006b4d9f30
 Begin Bits: [0x0000000013270000, 0x0000000014a70000)
 End Bits:   [0x0000000014a70000, 0x0000000016270000)

Polling page: 0x0000000000f80000

CodeCache: size=245760Kb used=16879Kb max_used=16879Kb free=228880Kb
 bounds [0x00000000031a0000, 0x0000000004230000, 0x00000000121a0000]
 total_blobs=5656 nmethods=4877 adapters=691
 compilation: enabled

Compilation events (10 events):
Event: 10.651 Thread 0x0000000018dd7800 nmethod 5220 0x00000000041fd490 code [0x00000000041fd600, 0x00000000041fd768]
Event: 10.651 Thread 0x0000000018dd7800 5221       3       sun.misc.ProxyGenerator$ProxyMethod::access$1900 (6 bytes)
Event: 10.651 Thread 0x0000000018dd7800 nmethod 5221 0x00000000041fd090 code [0x00000000041fd200, 0x00000000041fd368]
Event: 10.651 Thread 0x0000000018dd7800 5223       3       sun.misc.ProxyGenerator::access$1800 (7 bytes)
Event: 10.652 Thread 0x0000000018dd7800 nmethod 5223 0x0000000004201150 code [0x00000000042012c0, 0x0000000004201428]
Event: 10.672 Thread 0x0000000018dd7800 5226       3       com.sun.xml.bind.v2.model.impl.TypeInfoImpl::nav (8 bytes)
Event: 10.672 Thread 0x0000000018dd7800 nmethod 5226 0x0000000004200e10 code [0x0000000004200f60, 0x00000000042010b0]
Event: 10.689 Thread 0x0000000018dd7800 5227       3       com.sun.xml.bind.v2.model.impl.TypeInfoImpl::reader (8 bytes)
Event: 10.690 Thread 0x0000000018dd7800 nmethod 5227 0x0000000004200ad0 code [0x0000000004200c20, 0x0000000004200d70]
Event: 10.693 Thread 0x0000000018dd7800 5228       3       java.lang.reflect.Field::getAnnotation (23 bytes)

GC Heap History (10 events):
Event: 6.624 GC heap before
{Heap before GC invocations=6 (full 1):
 PSYoungGen      total 75776K, used 65024K [0x00000000e0000000, 0x00000000e9400000, 0x0000000100000000)
  eden space 65024K, 100% used [0x00000000e0000000,0x00000000e3f80000,0x00000000e3f80000)
  from space 10752K, 0% used [0x00000000e4a00000,0x00000000e4a00000,0x00000000e5480000)
  to   space 10752K, 0% used [0x00000000e3f80000,0x00000000e3f80000,0x00000000e4a00000)
 ParOldGen       total 82432K, used 7798K [0x00000000a0000000, 0x00000000a5080000, 0x00000000e0000000)
  object space 82432K, 9% used [0x00000000a0000000,0x00000000a079dba0,0x00000000a5080000)
 Metaspace       used 29087K, capacity 29596K, committed 29824K, reserved 1075200K
  class space    used 3912K, capacity 4099K, committed 4224K, reserved 1048576K
Event: 6.630 GC heap after
Heap after GC invocations=6 (full 1):
 PSYoungGen      total 75776K, used 8131K [0x00000000e0000000, 0x00000000e8f00000, 0x0000000100000000)
  eden space 65024K, 0% used [0x00000000e0000000,0x00000000e0000000,0x00000000e3f80000)
  from space 10752K, 75% used [0x00000000e3f80000,0x00000000e4770f30,0x00000000e4a00000)
  to   space 12800K, 0% used [0x00000000e8280000,0x00000000e8280000,0x00000000e8f00000)
 ParOldGen       total 82432K, used 7806K [0x00000000a0000000, 0x00000000a5080000, 0x00000000e0000000)
  object space 82432K, 9% used [0x00000000a0000000,0x00000000a079fba0,0x00000000a5080000)
 Metaspace       used 29087K, capacity 29596K, committed 29824K, reserved 1075200K
  class space    used 3912K, capacity 4099K, committed 4224K, reserved 1048576K
}
Event: 7.106 GC heap before
{Heap before GC invocations=7 (full 1):
 PSYoungGen      total 75776K, used 73155K [0x00000000e0000000, 0x00000000e8f00000, 0x0000000100000000)
  eden space 65024K, 100% used [0x00000000e0000000,0x00000000e3f80000,0x00000000e3f80000)
  from space 10752K, 75% used [0x00000000e3f80000,0x00000000e4770f30,0x00000000e4a00000)
  to   space 12800K, 0% used [0x00000000e8280000,0x00000000e8280000,0x00000000e8f00000)
 ParOldGen       total 82432K, used 7806K [0x00000000a0000000, 0x00000000a5080000, 0x00000000e0000000)
  object space 82432K, 9% used [0x00000000a0000000,0x00000000a079fba0,0x00000000a5080000)
 Metaspace       used 31999K, capacity 32608K, committed 32768K, reserved 1077248K
  class space    used 4379K, capacity 4591K, committed 4608K, reserved 1048576K
Event: 7.116 GC heap after
Heap after GC invocations=7 (full 1):
 PSYoungGen      total 131584K, used 8829K [0x00000000e0000000, 0x00000000e8d80000, 0x0000000100000000)
  eden space 120320K, 0% used [0x00000000e0000000,0x00000000e0000000,0x00000000e7580000)
  from space 11264K, 78% used [0x00000000e8280000,0x00000000e8b1f4f8,0x00000000e8d80000)
  to   space 12288K, 0% used [0x00000000e7580000,0x00000000e7580000,0x00000000e8180000)
 ParOldGen       total 82432K, used 7814K [0x00000000a0000000, 0x00000000a5080000, 0x00000000e0000000)
  object space 82432K, 9% used [0x00000000a0000000,0x00000000a07a1ba0,0x00000000a5080000)
 Metaspace       used 31999K, capacity 32608K, committed 32768K, reserved 1077248K
  class space    used 4379K, capacity 4591K, committed 4608K, reserved 1048576K
}
Event: 7.674 GC heap before
{Heap before GC invocations=8 (full 1):
 PSYoungGen      total 131584K, used 64302K [0x00000000e0000000, 0x00000000e8d80000, 0x0000000100000000)
  eden space 120320K, 46% used [0x00000000e0000000,0x00000000e362c568,0x00000000e7580000)
  from space 11264K, 78% used [0x00000000e8280000,0x00000000e8b1f4f8,0x00000000e8d80000)
  to   space 12288K, 0% used [0x00000000e7580000,0x00000000e7580000,0x00000000e8180000)
 ParOldGen       total 82432K, used 7814K [0x00000000a0000000, 0x00000000a5080000, 0x00000000e0000000)
  object space 82432K, 9% used [0x00000000a0000000,0x00000000a07a1ba0,0x00000000a5080000)
 Metaspace       used 34493K, capacity 35372K, committed 35456K, reserved 1079296K
  class space    used 4721K, capacity 4931K, committed 4992K, reserved 1048576K
Event: 7.682 GC heap after
Heap after GC invocations=8 (full 1):
 PSYoungGen      total 132608K, used 10559K [0x00000000e0000000, 0x00000000ef000000, 0x0000000100000000)
  eden space 120320K, 0% used [0x00000000e0000000,0x00000000e0000000,0x00000000e7580000)
  from space 12288K, 85% used [0x00000000e7580000,0x00000000e7fcfd28,0x00000000e8180000)
  to   space 12800K, 0% used [0x00000000ee380000,0x00000000ee380000,0x00000000ef000000)
 ParOldGen       total 82432K, used 7822K [0x00000000a0000000, 0x00000000a5080000, 0x00000000e0000000)
  object space 82432K, 9% used [0x00000000a0000000,0x00000000a07a3ba0,0x00000000a5080000)
 Metaspace       used 34493K, capacity 35372K, committed 35456K, reserved 1079296K
  class space    used 4721K, capacity 4931K, committed 4992K, reserved 1048576K
}
Event: 7.682 GC heap before
{Heap before GC invocations=9 (full 2):
 PSYoungGen      total 132608K, used 10559K [0x00000000e0000000, 0x00000000ef000000, 0x0000000100000000)
  eden space 120320K, 0% used [0x00000000e0000000,0x00000000e0000000,0x00000000e7580000)
  from space 12288K, 85% used [0x00000000e7580000,0x00000000e7fcfd28,0x00000000e8180000)
  to   space 12800K, 0% used [0x00000000ee380000,0x00000000ee380000,0x00000000ef000000)
 ParOldGen       total 82432K, used 7822K [0x00000000a0000000, 0x00000000a5080000, 0x00000000e0000000)
  object space 82432K, 9% used [0x00000000a0000000,0x00000000a07a3ba0,0x00000000a5080000)
 Metaspace       used 34493K, capacity 35372K, committed 35456K, reserved 1079296K
  class space    used 4721K, capacity 4931K, committed 4992K, reserved 1048576K
Event: 7.750 GC heap after
Heap after GC invocations=9 (full 2):
 PSYoungGen      total 132608K, used 0K [0x00000000e0000000, 0x00000000ef000000, 0x0000000100000000)
  eden space 120320K, 0% used [0x00000000e0000000,0x00000000e0000000,0x00000000e7580000)
  from space 12288K, 0% used [0x00000000e7580000,0x00000000e7580000,0x00000000e8180000)
  to   space 12800K, 0% used [0x00000000ee380000,0x00000000ee380000,0x00000000ef000000)
 ParOldGen       total 124928K, used 17572K [0x00000000a0000000, 0x00000000a7a00000, 0x00000000e0000000)
  object space 124928K, 14% used [0x00000000a0000000,0x00000000a11292d0,0x00000000a7a00000)
 Metaspace       used 34468K, capacity 35288K, committed 35456K, reserved 1079296K
  class space    used 4714K, capacity 4917K, committed 4992K, reserved 1048576K
}
Event: 8.998 GC heap before
{Heap before GC invocations=10 (full 2):
 PSYoungGen      total 132608K, used 120320K [0x00000000e0000000, 0x00000000ef000000, 0x0000000100000000)
  eden space 120320K, 100% used [0x00000000e0000000,0x00000000e7580000,0x00000000e7580000)
  from space 12288K, 0% used [0x00000000e7580000,0x00000000e7580000,0x00000000e8180000)
  to   space 12800K, 0% used [0x00000000ee380000,0x00000000ee380000,0x00000000ef000000)
 ParOldGen       total 124928K, used 17572K [0x00000000a0000000, 0x00000000a7a00000, 0x00000000e0000000)
  object space 124928K, 14% used [0x00000000a0000000,0x00000000a11292d0,0x00000000a7a00000)
 Metaspace       used 45541K, capacity 46724K, committed 46848K, reserved 1089536K
  class space    used 6096K, capacity 6388K, committed 6400K, reserved 1048576K
Event: 9.010 GC heap after
Heap after GC invocations=10 (full 2):
 PSYoungGen      total 193536K, used 12781K [0x00000000e0000000, 0x00000000ef000000, 0x0000000100000000)
  eden space 180736K, 0% used [0x00000000e0000000,0x00000000e0000000,0x00000000eb080000)
  from space 12800K, 99% used [0x00000000ee380000,0x00000000eeffb768,0x00000000ef000000)
  to   space 14848K, 0% used [0x00000000ed300000,0x00000000ed300000,0x00000000ee180000)
 ParOldGen       total 124928K, used 19698K [0x00000000a0000000, 0x00000000a7a00000, 0x00000000e0000000)
  object space 124928K, 15% used [0x00000000a0000000,0x00000000a133c998,0x00000000a7a00000)
 Metaspace       used 45541K, capacity 46724K, committed 46848K, reserved 1089536K
  class space    used 6096K, capacity 6388K, committed 6400K, reserved 1048576K
}

Deoptimization events (10 events):
Event: 9.827 Thread 0x000000001b82b800 Uncommon trap: reason=unstable_if action=reinterpret pc=0x0000000003d756a4 method=jdk.internal.org.objectweb.asm.Item.isEqualTo(Ljdk/internal/org/objectweb/asm/Item;)Z @ 331
Event: 10.018 Thread 0x000000001b82b800 Uncommon trap: reason=unstable_if action=reinterpret pc=0x0000000003477f74 method=java.util.HashMap.resize()[Ljava/util/HashMap$Node; @ 206
Event: 10.019 Thread 0x000000001b82b800 Uncommon trap: reason=unstable_if action=reinterpret pc=0x0000000003e039fc method=java.util.HashMap.putVal(ILjava/lang/Object;Ljava/lang/Object;ZZ)Ljava/lang/Object; @ 109
Event: 10.019 Thread 0x000000001b82b800 Uncommon trap: reason=unstable_if action=reinterpret pc=0x0000000003a19f2c method=java.util.HashMap.putVal(ILjava/lang/Object;Ljava/lang/Object;ZZ)Ljava/lang/Object; @ 109
Event: 10.304 Thread 0x000000001b82b800 Uncommon trap: reason=unstable_if action=reinterpret pc=0x0000000003b3c578 method=com.esotericsoftware.kryo.io.Input.require(I)I @ 65
Event: 10.319 Thread 0x000000001b82b800 Uncommon trap: reason=unstable_if action=reinterpret pc=0x0000000003ea1e44 method=java.util.TreeMap.put(Ljava/lang/Object;Ljava/lang/Object;)Ljava/lang/Object; @ 163
Event: 10.460 Thread 0x000000001b82b800 Uncommon trap: reason=bimorphic action=maybe_recompile pc=0x0000000003ee2cc4 method=java.util.regex.Pattern$5.isSatisfiedBy(I)Z @ 16
Event: 10.460 Thread 0x000000001b82b800 Uncommon trap: reason=bimorphic action=maybe_recompile pc=0x0000000003ee2cc4 method=java.util.regex.Pattern$5.isSatisfiedBy(I)Z @ 16
Event: 10.460 Thread 0x000000001b82b800 Uncommon trap: reason=bimorphic action=maybe_recompile pc=0x0000000003ee2cc4 method=java.util.regex.Pattern$5.isSatisfiedBy(I)Z @ 16
Event: 10.460 Thread 0x000000001b82b800 Uncommon trap: reason=bimorphic action=maybe_recompile pc=0x0000000003ee2cc4 method=java.util.regex.Pattern$5.isSatisfiedBy(I)Z @ 16

Classes redefined (0 events):
No events

Internal exceptions (10 events):
Event: 9.480 Thread 0x000000001b82b800 Exception <a 'java/lang/ClassNotFoundException': com/google/ar/sceneform/plugin/SceneformAssets_DecoratedCustomizer> (0x00000000e3205318) thrown at [D:\src\AOSP-openjdk-cygwin\jdk8u\hotspot\src\share\vm\classfile\systemDictionary.cpp, line 210]
Event: 9.654 Thread 0x000000001b82b800 Exception <a 'java/lang/NoSuchMethodError': java.lang.Object.lambda$comparingInt$7b0bb60$1(Ljava/util/function/ToIntFunction;Ljava/lang/Object;Ljava/lang/Object;)I> (0x00000000e3d24050) thrown at [D:\src\AOSP-openjdk-cygwin\jdk8u\hotspot\src\share\vm\inte
Event: 9.959 Thread 0x000000001b82b800 Exception <a 'java/lang/ClassNotFoundException': com/android/build/gradle/internal/api/ApkVariantOutputImpl_DecoratedBeanInfo> (0x00000000e4dbbd90) thrown at [D:\src\AOSP-openjdk-cygwin\jdk8u\hotspot\src\share\vm\classfile\systemDictionary.cpp, line 210]
Event: 9.960 Thread 0x000000001b82b800 Exception <a 'java/lang/ClassNotFoundException': com/android/build/gradle/internal/api/ApkVariantOutputImplBeanInfo> (0x00000000e4dda360) thrown at [D:\src\AOSP-openjdk-cygwin\jdk8u\hotspot\src\share\vm\classfile\systemDictionary.cpp, line 210]
Event: 9.961 Thread 0x000000001b82b800 Exception <a 'java/lang/ClassNotFoundException': com/android/build/gradle/internal/api/BaseVariantOutputImplBeanInfo> (0x00000000e4df9e40) thrown at [D:\src\AOSP-openjdk-cygwin\jdk8u\hotspot\src\share\vm\classfile\systemDictionary.cpp, line 210]
Event: 9.961 Thread 0x000000001b82b800 Exception <a 'java/lang/ClassNotFoundException': com/android/build/gradle/internal/api/BaseVariantOutputImplCustomizer> (0x00000000e4e19ee0) thrown at [D:\src\AOSP-openjdk-cygwin\jdk8u\hotspot\src\share\vm\classfile\systemDictionary.cpp, line 210]
Event: 9.962 Thread 0x000000001b82b800 Exception <a 'java/lang/ClassNotFoundException': com/android/build/gradle/internal/api/ApkVariantOutputImplCustomizer> (0x00000000e4e53b48) thrown at [D:\src\AOSP-openjdk-cygwin\jdk8u\hotspot\src\share\vm\classfile\systemDictionary.cpp, line 210]
Event: 9.963 Thread 0x000000001b82b800 Exception <a 'java/lang/ClassNotFoundException': com/android/build/gradle/internal/api/ApkVariantOutputImpl_DecoratedCustomizer> (0x00000000e4e89048) thrown at [D:\src\AOSP-openjdk-cygwin\jdk8u\hotspot\src\share\vm\classfile\systemDictionary.cpp, line 210
Event: 10.506 Thread 0x000000001b82b800 Exception <a 'java/lang/ClassNotFoundException': com/sun/org/glassfish/hk2/osgiresourcelocator/ServiceLoader> (0x00000000e7784450) thrown at [D:\src\AOSP-openjdk-cygwin\jdk8u\hotspot\src\share\vm\classfile\systemDictionary.cpp, line 210]
Event: 10.565 Thread 0x000000001b82b800 Exception <a 'java/lang/NullPointerException'> (0x00000000e7d12000) thrown at [D:\src\AOSP-openjdk-cygwin\jdk8u\hotspot\src\share\vm\interpreter\linkResolver.cpp, line 1287]

Events (10 events):
Event: 10.686 loading class com/sun/xml/bind/v2/model/nav/ReflectionNavigator$10
Event: 10.686 loading class com/sun/xml/bind/v2/model/nav/ReflectionNavigator$10 done
Event: 10.687 loading class com/sun/xml/bind/v2/model/annotation/ClassLocatable
Event: 10.687 loading class com/sun/xml/bind/v2/model/annotation/ClassLocatable done
Event: 10.688 loading class javax/xml/bind/annotation/XmlSeeAlso
Event: 10.688 loading class javax/xml/bind/annotation/XmlSeeAlso done
Event: 10.691 loading class com/android/repository/api/RepositorySource
Event: 10.691 loading class com/android/repository/api/RepositorySource done
Event: 10.691 loading class javax/xml/bind/annotation/XmlElement$DEFAULT
Event: 10.691 loading class javax/xml/bind/annotation/XmlElement$DEFAULT done


Dynamic libraries:
0x00007ff668d70000 - 0x00007ff668da1000 	C:\Program Files\Android\Android Studio\jre\bin\java.exe
0x00007ffc86040000 - 0x00007ffc86230000 	C:\WINDOWS\SYSTEM32\ntdll.dll
0x00007ffc853c0000 - 0x00007ffc85472000 	C:\WINDOWS\System32\KERNEL32.DLL
0x00007ffc82fd0000 - 0x00007ffc83274000 	C:\WINDOWS\System32\KERNELBASE.dll
0x00007ffc84420000 - 0x00007ffc844c3000 	C:\WINDOWS\System32\ADVAPI32.dll
0x00007ffc841f0000 - 0x00007ffc8428e000 	C:\WINDOWS\System32\msvcrt.dll
0x00007ffc84e50000 - 0x00007ffc84ee7000 	C:\WINDOWS\System32\sechost.dll
0x00007ffc84290000 - 0x00007ffc843b0000 	C:\WINDOWS\System32\RPCRT4.dll
0x00007ffc85630000 - 0x00007ffc857c4000 	C:\WINDOWS\System32\USER32.dll
0x00007ffc83320000 - 0x00007ffc83341000 	C:\WINDOWS\System32\win32u.dll
0x00007ffc84bd0000 - 0x00007ffc84bf6000 	C:\WINDOWS\System32\GDI32.dll
0x00007ffc83b30000 - 0x00007ffc83cc4000 	C:\WINDOWS\System32\gdi32full.dll
0x00007ffc83280000 - 0x00007ffc8331e000 	C:\WINDOWS\System32\msvcp_win.dll
0x00007ffc83f50000 - 0x00007ffc8404a000 	C:\WINDOWS\System32\ucrtbase.dll
0x00007ffc6b470000 - 0x00007ffc6b6f4000 	C:\WINDOWS\WinSxS\amd64_microsoft.windows.common-controls_6595b64144ccf1df_6.0.18362.836_none_e6c4b943130f18ed\COMCTL32.dll
0x00007ffc85080000 - 0x00007ffc853b6000 	C:\WINDOWS\System32\combase.dll
0x00007ffc83cd0000 - 0x00007ffc83d50000 	C:\WINDOWS\System32\bcryptPrimitives.dll
0x00007ffc84e20000 - 0x00007ffc84e4e000 	C:\WINDOWS\System32\IMM32.DLL
0x000000006ab10000 - 0x000000006abe2000 	C:\Program Files\Android\Android Studio\jre\jre\bin\msvcr100.dll
0x000000006ad10000 - 0x000000006b556000 	C:\Program Files\Android\Android Studio\jre\jre\bin\server\jvm.dll
0x00007ffc84bc0000 - 0x00007ffc84bc8000 	C:\WINDOWS\System32\PSAPI.DLL
0x00007ffc7ce30000 - 0x00007ffc7ce54000 	C:\WINDOWS\SYSTEM32\WINMM.dll
0x00007ffc723e0000 - 0x00007ffc723e9000 	C:\WINDOWS\SYSTEM32\WSOCK32.dll
0x00007ffc76830000 - 0x00007ffc7683a000 	C:\WINDOWS\SYSTEM32\VERSION.dll
0x00007ffc843b0000 - 0x00007ffc8441f000 	C:\WINDOWS\System32\WS2_32.dll
0x00007ffc7cb30000 - 0x00007ffc7cb5d000 	C:\WINDOWS\SYSTEM32\WINMMBASE.dll
0x00007ffc84080000 - 0x00007ffc840ca000 	C:\WINDOWS\System32\cfgmgr32.dll
0x00007ffc7d840000 - 0x00007ffc7d84f000 	C:\Program Files\Android\Android Studio\jre\jre\bin\verify.dll
0x00007ffc6bbc0000 - 0x00007ffc6bbe9000 	C:\Program Files\Android\Android Studio\jre\jre\bin\java.dll
0x00007ffc68c70000 - 0x00007ffc68c86000 	C:\Program Files\Android\Android Studio\jre\jre\bin\zip.dll
0x00007ffc844d0000 - 0x00007ffc84bb4000 	C:\WINDOWS\System32\SHELL32.dll
0x00007ffc84f00000 - 0x00007ffc84fa9000 	C:\WINDOWS\System32\shcore.dll
0x00007ffc83350000 - 0x00007ffc83ace000 	C:\WINDOWS\System32\windows.storage.dll
0x00007ffc82f30000 - 0x00007ffc82f53000 	C:\WINDOWS\System32\profapi.dll
0x00007ffc82f80000 - 0x00007ffc82fca000 	C:\WINDOWS\System32\powrprof.dll
0x00007ffc82f00000 - 0x00007ffc82f10000 	C:\WINDOWS\System32\UMPDC.dll
0x00007ffc84d50000 - 0x00007ffc84da2000 	C:\WINDOWS\System32\shlwapi.dll
0x00007ffc82f10000 - 0x00007ffc82f21000 	C:\WINDOWS\System32\kernel.appcore.dll
0x00007ffc840d0000 - 0x00007ffc840e7000 	C:\WINDOWS\System32\cryptsp.dll
0x00007ffc68c50000 - 0x00007ffc68c6a000 	C:\Program Files\Android\Android Studio\jre\jre\bin\net.dll
0x00007ffc6e990000 - 0x00007ffc6eb66000 	C:\WINDOWS\SYSTEM32\urlmon.dll
0x00007ffc6e190000 - 0x00007ffc6e436000 	C:\WINDOWS\SYSTEM32\iertutil.dll
0x00007ffc82940000 - 0x00007ffc8294c000 	C:\WINDOWS\SYSTEM32\CRYPTBASE.DLL
0x00007ffc82770000 - 0x00007ffc827d7000 	C:\WINDOWS\system32\mswsock.dll
0x00007ffc68c30000 - 0x00007ffc68c43000 	C:\Program Files\Android\Android Studio\jre\jre\bin\nio.dll
0x00007ffc59060000 - 0x00007ffc59086000 	C:\Users\kmydt\.gradle\native\30\windows-amd64\native-platform.dll
0x00007ffc7d500000 - 0x00007ffc7d50d000 	C:\Program Files\Android\Android Studio\jre\jre\bin\management.dll
0x00007ffc822e0000 - 0x00007ffc82313000 	C:\WINDOWS\system32\rsaenh.dll
0x00007ffc84050000 - 0x00007ffc84076000 	C:\WINDOWS\System32\bcrypt.dll
0x00007ffc82e20000 - 0x00007ffc82e45000 	C:\WINDOWS\SYSTEM32\USERENV.dll
0x00007ffc82480000 - 0x00007ffc824ba000 	C:\WINDOWS\SYSTEM32\IPHLPAPI.DLL
0x00007ffc84ef0000 - 0x00007ffc84ef8000 	C:\WINDOWS\System32\NSI.dll
0x00007ffc7c320000 - 0x00007ffc7c336000 	C:\WINDOWS\SYSTEM32\dhcpcsvc6.DLL
0x00007ffc7c2f0000 - 0x00007ffc7c30c000 	C:\WINDOWS\SYSTEM32\dhcpcsvc.DLL
0x00007ffc824c0000 - 0x00007ffc8258b000 	C:\WINDOWS\SYSTEM32\DNSAPI.dll

VM Arguments:
jvm_args: -Xmx1536m -Dfile.encoding=x-windows-949 -Duser.country=KR -Duser.language=ko -Duser.variant 
java_command: org.gradle.launcher.daemon.bootstrap.GradleDaemon 5.6.4
java_class_path (initial): C:\Users\kmydt\.gradle\wrapper\dists\gradle-5.6.4-all\ankdp27end7byghfw1q2sw75f\gradle-5.6.4\lib\gradle-launcher-5.6.4.jar
Launcher Type: SUN_STANDARD

Environment Variables:
JAVA_HOME=C:\Program Files\Java\jdk-13.0.2
PATH=C:\Program_Oracle\product\11.2.0\dbhome_1\bin;C:\Program Files\Java\jdk-13.0.2\bin;C:\Program Files (x86)\Common Files\Oracle\Java\javapath;C:\Program Files (x86)\Intel\iCLS Client\;C:\Program Files\Intel\iCLS Client\;C:\WINDOWS\system32;C:\WINDOWS;C:\WINDOWS\System32\Wbem;C:\WINDOWS\System32\WindowsPowerShell\v1.0\;C:\Program Files (x86)\Intel\Intel(R) Management Engine Components\DAL;C:\Program Files\Intel\Intel(R) Management Engine Components\DAL;C:\Program Files (x86)\Intel\Intel(R) Management Engine Components\IPT;C:\Program Files\Intel\Intel(R) Management Engine Components\IPT;C:\Program Files\Intel\WiFi\bin\;C:\Program Files\Common Files\Intel\WirelessCommon\;C:\WINDOWS\System32\OpenSSH\;C:\Program Files\Java\jdk-11.0.2\bin;C:\Program Files\PuTTY\;C:\Program Files\Git\cmd;C:\Users\kmydt\AppData\Local\Programs\Python\Python37-32\Scripts\;C:\Users\kmydt\AppData\Local\Programs\Python\Python37-32\;C:\Users\kmydt\AppData\Local\Microsoft\WindowsApps;;C:\Program Files\Microsoft VS Code\bin;C:\Program Files\JetBrains\PyCharm Community Edition 2019.1.2\bin;
USERNAME=kmydt
OS=Windows_NT
PROCESSOR_IDENTIFIER=Intel64 Family 6 Model 142 Stepping 10, GenuineIntel



---------------  S Y S T E M  ---------------

OS: Windows 10.0 , 64 bit Build 18362 (10.0.18362.778)

CPU:total 8 (initial active 8) (4 cores per cpu, 2 threads per core) family 6 model 142 stepping 10, cmov, cx8, fxsr, mmx, sse, sse2, sse3, ssse3, sse4.1, sse4.2, popcnt, avx, avx2, aes, clmul, erms, 3dnowpref, lzcnt, ht, tsc, tscinvbit, bmi1, bmi2, adx

Memory: 4k page, physical 16606548k(5675604k free), swap 16606548k(5544k free)

vm_info: OpenJDK 64-Bit Server VM (25.212-b04) for windows-amd64 JRE (1.8.0_212-release-1586-b04), built by "builder" with MS VC++ 10.0 (VS2010)

time: Fri May 22 15:50:33 2020
timezone: 대한민국 표준시
elapsed time: 10 seconds (0d 0h 0m 10s)

