#
# There is insufficient memory for the Java Runtime Environment to continue.
# Native memory allocation (malloc) failed to allocate 991056 bytes for Chunk::new
# Possible reasons:
#   The system is out of physical RAM or swap space
#   The process is running with CompressedOops enabled, and the Java Heap may be blocking the growth of the native heap
# Possible solutions:
#   Reduce memory load on the system
#   Increase physical memory or swap space
#   Check if swap backing store is full
#   Decrease Java heap size (-Xmx/-Xms)
#   Decrease number of Java threads
#   Decrease Java thread stack sizes (-Xss)
#   Set larger code cache with -XX:ReservedCodeCacheSize=
#   JVM is running with Unscaled Compressed Oops mode in which the Java heap is
#     placed in the first 4GB address space. The Java Heap base address is the
#     maximum limit for the native heap growth. Please use -XX:HeapBaseMinAddress
#     to set the Java Heap base and to place the Java Heap above 4GB virtual address.
# This output file may be truncated or incomplete.
#
#  Out of Memory Error (allocation.cpp:389), pid=47008, tid=0x000000000000b300
#
# JRE version: OpenJDK Runtime Environment (8.0_212-b04) (build 1.8.0_212-release-1586-b04)
# Java VM: OpenJDK 64-Bit Server VM (25.212-b04 mixed mode windows-amd64 compressed oops)
# Failed to write core dump. Minidumps are not enabled by default on client versions of Windows
#

---------------  T H R E A D  ---------------

Current thread (0x0000000018a4e000):  JavaThread "C2 CompilerThread1" daemon [_thread_in_native, id=45824, stack(0x00000000192b0000,0x00000000193b0000)]

Stack: [0x00000000192b0000,0x00000000193b0000]
[error occurred during error reporting (printing stack bounds), id 0xc0000005]

Native frames: (J=compiled Java code, j=interpreted, Vv=VM code, C=native code)


Current CompileTask:
C2:  12410 6286       4       org.gradle.internal.reflect.ClassInspector::inspectClass (144 bytes)


---------------  P R O C E S S  ---------------

Java Threads: ( => current thread )
  0x000000001bb71800 JavaThread "Execution worker for ':' Thread 7" [_thread_in_native, id=46408, stack(0x00000000261f0000,0x00000000262f0000)]
  0x000000001f45e000 JavaThread "Execution worker for ':' Thread 6" [_thread_in_Java, id=46404, stack(0x00000000260f0000,0x00000000261f0000)]
  0x000000001f45d000 JavaThread "Execution worker for ':' Thread 5" [_thread_blocked, id=46428, stack(0x0000000025ff0000,0x00000000260f0000)]
  0x000000001f45c800 JavaThread "Execution worker for ':' Thread 4" [_thread_blocked, id=46432, stack(0x0000000025ef0000,0x0000000025ff0000)]
  0x000000001f45b800 JavaThread "Execution worker for ':' Thread 3" [_thread_blocked, id=46400, stack(0x0000000025df0000,0x0000000025ef0000)]
  0x000000001f454000 JavaThread "Execution worker for ':' Thread 2" [_thread_blocked, id=44948, stack(0x0000000025cf0000,0x0000000025df0000)]
  0x000000001f45b000 JavaThread "Execution worker for ':'" [_thread_blocked, id=46636, stack(0x0000000025bf0000,0x0000000025cf0000)]
  0x000000001f455800 JavaThread "Cache worker for file content cache (C:\Users\kmydt\source\ARNavigation_Deepect\ARNavigation\.gradle\5.6.4\fileContent)" [_thread_blocked, id=46212, stack(0x00000000256f0000,0x00000000257f0000)]
  0x000000001f458800 JavaThread "Cache worker for file content cache (C:\Users\kmydt\.gradle\caches\5.6.4\fileContent)" [_thread_blocked, id=46176, stack(0x00000000255f0000,0x00000000256f0000)]
  0x000000001f45a000 JavaThread "Memory manager" [_thread_blocked, id=44872, stack(0x0000000022fc0000,0x00000000230c0000)]
  0x000000001f459800 JavaThread "Cache worker for Build Output Cleanup Cache (C:\Users\kmydt\source\ARNavigation_Deepect\ARNavigation\.gradle\buildOutputCleanup)" [_thread_blocked, id=40516, stack(0x00000000229b0000,0x0000000022ab0000)]
  0x000000001f458000 JavaThread "Build operations Thread 8" [_thread_blocked, id=46420, stack(0x0000000023720000,0x0000000023820000)]
  0x000000001f450800 JavaThread "Build operations Thread 7" [_thread_blocked, id=43248, stack(0x0000000023620000,0x0000000023720000)]
  0x000000001f44f800 JavaThread "Build operations Thread 6" [_thread_blocked, id=25484, stack(0x0000000023520000,0x0000000023620000)]
  0x000000001f44f000 JavaThread "Build operations Thread 5" [_thread_blocked, id=46836, stack(0x0000000023420000,0x0000000023520000)]
  0x000000001f452000 JavaThread "Build operations Thread 4" [_thread_blocked, id=45460, stack(0x0000000023320000,0x0000000023420000)]
  0x000000001f452800 JavaThread "Build operations Thread 3" [_thread_blocked, id=23164, stack(0x0000000023220000,0x0000000023320000)]
  0x000000001f455000 JavaThread "Build operations Thread 2" [_thread_blocked, id=45324, stack(0x0000000023120000,0x0000000023220000)]
  0x000000001f451000 JavaThread "Build operations" [_thread_blocked, id=46860, stack(0x0000000022cc0000,0x0000000022dc0000)]
  0x000000001f453800 JavaThread "Cache worker for execution history cache (C:\Users\kmydt\.gradle\caches\5.6.4\executionHistory)" [_thread_in_Java, id=46824, stack(0x0000000020e40000,0x0000000020f40000)]
  0x000000001a524000 JavaThread "Cache worker for cache directory md-rule (C:\Users\kmydt\.gradle\caches\5.6.4\md-rule)" [_thread_blocked, id=46716, stack(0x000000001fa90000,0x000000001fb90000)]
  0x000000001a522800 JavaThread "Cache worker for cache directory md-supplier (C:\Users\kmydt\.gradle\caches\5.6.4\md-supplier)" [_thread_blocked, id=40924, stack(0x000000001f7d0000,0x000000001f8d0000)]
  0x000000001a524800 JavaThread "Cache worker for file hash cache (C:\Users\kmydt\source\ARNavigation_Deepect\ARNavigation\.gradle\5.6.4\fileHashes)" [_thread_blocked, id=45472, stack(0x000000001f990000,0x000000001fa90000)]
  0x000000001a525800 JavaThread "Cache worker for journal cache (C:\Users\kmydt\.gradle\caches\journal-1)" [_thread_in_Java, id=45196, stack(0x000000001d330000,0x000000001d430000)]
  0x000000001a523000 JavaThread "File lock request listener" [_thread_in_native, id=46564, stack(0x000000001d230000,0x000000001d330000)]
  0x000000001a8ca000 JavaThread "Cache worker for file hash cache (C:\Users\kmydt\.gradle\caches\5.6.4\fileHashes)" [_thread_blocked, id=46568, stack(0x000000001d130000,0x000000001d230000)]
  0x0000000019df4000 JavaThread "Thread-9" [_thread_blocked, id=46644, stack(0x000000001ce30000,0x000000001cf30000)]
  0x0000000019df3000 JavaThread "Stdin handler" [_thread_blocked, id=46624, stack(0x000000001cd30000,0x000000001ce30000)]
  0x000000001a0db000 JavaThread "Asynchronous log dispatcher for DefaultDaemonConnection: socket connection from /127.0.0.1:58277 to /127.0.0.1:58278" [_thread_blocked, id=46852, stack(0x000000001cb30000,0x000000001cc30000)]
  0x0000000019df8800 JavaThread "Daemon worker" [_thread_in_Java, id=46388, stack(0x000000001ca30000,0x000000001cb30000)]
  0x000000001a50c800 JavaThread "Cancel handler" [_thread_blocked, id=43900, stack(0x000000001c930000,0x000000001ca30000)]
  0x000000001b279800 JavaThread "Handler for socket connection from /127.0.0.1:58277 to /127.0.0.1:58278" [_thread_in_native, id=44108, stack(0x000000001c630000,0x000000001c730000)]
  0x000000001a0e8800 JavaThread "Daemon" [_thread_blocked, id=45924, stack(0x000000001c530000,0x000000001c630000)]
  0x000000001b2a6000 JavaThread "Daemon periodic checks" [_thread_blocked, id=42188, stack(0x000000001c430000,0x000000001c530000)]
  0x000000001b2a5800 JavaThread "Incoming local TCP Connector on port 58277" [_thread_in_native, id=46028, stack(0x000000001c250000,0x000000001c350000)]
  0x000000001b1fc800 JavaThread "Daemon health stats" [_thread_blocked, id=46088, stack(0x000000001bf50000,0x000000001c050000)]
  0x0000000018ae4000 JavaThread "Service Thread" daemon [_thread_blocked, id=46128, stack(0x00000000195b0000,0x00000000196b0000)]
  0x0000000018a56800 JavaThread "C1 CompilerThread3" daemon [_thread_in_vm, id=46140, stack(0x00000000194b0000,0x00000000195b0000)]
  0x0000000018a53000 JavaThread "C2 CompilerThread2" daemon [_thread_in_native, id=33364, stack(0x00000000193b0000,0x00000000194b0000)]
=>0x0000000018a4e000 JavaThread "C2 CompilerThread1" daemon [_thread_in_native, id=45824, stack(0x00000000192b0000,0x00000000193b0000)]
  0x0000000018a42000 JavaThread "C2 CompilerThread0" daemon [_thread_in_native, id=46136, stack(0x00000000191b0000,0x00000000192b0000)]
  0x00000000189e7800 JavaThread "Attach Listener" daemon [_thread_blocked, id=46148, stack(0x00000000190b0000,0x00000000191b0000)]
  0x0000000018a40000 JavaThread "Signal Dispatcher" daemon [_thread_blocked, id=46124, stack(0x0000000018fb0000,0x00000000190b0000)]
  0x0000000002e09000 JavaThread "Finalizer" daemon [_thread_blocked, id=46132, stack(0x0000000018eb0000,0x0000000018fb0000)]
  0x0000000002e06000 JavaThread "Reference Handler" daemon [_thread_blocked, id=46144, stack(0x0000000018db0000,0x0000000018eb0000)]
  0x0000000002d12800 JavaThread "main" [_thread_blocked, id=45064, stack(0x0000000002c10000,0x0000000002d10000)]

Other Threads:
  0x0000000016bc8000 VMThread [stack: 0x00000000188b0000,0x00000000189b0000] [id=46112]
  0x0000000018aaf000 WatcherThread [stack: 0x00000000196b0000,0x00000000197b0000] [id=39616]

VM state:not at safepoint (normal execution)

VM Mutex/Monitor currently owned by a thread: None

heap address: 0x00000000a0000000, size: 1536 MB, Compressed Oops mode: 32-bit
Narrow klass base: 0x0000000000000000, Narrow klass shift: 3
Compressed class space size: 1073741824 Address: 0x0000000100000000

Heap:
 PSYoungGen      total 235520K, used 65034K [0x00000000e0000000, 0x00000000f0980000, 0x0000000100000000)
  eden space 220672K, 29% used [0x00000000e0000000,0x00000000e3f828e0,0x00000000ed780000)
  from space 14848K, 0% used [0x00000000ed780000,0x00000000ed780000,0x00000000ee600000)
  to   space 19968K, 0% used [0x00000000ef600000,0x00000000ef600000,0x00000000f0980000)
 ParOldGen       total 195584K, used 38655K [0x00000000a0000000, 0x00000000abf00000, 0x00000000e0000000)
  object space 195584K, 19% used [0x00000000a0000000,0x00000000a25bfdb0,0x00000000abf00000)
 Metaspace       used 59857K, capacity 62400K, committed 62592K, reserved 1103872K
  class space    used 8270K, capacity 8812K, committed 8832K, reserved 1048576K

Card table byte_map: [0x00000000121d0000,0x00000000124e0000] byte_map_base: 0x0000000011cd0000

Marking Bits: (ParMarkBitMap*) 0x000000006b4d9f30
 Begin Bits: [0x0000000012ee0000, 0x00000000146e0000)
 End Bits:   [0x00000000146e0000, 0x0000000015ee0000)

Polling page: 0x0000000000a80000

CodeCache: size=245760Kb used=19018Kb max_used=19027Kb free=226741Kb
 bounds [0x0000000002e10000, 0x00000000040c0000, 0x0000000011e10000]
 total_blobs=6768 nmethods=5984 adapters=696
 compilation: enabled

Compilation events (10 events):
Event: 12.371 Thread 0x0000000018a56800 nmethod 6525 0x00000000034bdd10 code [0x00000000034bdf00, 0x00000000034be628]
Event: 12.371 Thread 0x0000000018a56800 6524       3       java.io.Reader::<init> (27 bytes)
Event: 12.371 Thread 0x0000000018a56800 nmethod 6524 0x00000000034bd7d0 code [0x00000000034bd940, 0x00000000034bdc08]
Event: 12.371 Thread 0x0000000018a56800 6526       1       org.gradle.api.internal.artifacts.ivyservice.resolutionstrategy.DefaultCachePolicy$AbstractResolutionControl::getCachedResult (5 bytes)
Event: 12.371 Thread 0x0000000018a56800 nmethod 6526 0x0000000002f67190 code [0x0000000002f672e0, 0x0000000002f673f0]
Event: 12.372 Thread 0x0000000018a56800 6527       1       org.gradle.internal.execution.history.changes.SummarizingChangeContainer$ChangeDetectingVisitor::isChangesDetected (5 bytes)
Event: 12.372 Thread 0x0000000018a56800 nmethod 6527 0x00000000034bd510 code [0x00000000034bd660, 0x00000000034bd770]
Event: 12.372 Thread 0x0000000018a56800 6528       1       com.google.common.collect.ImmutableMultimap::size (5 bytes)
Event: 12.372 Thread 0x0000000018a56800 nmethod 6528 0x0000000003665250 code [0x00000000036653a0, 0x00000000036654b0]
Event: 12.372 Thread 0x0000000018a56800 6529   !   3       com.google.common.cache.LocalCache$Segment::put (439 bytes)

GC Heap History (10 events):
Event: 8.269 GC heap before
{Heap before GC invocations=8 (full 1):
 PSYoungGen      total 132096K, used 65458K [0x00000000e0000000, 0x00000000e8e80000, 0x0000000100000000)
  eden space 121344K, 46% used [0x00000000e0000000,0x00000000e37604d0,0x00000000e7680000)
  from space 10752K, 81% used [0x00000000e8400000,0x00000000e8c8c3d8,0x00000000e8e80000)
  to   space 12288K, 0% used [0x00000000e7680000,0x00000000e7680000,0x00000000e8280000)
 ParOldGen       total 81920K, used 7768K [0x00000000a0000000, 0x00000000a5000000, 0x00000000e0000000)
  object space 81920K, 9% used [0x00000000a0000000,0x00000000a0796168,0x00000000a5000000)
 Metaspace       used 34496K, capacity 35324K, committed 35456K, reserved 1079296K
  class space    used 4720K, capacity 4923K, committed 4992K, reserved 1048576K
Event: 8.279 GC heap after
Heap after GC invocations=8 (full 1):
 PSYoungGen      total 133632K, used 10567K [0x00000000e0000000, 0x00000000ef480000, 0x0000000100000000)
  eden space 121344K, 0% used [0x00000000e0000000,0x00000000e0000000,0x00000000e7680000)
  from space 12288K, 85% used [0x00000000e7680000,0x00000000e80d1c30,0x00000000e8280000)
  to   space 12800K, 0% used [0x00000000ee800000,0x00000000ee800000,0x00000000ef480000)
 ParOldGen       total 81920K, used 7776K [0x00000000a0000000, 0x00000000a5000000, 0x00000000e0000000)
  object space 81920K, 9% used [0x00000000a0000000,0x00000000a0798168,0x00000000a5000000)
 Metaspace       used 34496K, capacity 35324K, committed 35456K, reserved 1079296K
  class space    used 4720K, capacity 4923K, committed 4992K, reserved 1048576K
}
Event: 8.279 GC heap before
{Heap before GC invocations=9 (full 2):
 PSYoungGen      total 133632K, used 10567K [0x00000000e0000000, 0x00000000ef480000, 0x0000000100000000)
  eden space 121344K, 0% used [0x00000000e0000000,0x00000000e0000000,0x00000000e7680000)
  from space 12288K, 85% used [0x00000000e7680000,0x00000000e80d1c30,0x00000000e8280000)
  to   space 12800K, 0% used [0x00000000ee800000,0x00000000ee800000,0x00000000ef480000)
 ParOldGen       total 81920K, used 7776K [0x00000000a0000000, 0x00000000a5000000, 0x00000000e0000000)
  object space 81920K, 9% used [0x00000000a0000000,0x00000000a0798168,0x00000000a5000000)
 Metaspace       used 34496K, capacity 35324K, committed 35456K, reserved 1079296K
  class space    used 4720K, capacity 4923K, committed 4992K, reserved 1048576K
Event: 8.342 GC heap after
Heap after GC invocations=9 (full 2):
 PSYoungGen      total 133632K, used 0K [0x00000000e0000000, 0x00000000ef480000, 0x0000000100000000)
  eden space 121344K, 0% used [0x00000000e0000000,0x00000000e0000000,0x00000000e7680000)
  from space 12288K, 0% used [0x00000000e7680000,0x00000000e7680000,0x00000000e8280000)
  to   space 12800K, 0% used [0x00000000ee800000,0x00000000ee800000,0x00000000ef480000)
 ParOldGen       total 124928K, used 17601K [0x00000000a0000000, 0x00000000a7a00000, 0x00000000e0000000)
  object space 124928K, 14% used [0x00000000a0000000,0x00000000a1130428,0x00000000a7a00000)
 Metaspace       used 34485K, capacity 35288K, committed 35456K, reserved 1079296K
  class space    used 4717K, capacity 4917K, committed 4992K, reserved 1048576K
}
Event: 9.635 GC heap before
{Heap before GC invocations=10 (full 2):
 PSYoungGen      total 133632K, used 121344K [0x00000000e0000000, 0x00000000ef480000, 0x0000000100000000)
  eden space 121344K, 100% used [0x00000000e0000000,0x00000000e7680000,0x00000000e7680000)
  from space 12288K, 0% used [0x00000000e7680000,0x00000000e7680000,0x00000000e8280000)
  to   space 12800K, 0% used [0x00000000ee800000,0x00000000ee800000,0x00000000ef480000)
 ParOldGen       total 124928K, used 17644K [0x00000000a0000000, 0x00000000a7a00000, 0x00000000e0000000)
  object space 124928K, 14% used [0x00000000a0000000,0x00000000a113b320,0x00000000a7a00000)
 Metaspace       used 45394K, capacity 46504K, committed 46592K, reserved 1089536K
  class space    used 6085K, capacity 6382K, committed 6400K, reserved 1048576K
Event: 9.646 GC heap after
Heap after GC invocations=10 (full 2):
 PSYoungGen      total 194048K, used 12771K [0x00000000e0000000, 0x00000000ef480000, 0x0000000100000000)
  eden space 181248K, 0% used [0x00000000e0000000,0x00000000e0000000,0x00000000eb100000)
  from space 12800K, 99% used [0x00000000ee800000,0x00000000ef478f78,0x00000000ef480000)
  to   space 14848K, 0% used [0x00000000ed780000,0x00000000ed780000,0x00000000ee600000)
 ParOldGen       total 124928K, used 19568K [0x00000000a0000000, 0x00000000a7a00000, 0x00000000e0000000)
  object space 124928K, 15% used [0x00000000a0000000,0x00000000a131c128,0x00000000a7a00000)
 Metaspace       used 45394K, capacity 46504K, committed 46592K, reserved 1089536K
  class space    used 6085K, capacity 6382K, committed 6400K, reserved 1048576K
}
Event: 11.369 GC heap before
{Heap before GC invocations=11 (full 2):
 PSYoungGen      total 194048K, used 174755K [0x00000000e0000000, 0x00000000ef480000, 0x0000000100000000)
  eden space 181248K, 89% used [0x00000000e0000000,0x00000000e9e2fef0,0x00000000eb100000)
  from space 12800K, 99% used [0x00000000ee800000,0x00000000ef478f78,0x00000000ef480000)
  to   space 14848K, 0% used [0x00000000ed780000,0x00000000ed780000,0x00000000ee600000)
 ParOldGen       total 124928K, used 19568K [0x00000000a0000000, 0x00000000a7a00000, 0x00000000e0000000)
  object space 124928K, 15% used [0x00000000a0000000,0x00000000a131c128,0x00000000a7a00000)
 Metaspace       used 57286K, capacity 59024K, committed 59096K, reserved 1099776K
  class space    used 7852K, capacity 8264K, committed 8320K, reserved 1048576K
Event: 11.389 GC heap after
Heap after GC invocations=11 (full 2):
 PSYoungGen      total 235520K, used 14833K [0x00000000e0000000, 0x00000000f0980000, 0x0000000100000000)
  eden space 220672K, 0% used [0x00000000e0000000,0x00000000e0000000,0x00000000ed780000)
  from space 14848K, 99% used [0x00000000ed780000,0x00000000ee5fc7e0,0x00000000ee600000)
  to   space 19968K, 0% used [0x00000000ef600000,0x00000000ef600000,0x00000000f0980000)
 ParOldGen       total 124928K, used 28796K [0x00000000a0000000, 0x00000000a7a00000, 0x00000000e0000000)
  object space 124928K, 23% used [0x00000000a0000000,0x00000000a1c1f0c0,0x00000000a7a00000)
 Metaspace       used 57286K, capacity 59024K, committed 59096K, reserved 1099776K
  class space    used 7852K, capacity 8264K, committed 8320K, reserved 1048576K
}
Event: 11.389 GC heap before
{Heap before GC invocations=12 (full 3):
 PSYoungGen      total 235520K, used 14833K [0x00000000e0000000, 0x00000000f0980000, 0x0000000100000000)
  eden space 220672K, 0% used [0x00000000e0000000,0x00000000e0000000,0x00000000ed780000)
  from space 14848K, 99% used [0x00000000ed780000,0x00000000ee5fc7e0,0x00000000ee600000)
  to   space 19968K, 0% used [0x00000000ef600000,0x00000000ef600000,0x00000000f0980000)
 ParOldGen       total 124928K, used 28796K [0x00000000a0000000, 0x00000000a7a00000, 0x00000000e0000000)
  object space 124928K, 23% used [0x00000000a0000000,0x00000000a1c1f0c0,0x00000000a7a00000)
 Metaspace       used 57286K, capacity 59024K, committed 59096K, reserved 1099776K
  class space    used 7852K, capacity 8264K, committed 8320K, reserved 1048576K
Event: 11.680 GC heap after
Heap after GC invocations=12 (full 3):
 PSYoungGen      total 235520K, used 0K [0x00000000e0000000, 0x00000000f0980000, 0x0000000100000000)
  eden space 220672K, 0% used [0x00000000e0000000,0x00000000e0000000,0x00000000ed780000)
  from space 14848K, 0% used [0x00000000ed780000,0x00000000ed780000,0x00000000ee600000)
  to   space 19968K, 0% used [0x00000000ef600000,0x00000000ef600000,0x00000000f0980000)
 ParOldGen       total 195584K, used 38655K [0x00000000a0000000, 0x00000000abf00000, 0x00000000e0000000)
  object space 195584K, 19% used [0x00000000a0000000,0x00000000a25bfdb0,0x00000000abf00000)
 Metaspace       used 57286K, capacity 59024K, committed 59096K, reserved 1099776K
  class space    used 7852K, capacity 8264K, committed 8320K, reserved 1048576K
}

Deoptimization events (10 events):
Event: 12.170 Thread 0x0000000019df8800 Uncommon trap: reason=class_check action=maybe_recompile pc=0x0000000003fc8c50 method=org.gradle.api.internal.artifacts.transform.DefaultTransformationDependency.hashCode()I @ 4
Event: 12.170 Thread 0x0000000019df8800 Uncommon trap: reason=class_check action=maybe_recompile pc=0x0000000003fc8c50 method=org.gradle.api.internal.artifacts.transform.DefaultTransformationDependency.hashCode()I @ 4
Event: 12.170 Thread 0x0000000019df8800 Uncommon trap: reason=class_check action=maybe_recompile pc=0x0000000003fc8c50 method=org.gradle.api.internal.artifacts.transform.DefaultTransformationDependency.hashCode()I @ 4
Event: 12.170 Thread 0x0000000019df8800 Uncommon trap: reason=class_check action=maybe_recompile pc=0x0000000003fc8c50 method=org.gradle.api.internal.artifacts.transform.DefaultTransformationDependency.hashCode()I @ 4
Event: 12.273 Thread 0x000000001f45c800 Uncommon trap: reason=unstable_if action=reinterpret pc=0x00000000039998e4 method=jdk.internal.org.objectweb.asm.Item.isEqualTo(Ljdk/internal/org/objectweb/asm/Item;)Z @ 331
Event: 12.289 Thread 0x000000001f453800 Uncommon trap: reason=bimorphic action=maybe_recompile pc=0x0000000003954d9c method=java.util.Arrays.binarySearch0([Ljava/lang/Object;IILjava/lang/Object;Ljava/util/Comparator;)I @ 48
Event: 12.289 Thread 0x000000001f453800 Uncommon trap: reason=bimorphic action=maybe_recompile pc=0x0000000003954d9c method=java.util.Arrays.binarySearch0([Ljava/lang/Object;IILjava/lang/Object;Ljava/util/Comparator;)I @ 48
Event: 12.290 Thread 0x000000001f453800 Uncommon trap: reason=bimorphic action=maybe_recompile pc=0x0000000003954d9c method=java.util.Arrays.binarySearch0([Ljava/lang/Object;IILjava/lang/Object;Ljava/util/Comparator;)I @ 48
Event: 12.290 Thread 0x000000001f453800 Uncommon trap: reason=bimorphic action=maybe_recompile pc=0x0000000003954d9c method=java.util.Arrays.binarySearch0([Ljava/lang/Object;IILjava/lang/Object;Ljava/util/Comparator;)I @ 48
Event: 12.291 Thread 0x000000001f453800 Uncommon trap: reason=bimorphic action=maybe_recompile pc=0x000000000394e438 method=java.util.Arrays.binarySearch0([Ljava/lang/Object;IILjava/lang/Object;Ljava/util/Comparator;)I @ 48

Classes redefined (0 events):
No events

Internal exceptions (10 events):
Event: 10.509 Thread 0x0000000019df8800 Exception <a 'java/lang/ClassNotFoundException': com/android/build/gradle/internal/api/ApkVariantOutputImpl_DecoratedBeanInfo> (0x00000000e4f2f7a8) thrown at [D:\src\AOSP-openjdk-cygwin\jdk8u\hotspot\src\share\vm\classfile\systemDictionary.cpp, line 210]
Event: 10.509 Thread 0x0000000019df8800 Exception <a 'java/lang/ClassNotFoundException': com/android/build/gradle/internal/api/ApkVariantOutputImplBeanInfo> (0x00000000e4f4dd78) thrown at [D:\src\AOSP-openjdk-cygwin\jdk8u\hotspot\src\share\vm\classfile\systemDictionary.cpp, line 210]
Event: 10.510 Thread 0x0000000019df8800 Exception <a 'java/lang/ClassNotFoundException': com/android/build/gradle/internal/api/BaseVariantOutputImplBeanInfo> (0x00000000e4f6d858) thrown at [D:\src\AOSP-openjdk-cygwin\jdk8u\hotspot\src\share\vm\classfile\systemDictionary.cpp, line 210]
Event: 10.510 Thread 0x0000000019df8800 Exception <a 'java/lang/ClassNotFoundException': com/android/build/gradle/internal/api/BaseVariantOutputImplCustomizer> (0x00000000e4f8d8f8) thrown at [D:\src\AOSP-openjdk-cygwin\jdk8u\hotspot\src\share\vm\classfile\systemDictionary.cpp, line 210]
Event: 10.511 Thread 0x0000000019df8800 Exception <a 'java/lang/ClassNotFoundException': com/android/build/gradle/internal/api/ApkVariantOutputImplCustomizer> (0x00000000e4fc7560) thrown at [D:\src\AOSP-openjdk-cygwin\jdk8u\hotspot\src\share\vm\classfile\systemDictionary.cpp, line 210]
Event: 10.511 Thread 0x0000000019df8800 Exception <a 'java/lang/ClassNotFoundException': com/android/build/gradle/internal/api/ApkVariantOutputImpl_DecoratedCustomizer> (0x00000000e4ffca60) thrown at [D:\src\AOSP-openjdk-cygwin\jdk8u\hotspot\src\share\vm\classfile\systemDictionary.cpp, line 210
Event: 10.978 Thread 0x0000000019df8800 Exception <a 'java/lang/ClassNotFoundException': com/sun/org/glassfish/hk2/osgiresourcelocator/ServiceLoader> (0x00000000e7931800) thrown at [D:\src\AOSP-openjdk-cygwin\jdk8u\hotspot\src\share\vm\classfile\systemDictionary.cpp, line 210]
Event: 11.018 Thread 0x0000000019df8800 Exception <a 'java/lang/NullPointerException'> (0x00000000e7ebf3e0) thrown at [D:\src\AOSP-openjdk-cygwin\jdk8u\hotspot\src\share\vm\interpreter\linkResolver.cpp, line 1287]
Event: 11.826 Thread 0x0000000019df8800 Implicit null exception at 0x0000000003656ce1 to 0x0000000003657269
Event: 11.827 Thread 0x0000000019df8800 Implicit null exception at 0x000000000303c416 to 0x000000000303c7a9

Events (10 events):
Event: 12.357 loading class org/gradle/api/internal/artifacts/transform/TransformationNode$ChainedTransformationNode$1
Event: 12.357 loading class org/gradle/api/internal/artifacts/transform/TransformationNode$ChainedTransformationNode$1 done
Event: 12.357 loading class org/gradle/api/internal/artifacts/transform/TransformationNode$ChainedTransformationNode$1
Event: 12.357 loading class org/gradle/api/internal/artifacts/transform/TransformationNode$ChainedTransformationNode$1 done
Event: 12.358 loading class org/gradle/api/internal/artifacts/transform/TransformationNode$ChainedTransformationNode$1
Event: 12.358 loading class org/gradle/api/internal/artifacts/transform/TransformationNode$ChainedTransformationNode$1 done
Event: 12.359 loading class org/gradle/api/internal/artifacts/transform/TransformationNode$ChainedTransformationNode$1
Event: 12.359 loading class org/gradle/api/internal/artifacts/transform/TransformationNode$ChainedTransformationNode$1 done
Event: 12.359 loading class org/gradle/execution/ProjectExecutionServiceRegistry
Event: 12.359 loading class org/gradle/execution/ProjectExecutionServiceRegistry done


Dynamic libraries:
0x00007ff668d70000 - 0x00007ff668da1000 	C:\Program Files\Android\Android Studio\jre\bin\java.exe
0x00007ffc86040000 - 0x00007ffc86230000 	C:\WINDOWS\SYSTEM32\ntdll.dll
0x00007ffc853c0000 - 0x00007ffc85472000 	C:\WINDOWS\System32\KERNEL32.DLL
0x00007ffc82fd0000 - 0x00007ffc83274000 	C:\WINDOWS\System32\KERNELBASE.dll
0x00007ffc84420000 - 0x00007ffc844c3000 	C:\WINDOWS\System32\ADVAPI32.dll
0x00007ffc841f0000 - 0x00007ffc8428e000 	C:\WINDOWS\System32\msvcrt.dll
0x00007ffc84e50000 - 0x00007ffc84ee7000 	C:\WINDOWS\System32\sechost.dll
0x00007ffc84290000 - 0x00007ffc843b0000 	C:\WINDOWS\System32\RPCRT4.dll
0x00007ffc85630000 - 0x00007ffc857c4000 	C:\WINDOWS\System32\USER32.dll
0x00007ffc83320000 - 0x00007ffc83341000 	C:\WINDOWS\System32\win32u.dll
0x00007ffc84bd0000 - 0x00007ffc84bf6000 	C:\WINDOWS\System32\GDI32.dll
0x00007ffc83b30000 - 0x00007ffc83cc4000 	C:\WINDOWS\System32\gdi32full.dll
0x00007ffc83280000 - 0x00007ffc8331e000 	C:\WINDOWS\System32\msvcp_win.dll
0x00007ffc83f50000 - 0x00007ffc8404a000 	C:\WINDOWS\System32\ucrtbase.dll
0x00007ffc6b470000 - 0x00007ffc6b6f4000 	C:\WINDOWS\WinSxS\amd64_microsoft.windows.common-controls_6595b64144ccf1df_6.0.18362.836_none_e6c4b943130f18ed\COMCTL32.dll
0x00007ffc85080000 - 0x00007ffc853b6000 	C:\WINDOWS\System32\combase.dll
0x00007ffc83cd0000 - 0x00007ffc83d50000 	C:\WINDOWS\System32\bcryptPrimitives.dll
0x00007ffc84e20000 - 0x00007ffc84e4e000 	C:\WINDOWS\System32\IMM32.DLL
0x000000006ab10000 - 0x000000006abe2000 	C:\Program Files\Android\Android Studio\jre\jre\bin\msvcr100.dll
0x000000006ad10000 - 0x000000006b556000 	C:\Program Files\Android\Android Studio\jre\jre\bin\server\jvm.dll
0x00007ffc84bc0000 - 0x00007ffc84bc8000 	C:\WINDOWS\System32\PSAPI.DLL
0x00007ffc76830000 - 0x00007ffc7683a000 	C:\WINDOWS\SYSTEM32\VERSION.dll
0x00007ffc723e0000 - 0x00007ffc723e9000 	C:\WINDOWS\SYSTEM32\WSOCK32.dll
0x00007ffc7ce30000 - 0x00007ffc7ce54000 	C:\WINDOWS\SYSTEM32\WINMM.dll
0x00007ffc843b0000 - 0x00007ffc8441f000 	C:\WINDOWS\System32\WS2_32.dll
0x00007ffc7cb30000 - 0x00007ffc7cb5d000 	C:\WINDOWS\SYSTEM32\winmmbase.dll
0x00007ffc84080000 - 0x00007ffc840ca000 	C:\WINDOWS\System32\cfgmgr32.dll
0x00007ffc7d840000 - 0x00007ffc7d84f000 	C:\Program Files\Android\Android Studio\jre\jre\bin\verify.dll
0x00007ffc6bbc0000 - 0x00007ffc6bbe9000 	C:\Program Files\Android\Android Studio\jre\jre\bin\java.dll
0x00007ffc68c70000 - 0x00007ffc68c86000 	C:\Program Files\Android\Android Studio\jre\jre\bin\zip.dll
0x00007ffc844d0000 - 0x00007ffc84bb4000 	C:\WINDOWS\System32\SHELL32.dll
0x00007ffc84f00000 - 0x00007ffc84fa9000 	C:\WINDOWS\System32\shcore.dll
0x00007ffc83350000 - 0x00007ffc83ace000 	C:\WINDOWS\System32\windows.storage.dll
0x00007ffc82f30000 - 0x00007ffc82f53000 	C:\WINDOWS\System32\profapi.dll
0x00007ffc82f80000 - 0x00007ffc82fca000 	C:\WINDOWS\System32\powrprof.dll
0x00007ffc82f00000 - 0x00007ffc82f10000 	C:\WINDOWS\System32\UMPDC.dll
0x00007ffc84d50000 - 0x00007ffc84da2000 	C:\WINDOWS\System32\shlwapi.dll
0x00007ffc82f10000 - 0x00007ffc82f21000 	C:\WINDOWS\System32\kernel.appcore.dll
0x00007ffc840d0000 - 0x00007ffc840e7000 	C:\WINDOWS\System32\cryptsp.dll
0x00007ffc68c50000 - 0x00007ffc68c6a000 	C:\Program Files\Android\Android Studio\jre\jre\bin\net.dll
0x00007ffc6e990000 - 0x00007ffc6eb66000 	C:\WINDOWS\SYSTEM32\urlmon.dll
0x00007ffc6e190000 - 0x00007ffc6e436000 	C:\WINDOWS\SYSTEM32\iertutil.dll
0x00007ffc82940000 - 0x00007ffc8294c000 	C:\WINDOWS\SYSTEM32\CRYPTBASE.DLL
0x00007ffc82770000 - 0x00007ffc827d7000 	C:\WINDOWS\system32\mswsock.dll
0x00007ffc68c30000 - 0x00007ffc68c43000 	C:\Program Files\Android\Android Studio\jre\jre\bin\nio.dll
0x00007ffc59060000 - 0x00007ffc59086000 	C:\Users\kmydt\.gradle\native\30\windows-amd64\native-platform.dll
0x00007ffc7d500000 - 0x00007ffc7d50d000 	C:\Program Files\Android\Android Studio\jre\jre\bin\management.dll
0x00007ffc822e0000 - 0x00007ffc82313000 	C:\WINDOWS\system32\rsaenh.dll
0x00007ffc84050000 - 0x00007ffc84076000 	C:\WINDOWS\System32\bcrypt.dll
0x00007ffc82e20000 - 0x00007ffc82e45000 	C:\WINDOWS\SYSTEM32\USERENV.dll
0x00007ffc82480000 - 0x00007ffc824ba000 	C:\WINDOWS\SYSTEM32\IPHLPAPI.DLL
0x00007ffc84ef0000 - 0x00007ffc84ef8000 	C:\WINDOWS\System32\NSI.dll
0x00007ffc7c320000 - 0x00007ffc7c336000 	C:\WINDOWS\SYSTEM32\dhcpcsvc6.DLL
0x00007ffc7c2f0000 - 0x00007ffc7c30c000 	C:\WINDOWS\SYSTEM32\dhcpcsvc.DLL
0x00007ffc824c0000 - 0x00007ffc8258b000 	C:\WINDOWS\SYSTEM32\DNSAPI.dll

VM Arguments:
jvm_args: -Xmx1536m -Dfile.encoding=x-windows-949 -Duser.country=KR -Duser.language=ko -Duser.variant 
java_command: org.gradle.launcher.daemon.bootstrap.GradleDaemon 5.6.4
java_class_path (initial): C:\Users\kmydt\.gradle\wrapper\dists\gradle-5.6.4-all\ankdp27end7byghfw1q2sw75f\gradle-5.6.4\lib\gradle-launcher-5.6.4.jar
Launcher Type: SUN_STANDARD

Environment Variables:
JAVA_HOME=C:\Program Files\Java\jdk-13.0.2
PATH=C:\Program_Oracle\product\11.2.0\dbhome_1\bin;C:\Program Files\Java\jdk-13.0.2\bin;C:\Program Files (x86)\Common Files\Oracle\Java\javapath;C:\Program Files (x86)\Intel\iCLS Client\;C:\Program Files\Intel\iCLS Client\;C:\WINDOWS\system32;C:\WINDOWS;C:\WINDOWS\System32\Wbem;C:\WINDOWS\System32\WindowsPowerShell\v1.0\;C:\Program Files (x86)\Intel\Intel(R) Management Engine Components\DAL;C:\Program Files\Intel\Intel(R) Management Engine Components\DAL;C:\Program Files (x86)\Intel\Intel(R) Management Engine Components\IPT;C:\Program Files\Intel\Intel(R) Management Engine Components\IPT;C:\Program Files\Intel\WiFi\bin\;C:\Program Files\Common Files\Intel\WirelessCommon\;C:\WINDOWS\System32\OpenSSH\;C:\Program Files\Java\jdk-11.0.2\bin;C:\Program Files\PuTTY\;C:\Program Files\Git\cmd;C:\Users\kmydt\AppData\Local\Programs\Python\Python37-32\Scripts\;C:\Users\kmydt\AppData\Local\Programs\Python\Python37-32\;C:\Users\kmydt\AppData\Local\Microsoft\WindowsApps;;C:\Program Files\Microsoft VS Code\bin;C:\Program Files\JetBrains\PyCharm Community Edition 2019.1.2\bin;
USERNAME=kmydt
OS=Windows_NT
PROCESSOR_IDENTIFIER=Intel64 Family 6 Model 142 Stepping 10, GenuineIntel



---------------  S Y S T E M  ---------------

OS: Windows 10.0 , 64 bit Build 18362 (10.0.18362.778)

CPU:total 8 (initial active 8) (4 cores per cpu, 2 threads per core) family 6 model 142 stepping 10, cmov, cx8, fxsr, mmx, sse, sse2, sse3, ssse3, sse4.1, sse4.2, popcnt, avx, avx2, aes, clmul, erms, 3dnowpref, lzcnt, ht, tsc, tscinvbit, bmi1, bmi2, adx

Memory: 4k page, physical 16606548k(5740156k free), swap 16606548k(5548k free)

vm_info: OpenJDK 64-Bit Server VM (25.212-b04) for windows-amd64 JRE (1.8.0_212-release-1586-b04), built by "builder" with MS VC++ 10.0 (VS2010)

time: Fri May 22 15:52:21 2020
timezone: 대한민국 표준시
elapsed time: 12 seconds (0d 0h 0m 12s)

